[0.616s] DEBUG:colcon:Command line arguments: ['/usr/bin/colcon', 'build']
[0.617s] DEBUG:colcon:Parsed command line arguments: Namespace(log_base=None, log_level=None, verb_name='build', build_base='build', install_base='install', merge_install=False, symlink_install=False, test_result_base=None, continue_on_error=False, executor='parallel', parallel_workers=12, event_handlers=None, ignore_user_meta=False, metas=['./colcon.meta'], base_paths=['.'], packages_ignore=None, packages_ignore_regex=None, paths=None, packages_up_to=None, packages_up_to_regex=None, packages_above=None, packages_above_and_dependencies=None, packages_above_depth=None, packages_select_by_dep=None, packages_skip_by_dep=None, packages_skip_up_to=None, packages_select_build_failed=False, packages_skip_build_finished=False, packages_select_test_failures=False, packages_skip_test_passed=False, packages_select=None, packages_skip=None, packages_select_regex=None, packages_skip_regex=None, packages_start=None, packages_end=None, allow_overriding=[], cmake_args=None, cmake_target=None, cmake_target_skip_unavailable=False, cmake_clean_cache=False, cmake_clean_first=False, cmake_force_configure=False, ament_cmake_args=None, catkin_cmake_args=None, catkin_skip_building_tests=False, mixin_files=None, mixin=None, verb_parser=<colcon_mixin.mixin.mixin_argument.MixinArgumentDecorator object at 0x7f5d58c25780>, verb_extension=<colcon_core.verb.build.BuildVerb object at 0x7f5d5858d300>, main=<bound method BuildVerb.main of <colcon_core.verb.build.BuildVerb object at 0x7f5d5858d300>>, mixin_verb=('build',))
[0.653s] Level 1:colcon.colcon_core.package_discovery:discover_packages(colcon_meta) check parameters
[0.653s] Level 1:colcon.colcon_core.package_discovery:discover_packages(recursive) check parameters
[0.653s] Level 1:colcon.colcon_core.package_discovery:discover_packages(ignore) check parameters
[0.653s] Level 1:colcon.colcon_core.package_discovery:discover_packages(path) check parameters
[0.653s] Level 1:colcon.colcon_core.package_discovery:discover_packages(colcon_meta) discover
[0.653s] Level 1:colcon.colcon_core.package_discovery:discover_packages(recursive) discover
[0.653s] INFO:colcon.colcon_core.package_discovery:Crawling recursively for packages in '/home/shriram/Desktop/ros2Project'
[0.653s] Level 1:colcon.colcon_core.package_identification:_identify(.) by extensions ['ignore', 'ignore_ament_install']
[0.653s] Level 1:colcon.colcon_core.package_identification:_identify(.) by extension 'ignore'
[0.653s] Level 1:colcon.colcon_core.package_identification:_identify(.) by extension 'ignore_ament_install'
[0.654s] Level 1:colcon.colcon_core.package_identification:_identify(.) by extensions ['colcon_pkg']
[0.654s] Level 1:colcon.colcon_core.package_identification:_identify(.) by extension 'colcon_pkg'
[0.654s] Level 1:colcon.colcon_core.package_identification:_identify(.) by extensions ['colcon_meta']
[0.654s] Level 1:colcon.colcon_core.package_identification:_identify(.) by extension 'colcon_meta'
[0.654s] Level 1:colcon.colcon_core.package_identification:_identify(.) by extensions ['ros']
[0.654s] Level 1:colcon.colcon_core.package_identification:_identify(.) by extension 'ros'
[0.670s] Level 1:colcon.colcon_core.package_identification:_identify(.) by extensions ['cmake', 'python']
[0.670s] Level 1:colcon.colcon_core.package_identification:_identify(.) by extension 'cmake'
[0.670s] Level 1:colcon.colcon_core.package_identification:_identify(.) by extension 'python'
[0.670s] Level 1:colcon.colcon_core.package_identification:_identify(.) by extensions ['python_setup_py']
[0.670s] Level 1:colcon.colcon_core.package_identification:_identify(.) by extension 'python_setup_py'
[0.670s] Level 1:colcon.colcon_core.package_identification:_identify(build) by extensions ['ignore', 'ignore_ament_install']
[0.671s] Level 1:colcon.colcon_core.package_identification:_identify(build) by extension 'ignore'
[0.671s] Level 1:colcon.colcon_core.package_identification:_identify(build) ignored
[0.671s] Level 1:colcon.colcon_core.package_identification:_identify(install) by extensions ['ignore', 'ignore_ament_install']
[0.671s] Level 1:colcon.colcon_core.package_identification:_identify(install) by extension 'ignore'
[0.671s] Level 1:colcon.colcon_core.package_identification:_identify(install) ignored
[0.671s] Level 1:colcon.colcon_core.package_identification:_identify(log) by extensions ['ignore', 'ignore_ament_install']
[0.671s] Level 1:colcon.colcon_core.package_identification:_identify(log) by extension 'ignore'
[0.671s] Level 1:colcon.colcon_core.package_identification:_identify(log) ignored
[0.671s] Level 1:colcon.colcon_core.package_identification:_identify(src) by extensions ['ignore', 'ignore_ament_install']
[0.671s] Level 1:colcon.colcon_core.package_identification:_identify(src) by extension 'ignore'
[0.671s] Level 1:colcon.colcon_core.package_identification:_identify(src) by extension 'ignore_ament_install'
[0.671s] Level 1:colcon.colcon_core.package_identification:_identify(src) by extensions ['colcon_pkg']
[0.672s] Level 1:colcon.colcon_core.package_identification:_identify(src) by extension 'colcon_pkg'
[0.672s] Level 1:colcon.colcon_core.package_identification:_identify(src) by extensions ['colcon_meta']
[0.672s] Level 1:colcon.colcon_core.package_identification:_identify(src) by extension 'colcon_meta'
[0.672s] Level 1:colcon.colcon_core.package_identification:_identify(src) by extensions ['ros']
[0.672s] Level 1:colcon.colcon_core.package_identification:_identify(src) by extension 'ros'
[0.672s] Level 1:colcon.colcon_core.package_identification:_identify(src) by extensions ['cmake', 'python']
[0.672s] Level 1:colcon.colcon_core.package_identification:_identify(src) by extension 'cmake'
[0.672s] Level 1:colcon.colcon_core.package_identification:_identify(src) by extension 'python'
[0.672s] Level 1:colcon.colcon_core.package_identification:_identify(src) by extensions ['python_setup_py']
[0.672s] Level 1:colcon.colcon_core.package_identification:_identify(src) by extension 'python_setup_py'
[0.672s] Level 1:colcon.colcon_core.package_identification:_identify(src/arduinobot_controller) by extensions ['ignore', 'ignore_ament_install']
[0.672s] Level 1:colcon.colcon_core.package_identification:_identify(src/arduinobot_controller) by extension 'ignore'
[0.672s] Level 1:colcon.colcon_core.package_identification:_identify(src/arduinobot_controller) by extension 'ignore_ament_install'
[0.672s] Level 1:colcon.colcon_core.package_identification:_identify(src/arduinobot_controller) by extensions ['colcon_pkg']
[0.672s] Level 1:colcon.colcon_core.package_identification:_identify(src/arduinobot_controller) by extension 'colcon_pkg'
[0.672s] Level 1:colcon.colcon_core.package_identification:_identify(src/arduinobot_controller) by extensions ['colcon_meta']
[0.672s] Level 1:colcon.colcon_core.package_identification:_identify(src/arduinobot_controller) by extension 'colcon_meta'
[0.672s] Level 1:colcon.colcon_core.package_identification:_identify(src/arduinobot_controller) by extensions ['ros']
[0.672s] Level 1:colcon.colcon_core.package_identification:_identify(src/arduinobot_controller) by extension 'ros'
[0.675s] DEBUG:colcon.colcon_core.package_identification:Package 'src/arduinobot_controller' with type 'ros.ament_cmake' and name 'arduinobot_controller'
[0.675s] Level 1:colcon.colcon_core.package_identification:_identify(src/arduinobot_description) by extensions ['ignore', 'ignore_ament_install']
[0.675s] Level 1:colcon.colcon_core.package_identification:_identify(src/arduinobot_description) by extension 'ignore'
[0.675s] Level 1:colcon.colcon_core.package_identification:_identify(src/arduinobot_description) by extension 'ignore_ament_install'
[0.675s] Level 1:colcon.colcon_core.package_identification:_identify(src/arduinobot_description) by extensions ['colcon_pkg']
[0.675s] Level 1:colcon.colcon_core.package_identification:_identify(src/arduinobot_description) by extension 'colcon_pkg'
[0.676s] Level 1:colcon.colcon_core.package_identification:_identify(src/arduinobot_description) by extensions ['colcon_meta']
[0.676s] Level 1:colcon.colcon_core.package_identification:_identify(src/arduinobot_description) by extension 'colcon_meta'
[0.676s] Level 1:colcon.colcon_core.package_identification:_identify(src/arduinobot_description) by extensions ['ros']
[0.676s] Level 1:colcon.colcon_core.package_identification:_identify(src/arduinobot_description) by extension 'ros'
[0.676s] DEBUG:colcon.colcon_core.package_identification:Package 'src/arduinobot_description' with type 'ros.ament_cmake' and name 'arduinobot_description'
[0.676s] Level 1:colcon.colcon_core.package_identification:_identify(src/arduinobot_moveit) by extensions ['ignore', 'ignore_ament_install']
[0.676s] Level 1:colcon.colcon_core.package_identification:_identify(src/arduinobot_moveit) by extension 'ignore'
[0.676s] Level 1:colcon.colcon_core.package_identification:_identify(src/arduinobot_moveit) by extension 'ignore_ament_install'
[0.676s] Level 1:colcon.colcon_core.package_identification:_identify(src/arduinobot_moveit) by extensions ['colcon_pkg']
[0.677s] Level 1:colcon.colcon_core.package_identification:_identify(src/arduinobot_moveit) by extension 'colcon_pkg'
[0.677s] Level 1:colcon.colcon_core.package_identification:_identify(src/arduinobot_moveit) by extensions ['colcon_meta']
[0.677s] Level 1:colcon.colcon_core.package_identification:_identify(src/arduinobot_moveit) by extension 'colcon_meta'
[0.677s] Level 1:colcon.colcon_core.package_identification:_identify(src/arduinobot_moveit) by extensions ['ros']
[0.677s] Level 1:colcon.colcon_core.package_identification:_identify(src/arduinobot_moveit) by extension 'ros'
[0.677s] DEBUG:colcon.colcon_core.package_identification:Package 'src/arduinobot_moveit' with type 'ros.ament_cmake' and name 'arduinobot_moveit'
[0.677s] Level 1:colcon.colcon_core.package_identification:_identify(src/arduinobot_msgs) by extensions ['ignore', 'ignore_ament_install']
[0.677s] Level 1:colcon.colcon_core.package_identification:_identify(src/arduinobot_msgs) by extension 'ignore'
[0.677s] Level 1:colcon.colcon_core.package_identification:_identify(src/arduinobot_msgs) by extension 'ignore_ament_install'
[0.678s] Level 1:colcon.colcon_core.package_identification:_identify(src/arduinobot_msgs) by extensions ['colcon_pkg']
[0.678s] Level 1:colcon.colcon_core.package_identification:_identify(src/arduinobot_msgs) by extension 'colcon_pkg'
[0.678s] Level 1:colcon.colcon_core.package_identification:_identify(src/arduinobot_msgs) by extensions ['colcon_meta']
[0.678s] Level 1:colcon.colcon_core.package_identification:_identify(src/arduinobot_msgs) by extension 'colcon_meta'
[0.678s] Level 1:colcon.colcon_core.package_identification:_identify(src/arduinobot_msgs) by extensions ['ros']
[0.678s] Level 1:colcon.colcon_core.package_identification:_identify(src/arduinobot_msgs) by extension 'ros'
[0.679s] DEBUG:colcon.colcon_core.package_identification:Package 'src/arduinobot_msgs' with type 'ros.ament_cmake' and name 'arduinobot_msgs'
[0.679s] Level 1:colcon.colcon_core.package_identification:_identify(src/arduinobot_py) by extensions ['ignore', 'ignore_ament_install']
[0.679s] Level 1:colcon.colcon_core.package_identification:_identify(src/arduinobot_py) by extension 'ignore'
[0.679s] Level 1:colcon.colcon_core.package_identification:_identify(src/arduinobot_py) by extension 'ignore_ament_install'
[0.679s] Level 1:colcon.colcon_core.package_identification:_identify(src/arduinobot_py) by extensions ['colcon_pkg']
[0.679s] Level 1:colcon.colcon_core.package_identification:_identify(src/arduinobot_py) by extension 'colcon_pkg'
[0.679s] Level 1:colcon.colcon_core.package_identification:_identify(src/arduinobot_py) by extensions ['colcon_meta']
[0.679s] Level 1:colcon.colcon_core.package_identification:_identify(src/arduinobot_py) by extension 'colcon_meta'
[0.679s] Level 1:colcon.colcon_core.package_identification:_identify(src/arduinobot_py) by extensions ['ros']
[0.679s] Level 1:colcon.colcon_core.package_identification:_identify(src/arduinobot_py) by extension 'ros'
[0.680s] DEBUG:colcon.colcon_core.package_identification:Package 'src/arduinobot_py' with type 'ros.ament_python' and name 'arduinobot_py'
[0.680s] Level 1:colcon.colcon_core.package_identification:_identify(src/arduinobot_utils) by extensions ['ignore', 'ignore_ament_install']
[0.680s] Level 1:colcon.colcon_core.package_identification:_identify(src/arduinobot_utils) by extension 'ignore'
[0.680s] Level 1:colcon.colcon_core.package_identification:_identify(src/arduinobot_utils) by extension 'ignore_ament_install'
[0.680s] Level 1:colcon.colcon_core.package_identification:_identify(src/arduinobot_utils) by extensions ['colcon_pkg']
[0.680s] Level 1:colcon.colcon_core.package_identification:_identify(src/arduinobot_utils) by extension 'colcon_pkg'
[0.680s] Level 1:colcon.colcon_core.package_identification:_identify(src/arduinobot_utils) by extensions ['colcon_meta']
[0.680s] Level 1:colcon.colcon_core.package_identification:_identify(src/arduinobot_utils) by extension 'colcon_meta'
[0.680s] Level 1:colcon.colcon_core.package_identification:_identify(src/arduinobot_utils) by extensions ['ros']
[0.680s] Level 1:colcon.colcon_core.package_identification:_identify(src/arduinobot_utils) by extension 'ros'
[0.681s] DEBUG:colcon.colcon_core.package_identification:Package 'src/arduinobot_utils' with type 'ros.ament_cmake' and name 'arduinobot_utils'
[0.681s] Level 1:colcon.colcon_core.package_discovery:discover_packages(recursive) using defaults
[0.681s] Level 1:colcon.colcon_core.package_discovery:discover_packages(ignore) discover
[0.681s] Level 1:colcon.colcon_core.package_discovery:discover_packages(ignore) using defaults
[0.681s] Level 1:colcon.colcon_core.package_discovery:discover_packages(path) discover
[0.681s] Level 1:colcon.colcon_core.package_discovery:discover_packages(path) using defaults
[0.711s] Level 1:colcon.colcon_core.package_discovery:discover_packages(prefix_path) check parameters
[0.712s] Level 1:colcon.colcon_core.package_discovery:discover_packages(prefix_path) discover
[0.717s] DEBUG:colcon.colcon_installed_package_information.package_discovery:Found 6 installed packages in /home/shriram/Desktop/ros2Project/install
[0.718s] DEBUG:colcon.colcon_installed_package_information.package_discovery:Found 456 installed packages in /opt/ros/humble
[0.720s] Level 1:colcon.colcon_core.package_discovery:discover_packages(prefix_path) using defaults
[0.849s] Level 5:colcon.colcon_core.verb:set package 'arduinobot_controller' build argument 'cmake_args' from command line to 'None'
[0.849s] Level 5:colcon.colcon_core.verb:set package 'arduinobot_controller' build argument 'cmake_target' from command line to 'None'
[0.849s] Level 5:colcon.colcon_core.verb:set package 'arduinobot_controller' build argument 'cmake_target_skip_unavailable' from command line to 'False'
[0.849s] Level 5:colcon.colcon_core.verb:set package 'arduinobot_controller' build argument 'cmake_clean_cache' from command line to 'False'
[0.849s] Level 5:colcon.colcon_core.verb:set package 'arduinobot_controller' build argument 'cmake_clean_first' from command line to 'False'
[0.849s] Level 5:colcon.colcon_core.verb:set package 'arduinobot_controller' build argument 'cmake_force_configure' from command line to 'False'
[0.849s] Level 5:colcon.colcon_core.verb:set package 'arduinobot_controller' build argument 'ament_cmake_args' from command line to 'None'
[0.849s] Level 5:colcon.colcon_core.verb:set package 'arduinobot_controller' build argument 'catkin_cmake_args' from command line to 'None'
[0.849s] Level 5:colcon.colcon_core.verb:set package 'arduinobot_controller' build argument 'catkin_skip_building_tests' from command line to 'False'
[0.849s] DEBUG:colcon.colcon_core.verb:Building package 'arduinobot_controller' with the following arguments: {'ament_cmake_args': None, 'build_base': '/home/shriram/Desktop/ros2Project/build/arduinobot_controller', 'catkin_cmake_args': None, 'catkin_skip_building_tests': False, 'cmake_args': None, 'cmake_clean_cache': False, 'cmake_clean_first': False, 'cmake_force_configure': False, 'cmake_target': None, 'cmake_target_skip_unavailable': False, 'install_base': '/home/shriram/Desktop/ros2Project/install/arduinobot_controller', 'merge_install': False, 'path': '/home/shriram/Desktop/ros2Project/src/arduinobot_controller', 'symlink_install': False, 'test_result_base': None}
[0.851s] Level 5:colcon.colcon_core.verb:set package 'arduinobot_description' build argument 'cmake_args' from command line to 'None'
[0.851s] Level 5:colcon.colcon_core.verb:set package 'arduinobot_description' build argument 'cmake_target' from command line to 'None'
[0.851s] Level 5:colcon.colcon_core.verb:set package 'arduinobot_description' build argument 'cmake_target_skip_unavailable' from command line to 'False'
[0.851s] Level 5:colcon.colcon_core.verb:set package 'arduinobot_description' build argument 'cmake_clean_cache' from command line to 'False'
[0.851s] Level 5:colcon.colcon_core.verb:set package 'arduinobot_description' build argument 'cmake_clean_first' from command line to 'False'
[0.851s] Level 5:colcon.colcon_core.verb:set package 'arduinobot_description' build argument 'cmake_force_configure' from command line to 'False'
[0.851s] Level 5:colcon.colcon_core.verb:set package 'arduinobot_description' build argument 'ament_cmake_args' from command line to 'None'
[0.851s] Level 5:colcon.colcon_core.verb:set package 'arduinobot_description' build argument 'catkin_cmake_args' from command line to 'None'
[0.851s] Level 5:colcon.colcon_core.verb:set package 'arduinobot_description' build argument 'catkin_skip_building_tests' from command line to 'False'
[0.851s] DEBUG:colcon.colcon_core.verb:Building package 'arduinobot_description' with the following arguments: {'ament_cmake_args': None, 'build_base': '/home/shriram/Desktop/ros2Project/build/arduinobot_description', 'catkin_cmake_args': None, 'catkin_skip_building_tests': False, 'cmake_args': None, 'cmake_clean_cache': False, 'cmake_clean_first': False, 'cmake_force_configure': False, 'cmake_target': None, 'cmake_target_skip_unavailable': False, 'install_base': '/home/shriram/Desktop/ros2Project/install/arduinobot_description', 'merge_install': False, 'path': '/home/shriram/Desktop/ros2Project/src/arduinobot_description', 'symlink_install': False, 'test_result_base': None}
[0.852s] Level 5:colcon.colcon_core.verb:set package 'arduinobot_moveit' build argument 'cmake_args' from command line to 'None'
[0.852s] Level 5:colcon.colcon_core.verb:set package 'arduinobot_moveit' build argument 'cmake_target' from command line to 'None'
[0.852s] Level 5:colcon.colcon_core.verb:set package 'arduinobot_moveit' build argument 'cmake_target_skip_unavailable' from command line to 'False'
[0.852s] Level 5:colcon.colcon_core.verb:set package 'arduinobot_moveit' build argument 'cmake_clean_cache' from command line to 'False'
[0.852s] Level 5:colcon.colcon_core.verb:set package 'arduinobot_moveit' build argument 'cmake_clean_first' from command line to 'False'
[0.852s] Level 5:colcon.colcon_core.verb:set package 'arduinobot_moveit' build argument 'cmake_force_configure' from command line to 'False'
[0.852s] Level 5:colcon.colcon_core.verb:set package 'arduinobot_moveit' build argument 'ament_cmake_args' from command line to 'None'
[0.852s] Level 5:colcon.colcon_core.verb:set package 'arduinobot_moveit' build argument 'catkin_cmake_args' from command line to 'None'
[0.852s] Level 5:colcon.colcon_core.verb:set package 'arduinobot_moveit' build argument 'catkin_skip_building_tests' from command line to 'False'
[0.852s] DEBUG:colcon.colcon_core.verb:Building package 'arduinobot_moveit' with the following arguments: {'ament_cmake_args': None, 'build_base': '/home/shriram/Desktop/ros2Project/build/arduinobot_moveit', 'catkin_cmake_args': None, 'catkin_skip_building_tests': False, 'cmake_args': None, 'cmake_clean_cache': False, 'cmake_clean_first': False, 'cmake_force_configure': False, 'cmake_target': None, 'cmake_target_skip_unavailable': False, 'install_base': '/home/shriram/Desktop/ros2Project/install/arduinobot_moveit', 'merge_install': False, 'path': '/home/shriram/Desktop/ros2Project/src/arduinobot_moveit', 'symlink_install': False, 'test_result_base': None}
[0.853s] Level 5:colcon.colcon_core.verb:set package 'arduinobot_msgs' build argument 'cmake_args' from command line to 'None'
[0.853s] Level 5:colcon.colcon_core.verb:set package 'arduinobot_msgs' build argument 'cmake_target' from command line to 'None'
[0.853s] Level 5:colcon.colcon_core.verb:set package 'arduinobot_msgs' build argument 'cmake_target_skip_unavailable' from command line to 'False'
[0.853s] Level 5:colcon.colcon_core.verb:set package 'arduinobot_msgs' build argument 'cmake_clean_cache' from command line to 'False'
[0.853s] Level 5:colcon.colcon_core.verb:set package 'arduinobot_msgs' build argument 'cmake_clean_first' from command line to 'False'
[0.853s] Level 5:colcon.colcon_core.verb:set package 'arduinobot_msgs' build argument 'cmake_force_configure' from command line to 'False'
[0.853s] Level 5:colcon.colcon_core.verb:set package 'arduinobot_msgs' build argument 'ament_cmake_args' from command line to 'None'
[0.853s] Level 5:colcon.colcon_core.verb:set package 'arduinobot_msgs' build argument 'catkin_cmake_args' from command line to 'None'
[0.853s] Level 5:colcon.colcon_core.verb:set package 'arduinobot_msgs' build argument 'catkin_skip_building_tests' from command line to 'False'
[0.853s] DEBUG:colcon.colcon_core.verb:Building package 'arduinobot_msgs' with the following arguments: {'ament_cmake_args': None, 'build_base': '/home/shriram/Desktop/ros2Project/build/arduinobot_msgs', 'catkin_cmake_args': None, 'catkin_skip_building_tests': False, 'cmake_args': None, 'cmake_clean_cache': False, 'cmake_clean_first': False, 'cmake_force_configure': False, 'cmake_target': None, 'cmake_target_skip_unavailable': False, 'install_base': '/home/shriram/Desktop/ros2Project/install/arduinobot_msgs', 'merge_install': False, 'path': '/home/shriram/Desktop/ros2Project/src/arduinobot_msgs', 'symlink_install': False, 'test_result_base': None}
[0.854s] Level 5:colcon.colcon_core.verb:set package 'arduinobot_py' build argument 'cmake_args' from command line to 'None'
[0.854s] Level 5:colcon.colcon_core.verb:set package 'arduinobot_py' build argument 'cmake_target' from command line to 'None'
[0.854s] Level 5:colcon.colcon_core.verb:set package 'arduinobot_py' build argument 'cmake_target_skip_unavailable' from command line to 'False'
[0.854s] Level 5:colcon.colcon_core.verb:set package 'arduinobot_py' build argument 'cmake_clean_cache' from command line to 'False'
[0.854s] Level 5:colcon.colcon_core.verb:set package 'arduinobot_py' build argument 'cmake_clean_first' from command line to 'False'
[0.854s] Level 5:colcon.colcon_core.verb:set package 'arduinobot_py' build argument 'cmake_force_configure' from command line to 'False'
[0.854s] Level 5:colcon.colcon_core.verb:set package 'arduinobot_py' build argument 'ament_cmake_args' from command line to 'None'
[0.854s] Level 5:colcon.colcon_core.verb:set package 'arduinobot_py' build argument 'catkin_cmake_args' from command line to 'None'
[0.854s] Level 5:colcon.colcon_core.verb:set package 'arduinobot_py' build argument 'catkin_skip_building_tests' from command line to 'False'
[0.854s] DEBUG:colcon.colcon_core.verb:Building package 'arduinobot_py' with the following arguments: {'ament_cmake_args': None, 'build_base': '/home/shriram/Desktop/ros2Project/build/arduinobot_py', 'catkin_cmake_args': None, 'catkin_skip_building_tests': False, 'cmake_args': None, 'cmake_clean_cache': False, 'cmake_clean_first': False, 'cmake_force_configure': False, 'cmake_target': None, 'cmake_target_skip_unavailable': False, 'install_base': '/home/shriram/Desktop/ros2Project/install/arduinobot_py', 'merge_install': False, 'path': '/home/shriram/Desktop/ros2Project/src/arduinobot_py', 'symlink_install': False, 'test_result_base': None}
[0.855s] Level 5:colcon.colcon_core.verb:set package 'arduinobot_utils' build argument 'cmake_args' from command line to 'None'
[0.855s] Level 5:colcon.colcon_core.verb:set package 'arduinobot_utils' build argument 'cmake_target' from command line to 'None'
[0.855s] Level 5:colcon.colcon_core.verb:set package 'arduinobot_utils' build argument 'cmake_target_skip_unavailable' from command line to 'False'
[0.855s] Level 5:colcon.colcon_core.verb:set package 'arduinobot_utils' build argument 'cmake_clean_cache' from command line to 'False'
[0.855s] Level 5:colcon.colcon_core.verb:set package 'arduinobot_utils' build argument 'cmake_clean_first' from command line to 'False'
[0.855s] Level 5:colcon.colcon_core.verb:set package 'arduinobot_utils' build argument 'cmake_force_configure' from command line to 'False'
[0.855s] Level 5:colcon.colcon_core.verb:set package 'arduinobot_utils' build argument 'ament_cmake_args' from command line to 'None'
[0.855s] Level 5:colcon.colcon_core.verb:set package 'arduinobot_utils' build argument 'catkin_cmake_args' from command line to 'None'
[0.855s] Level 5:colcon.colcon_core.verb:set package 'arduinobot_utils' build argument 'catkin_skip_building_tests' from command line to 'False'
[0.855s] DEBUG:colcon.colcon_core.verb:Building package 'arduinobot_utils' with the following arguments: {'ament_cmake_args': None, 'build_base': '/home/shriram/Desktop/ros2Project/build/arduinobot_utils', 'catkin_cmake_args': None, 'catkin_skip_building_tests': False, 'cmake_args': None, 'cmake_clean_cache': False, 'cmake_clean_first': False, 'cmake_force_configure': False, 'cmake_target': None, 'cmake_target_skip_unavailable': False, 'install_base': '/home/shriram/Desktop/ros2Project/install/arduinobot_utils', 'merge_install': False, 'path': '/home/shriram/Desktop/ros2Project/src/arduinobot_utils', 'symlink_install': False, 'test_result_base': None}
[0.856s] INFO:colcon.colcon_core.executor:Executing jobs using 'parallel' executor
[0.860s] DEBUG:colcon.colcon_parallel_executor.executor.parallel:run_until_complete
[0.860s] INFO:colcon.colcon_ros.task.ament_cmake.build:Building ROS package in '/home/shriram/Desktop/ros2Project/src/arduinobot_msgs' with build type 'ament_cmake'
[0.860s] INFO:colcon.colcon_cmake.task.cmake.build:Building CMake package in '/home/shriram/Desktop/ros2Project/src/arduinobot_msgs'
[0.866s] INFO:colcon.colcon_core.plugin_system:Skipping extension 'colcon_core.shell.bat': Not used on non-Windows systems
[0.867s] INFO:colcon.colcon_core.shell:Skip shell extension 'powershell' for command environment: Not usable outside of PowerShell
[0.867s] DEBUG:colcon.colcon_core.shell:Skip shell extension 'dsv' for command environment
[0.881s] INFO:colcon.colcon_ros.task.ament_cmake.build:Building ROS package in '/home/shriram/Desktop/ros2Project/src/arduinobot_controller' with build type 'ament_cmake'
[0.881s] INFO:colcon.colcon_cmake.task.cmake.build:Building CMake package in '/home/shriram/Desktop/ros2Project/src/arduinobot_controller'
[0.883s] INFO:colcon.colcon_core.shell:Skip shell extension 'powershell' for command environment: Not usable outside of PowerShell
[0.883s] DEBUG:colcon.colcon_core.shell:Skip shell extension 'dsv' for command environment
[0.890s] INFO:colcon.colcon_ros.task.ament_cmake.build:Building ROS package in '/home/shriram/Desktop/ros2Project/src/arduinobot_description' with build type 'ament_cmake'
[0.890s] INFO:colcon.colcon_cmake.task.cmake.build:Building CMake package in '/home/shriram/Desktop/ros2Project/src/arduinobot_description'
[0.892s] INFO:colcon.colcon_core.shell:Skip shell extension 'powershell' for command environment: Not usable outside of PowerShell
[0.893s] DEBUG:colcon.colcon_core.shell:Skip shell extension 'dsv' for command environment
[0.898s] INFO:colcon.colcon_ros.task.ament_cmake.build:Building ROS package in '/home/shriram/Desktop/ros2Project/src/arduinobot_moveit' with build type 'ament_cmake'
[0.898s] INFO:colcon.colcon_cmake.task.cmake.build:Building CMake package in '/home/shriram/Desktop/ros2Project/src/arduinobot_moveit'
[0.900s] INFO:colcon.colcon_core.shell:Skip shell extension 'powershell' for command environment: Not usable outside of PowerShell
[0.900s] DEBUG:colcon.colcon_core.shell:Skip shell extension 'dsv' for command environment
[0.911s] DEBUG:colcon.colcon_core.event_handler.log_command:Invoking command in '/home/shriram/Desktop/ros2Project/build/arduinobot_msgs': CMAKE_PREFIX_PATH=${CMAKE_PREFIX_PATH}:/home/shriram/Desktop/ros2Project/install/arduinobot_py:/opt/ros/humble /usr/bin/cmake --build /home/shriram/Desktop/ros2Project/build/arduinobot_msgs -- -j12 -l12
[0.914s] DEBUG:colcon.colcon_core.event_handler.log_command:Invoking command in '/home/shriram/Desktop/ros2Project/build/arduinobot_controller': CMAKE_PREFIX_PATH=${CMAKE_PREFIX_PATH}:/home/shriram/Desktop/ros2Project/install/arduinobot_py:/opt/ros/humble /usr/bin/cmake --build /home/shriram/Desktop/ros2Project/build/arduinobot_controller -- -j12 -l12
[0.918s] DEBUG:colcon.colcon_core.event_handler.log_command:Invoking command in '/home/shriram/Desktop/ros2Project/build/arduinobot_description': CMAKE_PREFIX_PATH=${CMAKE_PREFIX_PATH}:/home/shriram/Desktop/ros2Project/install/arduinobot_py:/opt/ros/humble /usr/bin/cmake --build /home/shriram/Desktop/ros2Project/build/arduinobot_description -- -j12 -l12
[0.922s] DEBUG:colcon.colcon_core.event_handler.log_command:Invoking command in '/home/shriram/Desktop/ros2Project/build/arduinobot_moveit': CMAKE_PREFIX_PATH=${CMAKE_PREFIX_PATH}:/home/shriram/Desktop/ros2Project/install/arduinobot_py:/opt/ros/humble /usr/bin/cmake --build /home/shriram/Desktop/ros2Project/build/arduinobot_moveit -- -j12 -l12
[0.987s] DEBUG:colcon.colcon_core.event_handler.log_command:Invoked command in '/home/shriram/Desktop/ros2Project/build/arduinobot_description' returned '0': CMAKE_PREFIX_PATH=${CMAKE_PREFIX_PATH}:/home/shriram/Desktop/ros2Project/install/arduinobot_py:/opt/ros/humble /usr/bin/cmake --build /home/shriram/Desktop/ros2Project/build/arduinobot_description -- -j12 -l12
[0.988s] DEBUG:colcon.colcon_core.event_handler.log_command:Invoked command in '/home/shriram/Desktop/ros2Project/build/arduinobot_moveit' returned '0': CMAKE_PREFIX_PATH=${CMAKE_PREFIX_PATH}:/home/shriram/Desktop/ros2Project/install/arduinobot_py:/opt/ros/humble /usr/bin/cmake --build /home/shriram/Desktop/ros2Project/build/arduinobot_moveit -- -j12 -l12
[0.992s] DEBUG:colcon.colcon_core.event_handler.log_command:Invoked command in '/home/shriram/Desktop/ros2Project/build/arduinobot_controller' returned '0': CMAKE_PREFIX_PATH=${CMAKE_PREFIX_PATH}:/home/shriram/Desktop/ros2Project/install/arduinobot_py:/opt/ros/humble /usr/bin/cmake --build /home/shriram/Desktop/ros2Project/build/arduinobot_controller -- -j12 -l12
[1.074s] DEBUG:colcon.colcon_core.event_handler.log_command:Invoking command in '/home/shriram/Desktop/ros2Project/build/arduinobot_description': CMAKE_PREFIX_PATH=${CMAKE_PREFIX_PATH}:/home/shriram/Desktop/ros2Project/install/arduinobot_py:/opt/ros/humble /usr/bin/cmake --install /home/shriram/Desktop/ros2Project/build/arduinobot_description
[1.087s] DEBUG:colcon.colcon_core.event_handler.log_command:Invoking command in '/home/shriram/Desktop/ros2Project/build/arduinobot_moveit': CMAKE_PREFIX_PATH=${CMAKE_PREFIX_PATH}:/home/shriram/Desktop/ros2Project/install/arduinobot_py:/opt/ros/humble /usr/bin/cmake --install /home/shriram/Desktop/ros2Project/build/arduinobot_moveit
[1.095s] Level 1:colcon.colcon_core.environment:create_environment_scripts_only(arduinobot_description)
[1.105s] DEBUG:colcon.colcon_core.event_handler.log_command:Invoking command in '/home/shriram/Desktop/ros2Project/build/arduinobot_controller': CMAKE_PREFIX_PATH=${CMAKE_PREFIX_PATH}:/home/shriram/Desktop/ros2Project/install/arduinobot_py:/opt/ros/humble /usr/bin/cmake --install /home/shriram/Desktop/ros2Project/build/arduinobot_controller
[1.105s] DEBUG:colcon.colcon_core.event_handler.log_command:Invoked command in '/home/shriram/Desktop/ros2Project/build/arduinobot_description' returned '0': CMAKE_PREFIX_PATH=${CMAKE_PREFIX_PATH}:/home/shriram/Desktop/ros2Project/install/arduinobot_py:/opt/ros/humble /usr/bin/cmake --install /home/shriram/Desktop/ros2Project/build/arduinobot_description
[1.115s] Level 1:colcon.colcon_core.environment:checking '/home/shriram/Desktop/ros2Project/install/arduinobot_description' for CMake module files
[1.116s] Level 1:colcon.colcon_core.environment:checking '/home/shriram/Desktop/ros2Project/install/arduinobot_description' for CMake config files
[1.119s] Level 1:colcon.colcon_core.shell:create_environment_hook('arduinobot_description', 'cmake_prefix_path')
[1.121s] INFO:colcon.colcon_core.shell:Creating environment hook '/home/shriram/Desktop/ros2Project/install/arduinobot_description/share/arduinobot_description/hook/cmake_prefix_path.ps1'
[1.123s] INFO:colcon.colcon_core.shell:Creating environment descriptor '/home/shriram/Desktop/ros2Project/install/arduinobot_description/share/arduinobot_description/hook/cmake_prefix_path.dsv'
[1.123s] INFO:colcon.colcon_core.shell:Creating environment hook '/home/shriram/Desktop/ros2Project/install/arduinobot_description/share/arduinobot_description/hook/cmake_prefix_path.sh'
[1.125s] Level 1:colcon.colcon_core.environment:checking '/home/shriram/Desktop/ros2Project/install/arduinobot_description/bin'
[1.125s] Level 1:colcon.colcon_core.environment:checking '/home/shriram/Desktop/ros2Project/install/arduinobot_description/lib/pkgconfig/arduinobot_description.pc'
[1.126s] Level 1:colcon.colcon_core.environment:checking '/home/shriram/Desktop/ros2Project/install/arduinobot_description/lib/python3.10/site-packages'
[1.126s] Level 1:colcon.colcon_core.environment:checking '/home/shriram/Desktop/ros2Project/install/arduinobot_description/bin'
[1.128s] INFO:colcon.colcon_core.shell:Creating package script '/home/shriram/Desktop/ros2Project/install/arduinobot_description/share/arduinobot_description/package.ps1'
[1.129s] INFO:colcon.colcon_core.shell:Creating package descriptor '/home/shriram/Desktop/ros2Project/install/arduinobot_description/share/arduinobot_description/package.dsv'
[1.129s] INFO:colcon.colcon_core.shell:Creating package script '/home/shriram/Desktop/ros2Project/install/arduinobot_description/share/arduinobot_description/package.sh'
[1.130s] INFO:colcon.colcon_core.shell:Creating package script '/home/shriram/Desktop/ros2Project/install/arduinobot_description/share/arduinobot_description/package.bash'
[1.131s] INFO:colcon.colcon_core.shell:Creating package script '/home/shriram/Desktop/ros2Project/install/arduinobot_description/share/arduinobot_description/package.zsh'
[1.132s] Level 1:colcon.colcon_core.environment:create_file_with_runtime_dependencies(/home/shriram/Desktop/ros2Project/install/arduinobot_description/share/colcon-core/packages/arduinobot_description)
[1.134s] Level 1:colcon.colcon_core.environment:create_environment_scripts_only(arduinobot_moveit)
[1.137s] Level 1:colcon.colcon_core.environment:checking '/home/shriram/Desktop/ros2Project/install/arduinobot_moveit' for CMake module files
[1.137s] DEBUG:colcon.colcon_core.event_handler.log_command:Invoked command in '/home/shriram/Desktop/ros2Project/build/arduinobot_moveit' returned '0': CMAKE_PREFIX_PATH=${CMAKE_PREFIX_PATH}:/home/shriram/Desktop/ros2Project/install/arduinobot_py:/opt/ros/humble /usr/bin/cmake --install /home/shriram/Desktop/ros2Project/build/arduinobot_moveit
[1.138s] Level 1:colcon.colcon_core.environment:checking '/home/shriram/Desktop/ros2Project/install/arduinobot_moveit' for CMake config files
[1.141s] Level 1:colcon.colcon_core.shell:create_environment_hook('arduinobot_moveit', 'cmake_prefix_path')
[1.143s] INFO:colcon.colcon_core.shell:Creating environment hook '/home/shriram/Desktop/ros2Project/install/arduinobot_moveit/share/arduinobot_moveit/hook/cmake_prefix_path.ps1'
[1.143s] INFO:colcon.colcon_core.shell:Creating environment descriptor '/home/shriram/Desktop/ros2Project/install/arduinobot_moveit/share/arduinobot_moveit/hook/cmake_prefix_path.dsv'
[1.144s] INFO:colcon.colcon_core.shell:Creating environment hook '/home/shriram/Desktop/ros2Project/install/arduinobot_moveit/share/arduinobot_moveit/hook/cmake_prefix_path.sh'
[1.144s] Level 1:colcon.colcon_core.environment:checking '/home/shriram/Desktop/ros2Project/install/arduinobot_moveit/bin'
[1.144s] Level 1:colcon.colcon_core.environment:checking '/home/shriram/Desktop/ros2Project/install/arduinobot_moveit/lib/pkgconfig/arduinobot_moveit.pc'
[1.145s] Level 1:colcon.colcon_core.environment:checking '/home/shriram/Desktop/ros2Project/install/arduinobot_moveit/lib/python3.10/site-packages'
[1.145s] Level 1:colcon.colcon_core.environment:checking '/home/shriram/Desktop/ros2Project/install/arduinobot_moveit/bin'
[1.147s] INFO:colcon.colcon_core.shell:Creating package script '/home/shriram/Desktop/ros2Project/install/arduinobot_moveit/share/arduinobot_moveit/package.ps1'
[1.148s] INFO:colcon.colcon_core.shell:Creating package descriptor '/home/shriram/Desktop/ros2Project/install/arduinobot_moveit/share/arduinobot_moveit/package.dsv'
[1.148s] INFO:colcon.colcon_core.shell:Creating package script '/home/shriram/Desktop/ros2Project/install/arduinobot_moveit/share/arduinobot_moveit/package.sh'
[1.149s] INFO:colcon.colcon_core.shell:Creating package script '/home/shriram/Desktop/ros2Project/install/arduinobot_moveit/share/arduinobot_moveit/package.bash'
[1.149s] INFO:colcon.colcon_core.shell:Creating package script '/home/shriram/Desktop/ros2Project/install/arduinobot_moveit/share/arduinobot_moveit/package.zsh'
[1.149s] Level 1:colcon.colcon_core.environment:create_file_with_runtime_dependencies(/home/shriram/Desktop/ros2Project/install/arduinobot_moveit/share/colcon-core/packages/arduinobot_moveit)
[1.151s] Level 1:colcon.colcon_core.environment:create_environment_scripts_only(arduinobot_controller)
[1.153s] Level 1:colcon.colcon_core.environment:checking '/home/shriram/Desktop/ros2Project/install/arduinobot_controller' for CMake module files
[1.154s] DEBUG:colcon.colcon_core.event_handler.log_command:Invoked command in '/home/shriram/Desktop/ros2Project/build/arduinobot_controller' returned '0': CMAKE_PREFIX_PATH=${CMAKE_PREFIX_PATH}:/home/shriram/Desktop/ros2Project/install/arduinobot_py:/opt/ros/humble /usr/bin/cmake --install /home/shriram/Desktop/ros2Project/build/arduinobot_controller
[1.155s] Level 1:colcon.colcon_core.environment:checking '/home/shriram/Desktop/ros2Project/install/arduinobot_controller' for CMake config files
[1.155s] Level 1:colcon.colcon_core.shell:create_environment_hook('arduinobot_controller', 'cmake_prefix_path')
[1.157s] INFO:colcon.colcon_core.shell:Creating environment hook '/home/shriram/Desktop/ros2Project/install/arduinobot_controller/share/arduinobot_controller/hook/cmake_prefix_path.ps1'
[1.158s] INFO:colcon.colcon_core.shell:Creating environment descriptor '/home/shriram/Desktop/ros2Project/install/arduinobot_controller/share/arduinobot_controller/hook/cmake_prefix_path.dsv'
[1.159s] INFO:colcon.colcon_core.shell:Creating environment hook '/home/shriram/Desktop/ros2Project/install/arduinobot_controller/share/arduinobot_controller/hook/cmake_prefix_path.sh'
[1.159s] Level 1:colcon.colcon_core.environment:checking '/home/shriram/Desktop/ros2Project/install/arduinobot_controller/bin'
[1.159s] Level 1:colcon.colcon_core.environment:checking '/home/shriram/Desktop/ros2Project/install/arduinobot_controller/lib/pkgconfig/arduinobot_controller.pc'
[1.160s] Level 1:colcon.colcon_core.environment:checking '/home/shriram/Desktop/ros2Project/install/arduinobot_controller/lib/python3.10/site-packages'
[1.160s] Level 1:colcon.colcon_core.environment:checking '/home/shriram/Desktop/ros2Project/install/arduinobot_controller/bin'
[1.162s] INFO:colcon.colcon_core.shell:Creating package script '/home/shriram/Desktop/ros2Project/install/arduinobot_controller/share/arduinobot_controller/package.ps1'
[1.162s] INFO:colcon.colcon_core.shell:Creating package descriptor '/home/shriram/Desktop/ros2Project/install/arduinobot_controller/share/arduinobot_controller/package.dsv'
[1.163s] INFO:colcon.colcon_core.shell:Creating package script '/home/shriram/Desktop/ros2Project/install/arduinobot_controller/share/arduinobot_controller/package.sh'
[1.163s] INFO:colcon.colcon_core.shell:Creating package script '/home/shriram/Desktop/ros2Project/install/arduinobot_controller/share/arduinobot_controller/package.bash'
[1.163s] INFO:colcon.colcon_core.shell:Creating package script '/home/shriram/Desktop/ros2Project/install/arduinobot_controller/share/arduinobot_controller/package.zsh'
[1.164s] Level 1:colcon.colcon_core.environment:create_file_with_runtime_dependencies(/home/shriram/Desktop/ros2Project/install/arduinobot_controller/share/colcon-core/packages/arduinobot_controller)
[1.168s] Level 1:colcon.colcon_core.environment:create_environment_scripts_only(arduinobot_description)
[1.170s] Level 1:colcon.colcon_core.environment:checking '/home/shriram/Desktop/ros2Project/install/arduinobot_description' for CMake module files
[1.171s] Level 1:colcon.colcon_core.environment:checking '/home/shriram/Desktop/ros2Project/install/arduinobot_description' for CMake config files
[1.172s] Level 1:colcon.colcon_core.shell:create_environment_hook('arduinobot_description', 'cmake_prefix_path')
[1.175s] INFO:colcon.colcon_core.shell:Creating environment hook '/home/shriram/Desktop/ros2Project/install/arduinobot_description/share/arduinobot_description/hook/cmake_prefix_path.ps1'
[1.176s] INFO:colcon.colcon_core.shell:Creating environment descriptor '/home/shriram/Desktop/ros2Project/install/arduinobot_description/share/arduinobot_description/hook/cmake_prefix_path.dsv'
[1.177s] INFO:colcon.colcon_core.shell:Creating environment hook '/home/shriram/Desktop/ros2Project/install/arduinobot_description/share/arduinobot_description/hook/cmake_prefix_path.sh'
[1.178s] Level 1:colcon.colcon_core.environment:checking '/home/shriram/Desktop/ros2Project/install/arduinobot_description/bin'
[1.178s] Level 1:colcon.colcon_core.environment:checking '/home/shriram/Desktop/ros2Project/install/arduinobot_description/lib/pkgconfig/arduinobot_description.pc'
[1.178s] Level 1:colcon.colcon_core.environment:checking '/home/shriram/Desktop/ros2Project/install/arduinobot_description/lib/python3.10/site-packages'
[1.178s] Level 1:colcon.colcon_core.environment:checking '/home/shriram/Desktop/ros2Project/install/arduinobot_description/bin'
[1.181s] INFO:colcon.colcon_core.shell:Creating package script '/home/shriram/Desktop/ros2Project/install/arduinobot_description/share/arduinobot_description/package.ps1'
[1.182s] INFO:colcon.colcon_core.shell:Creating package descriptor '/home/shriram/Desktop/ros2Project/install/arduinobot_description/share/arduinobot_description/package.dsv'
[1.184s] INFO:colcon.colcon_core.shell:Creating package script '/home/shriram/Desktop/ros2Project/install/arduinobot_description/share/arduinobot_description/package.sh'
[1.185s] INFO:colcon.colcon_core.shell:Creating package script '/home/shriram/Desktop/ros2Project/install/arduinobot_description/share/arduinobot_description/package.bash'
[1.185s] INFO:colcon.colcon_core.shell:Creating package script '/home/shriram/Desktop/ros2Project/install/arduinobot_description/share/arduinobot_description/package.zsh'
[1.187s] Level 1:colcon.colcon_core.environment:create_file_with_runtime_dependencies(/home/shriram/Desktop/ros2Project/install/arduinobot_description/share/colcon-core/packages/arduinobot_description)
[1.211s] Level 1:colcon.colcon_core.environment:create_environment_scripts_only(arduinobot_moveit)
[1.216s] Level 1:colcon.colcon_core.environment:checking '/home/shriram/Desktop/ros2Project/install/arduinobot_moveit' for CMake module files
[1.216s] Level 1:colcon.colcon_core.environment:checking '/home/shriram/Desktop/ros2Project/install/arduinobot_moveit' for CMake config files
[1.217s] Level 1:colcon.colcon_core.shell:create_environment_hook('arduinobot_moveit', 'cmake_prefix_path')
[1.219s] INFO:colcon.colcon_core.shell:Creating environment hook '/home/shriram/Desktop/ros2Project/install/arduinobot_moveit/share/arduinobot_moveit/hook/cmake_prefix_path.ps1'
[1.221s] INFO:colcon.colcon_core.shell:Creating environment descriptor '/home/shriram/Desktop/ros2Project/install/arduinobot_moveit/share/arduinobot_moveit/hook/cmake_prefix_path.dsv'
[1.222s] INFO:colcon.colcon_core.shell:Creating environment hook '/home/shriram/Desktop/ros2Project/install/arduinobot_moveit/share/arduinobot_moveit/hook/cmake_prefix_path.sh'
[1.223s] Level 1:colcon.colcon_core.environment:checking '/home/shriram/Desktop/ros2Project/install/arduinobot_moveit/bin'
[1.223s] Level 1:colcon.colcon_core.environment:checking '/home/shriram/Desktop/ros2Project/install/arduinobot_moveit/lib/pkgconfig/arduinobot_moveit.pc'
[1.223s] Level 1:colcon.colcon_core.environment:checking '/home/shriram/Desktop/ros2Project/install/arduinobot_moveit/lib/python3.10/site-packages'
[1.223s] Level 1:colcon.colcon_core.environment:checking '/home/shriram/Desktop/ros2Project/install/arduinobot_moveit/bin'
[1.226s] INFO:colcon.colcon_core.shell:Creating package script '/home/shriram/Desktop/ros2Project/install/arduinobot_moveit/share/arduinobot_moveit/package.ps1'
[1.227s] INFO:colcon.colcon_core.shell:Creating package descriptor '/home/shriram/Desktop/ros2Project/install/arduinobot_moveit/share/arduinobot_moveit/package.dsv'
[1.228s] INFO:colcon.colcon_core.shell:Creating package script '/home/shriram/Desktop/ros2Project/install/arduinobot_moveit/share/arduinobot_moveit/package.sh'
[1.229s] INFO:colcon.colcon_core.shell:Creating package script '/home/shriram/Desktop/ros2Project/install/arduinobot_moveit/share/arduinobot_moveit/package.bash'
[1.229s] INFO:colcon.colcon_core.shell:Creating package script '/home/shriram/Desktop/ros2Project/install/arduinobot_moveit/share/arduinobot_moveit/package.zsh'
[1.230s] Level 1:colcon.colcon_core.environment:create_file_with_runtime_dependencies(/home/shriram/Desktop/ros2Project/install/arduinobot_moveit/share/colcon-core/packages/arduinobot_moveit)
[1.234s] Level 1:colcon.colcon_core.environment:create_environment_scripts_only(arduinobot_controller)
[1.236s] Level 1:colcon.colcon_core.environment:checking '/home/shriram/Desktop/ros2Project/install/arduinobot_controller' for CMake module files
[1.238s] Level 1:colcon.colcon_core.environment:checking '/home/shriram/Desktop/ros2Project/install/arduinobot_controller' for CMake config files
[1.238s] Level 1:colcon.colcon_core.shell:create_environment_hook('arduinobot_controller', 'cmake_prefix_path')
[1.240s] INFO:colcon.colcon_core.shell:Creating environment hook '/home/shriram/Desktop/ros2Project/install/arduinobot_controller/share/arduinobot_controller/hook/cmake_prefix_path.ps1'
[1.241s] INFO:colcon.colcon_core.shell:Creating environment descriptor '/home/shriram/Desktop/ros2Project/install/arduinobot_controller/share/arduinobot_controller/hook/cmake_prefix_path.dsv'
[1.242s] INFO:colcon.colcon_core.shell:Creating environment hook '/home/shriram/Desktop/ros2Project/install/arduinobot_controller/share/arduinobot_controller/hook/cmake_prefix_path.sh'
[1.243s] Level 1:colcon.colcon_core.environment:checking '/home/shriram/Desktop/ros2Project/install/arduinobot_controller/bin'
[1.243s] Level 1:colcon.colcon_core.environment:checking '/home/shriram/Desktop/ros2Project/install/arduinobot_controller/lib/pkgconfig/arduinobot_controller.pc'
[1.243s] Level 1:colcon.colcon_core.environment:checking '/home/shriram/Desktop/ros2Project/install/arduinobot_controller/lib/python3.10/site-packages'
[1.243s] Level 1:colcon.colcon_core.environment:checking '/home/shriram/Desktop/ros2Project/install/arduinobot_controller/bin'
[1.245s] INFO:colcon.colcon_core.shell:Creating package script '/home/shriram/Desktop/ros2Project/install/arduinobot_controller/share/arduinobot_controller/package.ps1'
[1.246s] INFO:colcon.colcon_core.shell:Creating package descriptor '/home/shriram/Desktop/ros2Project/install/arduinobot_controller/share/arduinobot_controller/package.dsv'
[1.246s] INFO:colcon.colcon_core.shell:Creating package script '/home/shriram/Desktop/ros2Project/install/arduinobot_controller/share/arduinobot_controller/package.sh'
[1.247s] INFO:colcon.colcon_core.shell:Creating package script '/home/shriram/Desktop/ros2Project/install/arduinobot_controller/share/arduinobot_controller/package.bash'
[1.247s] INFO:colcon.colcon_core.shell:Creating package script '/home/shriram/Desktop/ros2Project/install/arduinobot_controller/share/arduinobot_controller/package.zsh'
[1.247s] Level 1:colcon.colcon_core.environment:create_file_with_runtime_dependencies(/home/shriram/Desktop/ros2Project/install/arduinobot_controller/share/colcon-core/packages/arduinobot_controller)
[1.546s] DEBUG:colcon.colcon_core.event_handler.log_command:Invoked command in '/home/shriram/Desktop/ros2Project/build/arduinobot_msgs' returned '0': CMAKE_PREFIX_PATH=${CMAKE_PREFIX_PATH}:/home/shriram/Desktop/ros2Project/install/arduinobot_py:/opt/ros/humble /usr/bin/cmake --build /home/shriram/Desktop/ros2Project/build/arduinobot_msgs -- -j12 -l12
[1.654s] DEBUG:colcon.colcon_core.event_handler.log_command:Invoking command in '/home/shriram/Desktop/ros2Project/build/arduinobot_msgs': CMAKE_PREFIX_PATH=${CMAKE_PREFIX_PATH}:/home/shriram/Desktop/ros2Project/install/arduinobot_py:/opt/ros/humble /usr/bin/cmake --install /home/shriram/Desktop/ros2Project/build/arduinobot_msgs
[1.732s] Level 1:colcon.colcon_core.environment:create_environment_scripts_only(arduinobot_msgs)
[1.734s] Level 1:colcon.colcon_core.environment:checking '/home/shriram/Desktop/ros2Project/install/arduinobot_msgs' for CMake module files
[1.735s] DEBUG:colcon.colcon_core.event_handler.log_command:Invoked command in '/home/shriram/Desktop/ros2Project/build/arduinobot_msgs' returned '0': CMAKE_PREFIX_PATH=${CMAKE_PREFIX_PATH}:/home/shriram/Desktop/ros2Project/install/arduinobot_py:/opt/ros/humble /usr/bin/cmake --install /home/shriram/Desktop/ros2Project/build/arduinobot_msgs
[1.736s] Level 1:colcon.colcon_core.environment:checking '/home/shriram/Desktop/ros2Project/install/arduinobot_msgs' for CMake config files
[1.736s] Level 1:colcon.colcon_core.shell:create_environment_hook('arduinobot_msgs', 'cmake_prefix_path')
[1.738s] INFO:colcon.colcon_core.shell:Creating environment hook '/home/shriram/Desktop/ros2Project/install/arduinobot_msgs/share/arduinobot_msgs/hook/cmake_prefix_path.ps1'
[1.739s] INFO:colcon.colcon_core.shell:Creating environment descriptor '/home/shriram/Desktop/ros2Project/install/arduinobot_msgs/share/arduinobot_msgs/hook/cmake_prefix_path.dsv'
[1.739s] INFO:colcon.colcon_core.shell:Creating environment hook '/home/shriram/Desktop/ros2Project/install/arduinobot_msgs/share/arduinobot_msgs/hook/cmake_prefix_path.sh'
[1.739s] Level 1:colcon.colcon_core.environment:checking '/home/shriram/Desktop/ros2Project/install/arduinobot_msgs/lib'
[1.739s] Level 1:colcon.colcon_core.shell:create_environment_hook('arduinobot_msgs', 'ld_library_path_lib')
[1.741s] INFO:colcon.colcon_core.shell:Creating environment hook '/home/shriram/Desktop/ros2Project/install/arduinobot_msgs/share/arduinobot_msgs/hook/ld_library_path_lib.ps1'
[1.741s] INFO:colcon.colcon_core.shell:Creating environment descriptor '/home/shriram/Desktop/ros2Project/install/arduinobot_msgs/share/arduinobot_msgs/hook/ld_library_path_lib.dsv'
[1.742s] INFO:colcon.colcon_core.shell:Creating environment hook '/home/shriram/Desktop/ros2Project/install/arduinobot_msgs/share/arduinobot_msgs/hook/ld_library_path_lib.sh'
[1.742s] Level 1:colcon.colcon_core.environment:checking '/home/shriram/Desktop/ros2Project/install/arduinobot_msgs/bin'
[1.742s] Level 1:colcon.colcon_core.environment:checking '/home/shriram/Desktop/ros2Project/install/arduinobot_msgs/lib/pkgconfig/arduinobot_msgs.pc'
[1.742s] Level 1:colcon.colcon_core.environment:checking '/home/shriram/Desktop/ros2Project/install/arduinobot_msgs/lib/python3.10/site-packages'
[1.743s] Level 1:colcon.colcon_core.environment:checking '/home/shriram/Desktop/ros2Project/install/arduinobot_msgs/bin'
[1.745s] INFO:colcon.colcon_core.shell:Creating package script '/home/shriram/Desktop/ros2Project/install/arduinobot_msgs/share/arduinobot_msgs/package.ps1'
[1.745s] INFO:colcon.colcon_core.shell:Creating package descriptor '/home/shriram/Desktop/ros2Project/install/arduinobot_msgs/share/arduinobot_msgs/package.dsv'
[1.746s] INFO:colcon.colcon_core.shell:Creating package script '/home/shriram/Desktop/ros2Project/install/arduinobot_msgs/share/arduinobot_msgs/package.sh'
[1.746s] INFO:colcon.colcon_core.shell:Creating package script '/home/shriram/Desktop/ros2Project/install/arduinobot_msgs/share/arduinobot_msgs/package.bash'
[1.746s] INFO:colcon.colcon_core.shell:Creating package script '/home/shriram/Desktop/ros2Project/install/arduinobot_msgs/share/arduinobot_msgs/package.zsh'
[1.747s] Level 1:colcon.colcon_core.environment:create_file_with_runtime_dependencies(/home/shriram/Desktop/ros2Project/install/arduinobot_msgs/share/colcon-core/packages/arduinobot_msgs)
[1.835s] Level 1:colcon.colcon_core.environment:create_environment_scripts_only(arduinobot_msgs)
[1.837s] Level 1:colcon.colcon_core.environment:checking '/home/shriram/Desktop/ros2Project/install/arduinobot_msgs' for CMake module files
[1.838s] Level 1:colcon.colcon_core.environment:checking '/home/shriram/Desktop/ros2Project/install/arduinobot_msgs' for CMake config files
[1.838s] Level 1:colcon.colcon_core.shell:create_environment_hook('arduinobot_msgs', 'cmake_prefix_path')
[1.840s] INFO:colcon.colcon_core.shell:Creating environment hook '/home/shriram/Desktop/ros2Project/install/arduinobot_msgs/share/arduinobot_msgs/hook/cmake_prefix_path.ps1'
[1.840s] INFO:colcon.colcon_core.shell:Creating environment descriptor '/home/shriram/Desktop/ros2Project/install/arduinobot_msgs/share/arduinobot_msgs/hook/cmake_prefix_path.dsv'
[1.841s] INFO:colcon.colcon_core.shell:Creating environment hook '/home/shriram/Desktop/ros2Project/install/arduinobot_msgs/share/arduinobot_msgs/hook/cmake_prefix_path.sh'
[1.841s] Level 1:colcon.colcon_core.environment:checking '/home/shriram/Desktop/ros2Project/install/arduinobot_msgs/lib'
[1.842s] Level 1:colcon.colcon_core.shell:create_environment_hook('arduinobot_msgs', 'ld_library_path_lib')
[1.846s] INFO:colcon.colcon_core.shell:Creating environment hook '/home/shriram/Desktop/ros2Project/install/arduinobot_msgs/share/arduinobot_msgs/hook/ld_library_path_lib.ps1'
[1.848s] INFO:colcon.colcon_core.shell:Creating environment descriptor '/home/shriram/Desktop/ros2Project/install/arduinobot_msgs/share/arduinobot_msgs/hook/ld_library_path_lib.dsv'
[1.849s] INFO:colcon.colcon_core.shell:Creating environment hook '/home/shriram/Desktop/ros2Project/install/arduinobot_msgs/share/arduinobot_msgs/hook/ld_library_path_lib.sh'
[1.850s] Level 1:colcon.colcon_core.environment:checking '/home/shriram/Desktop/ros2Project/install/arduinobot_msgs/bin'
[1.850s] Level 1:colcon.colcon_core.environment:checking '/home/shriram/Desktop/ros2Project/install/arduinobot_msgs/lib/pkgconfig/arduinobot_msgs.pc'
[1.850s] Level 1:colcon.colcon_core.environment:checking '/home/shriram/Desktop/ros2Project/install/arduinobot_msgs/lib/python3.10/site-packages'
[1.851s] Level 1:colcon.colcon_core.environment:checking '/home/shriram/Desktop/ros2Project/install/arduinobot_msgs/bin'
[1.853s] INFO:colcon.colcon_core.shell:Creating package script '/home/shriram/Desktop/ros2Project/install/arduinobot_msgs/share/arduinobot_msgs/package.ps1'
[1.853s] INFO:colcon.colcon_core.shell:Creating package descriptor '/home/shriram/Desktop/ros2Project/install/arduinobot_msgs/share/arduinobot_msgs/package.dsv'
[1.854s] INFO:colcon.colcon_core.shell:Creating package script '/home/shriram/Desktop/ros2Project/install/arduinobot_msgs/share/arduinobot_msgs/package.sh'
[1.854s] INFO:colcon.colcon_core.shell:Creating package script '/home/shriram/Desktop/ros2Project/install/arduinobot_msgs/share/arduinobot_msgs/package.bash'
[1.855s] INFO:colcon.colcon_core.shell:Creating package script '/home/shriram/Desktop/ros2Project/install/arduinobot_msgs/share/arduinobot_msgs/package.zsh'
[1.855s] Level 1:colcon.colcon_core.environment:create_file_with_runtime_dependencies(/home/shriram/Desktop/ros2Project/install/arduinobot_msgs/share/colcon-core/packages/arduinobot_msgs)
[1.856s] INFO:colcon.colcon_ros.task.ament_python.build:Building ROS package in '/home/shriram/Desktop/ros2Project/src/arduinobot_py' with build type 'ament_python'
[1.856s] Level 1:colcon.colcon_core.shell:create_environment_hook('arduinobot_py', 'ament_prefix_path')
[1.861s] INFO:colcon.colcon_core.shell:Creating environment hook '/home/shriram/Desktop/ros2Project/install/arduinobot_py/share/arduinobot_py/hook/ament_prefix_path.ps1'
[1.866s] INFO:colcon.colcon_core.shell:Creating environment descriptor '/home/shriram/Desktop/ros2Project/install/arduinobot_py/share/arduinobot_py/hook/ament_prefix_path.dsv'
[1.867s] INFO:colcon.colcon_core.shell:Creating environment hook '/home/shriram/Desktop/ros2Project/install/arduinobot_py/share/arduinobot_py/hook/ament_prefix_path.sh'
[1.873s] INFO:colcon.colcon_core.shell:Skip shell extension 'powershell' for command environment: Not usable outside of PowerShell
[1.873s] DEBUG:colcon.colcon_core.shell:Skip shell extension 'dsv' for command environment
[1.891s] INFO:colcon.colcon_ros.task.ament_cmake.build:Building ROS package in '/home/shriram/Desktop/ros2Project/src/arduinobot_utils' with build type 'ament_cmake'
[1.891s] INFO:colcon.colcon_cmake.task.cmake.build:Building CMake package in '/home/shriram/Desktop/ros2Project/src/arduinobot_utils'
[1.894s] INFO:colcon.colcon_core.shell:Skip shell extension 'powershell' for command environment: Not usable outside of PowerShell
[1.894s] DEBUG:colcon.colcon_core.shell:Skip shell extension 'dsv' for command environment
[2.283s] INFO:colcon.colcon_core.task.python.build:Building Python package in '/home/shriram/Desktop/ros2Project/src/arduinobot_py'
[2.285s] INFO:colcon.colcon_core.shell:Skip shell extension 'powershell' for command environment: Not usable outside of PowerShell
[2.285s] DEBUG:colcon.colcon_core.shell:Skip shell extension 'dsv' for command environment
[2.294s] DEBUG:colcon.colcon_core.event_handler.log_command:Invoking command in '/home/shriram/Desktop/ros2Project/build/arduinobot_utils': CMAKE_PREFIX_PATH=/home/shriram/Desktop/ros2Project/install/arduinobot_msgs:/home/shriram/Desktop/ros2Project/install/arduinobot_utils:/home/shriram/Desktop/ros2Project/install/arduinobot_moveit:/home/shriram/Desktop/ros2Project/install/arduinobot_description:/home/shriram/Desktop/ros2Project/install/arduinobot_controller:/home/shriram/Desktop/ros2Project/install/arduinobot_py:/opt/ros/humble /usr/bin/cmake --build /home/shriram/Desktop/ros2Project/build/arduinobot_utils -- -j12 -l12
[2.809s] DEBUG:colcon.colcon_core.event_handler.log_command:Invoked command in '/home/shriram/Desktop/ros2Project/build/arduinobot_utils' returned '0': CMAKE_PREFIX_PATH=/home/shriram/Desktop/ros2Project/install/arduinobot_msgs:/home/shriram/Desktop/ros2Project/install/arduinobot_utils:/home/shriram/Desktop/ros2Project/install/arduinobot_moveit:/home/shriram/Desktop/ros2Project/install/arduinobot_description:/home/shriram/Desktop/ros2Project/install/arduinobot_controller:/home/shriram/Desktop/ros2Project/install/arduinobot_py:/opt/ros/humble /usr/bin/cmake --build /home/shriram/Desktop/ros2Project/build/arduinobot_utils -- -j12 -l12
[2.839s] DEBUG:colcon.colcon_core.event_handler.log_command:Invoking command in '/home/shriram/Desktop/ros2Project/build/arduinobot_utils': CMAKE_PREFIX_PATH=/home/shriram/Desktop/ros2Project/install/arduinobot_msgs:/home/shriram/Desktop/ros2Project/install/arduinobot_utils:/home/shriram/Desktop/ros2Project/install/arduinobot_moveit:/home/shriram/Desktop/ros2Project/install/arduinobot_description:/home/shriram/Desktop/ros2Project/install/arduinobot_controller:/home/shriram/Desktop/ros2Project/install/arduinobot_py:/opt/ros/humble /usr/bin/cmake --install /home/shriram/Desktop/ros2Project/build/arduinobot_utils
[2.923s] Level 1:colcon.colcon_core.environment:create_environment_scripts_only(arduinobot_utils)
[2.926s] Level 1:colcon.colcon_core.environment:checking '/home/shriram/Desktop/ros2Project/install/arduinobot_utils' for CMake module files
[2.927s] DEBUG:colcon.colcon_core.event_handler.log_command:Invoked command in '/home/shriram/Desktop/ros2Project/build/arduinobot_utils' returned '0': CMAKE_PREFIX_PATH=/home/shriram/Desktop/ros2Project/install/arduinobot_msgs:/home/shriram/Desktop/ros2Project/install/arduinobot_utils:/home/shriram/Desktop/ros2Project/install/arduinobot_moveit:/home/shriram/Desktop/ros2Project/install/arduinobot_description:/home/shriram/Desktop/ros2Project/install/arduinobot_controller:/home/shriram/Desktop/ros2Project/install/arduinobot_py:/opt/ros/humble /usr/bin/cmake --install /home/shriram/Desktop/ros2Project/build/arduinobot_utils
[2.930s] Level 1:colcon.colcon_core.environment:checking '/home/shriram/Desktop/ros2Project/install/arduinobot_utils' for CMake config files
[2.931s] Level 1:colcon.colcon_core.shell:create_environment_hook('arduinobot_utils', 'cmake_prefix_path')
[2.932s] INFO:colcon.colcon_core.shell:Creating environment hook '/home/shriram/Desktop/ros2Project/install/arduinobot_utils/share/arduinobot_utils/hook/cmake_prefix_path.ps1'
[2.933s] INFO:colcon.colcon_core.shell:Creating environment descriptor '/home/shriram/Desktop/ros2Project/install/arduinobot_utils/share/arduinobot_utils/hook/cmake_prefix_path.dsv'
[2.934s] INFO:colcon.colcon_core.shell:Creating environment hook '/home/shriram/Desktop/ros2Project/install/arduinobot_utils/share/arduinobot_utils/hook/cmake_prefix_path.sh'
[2.934s] Level 1:colcon.colcon_core.environment:checking '/home/shriram/Desktop/ros2Project/install/arduinobot_utils/lib'
[2.934s] Level 1:colcon.colcon_core.environment:checking '/home/shriram/Desktop/ros2Project/install/arduinobot_utils/lib?arduinobot_utils'
[2.934s] Level 1:colcon.colcon_core.environment:checking '/home/shriram/Desktop/ros2Project/install/arduinobot_utils/bin'
[2.935s] Level 1:colcon.colcon_core.environment:checking '/home/shriram/Desktop/ros2Project/install/arduinobot_utils/lib/pkgconfig/arduinobot_utils.pc'
[2.935s] Level 1:colcon.colcon_core.environment:checking '/home/shriram/Desktop/ros2Project/install/arduinobot_utils/lib/python3.10/site-packages'
[2.935s] Level 1:colcon.colcon_core.environment:checking '/home/shriram/Desktop/ros2Project/install/arduinobot_utils/bin'
[2.937s] INFO:colcon.colcon_core.shell:Creating package script '/home/shriram/Desktop/ros2Project/install/arduinobot_utils/share/arduinobot_utils/package.ps1'
[2.938s] INFO:colcon.colcon_core.shell:Creating package descriptor '/home/shriram/Desktop/ros2Project/install/arduinobot_utils/share/arduinobot_utils/package.dsv'
[2.938s] INFO:colcon.colcon_core.shell:Creating package script '/home/shriram/Desktop/ros2Project/install/arduinobot_utils/share/arduinobot_utils/package.sh'
[2.939s] INFO:colcon.colcon_core.shell:Creating package script '/home/shriram/Desktop/ros2Project/install/arduinobot_utils/share/arduinobot_utils/package.bash'
[2.939s] INFO:colcon.colcon_core.shell:Creating package script '/home/shriram/Desktop/ros2Project/install/arduinobot_utils/share/arduinobot_utils/package.zsh'
[2.940s] Level 1:colcon.colcon_core.environment:create_file_with_runtime_dependencies(/home/shriram/Desktop/ros2Project/install/arduinobot_utils/share/colcon-core/packages/arduinobot_utils)
[2.965s] Level 1:colcon.colcon_core.environment:create_environment_scripts_only(arduinobot_utils)
[2.967s] Level 1:colcon.colcon_core.environment:checking '/home/shriram/Desktop/ros2Project/install/arduinobot_utils' for CMake module files
[2.968s] Level 1:colcon.colcon_core.environment:checking '/home/shriram/Desktop/ros2Project/install/arduinobot_utils' for CMake config files
[2.968s] Level 1:colcon.colcon_core.shell:create_environment_hook('arduinobot_utils', 'cmake_prefix_path')
[2.970s] INFO:colcon.colcon_core.shell:Creating environment hook '/home/shriram/Desktop/ros2Project/install/arduinobot_utils/share/arduinobot_utils/hook/cmake_prefix_path.ps1'
[2.970s] INFO:colcon.colcon_core.shell:Creating environment descriptor '/home/shriram/Desktop/ros2Project/install/arduinobot_utils/share/arduinobot_utils/hook/cmake_prefix_path.dsv'
[2.970s] INFO:colcon.colcon_core.shell:Creating environment hook '/home/shriram/Desktop/ros2Project/install/arduinobot_utils/share/arduinobot_utils/hook/cmake_prefix_path.sh'
[2.971s] Level 1:colcon.colcon_core.environment:checking '/home/shriram/Desktop/ros2Project/install/arduinobot_utils/lib'
[2.971s] Level 1:colcon.colcon_core.environment:checking '/home/shriram/Desktop/ros2Project/install/arduinobot_utils/lib?arduinobot_utils'
[2.971s] Level 1:colcon.colcon_core.environment:checking '/home/shriram/Desktop/ros2Project/install/arduinobot_utils/bin'
[2.971s] Level 1:colcon.colcon_core.environment:checking '/home/shriram/Desktop/ros2Project/install/arduinobot_utils/lib/pkgconfig/arduinobot_utils.pc'
[2.971s] Level 1:colcon.colcon_core.environment:checking '/home/shriram/Desktop/ros2Project/install/arduinobot_utils/lib/python3.10/site-packages'
[2.971s] Level 1:colcon.colcon_core.environment:checking '/home/shriram/Desktop/ros2Project/install/arduinobot_utils/bin'
[2.973s] INFO:colcon.colcon_core.shell:Creating package script '/home/shriram/Desktop/ros2Project/install/arduinobot_utils/share/arduinobot_utils/package.ps1'
[2.974s] INFO:colcon.colcon_core.shell:Creating package descriptor '/home/shriram/Desktop/ros2Project/install/arduinobot_utils/share/arduinobot_utils/package.dsv'
[2.974s] INFO:colcon.colcon_core.shell:Creating package script '/home/shriram/Desktop/ros2Project/install/arduinobot_utils/share/arduinobot_utils/package.sh'
[2.975s] INFO:colcon.colcon_core.shell:Creating package script '/home/shriram/Desktop/ros2Project/install/arduinobot_utils/share/arduinobot_utils/package.bash'
[2.975s] INFO:colcon.colcon_core.shell:Creating package script '/home/shriram/Desktop/ros2Project/install/arduinobot_utils/share/arduinobot_utils/package.zsh'
[2.976s] Level 1:colcon.colcon_core.environment:create_file_with_runtime_dependencies(/home/shriram/Desktop/ros2Project/install/arduinobot_utils/share/colcon-core/packages/arduinobot_utils)
[3.024s] DEBUG:colcon.colcon_core.event_handler.log_command:Invoking command in '/home/shriram/Desktop/ros2Project/src/arduinobot_py': CMAKE_PREFIX_PATH=/home/shriram/Desktop/ros2Project/install/arduinobot_msgs:/home/shriram/Desktop/ros2Project/install/arduinobot_utils:/home/shriram/Desktop/ros2Project/install/arduinobot_moveit:/home/shriram/Desktop/ros2Project/install/arduinobot_description:/home/shriram/Desktop/ros2Project/install/arduinobot_controller PYTHONPATH=/home/shriram/Desktop/ros2Project/build/arduinobot_py/prefix_override:/home/shriram/Desktop/ros2Project/install/arduinobot_py/lib/python3.10/site-packages:${PYTHONPATH} /usr/bin/python3 setup.py egg_info --egg-base ../../build/arduinobot_py build --build-base /home/shriram/Desktop/ros2Project/build/arduinobot_py/build install --record /home/shriram/Desktop/ros2Project/build/arduinobot_py/install.log --single-version-externally-managed
[3.493s] Level 1:colcon.colcon_core.environment:checking '/home/shriram/Desktop/ros2Project/install/arduinobot_py' for CMake module files
[3.494s] Level 1:colcon.colcon_core.environment:checking '/home/shriram/Desktop/ros2Project/install/arduinobot_py' for CMake config files
[3.495s] Level 1:colcon.colcon_core.environment:checking '/home/shriram/Desktop/ros2Project/install/arduinobot_py/lib'
[3.495s] Level 1:colcon.colcon_core.environment:checking '/home/shriram/Desktop/ros2Project/install/arduinobot_py/bin'
[3.495s] Level 1:colcon.colcon_core.environment:checking '/home/shriram/Desktop/ros2Project/install/arduinobot_py/lib/pkgconfig/arduinobot_py.pc'
[3.495s] Level 1:colcon.colcon_core.environment:checking '/home/shriram/Desktop/ros2Project/install/arduinobot_py/lib/python3.10/site-packages'
[3.495s] Level 1:colcon.colcon_core.shell:create_environment_hook('arduinobot_py', 'pythonpath')
[3.497s] INFO:colcon.colcon_core.shell:Creating environment hook '/home/shriram/Desktop/ros2Project/install/arduinobot_py/share/arduinobot_py/hook/pythonpath.ps1'
[3.498s] INFO:colcon.colcon_core.shell:Creating environment descriptor '/home/shriram/Desktop/ros2Project/install/arduinobot_py/share/arduinobot_py/hook/pythonpath.dsv'
[3.498s] INFO:colcon.colcon_core.shell:Creating environment hook '/home/shriram/Desktop/ros2Project/install/arduinobot_py/share/arduinobot_py/hook/pythonpath.sh'
[3.499s] Level 1:colcon.colcon_core.environment:checking '/home/shriram/Desktop/ros2Project/install/arduinobot_py/bin'
[3.499s] Level 1:colcon.colcon_core.environment:create_environment_scripts_only(arduinobot_py)
[3.501s] INFO:colcon.colcon_core.shell:Creating package script '/home/shriram/Desktop/ros2Project/install/arduinobot_py/share/arduinobot_py/package.ps1'
[3.502s] INFO:colcon.colcon_core.shell:Creating package descriptor '/home/shriram/Desktop/ros2Project/install/arduinobot_py/share/arduinobot_py/package.dsv'
[3.502s] INFO:colcon.colcon_core.shell:Creating package script '/home/shriram/Desktop/ros2Project/install/arduinobot_py/share/arduinobot_py/package.sh'
[3.502s] INFO:colcon.colcon_core.shell:Creating package script '/home/shriram/Desktop/ros2Project/install/arduinobot_py/share/arduinobot_py/package.bash'
[3.503s] INFO:colcon.colcon_core.shell:Creating package script '/home/shriram/Desktop/ros2Project/install/arduinobot_py/share/arduinobot_py/package.zsh'
[3.503s] Level 1:colcon.colcon_core.environment:create_file_with_runtime_dependencies(/home/shriram/Desktop/ros2Project/install/arduinobot_py/share/colcon-core/packages/arduinobot_py)
[3.503s] DEBUG:colcon.colcon_parallel_executor.executor.parallel:closing loop
[3.504s] DEBUG:colcon.colcon_parallel_executor.executor.parallel:loop closed
[3.506s] DEBUG:colcon.colcon_parallel_executor.executor.parallel:run_until_complete finished with '0'
[3.506s] DEBUG:colcon.colcon_core.event_reactor:joining thread
[3.506s] DEBUG:colcon.colcon_core.event_handler.log_command:Invoked command in '/home/shriram/Desktop/ros2Project/src/arduinobot_py' returned '0': CMAKE_PREFIX_PATH=/home/shriram/Desktop/ros2Project/install/arduinobot_msgs:/home/shriram/Desktop/ros2Project/install/arduinobot_utils:/home/shriram/Desktop/ros2Project/install/arduinobot_moveit:/home/shriram/Desktop/ros2Project/install/arduinobot_description:/home/shriram/Desktop/ros2Project/install/arduinobot_controller PYTHONPATH=/home/shriram/Desktop/ros2Project/build/arduinobot_py/prefix_override:/home/shriram/Desktop/ros2Project/install/arduinobot_py/lib/python3.10/site-packages:${PYTHONPATH} /usr/bin/python3 setup.py egg_info --egg-base ../../build/arduinobot_py build --build-base /home/shriram/Desktop/ros2Project/build/arduinobot_py/build install --record /home/shriram/Desktop/ros2Project/build/arduinobot_py/install.log --single-version-externally-managed
[3.515s] INFO:colcon.colcon_core.plugin_system:Skipping extension 'colcon_notification.desktop_notification.terminal_notifier': Not used on non-Darwin systems
[3.515s] INFO:colcon.colcon_core.plugin_system:Skipping extension 'colcon_notification.desktop_notification.win32': Not used on non-Windows systems
[3.515s] INFO:colcon.colcon_notification.desktop_notification:Sending desktop notification using 'notify2'
[3.545s] DEBUG:colcon.colcon_core.event_reactor:joined thread
[3.547s] INFO:colcon.colcon_core.shell:Creating prefix script '/home/shriram/Desktop/ros2Project/install/local_setup.ps1'
[3.549s] INFO:colcon.colcon_core.shell:Creating prefix util module '/home/shriram/Desktop/ros2Project/install/_local_setup_util_ps1.py'
[3.551s] INFO:colcon.colcon_core.shell:Creating prefix chain script '/home/shriram/Desktop/ros2Project/install/setup.ps1'
[3.555s] INFO:colcon.colcon_core.shell:Creating prefix script '/home/shriram/Desktop/ros2Project/install/local_setup.sh'
[3.556s] INFO:colcon.colcon_core.shell:Creating prefix util module '/home/shriram/Desktop/ros2Project/install/_local_setup_util_sh.py'
[3.556s] INFO:colcon.colcon_core.shell:Creating prefix chain script '/home/shriram/Desktop/ros2Project/install/setup.sh'
[3.559s] INFO:colcon.colcon_core.shell:Creating prefix script '/home/shriram/Desktop/ros2Project/install/local_setup.bash'
[3.560s] INFO:colcon.colcon_core.shell:Creating prefix chain script '/home/shriram/Desktop/ros2Project/install/setup.bash'
[3.563s] INFO:colcon.colcon_core.shell:Creating prefix script '/home/shriram/Desktop/ros2Project/install/local_setup.zsh'
[3.563s] INFO:colcon.colcon_core.shell:Creating prefix chain script '/home/shriram/Desktop/ros2Project/install/setup.zsh'
