[0.019s] Invoking command in '/home/shriram/Desktop/ros2Project/src/build/arduinobot_cpp_examples': AMENT_PREFIX_PATH=/home/shriram/Desktop/ros2Project/src/install/arduinobot_msgs:${AMENT_PREFIX_PATH} CMAKE_PREFIX_PATH=/home/shriram/Desktop/ros2Project/src/install/arduinobot_msgs:/home/shriram/Desktop/ros2Project/install/arduinobot_utils:/home/shriram/Desktop/ros2Project/install/arduinobot_msgs:/home/shriram/Desktop/ros2Project/install/arduinobot_moveit:/home/shriram/Desktop/ros2Project/install/arduinobot_description:/home/shriram/Desktop/ros2Project/install/arduinobot_controller:/home/shriram/Desktop/ros2Project/install/arduinobot_py:/opt/ros/humble LD_LIBRARY_PATH=/home/shriram/Desktop/ros2Project/src/install/arduinobot_msgs/lib:${LD_LIBRARY_PATH} PYTHONPATH=/home/shriram/Desktop/ros2Project/src/install/arduinobot_msgs/local/lib/python3.10/dist-packages:${PYTHONPATH} /usr/bin/cmake /home/shriram/Desktop/ros2Project/src/arduinobot_cpp -DCMAKE_INSTALL_PREFIX=/home/shriram/Desktop/ros2Project/src/install/arduinobot_cpp_examples
[0.312s] -- The C compiler identification is GNU 11.4.0
[0.312s] -- The CXX compiler identification is GNU 11.4.0
[0.312s] -- Detecting C compiler ABI info
[0.312s] -- Detecting C compiler ABI info - done
[0.312s] -- Check for working C compiler: /usr/bin/cc - skipped
[0.312s] -- Detecting C compile features
[0.312s] -- Detecting C compile features - done
[0.312s] -- Detecting CXX compiler ABI info
[0.312s] -- Detecting CXX compiler ABI info - done
[0.313s] -- Check for working CXX compiler: /usr/bin/c++ - skipped
[0.313s] -- Detecting CXX compile features
[0.313s] -- Detecting CXX compile features - done
[0.313s] -- Found ament_cmake: 1.3.5 (/opt/ros/humble/share/ament_cmake/cmake)
[0.386s] -- Found Python3: /usr/bin/python3.10 (found version "3.10.12") found components: Interpreter 
[0.487s] -- Found rclcpp: 16.0.5 (/opt/ros/humble/share/rclcpp/cmake)
[0.529s] -- Found rosidl_generator_c: 3.1.5 (/opt/ros/humble/share/rosidl_generator_c/cmake)
[0.534s] -- Found rosidl_adapter: 3.1.5 (/opt/ros/humble/share/rosidl_adapter/cmake)
[0.541s] -- Found rosidl_generator_cpp: 3.1.5 (/opt/ros/humble/share/rosidl_generator_cpp/cmake)
[0.554s] -- Using all available rosidl_typesupport_c: rosidl_typesupport_fastrtps_c;rosidl_typesupport_introspection_c
[0.571s] -- Using all available rosidl_typesupport_cpp: rosidl_typesupport_fastrtps_cpp;rosidl_typesupport_introspection_cpp
[0.650s] -- Found rmw_implementation_cmake: 6.1.1 (/opt/ros/humble/share/rmw_implementation_cmake/cmake)
[0.654s] -- Found rmw_cyclonedds_cpp: 1.3.4 (/opt/ros/humble/share/rmw_cyclonedds_cpp/cmake)
[0.694s] -- Using RMW implementation 'rmw_cyclonedds_cpp' as default
[0.713s] -- Looking for pthread.h
[0.775s] -- Looking for pthread.h - found
[0.775s] -- Performing Test CMAKE_HAVE_LIBC_PTHREAD
[0.835s] -- Performing Test CMAKE_HAVE_LIBC_PTHREAD - Success
[0.836s] -- Found Threads: TRUE  
[0.972s] -- Found arduinobot_msgs: 0.0.0 (/home/shriram/Desktop/ros2Project/src/install/arduinobot_msgs/share/arduinobot_msgs/cmake)
[1.085s] -- Found rclcpp_action: 16.0.5 (/opt/ros/humble/share/rclcpp_action/cmake)
[1.112s] -- Found rclcpp_components: 16.0.5 (/opt/ros/humble/share/rclcpp_components/cmake)
[1.185s] -- Found moveit_ros_planning_interface: 2.5.4 (/opt/ros/humble/share/moveit_ros_planning_interface/cmake)
[1.215s] -- Found Boost: /usr/lib/x86_64-linux-gnu/cmake/Boost-1.74.0/BoostConfig.cmake (found version "1.74.0") found components: date_time filesystem program_options system thread 
[1.929s] -- Found Boost: /usr/lib/x86_64-linux-gnu/cmake/Boost-1.74.0/BoostConfig.cmake (found version "1.74.0") found components: chrono date_time filesystem iostreams program_options regex serialization system thread 
[1.943s] -- Found Boost: /usr/lib/x86_64-linux-gnu/cmake/Boost-1.74.0/BoostConfig.cmake (found version "1.74.0") found components: filesystem 
[2.021s] -- library: /usr/lib/x86_64-linux-gnu/libcurl.so
[2.163s] -- Found Eigen3: TRUE (found version "3.4.0") 
[2.163s] -- Ensuring Eigen3 include directory is part of orocos-kdl CMake target
[2.554s] -- Found Boost: /usr/lib/x86_64-linux-gnu/cmake/Boost-1.74.0/BoostConfig.cmake (found version "1.74.0") found components: system filesystem date_time program_options thread chrono 
[2.953s] -- Found Boost: /usr/lib/x86_64-linux-gnu/cmake/Boost-1.74.0/BoostConfig.cmake (found version "1.74.0") found components: thread system filesystem regex date_time program_options 
[3.172s] -- Found Boost: /usr/lib/x86_64-linux-gnu/cmake/Boost-1.74.0/BoostConfig.cmake (found version "1.74.0") found components: system filesystem date_time program_options thread 
[3.531s] -- Configuring done
[3.535s] [31mCMake Error at CMakeLists.txt:16 (add_executable):
[3.535s]   Cannot find source file:
[3.535s] 
[3.536s]     src/simple_publisher.cpp
[3.536s] 
[3.536s]   Tried extensions .c .C .c++ .cc .cpp .cxx .cu .mpp .m .M .mm .ixx .cppm .h
[3.536s]   .hh .h++ .hm .hpp .hxx .in .txx .f .F .for .f77 .f90 .f95 .f03 .hip .ispc
[3.536s] 
[3.536s] [0m
[3.536s] [31mCMake Error at CMakeLists.txt:19 (add_executable):
[3.536s]   Cannot find source file:
[3.536s] 
[3.536s]     src/simple_subscriber.cpp
[3.536s] 
[3.536s]   Tried extensions .c .C .c++ .cc .cpp .cxx .cu .mpp .m .M .mm .ixx .cppm .h
[3.536s]   .hh .h++ .hm .hpp .hxx .in .txx .f .F .for .f77 .f90 .f95 .f03 .hip .ispc
[3.536s] 
[3.536s] [0m
[3.537s] [31mCMake Error at CMakeLists.txt:22 (add_executable):
[3.537s]   Cannot find source file:
[3.537s] 
[3.537s]     src/simple_parameter.cpp
[3.537s] 
[3.537s]   Tried extensions .c .C .c++ .cc .cpp .cxx .cu .mpp .m .M .mm .ixx .cppm .h
[3.537s]   .hh .h++ .hm .hpp .hxx .in .txx .f .F .for .f77 .f90 .f95 .f03 .hip .ispc
[3.537s] 
[3.537s] [0m
[3.537s] [31mCMake Error at CMakeLists.txt:25 (add_executable):
[3.537s]   Cannot find source file:
[3.537s] 
[3.537s]     src/simple_service_server.cpp
[3.537s] 
[3.537s]   Tried extensions .c .C .c++ .cc .cpp .cxx .cu .mpp .m .M .mm .ixx .cppm .h
[3.537s]   .hh .h++ .hm .hpp .hxx .in .txx .f .F .for .f77 .f90 .f95 .f03 .hip .ispc
[3.537s] 
[3.537s] [0m
[3.537s] [31mCMake Error at CMakeLists.txt:28 (add_executable):
[3.537s]   Cannot find source file:
[3.537s] 
[3.537s]     src/simple_service_client.cpp
[3.538s] 
[3.538s]   Tried extensions .c .C .c++ .cc .cpp .cxx .cu .mpp .m .M .mm .ixx .cppm .h
[3.538s]   .hh .h++ .hm .hpp .hxx .in .txx .f .F .for .f77 .f90 .f95 .f03 .hip .ispc
[3.538s] 
[3.538s] [0m
[3.538s] [31mCMake Error at CMakeLists.txt:31 (add_library):
[3.538s]   Cannot find source file:
[3.538s] 
[3.538s]     src/simple_action_server.cpp
[3.538s] 
[3.538s]   Tried extensions .c .C .c++ .cc .cpp .cxx .cu .mpp .m .M .mm .ixx .cppm .h
[3.538s]   .hh .h++ .hm .hpp .hxx .in .txx .f .F .for .f77 .f90 .f95 .f03 .hip .ispc
[3.538s] 
[3.538s] [0m
[3.538s] [31mCMake Error at CMakeLists.txt:47 (add_library):
[3.538s]   Cannot find source file:
[3.538s] 
[3.538s]     src/simple_action_client.cpp
[3.538s] 
[3.538s]   Tried extensions .c .C .c++ .cc .cpp .cxx .cu .mpp .m .M .mm .ixx .cppm .h
[3.538s]   .hh .h++ .hm .hpp .hxx .in .txx .f .F .for .f77 .f90 .f95 .f03 .hip .ispc
[3.538s] 
[3.538s] [0m
[3.539s] [31mCMake Error at CMakeLists.txt:63 (add_executable):
[3.539s]   Cannot find source file:
[3.539s] 
[3.539s]     src/simple_moveit_interface.cpp
[3.539s] 
[3.539s]   Tried extensions .c .C .c++ .cc .cpp .cxx .cu .mpp .m .M .mm .ixx .cppm .h
[3.539s]   .hh .h++ .hm .hpp .hxx .in .txx .f .F .for .f77 .f90 .f95 .f03 .hip .ispc
[3.539s] 
[3.539s] [0m
[3.540s] [31mCMake Error at CMakeLists.txt:16 (add_executable):
[3.540s]   No SOURCES given to target: simple_publisher
[3.540s] 
[3.540s] [0m
[3.540s] [31mCMake Error at CMakeLists.txt:19 (add_executable):
[3.540s]   No SOURCES given to target: simple_subscriber
[3.540s] 
[3.540s] [0m
[3.540s] [31mCMake Error at CMakeLists.txt:22 (add_executable):
[3.540s]   No SOURCES given to target: simple_parameter
[3.540s] 
[3.540s] [0m
[3.540s] [31mCMake Error at CMakeLists.txt:25 (add_executable):
[3.540s]   No SOURCES given to target: simple_service_server
[3.540s] 
[3.541s] [0m
[3.541s] [31mCMake Error at CMakeLists.txt:28 (add_executable):
[3.541s]   No SOURCES given to target: simple_service_client
[3.541s] 
[3.541s] [0m
[3.541s] [31mCMake Error at CMakeLists.txt:31 (add_library):
[3.541s]   No SOURCES given to target: simple_action_server
[3.541s] 
[3.541s] [0m
[3.541s] [31mCMake Error at CMakeLists.txt:47 (add_library):
[3.541s]   No SOURCES given to target: simple_action_client
[3.541s] 
[3.541s] [0m
[3.541s] [31mCMake Error at CMakeLists.txt:63 (add_executable):
[3.541s]   No SOURCES given to target: simple_moveit_interface
[3.541s] 
[3.541s] [0m
[3.541s] [0mCMake Generate step failed.  Build files cannot be regenerated correctly.[0m
[3.551s] Invoked command in '/home/shriram/Desktop/ros2Project/src/build/arduinobot_cpp_examples' returned '1': AMENT_PREFIX_PATH=/home/shriram/Desktop/ros2Project/src/install/arduinobot_msgs:${AMENT_PREFIX_PATH} CMAKE_PREFIX_PATH=/home/shriram/Desktop/ros2Project/src/install/arduinobot_msgs:/home/shriram/Desktop/ros2Project/install/arduinobot_utils:/home/shriram/Desktop/ros2Project/install/arduinobot_msgs:/home/shriram/Desktop/ros2Project/install/arduinobot_moveit:/home/shriram/Desktop/ros2Project/install/arduinobot_description:/home/shriram/Desktop/ros2Project/install/arduinobot_controller:/home/shriram/Desktop/ros2Project/install/arduinobot_py:/opt/ros/humble LD_LIBRARY_PATH=/home/shriram/Desktop/ros2Project/src/install/arduinobot_msgs/lib:${LD_LIBRARY_PATH} PYTHONPATH=/home/shriram/Desktop/ros2Project/src/install/arduinobot_msgs/local/lib/python3.10/dist-packages:${PYTHONPATH} /usr/bin/cmake /home/shriram/Desktop/ros2Project/src/arduinobot_cpp -DCMAKE_INSTALL_PREFIX=/home/shriram/Desktop/ros2Project/src/install/arduinobot_cpp_examples
