[0.024s] Invoking command in '/home/shriram/Desktop/ros2Project/build/arduinobot_moveit': CMAKE_PREFIX_PATH=${CMAKE_PREFIX_PATH}:/home/shriram/Desktop/ros2Project/install/arduinobot_py:/opt/ros/humble /usr/bin/cmake --build /home/shriram/Desktop/ros2Project/build/arduinobot_moveit -- -j12 -l12
[0.055s] -- Found ament_cmake: 1.3.5 (/opt/ros/humble/share/ament_cmake/cmake)
[0.390s] -- Found ament_lint_auto: 0.12.7 (/opt/ros/humble/share/ament_lint_auto/cmake)
[0.483s] -- Added test 'copyright' to check source files copyright and LICENSE
[0.485s] -- Added test 'flake8' to check Python code syntax and style conventions
[0.486s] -- Added test 'lint_cmake' to check CMake code style
[0.487s] -- Added test 'pep257' to check Python code against some of the docstring style conventions in PEP 257
[0.488s] -- Added test 'xmllint' to check XML markup files
[0.489s] -- Configuring done
[0.493s] -- Generating done
[0.494s] -- Build files have been written to: /home/shriram/Desktop/ros2Project/build/arduinobot_moveit
[0.516s] Invoked command in '/home/shriram/Desktop/ros2Project/build/arduinobot_moveit' returned '0': CMAKE_PREFIX_PATH=${CMAKE_PREFIX_PATH}:/home/shriram/Desktop/ros2Project/install/arduinobot_py:/opt/ros/humble /usr/bin/cmake --build /home/shriram/Desktop/ros2Project/build/arduinobot_moveit -- -j12 -l12
[0.538s] Invoking command in '/home/shriram/Desktop/ros2Project/build/arduinobot_moveit': CMAKE_PREFIX_PATH=${CMAKE_PREFIX_PATH}:/home/shriram/Desktop/ros2Project/install/arduinobot_py:/opt/ros/humble /usr/bin/cmake --install /home/shriram/Desktop/ros2Project/build/arduinobot_moveit
[0.549s] -- Install configuration: ""
[0.549s] -- Up-to-date: /home/shriram/Desktop/ros2Project/install/arduinobot_moveit/share/arduinobot_moveit/launch
[0.549s] -- Up-to-date: /home/shriram/Desktop/ros2Project/install/arduinobot_moveit/share/arduinobot_moveit/launch/moveit.launch.py
[0.549s] -- Up-to-date: /home/shriram/Desktop/ros2Project/install/arduinobot_moveit/share/arduinobot_moveit/config
[0.549s] -- Up-to-date: /home/shriram/Desktop/ros2Project/install/arduinobot_moveit/share/arduinobot_moveit/config/joint_limits.yaml
[0.549s] -- Up-to-date: /home/shriram/Desktop/ros2Project/install/arduinobot_moveit/share/arduinobot_moveit/config/kinematics.yaml
[0.549s] -- Up-to-date: /home/shriram/Desktop/ros2Project/install/arduinobot_moveit/share/arduinobot_moveit/config/initial_positions.yaml
[0.550s] -- Up-to-date: /home/shriram/Desktop/ros2Project/install/arduinobot_moveit/share/arduinobot_moveit/config/arduinobot.srdf
[0.550s] -- Up-to-date: /home/shriram/Desktop/ros2Project/install/arduinobot_moveit/share/arduinobot_moveit/config/moveit_controllers.yaml
[0.550s] -- Up-to-date: /home/shriram/Desktop/ros2Project/install/arduinobot_moveit/share/arduinobot_moveit/config/pilz_cartesian_limits.yaml
[0.550s] -- Up-to-date: /home/shriram/Desktop/ros2Project/install/arduinobot_moveit/share/ament_index/resource_index/package_run_dependencies/arduinobot_moveit
[0.550s] -- Installing: /home/shriram/Desktop/ros2Project/install/arduinobot_moveit/share/ament_index/resource_index/parent_prefix_path/arduinobot_moveit
[0.550s] -- Up-to-date: /home/shriram/Desktop/ros2Project/install/arduinobot_moveit/share/arduinobot_moveit/environment/ament_prefix_path.sh
[0.550s] -- Installing: /home/shriram/Desktop/ros2Project/install/arduinobot_moveit/share/arduinobot_moveit/environment/ament_prefix_path.dsv
[0.550s] -- Up-to-date: /home/shriram/Desktop/ros2Project/install/arduinobot_moveit/share/arduinobot_moveit/environment/path.sh
[0.550s] -- Installing: /home/shriram/Desktop/ros2Project/install/arduinobot_moveit/share/arduinobot_moveit/environment/path.dsv
[0.550s] -- Up-to-date: /home/shriram/Desktop/ros2Project/install/arduinobot_moveit/share/arduinobot_moveit/local_setup.bash
[0.550s] -- Up-to-date: /home/shriram/Desktop/ros2Project/install/arduinobot_moveit/share/arduinobot_moveit/local_setup.sh
[0.550s] -- Up-to-date: /home/shriram/Desktop/ros2Project/install/arduinobot_moveit/share/arduinobot_moveit/local_setup.zsh
[0.550s] -- Installing: /home/shriram/Desktop/ros2Project/install/arduinobot_moveit/share/arduinobot_moveit/local_setup.dsv
[0.550s] -- Installing: /home/shriram/Desktop/ros2Project/install/arduinobot_moveit/share/arduinobot_moveit/package.dsv
[0.551s] -- Up-to-date: /home/shriram/Desktop/ros2Project/install/arduinobot_moveit/share/ament_index/resource_index/packages/arduinobot_moveit
[0.551s] -- Up-to-date: /home/shriram/Desktop/ros2Project/install/arduinobot_moveit/share/arduinobot_moveit/cmake/arduinobot_moveitConfig.cmake
[0.551s] -- Up-to-date: /home/shriram/Desktop/ros2Project/install/arduinobot_moveit/share/arduinobot_moveit/cmake/arduinobot_moveitConfig-version.cmake
[0.551s] -- Up-to-date: /home/shriram/Desktop/ros2Project/install/arduinobot_moveit/share/arduinobot_moveit/package.xml
[0.556s] Invoked command in '/home/shriram/Desktop/ros2Project/build/arduinobot_moveit' returned '0': CMAKE_PREFIX_PATH=${CMAKE_PREFIX_PATH}:/home/shriram/Desktop/ros2Project/install/arduinobot_py:/opt/ros/humble /usr/bin/cmake --install /home/shriram/Desktop/ros2Project/build/arduinobot_moveit
