[0.288s] Invoking command in '/home/shriram/Desktop/ros2Project/build/arduinobot_utils': CMAKE_PREFIX_PATH=/home/shriram/Desktop/ros2Project/install/arduinobot_msgs:/home/shriram/Desktop/ros2Project/install/arduinobot_utils:/home/shriram/Desktop/ros2Project/install/arduinobot_description:/home/shriram/Desktop/ros2Project/install/arduinobot_controller:/home/shriram/Desktop/ros2Project/install/arduinobot_py:/opt/ros/humble /usr/bin/cmake --build /home/shriram/Desktop/ros2Project/build/arduinobot_utils -- -j12 -l12
[0.331s] Built target ament_cmake_python_copy_arduinobot_utils
[0.590s] running egg_info
[0.591s] writing arduinobot_utils.egg-info/PKG-INFO
[0.591s] writing dependency_links to arduinobot_utils.egg-info/dependency_links.txt
[0.591s] writing top-level names to arduinobot_utils.egg-info/top_level.txt
[0.593s] reading manifest file 'arduinobot_utils.egg-info/SOURCES.txt'
[0.598s] writing manifest file 'arduinobot_utils.egg-info/SOURCES.txt'
[0.631s] Built target ament_cmake_python_build_arduinobot_utils_egg
[0.640s] Invoked command in '/home/shriram/Desktop/ros2Project/build/arduinobot_utils' returned '0': CMAKE_PREFIX_PATH=/home/shriram/Desktop/ros2Project/install/arduinobot_msgs:/home/shriram/Desktop/ros2Project/install/arduinobot_utils:/home/shriram/Desktop/ros2Project/install/arduinobot_description:/home/shriram/Desktop/ros2Project/install/arduinobot_controller:/home/shriram/Desktop/ros2Project/install/arduinobot_py:/opt/ros/humble /usr/bin/cmake --build /home/shriram/Desktop/ros2Project/build/arduinobot_utils -- -j12 -l12
[0.660s] Invoking command in '/home/shriram/Desktop/ros2Project/build/arduinobot_utils': CMAKE_PREFIX_PATH=/home/shriram/Desktop/ros2Project/install/arduinobot_msgs:/home/shriram/Desktop/ros2Project/install/arduinobot_utils:/home/shriram/Desktop/ros2Project/install/arduinobot_description:/home/shriram/Desktop/ros2Project/install/arduinobot_controller:/home/shriram/Desktop/ros2Project/install/arduinobot_py:/opt/ros/humble /usr/bin/cmake --install /home/shriram/Desktop/ros2Project/build/arduinobot_utils
[0.668s] -- Install configuration: ""
[0.668s] -- Up-to-date: /home/shriram/Desktop/ros2Project/install/arduinobot_utils/share/arduinobot_utils/environment/pythonpath.sh
[0.668s] -- Up-to-date: /home/shriram/Desktop/ros2Project/install/arduinobot_utils/share/arduinobot_utils/environment/pythonpath.dsv
[0.668s] -- Up-to-date: /home/shriram/Desktop/ros2Project/install/arduinobot_utils/local/lib/python3.10/dist-packages/arduinobot_utils-0.0.0-py3.10.egg-info
[0.668s] -- Installing: /home/shriram/Desktop/ros2Project/install/arduinobot_utils/local/lib/python3.10/dist-packages/arduinobot_utils-0.0.0-py3.10.egg-info/dependency_links.txt
[0.668s] -- Installing: /home/shriram/Desktop/ros2Project/install/arduinobot_utils/local/lib/python3.10/dist-packages/arduinobot_utils-0.0.0-py3.10.egg-info/SOURCES.txt
[0.669s] -- Installing: /home/shriram/Desktop/ros2Project/install/arduinobot_utils/local/lib/python3.10/dist-packages/arduinobot_utils-0.0.0-py3.10.egg-info/PKG-INFO
[0.669s] -- Installing: /home/shriram/Desktop/ros2Project/install/arduinobot_utils/local/lib/python3.10/dist-packages/arduinobot_utils-0.0.0-py3.10.egg-info/top_level.txt
[0.669s] -- Up-to-date: /home/shriram/Desktop/ros2Project/install/arduinobot_utils/local/lib/python3.10/dist-packages/arduinobot_utils
[0.669s] -- Up-to-date: /home/shriram/Desktop/ros2Project/install/arduinobot_utils/local/lib/python3.10/dist-packages/arduinobot_utils/__init__.py
[0.669s] -- Installing: /home/shriram/Desktop/ros2Project/install/arduinobot_utils/local/lib/python3.10/dist-packages/arduinobot_utils/angle_conversion.py
[0.696s] Listing '/home/shriram/Desktop/ros2Project/install/arduinobot_utils/local/lib/python3.10/dist-packages/arduinobot_utils'...
[0.697s] Compiling '/home/shriram/Desktop/ros2Project/install/arduinobot_utils/local/lib/python3.10/dist-packages/arduinobot_utils/angle_conversion.py'...
[0.703s] -- Installing: /home/shriram/Desktop/ros2Project/install/arduinobot_utils/lib/arduinobot_utils/angle_conversion.py
[0.703s] -- Up-to-date: /home/shriram/Desktop/ros2Project/install/arduinobot_utils/share/ament_index/resource_index/package_run_dependencies/arduinobot_utils
[0.703s] -- Up-to-date: /home/shriram/Desktop/ros2Project/install/arduinobot_utils/share/ament_index/resource_index/parent_prefix_path/arduinobot_utils
[0.703s] -- Up-to-date: /home/shriram/Desktop/ros2Project/install/arduinobot_utils/share/arduinobot_utils/environment/ament_prefix_path.sh
[0.703s] -- Up-to-date: /home/shriram/Desktop/ros2Project/install/arduinobot_utils/share/arduinobot_utils/environment/ament_prefix_path.dsv
[0.703s] -- Up-to-date: /home/shriram/Desktop/ros2Project/install/arduinobot_utils/share/arduinobot_utils/environment/path.sh
[0.703s] -- Up-to-date: /home/shriram/Desktop/ros2Project/install/arduinobot_utils/share/arduinobot_utils/environment/path.dsv
[0.704s] -- Up-to-date: /home/shriram/Desktop/ros2Project/install/arduinobot_utils/share/arduinobot_utils/local_setup.bash
[0.704s] -- Up-to-date: /home/shriram/Desktop/ros2Project/install/arduinobot_utils/share/arduinobot_utils/local_setup.sh
[0.704s] -- Up-to-date: /home/shriram/Desktop/ros2Project/install/arduinobot_utils/share/arduinobot_utils/local_setup.zsh
[0.704s] -- Up-to-date: /home/shriram/Desktop/ros2Project/install/arduinobot_utils/share/arduinobot_utils/local_setup.dsv
[0.704s] -- Up-to-date: /home/shriram/Desktop/ros2Project/install/arduinobot_utils/share/arduinobot_utils/package.dsv
[0.704s] -- Up-to-date: /home/shriram/Desktop/ros2Project/install/arduinobot_utils/share/ament_index/resource_index/packages/arduinobot_utils
[0.704s] -- Up-to-date: /home/shriram/Desktop/ros2Project/install/arduinobot_utils/share/arduinobot_utils/cmake/arduinobot_utilsConfig.cmake
[0.704s] -- Up-to-date: /home/shriram/Desktop/ros2Project/install/arduinobot_utils/share/arduinobot_utils/cmake/arduinobot_utilsConfig-version.cmake
[0.704s] -- Up-to-date: /home/shriram/Desktop/ros2Project/install/arduinobot_utils/share/arduinobot_utils/package.xml
[0.708s] Invoked command in '/home/shriram/Desktop/ros2Project/build/arduinobot_utils' returned '0': CMAKE_PREFIX_PATH=/home/shriram/Desktop/ros2Project/install/arduinobot_msgs:/home/shriram/Desktop/ros2Project/install/arduinobot_utils:/home/shriram/Desktop/ros2Project/install/arduinobot_description:/home/shriram/Desktop/ros2Project/install/arduinobot_controller:/home/shriram/Desktop/ros2Project/install/arduinobot_py:/opt/ros/humble /usr/bin/cmake --install /home/shriram/Desktop/ros2Project/build/arduinobot_utils
