-- Found ament_cmake: 1.3.5 (/opt/ros/humble/share/ament_cmake/cmake)
-- Found std_msgs: 4.2.3 (/opt/ros/humble/share/std_msgs/cmake)
-- Found rosidl_generator_c: 3.1.5 (/opt/ros/humble/share/rosidl_generator_c/cmake)
-- Found rosidl_adapter: 3.1.5 (/opt/ros/humble/share/rosidl_adapter/cmake)
-- Found rosidl_generator_cpp: 3.1.5 (/opt/ros/humble/share/rosidl_generator_cpp/cmake)
-- Using all available rosidl_typesupport_c: rosidl_typesupport_fastrtps_c;rosidl_typesupport_introspection_c
-- Using all available rosidl_typesupport_cpp: rosidl_typesupport_fastrtps_cpp;rosidl_typesupport_introspection_cpp
-- Found rosidl_default_generators: 1.2.0 (/opt/ros/humble/share/rosidl_default_generators/cmake)
-- Found ament_cmake_ros: 0.10.0 (/opt/ros/humble/share/ament_cmake_ros/cmake)
-- Using all available rosidl_typesupport_c: rosidl_typesupport_fastrtps_c;rosidl_typesupport_introspection_c
-- Using all available rosidl_typesupport_cpp: rosidl_typesupport_fastrtps_cpp;rosidl_typesupport_introspection_cpp
-- Found python_cmake_module: 0.10.0 (/opt/ros/humble/share/python_cmake_module/cmake)
-- Using PYTHON_EXECUTABLE: /usr/bin/python3
-- Using PYTHON_INCLUDE_DIRS: /usr/include/python3.10
-- Using PYTHON_LIBRARIES: /usr/lib/x86_64-linux-gnu/libpython3.10.so
-- Found ament_lint_auto: 0.12.7 (/opt/ros/humble/share/ament_lint_auto/cmake)
-- Added test 'lint_cmake' to check CMake code style
-- Added test 'xmllint' to check XML markup files
-- Configuring done
-- Generating done
-- Build files have been written to: /home/shriram/Desktop/ros2Project/build/arduinobot_msgs
[  2%] [34m[1mGenerating C code for ROS interfaces[0m
[  4%] [34m[1mGenerating C++ code for ROS interfaces[0m
[  4%] Built target ament_cmake_python_copy_arduinobot_msgs
running egg_info
writing arduinobot_msgs.egg-info/PKG-INFO
writing dependency_links to arduinobot_msgs.egg-info/dependency_links.txt
writing top-level names to arduinobot_msgs.egg-info/top_level.txt
reading manifest file 'arduinobot_msgs.egg-info/SOURCES.txt'
writing manifest file 'arduinobot_msgs.egg-info/SOURCES.txt'
[  4%] Built target ament_cmake_python_build_arduinobot_msgs_egg
[35m[1mConsolidate compiler generated dependencies of target arduinobot_msgs__rosidl_generator_c[0m
[ 10%] [32mBuilding C object CMakeFiles/arduinobot_msgs__rosidl_generator_c.dir/rosidl_generator_c/arduinobot_msgs/srv/detail/quarternion_to_euler__functions.c.o[0m
[ 10%] [32mBuilding C object CMakeFiles/arduinobot_msgs__rosidl_generator_c.dir/rosidl_generator_c/arduinobot_msgs/srv/detail/euler_to_quarternion__functions.c.o[0m
[ 10%] [32mBuilding C object CMakeFiles/arduinobot_msgs__rosidl_generator_c.dir/rosidl_generator_c/arduinobot_msgs/srv/detail/add_two_ints__functions.c.o[0m
[ 10%] Built target arduinobot_msgs__cpp
[ 17%] [34m[1mGenerating C++ type support for eProsima Fast-RTPS[0m
[ 17%] [34m[1mGenerating C++ introspection for ROS interfaces[0m
[ 17%] [34m[1mGenerating C++ type support dispatch for ROS interfaces[0m
[ 19%] [32m[1mLinking C shared library libarduinobot_msgs__rosidl_generator_c.so[0m
[ 19%] Built target arduinobot_msgs__rosidl_generator_c
[ 25%] [34m[1mGenerating C type support dispatch for ROS interfaces[0m
[ 25%] [34m[1mGenerating C type support for eProsima Fast-RTPS[0m
[ 25%] [34m[1mGenerating C introspection for ROS interfaces[0m
[35m[1mConsolidate compiler generated dependencies of target arduinobot_msgs__rosidl_typesupport_cpp[0m
[ 27%] [32mBuilding CXX object CMakeFiles/arduinobot_msgs__rosidl_typesupport_cpp.dir/rosidl_typesupport_cpp/arduinobot_msgs/srv/add_two_ints__type_support.cpp.o[0m
[ 29%] [32mBuilding CXX object CMakeFiles/arduinobot_msgs__rosidl_typesupport_cpp.dir/rosidl_typesupport_cpp/arduinobot_msgs/srv/euler_to_quarternion__type_support.cpp.o[0m
[ 31%] [32mBuilding CXX object CMakeFiles/arduinobot_msgs__rosidl_typesupport_cpp.dir/rosidl_typesupport_cpp/arduinobot_msgs/srv/quarternion_to_euler__type_support.cpp.o[0m
[35m[1mConsolidate compiler generated dependencies of target arduinobot_msgs__rosidl_typesupport_c[0m
[ 34%] [32mBuilding CXX object CMakeFiles/arduinobot_msgs__rosidl_typesupport_c.dir/rosidl_typesupport_c/arduinobot_msgs/srv/euler_to_quarternion__type_support.cpp.o[0m
[ 36%] [32mBuilding CXX object CMakeFiles/arduinobot_msgs__rosidl_typesupport_c.dir/rosidl_typesupport_c/arduinobot_msgs/srv/add_two_ints__type_support.cpp.o[0m
[ 38%] [32mBuilding CXX object CMakeFiles/arduinobot_msgs__rosidl_typesupport_c.dir/rosidl_typesupport_c/arduinobot_msgs/srv/quarternion_to_euler__type_support.cpp.o[0m
[ 40%] [32m[1mLinking CXX shared library libarduinobot_msgs__rosidl_typesupport_c.so[0m
[35m[1mConsolidate compiler generated dependencies of target arduinobot_msgs__rosidl_typesupport_introspection_cpp[0m
[ 44%] [32mBuilding CXX object CMakeFiles/arduinobot_msgs__rosidl_typesupport_introspection_cpp.dir/rosidl_typesupport_introspection_cpp/arduinobot_msgs/srv/detail/quarternion_to_euler__type_support.cpp.o[0m
[ 46%] [32mBuilding CXX object CMakeFiles/arduinobot_msgs__rosidl_typesupport_introspection_cpp.dir/rosidl_typesupport_introspection_cpp/arduinobot_msgs/srv/detail/euler_to_quarternion__type_support.cpp.o[0m
[ 46%] [32mBuilding CXX object CMakeFiles/arduinobot_msgs__rosidl_typesupport_introspection_cpp.dir/rosidl_typesupport_introspection_cpp/arduinobot_msgs/srv/detail/add_two_ints__type_support.cpp.o[0m
[ 46%] Built target arduinobot_msgs__rosidl_typesupport_c
[35m[1mConsolidate compiler generated dependencies of target arduinobot_msgs__rosidl_typesupport_fastrtps_c[0m
[ 53%] [32mBuilding CXX object CMakeFiles/arduinobot_msgs__rosidl_typesupport_fastrtps_c.dir/rosidl_typesupport_fastrtps_c/arduinobot_msgs/srv/detail/quarternion_to_euler__type_support_c.cpp.o[0m
[ 53%] [32mBuilding CXX object CMakeFiles/arduinobot_msgs__rosidl_typesupport_fastrtps_c.dir/rosidl_typesupport_fastrtps_c/arduinobot_msgs/srv/detail/euler_to_quarternion__type_support_c.cpp.o[0m
[ 53%] [32mBuilding CXX object CMakeFiles/arduinobot_msgs__rosidl_typesupport_fastrtps_c.dir/rosidl_typesupport_fastrtps_c/arduinobot_msgs/srv/detail/add_two_ints__type_support_c.cpp.o[0m
[35m[1mConsolidate compiler generated dependencies of target arduinobot_msgs__rosidl_typesupport_fastrtps_cpp[0m
[ 55%] [32mBuilding CXX object CMakeFiles/arduinobot_msgs__rosidl_typesupport_fastrtps_cpp.dir/rosidl_typesupport_fastrtps_cpp/arduinobot_msgs/srv/detail/dds_fastrtps/add_two_ints__type_support.cpp.o[0m
[ 57%] [32mBuilding CXX object CMakeFiles/arduinobot_msgs__rosidl_typesupport_fastrtps_cpp.dir/rosidl_typesupport_fastrtps_cpp/arduinobot_msgs/srv/detail/dds_fastrtps/euler_to_quarternion__type_support.cpp.o[0m
[35m[1mConsolidate compiler generated dependencies of target arduinobot_msgs__rosidl_typesupport_introspection_c[0m
[ 59%] [32mBuilding C object CMakeFiles/arduinobot_msgs__rosidl_typesupport_introspection_c.dir/rosidl_typesupport_introspection_c/arduinobot_msgs/srv/detail/add_two_ints__type_support.c.o[0m
[ 61%] [32mBuilding C object CMakeFiles/arduinobot_msgs__rosidl_typesupport_introspection_c.dir/rosidl_typesupport_introspection_c/arduinobot_msgs/srv/detail/euler_to_quarternion__type_support.c.o[0m
[ 63%] [32m[1mLinking CXX shared library libarduinobot_msgs__rosidl_typesupport_cpp.so[0m
[ 65%] [32mBuilding CXX object CMakeFiles/arduinobot_msgs__rosidl_typesupport_fastrtps_cpp.dir/rosidl_typesupport_fastrtps_cpp/arduinobot_msgs/srv/detail/dds_fastrtps/quarternion_to_euler__type_support.cpp.o[0m
[ 68%] [32mBuilding C object CMakeFiles/arduinobot_msgs__rosidl_typesupport_introspection_c.dir/rosidl_typesupport_introspection_c/arduinobot_msgs/srv/detail/quarternion_to_euler__type_support.c.o[0m
[ 68%] Built target arduinobot_msgs__rosidl_typesupport_cpp
[ 70%] [32m[1mLinking C shared library libarduinobot_msgs__rosidl_typesupport_introspection_c.so[0m
[ 70%] Built target arduinobot_msgs__rosidl_typesupport_introspection_c
[ 72%] [32m[1mLinking CXX shared library libarduinobot_msgs__rosidl_typesupport_introspection_cpp.so[0m
[ 74%] [32m[1mLinking CXX shared library libarduinobot_msgs__rosidl_typesupport_fastrtps_c.so[0m
[ 74%] Built target arduinobot_msgs__rosidl_typesupport_introspection_cpp
[ 74%] Built target arduinobot_msgs__rosidl_typesupport_fastrtps_c
[ 76%] [32m[1mLinking CXX shared library libarduinobot_msgs__rosidl_typesupport_fastrtps_cpp.so[0m
[ 76%] Built target arduinobot_msgs__rosidl_typesupport_fastrtps_cpp
[ 76%] Built target arduinobot_msgs
[ 78%] [34m[1mGenerating Python code for ROS interfaces[0m
[ 78%] Built target arduinobot_msgs__py
[35m[1mConsolidate compiler generated dependencies of target arduinobot_msgs__rosidl_generator_py[0m
[ 85%] [32mBuilding C object CMakeFiles/arduinobot_msgs__rosidl_generator_py.dir/rosidl_generator_py/arduinobot_msgs/srv/_euler_to_quarternion_s.c.o[0m
[ 85%] [32mBuilding C object CMakeFiles/arduinobot_msgs__rosidl_generator_py.dir/rosidl_generator_py/arduinobot_msgs/srv/_add_two_ints_s.c.o[0m
[ 85%] [32mBuilding C object CMakeFiles/arduinobot_msgs__rosidl_generator_py.dir/rosidl_generator_py/arduinobot_msgs/srv/_quarternion_to_euler_s.c.o[0m
[ 87%] [32m[1mLinking C shared library rosidl_generator_py/arduinobot_msgs/libarduinobot_msgs__rosidl_generator_py.so[0m
[ 87%] Built target arduinobot_msgs__rosidl_generator_py
[35m[1mConsolidate compiler generated dependencies of target arduinobot_msgs__rosidl_typesupport_fastrtps_c__pyext[0m
[35m[1mConsolidate compiler generated dependencies of target arduinobot_msgs__rosidl_typesupport_introspection_c__pyext[0m
[35m[1mConsolidate compiler generated dependencies of target arduinobot_msgs__rosidl_typesupport_c__pyext[0m
[ 91%] [32mBuilding C object CMakeFiles/arduinobot_msgs__rosidl_typesupport_introspection_c__pyext.dir/rosidl_generator_py/arduinobot_msgs/_arduinobot_msgs_s.ep.rosidl_typesupport_introspection_c.c.o[0m
[ 91%] [32mBuilding C object CMakeFiles/arduinobot_msgs__rosidl_typesupport_fastrtps_c__pyext.dir/rosidl_generator_py/arduinobot_msgs/_arduinobot_msgs_s.ep.rosidl_typesupport_fastrtps_c.c.o[0m
[ 93%] [32mBuilding C object CMakeFiles/arduinobot_msgs__rosidl_typesupport_c__pyext.dir/rosidl_generator_py/arduinobot_msgs/_arduinobot_msgs_s.ep.rosidl_typesupport_c.c.o[0m
[ 97%] [32m[1mLinking C shared library rosidl_generator_py/arduinobot_msgs/arduinobot_msgs_s__rosidl_typesupport_fastrtps_c.cpython-310-x86_64-linux-gnu.so[0m
[ 97%] [32m[1mLinking C shared library rosidl_generator_py/arduinobot_msgs/arduinobot_msgs_s__rosidl_typesupport_c.cpython-310-x86_64-linux-gnu.so[0m
[100%] [32m[1mLinking C shared library rosidl_generator_py/arduinobot_msgs/arduinobot_msgs_s__rosidl_typesupport_introspection_c.cpython-310-x86_64-linux-gnu.so[0m
[100%] Built target arduinobot_msgs__rosidl_typesupport_fastrtps_c__pyext
[100%] Built target arduinobot_msgs__rosidl_typesupport_c__pyext
[100%] Built target arduinobot_msgs__rosidl_typesupport_introspection_c__pyext
-- Install configuration: ""
-- Installing: /home/shriram/Desktop/ros2Project/install/arduinobot_msgs/share/ament_index/resource_index/rosidl_interfaces/arduinobot_msgs
-- Up-to-date: /home/shriram/Desktop/ros2Project/install/arduinobot_msgs/include/arduinobot_msgs/arduinobot_msgs
-- Up-to-date: /home/shriram/Desktop/ros2Project/install/arduinobot_msgs/include/arduinobot_msgs/arduinobot_msgs/msg
-- Up-to-date: /home/shriram/Desktop/ros2Project/install/arduinobot_msgs/include/arduinobot_msgs/arduinobot_msgs/msg/rosidl_generator_c__visibility_control.h
-- Up-to-date: /home/shriram/Desktop/ros2Project/install/arduinobot_msgs/include/arduinobot_msgs/arduinobot_msgs/srv
-- Installing: /home/shriram/Desktop/ros2Project/install/arduinobot_msgs/include/arduinobot_msgs/arduinobot_msgs/srv/euler_to_quarternion.h
-- Installing: /home/shriram/Desktop/ros2Project/install/arduinobot_msgs/include/arduinobot_msgs/arduinobot_msgs/srv/quarternion_to_euler.h
-- Installing: /home/shriram/Desktop/ros2Project/install/arduinobot_msgs/include/arduinobot_msgs/arduinobot_msgs/srv/add_two_ints.h
-- Up-to-date: /home/shriram/Desktop/ros2Project/install/arduinobot_msgs/include/arduinobot_msgs/arduinobot_msgs/srv/detail
-- Installing: /home/shriram/Desktop/ros2Project/install/arduinobot_msgs/include/arduinobot_msgs/arduinobot_msgs/srv/detail/quarternion_to_euler__functions.h
-- Installing: /home/shriram/Desktop/ros2Project/install/arduinobot_msgs/include/arduinobot_msgs/arduinobot_msgs/srv/detail/add_two_ints__functions.h
-- Installing: /home/shriram/Desktop/ros2Project/install/arduinobot_msgs/include/arduinobot_msgs/arduinobot_msgs/srv/detail/quarternion_to_euler__struct.h
-- Installing: /home/shriram/Desktop/ros2Project/install/arduinobot_msgs/include/arduinobot_msgs/arduinobot_msgs/srv/detail/add_two_ints__type_support.h
-- Installing: /home/shriram/Desktop/ros2Project/install/arduinobot_msgs/include/arduinobot_msgs/arduinobot_msgs/srv/detail/euler_to_quarternion__functions.c
-- Installing: /home/shriram/Desktop/ros2Project/install/arduinobot_msgs/include/arduinobot_msgs/arduinobot_msgs/srv/detail/quarternion_to_euler__type_support.h
-- Installing: /home/shriram/Desktop/ros2Project/install/arduinobot_msgs/include/arduinobot_msgs/arduinobot_msgs/srv/detail/quarternion_to_euler__functions.c
-- Installing: /home/shriram/Desktop/ros2Project/install/arduinobot_msgs/include/arduinobot_msgs/arduinobot_msgs/srv/detail/euler_to_quarternion__functions.h
-- Installing: /home/shriram/Desktop/ros2Project/install/arduinobot_msgs/include/arduinobot_msgs/arduinobot_msgs/srv/detail/euler_to_quarternion__struct.h
-- Installing: /home/shriram/Desktop/ros2Project/install/arduinobot_msgs/include/arduinobot_msgs/arduinobot_msgs/srv/detail/add_two_ints__struct.h
-- Installing: /home/shriram/Desktop/ros2Project/install/arduinobot_msgs/include/arduinobot_msgs/arduinobot_msgs/srv/detail/euler_to_quarternion__type_support.h
-- Installing: /home/shriram/Desktop/ros2Project/install/arduinobot_msgs/include/arduinobot_msgs/arduinobot_msgs/srv/detail/add_two_ints__functions.c
-- Up-to-date: /home/shriram/Desktop/ros2Project/install/arduinobot_msgs/share/arduinobot_msgs/environment/library_path.sh
-- Installing: /home/shriram/Desktop/ros2Project/install/arduinobot_msgs/share/arduinobot_msgs/environment/library_path.dsv
-- Installing: /home/shriram/Desktop/ros2Project/install/arduinobot_msgs/lib/libarduinobot_msgs__rosidl_generator_c.so
-- Set runtime path of "/home/shriram/Desktop/ros2Project/install/arduinobot_msgs/lib/libarduinobot_msgs__rosidl_generator_c.so" to ""
-- Up-to-date: /home/shriram/Desktop/ros2Project/install/arduinobot_msgs/include/arduinobot_msgs/arduinobot_msgs
-- Up-to-date: /home/shriram/Desktop/ros2Project/install/arduinobot_msgs/include/arduinobot_msgs/arduinobot_msgs/msg
-- Up-to-date: /home/shriram/Desktop/ros2Project/install/arduinobot_msgs/include/arduinobot_msgs/arduinobot_msgs/msg/rosidl_typesupport_fastrtps_c__visibility_control.h
-- Up-to-date: /home/shriram/Desktop/ros2Project/install/arduinobot_msgs/include/arduinobot_msgs/arduinobot_msgs/srv
-- Up-to-date: /home/shriram/Desktop/ros2Project/install/arduinobot_msgs/include/arduinobot_msgs/arduinobot_msgs/srv/detail
-- Installing: /home/shriram/Desktop/ros2Project/install/arduinobot_msgs/include/arduinobot_msgs/arduinobot_msgs/srv/detail/quarternion_to_euler__rosidl_typesupport_fastrtps_c.h
-- Installing: /home/shriram/Desktop/ros2Project/install/arduinobot_msgs/include/arduinobot_msgs/arduinobot_msgs/srv/detail/add_two_ints__rosidl_typesupport_fastrtps_c.h
-- Installing: /home/shriram/Desktop/ros2Project/install/arduinobot_msgs/include/arduinobot_msgs/arduinobot_msgs/srv/detail/euler_to_quarternion__rosidl_typesupport_fastrtps_c.h
-- Installing: /home/shriram/Desktop/ros2Project/install/arduinobot_msgs/lib/libarduinobot_msgs__rosidl_typesupport_fastrtps_c.so
-- Set runtime path of "/home/shriram/Desktop/ros2Project/install/arduinobot_msgs/lib/libarduinobot_msgs__rosidl_typesupport_fastrtps_c.so" to ""
-- Up-to-date: /home/shriram/Desktop/ros2Project/install/arduinobot_msgs/include/arduinobot_msgs/arduinobot_msgs
-- Up-to-date: /home/shriram/Desktop/ros2Project/install/arduinobot_msgs/include/arduinobot_msgs/arduinobot_msgs/srv
-- Installing: /home/shriram/Desktop/ros2Project/install/arduinobot_msgs/include/arduinobot_msgs/arduinobot_msgs/srv/quarternion_to_euler.hpp
-- Installing: /home/shriram/Desktop/ros2Project/install/arduinobot_msgs/include/arduinobot_msgs/arduinobot_msgs/srv/add_two_ints.hpp
-- Up-to-date: /home/shriram/Desktop/ros2Project/install/arduinobot_msgs/include/arduinobot_msgs/arduinobot_msgs/srv/detail
-- Installing: /home/shriram/Desktop/ros2Project/install/arduinobot_msgs/include/arduinobot_msgs/arduinobot_msgs/srv/detail/add_two_ints__builder.hpp
-- Installing: /home/shriram/Desktop/ros2Project/install/arduinobot_msgs/include/arduinobot_msgs/arduinobot_msgs/srv/detail/quarternion_to_euler__traits.hpp
-- Installing: /home/shriram/Desktop/ros2Project/install/arduinobot_msgs/include/arduinobot_msgs/arduinobot_msgs/srv/detail/quarternion_to_euler__builder.hpp
-- Installing: /home/shriram/Desktop/ros2Project/install/arduinobot_msgs/include/arduinobot_msgs/arduinobot_msgs/srv/detail/euler_to_quarternion__builder.hpp
-- Installing: /home/shriram/Desktop/ros2Project/install/arduinobot_msgs/include/arduinobot_msgs/arduinobot_msgs/srv/detail/euler_to_quarternion__traits.hpp
-- Installing: /home/shriram/Desktop/ros2Project/install/arduinobot_msgs/include/arduinobot_msgs/arduinobot_msgs/srv/detail/add_two_ints__struct.hpp
-- Installing: /home/shriram/Desktop/ros2Project/install/arduinobot_msgs/include/arduinobot_msgs/arduinobot_msgs/srv/detail/quarternion_to_euler__struct.hpp
-- Installing: /home/shriram/Desktop/ros2Project/install/arduinobot_msgs/include/arduinobot_msgs/arduinobot_msgs/srv/detail/euler_to_quarternion__struct.hpp
-- Installing: /home/shriram/Desktop/ros2Project/install/arduinobot_msgs/include/arduinobot_msgs/arduinobot_msgs/srv/detail/add_two_ints__traits.hpp
-- Installing: /home/shriram/Desktop/ros2Project/install/arduinobot_msgs/include/arduinobot_msgs/arduinobot_msgs/srv/euler_to_quarternion.hpp
-- Up-to-date: /home/shriram/Desktop/ros2Project/install/arduinobot_msgs/include/arduinobot_msgs/arduinobot_msgs
-- Up-to-date: /home/shriram/Desktop/ros2Project/install/arduinobot_msgs/include/arduinobot_msgs/arduinobot_msgs/msg
-- Up-to-date: /home/shriram/Desktop/ros2Project/install/arduinobot_msgs/include/arduinobot_msgs/arduinobot_msgs/msg/rosidl_typesupport_fastrtps_cpp__visibility_control.h
-- Up-to-date: /home/shriram/Desktop/ros2Project/install/arduinobot_msgs/include/arduinobot_msgs/arduinobot_msgs/srv
-- Up-to-date: /home/shriram/Desktop/ros2Project/install/arduinobot_msgs/include/arduinobot_msgs/arduinobot_msgs/srv/detail
-- Installing: /home/shriram/Desktop/ros2Project/install/arduinobot_msgs/include/arduinobot_msgs/arduinobot_msgs/srv/detail/quarternion_to_euler__rosidl_typesupport_fastrtps_cpp.hpp
-- Up-to-date: /home/shriram/Desktop/ros2Project/install/arduinobot_msgs/include/arduinobot_msgs/arduinobot_msgs/srv/detail/dds_fastrtps
-- Installing: /home/shriram/Desktop/ros2Project/install/arduinobot_msgs/include/arduinobot_msgs/arduinobot_msgs/srv/detail/euler_to_quarternion__rosidl_typesupport_fastrtps_cpp.hpp
-- Installing: /home/shriram/Desktop/ros2Project/install/arduinobot_msgs/include/arduinobot_msgs/arduinobot_msgs/srv/detail/add_two_ints__rosidl_typesupport_fastrtps_cpp.hpp
-- Installing: /home/shriram/Desktop/ros2Project/install/arduinobot_msgs/lib/libarduinobot_msgs__rosidl_typesupport_fastrtps_cpp.so
-- Set runtime path of "/home/shriram/Desktop/ros2Project/install/arduinobot_msgs/lib/libarduinobot_msgs__rosidl_typesupport_fastrtps_cpp.so" to ""
-- Up-to-date: /home/shriram/Desktop/ros2Project/install/arduinobot_msgs/include/arduinobot_msgs/arduinobot_msgs
-- Up-to-date: /home/shriram/Desktop/ros2Project/install/arduinobot_msgs/include/arduinobot_msgs/arduinobot_msgs/msg
-- Up-to-date: /home/shriram/Desktop/ros2Project/install/arduinobot_msgs/include/arduinobot_msgs/arduinobot_msgs/msg/rosidl_typesupport_introspection_c__visibility_control.h
-- Up-to-date: /home/shriram/Desktop/ros2Project/install/arduinobot_msgs/include/arduinobot_msgs/arduinobot_msgs/srv
-- Up-to-date: /home/shriram/Desktop/ros2Project/install/arduinobot_msgs/include/arduinobot_msgs/arduinobot_msgs/srv/detail
-- Installing: /home/shriram/Desktop/ros2Project/install/arduinobot_msgs/include/arduinobot_msgs/arduinobot_msgs/srv/detail/quarternion_to_euler__type_support.c
-- Installing: /home/shriram/Desktop/ros2Project/install/arduinobot_msgs/include/arduinobot_msgs/arduinobot_msgs/srv/detail/add_two_ints__type_support.c
-- Installing: /home/shriram/Desktop/ros2Project/install/arduinobot_msgs/include/arduinobot_msgs/arduinobot_msgs/srv/detail/euler_to_quarternion__rosidl_typesupport_introspection_c.h
-- Installing: /home/shriram/Desktop/ros2Project/install/arduinobot_msgs/include/arduinobot_msgs/arduinobot_msgs/srv/detail/quarternion_to_euler__rosidl_typesupport_introspection_c.h
-- Installing: /home/shriram/Desktop/ros2Project/install/arduinobot_msgs/include/arduinobot_msgs/arduinobot_msgs/srv/detail/euler_to_quarternion__type_support.c
-- Installing: /home/shriram/Desktop/ros2Project/install/arduinobot_msgs/include/arduinobot_msgs/arduinobot_msgs/srv/detail/add_two_ints__rosidl_typesupport_introspection_c.h
-- Installing: /home/shriram/Desktop/ros2Project/install/arduinobot_msgs/lib/libarduinobot_msgs__rosidl_typesupport_introspection_c.so
-- Set runtime path of "/home/shriram/Desktop/ros2Project/install/arduinobot_msgs/lib/libarduinobot_msgs__rosidl_typesupport_introspection_c.so" to ""
-- Installing: /home/shriram/Desktop/ros2Project/install/arduinobot_msgs/lib/libarduinobot_msgs__rosidl_typesupport_c.so
-- Set runtime path of "/home/shriram/Desktop/ros2Project/install/arduinobot_msgs/lib/libarduinobot_msgs__rosidl_typesupport_c.so" to ""
-- Up-to-date: /home/shriram/Desktop/ros2Project/install/arduinobot_msgs/include/arduinobot_msgs/arduinobot_msgs
-- Up-to-date: /home/shriram/Desktop/ros2Project/install/arduinobot_msgs/include/arduinobot_msgs/arduinobot_msgs/srv
-- Up-to-date: /home/shriram/Desktop/ros2Project/install/arduinobot_msgs/include/arduinobot_msgs/arduinobot_msgs/srv/detail
-- Installing: /home/shriram/Desktop/ros2Project/install/arduinobot_msgs/include/arduinobot_msgs/arduinobot_msgs/srv/detail/add_two_ints__rosidl_typesupport_introspection_cpp.hpp
-- Installing: /home/shriram/Desktop/ros2Project/install/arduinobot_msgs/include/arduinobot_msgs/arduinobot_msgs/srv/detail/add_two_ints__type_support.cpp
-- Installing: /home/shriram/Desktop/ros2Project/install/arduinobot_msgs/include/arduinobot_msgs/arduinobot_msgs/srv/detail/quarternion_to_euler__type_support.cpp
-- Installing: /home/shriram/Desktop/ros2Project/install/arduinobot_msgs/include/arduinobot_msgs/arduinobot_msgs/srv/detail/euler_to_quarternion__rosidl_typesupport_introspection_cpp.hpp
-- Installing: /home/shriram/Desktop/ros2Project/install/arduinobot_msgs/include/arduinobot_msgs/arduinobot_msgs/srv/detail/euler_to_quarternion__type_support.cpp
-- Installing: /home/shriram/Desktop/ros2Project/install/arduinobot_msgs/include/arduinobot_msgs/arduinobot_msgs/srv/detail/quarternion_to_euler__rosidl_typesupport_introspection_cpp.hpp
-- Installing: /home/shriram/Desktop/ros2Project/install/arduinobot_msgs/lib/libarduinobot_msgs__rosidl_typesupport_introspection_cpp.so
-- Set runtime path of "/home/shriram/Desktop/ros2Project/install/arduinobot_msgs/lib/libarduinobot_msgs__rosidl_typesupport_introspection_cpp.so" to ""
-- Installing: /home/shriram/Desktop/ros2Project/install/arduinobot_msgs/lib/libarduinobot_msgs__rosidl_typesupport_cpp.so
-- Set runtime path of "/home/shriram/Desktop/ros2Project/install/arduinobot_msgs/lib/libarduinobot_msgs__rosidl_typesupport_cpp.so" to ""
-- Up-to-date: /home/shriram/Desktop/ros2Project/install/arduinobot_msgs/share/arduinobot_msgs/environment/pythonpath.sh
-- Installing: /home/shriram/Desktop/ros2Project/install/arduinobot_msgs/share/arduinobot_msgs/environment/pythonpath.dsv
-- Up-to-date: /home/shriram/Desktop/ros2Project/install/arduinobot_msgs/local/lib/python3.10/dist-packages/arduinobot_msgs-0.0.0-py3.10.egg-info
-- Installing: /home/shriram/Desktop/ros2Project/install/arduinobot_msgs/local/lib/python3.10/dist-packages/arduinobot_msgs-0.0.0-py3.10.egg-info/dependency_links.txt
-- Installing: /home/shriram/Desktop/ros2Project/install/arduinobot_msgs/local/lib/python3.10/dist-packages/arduinobot_msgs-0.0.0-py3.10.egg-info/SOURCES.txt
-- Installing: /home/shriram/Desktop/ros2Project/install/arduinobot_msgs/local/lib/python3.10/dist-packages/arduinobot_msgs-0.0.0-py3.10.egg-info/PKG-INFO
-- Installing: /home/shriram/Desktop/ros2Project/install/arduinobot_msgs/local/lib/python3.10/dist-packages/arduinobot_msgs-0.0.0-py3.10.egg-info/top_level.txt
-- Up-to-date: /home/shriram/Desktop/ros2Project/install/arduinobot_msgs/local/lib/python3.10/dist-packages/arduinobot_msgs
-- Up-to-date: /home/shriram/Desktop/ros2Project/install/arduinobot_msgs/local/lib/python3.10/dist-packages/arduinobot_msgs/srv
-- Installing: /home/shriram/Desktop/ros2Project/install/arduinobot_msgs/local/lib/python3.10/dist-packages/arduinobot_msgs/srv/_quarternion_to_euler_s.c
-- Installing: /home/shriram/Desktop/ros2Project/install/arduinobot_msgs/local/lib/python3.10/dist-packages/arduinobot_msgs/srv/_quarternion_to_euler.py
-- Installing: /home/shriram/Desktop/ros2Project/install/arduinobot_msgs/local/lib/python3.10/dist-packages/arduinobot_msgs/srv/_add_two_ints.py
-- Installing: /home/shriram/Desktop/ros2Project/install/arduinobot_msgs/local/lib/python3.10/dist-packages/arduinobot_msgs/srv/_add_two_ints_s.c
-- Installing: /home/shriram/Desktop/ros2Project/install/arduinobot_msgs/local/lib/python3.10/dist-packages/arduinobot_msgs/srv/_euler_to_quarternion.py
-- Installing: /home/shriram/Desktop/ros2Project/install/arduinobot_msgs/local/lib/python3.10/dist-packages/arduinobot_msgs/srv/__init__.py
-- Installing: /home/shriram/Desktop/ros2Project/install/arduinobot_msgs/local/lib/python3.10/dist-packages/arduinobot_msgs/srv/_euler_to_quarternion_s.c
-- Installing: /home/shriram/Desktop/ros2Project/install/arduinobot_msgs/local/lib/python3.10/dist-packages/arduinobot_msgs/arduinobot_msgs_s__rosidl_typesupport_fastrtps_c.cpython-310-x86_64-linux-gnu.so
-- Installing: /home/shriram/Desktop/ros2Project/install/arduinobot_msgs/local/lib/python3.10/dist-packages/arduinobot_msgs/libarduinobot_msgs__rosidl_generator_py.so
-- Installing: /home/shriram/Desktop/ros2Project/install/arduinobot_msgs/local/lib/python3.10/dist-packages/arduinobot_msgs/arduinobot_msgs_s__rosidl_typesupport_introspection_c.cpython-310-x86_64-linux-gnu.so
-- Installing: /home/shriram/Desktop/ros2Project/install/arduinobot_msgs/local/lib/python3.10/dist-packages/arduinobot_msgs/__init__.py
-- Installing: /home/shriram/Desktop/ros2Project/install/arduinobot_msgs/local/lib/python3.10/dist-packages/arduinobot_msgs/_arduinobot_msgs_s.ep.rosidl_typesupport_fastrtps_c.c
-- Installing: /home/shriram/Desktop/ros2Project/install/arduinobot_msgs/local/lib/python3.10/dist-packages/arduinobot_msgs/arduinobot_msgs_s__rosidl_typesupport_c.cpython-310-x86_64-linux-gnu.so
-- Installing: /home/shriram/Desktop/ros2Project/install/arduinobot_msgs/local/lib/python3.10/dist-packages/arduinobot_msgs/_arduinobot_msgs_s.ep.rosidl_typesupport_introspection_c.c
-- Installing: /home/shriram/Desktop/ros2Project/install/arduinobot_msgs/local/lib/python3.10/dist-packages/arduinobot_msgs/_arduinobot_msgs_s.ep.rosidl_typesupport_c.c
Listing '/home/shriram/Desktop/ros2Project/install/arduinobot_msgs/local/lib/python3.10/dist-packages/arduinobot_msgs'...
Compiling '/home/shriram/Desktop/ros2Project/install/arduinobot_msgs/local/lib/python3.10/dist-packages/arduinobot_msgs/__init__.py'...
Listing '/home/shriram/Desktop/ros2Project/install/arduinobot_msgs/local/lib/python3.10/dist-packages/arduinobot_msgs/srv'...
Compiling '/home/shriram/Desktop/ros2Project/install/arduinobot_msgs/local/lib/python3.10/dist-packages/arduinobot_msgs/srv/__init__.py'...
Compiling '/home/shriram/Desktop/ros2Project/install/arduinobot_msgs/local/lib/python3.10/dist-packages/arduinobot_msgs/srv/_add_two_ints.py'...
Compiling '/home/shriram/Desktop/ros2Project/install/arduinobot_msgs/local/lib/python3.10/dist-packages/arduinobot_msgs/srv/_euler_to_quarternion.py'...
Compiling '/home/shriram/Desktop/ros2Project/install/arduinobot_msgs/local/lib/python3.10/dist-packages/arduinobot_msgs/srv/_quarternion_to_euler.py'...
-- Installing: /home/shriram/Desktop/ros2Project/install/arduinobot_msgs/local/lib/python3.10/dist-packages/arduinobot_msgs/arduinobot_msgs_s__rosidl_typesupport_fastrtps_c.cpython-310-x86_64-linux-gnu.so
-- Set runtime path of "/home/shriram/Desktop/ros2Project/install/arduinobot_msgs/local/lib/python3.10/dist-packages/arduinobot_msgs/arduinobot_msgs_s__rosidl_typesupport_fastrtps_c.cpython-310-x86_64-linux-gnu.so" to ""
-- Installing: /home/shriram/Desktop/ros2Project/install/arduinobot_msgs/local/lib/python3.10/dist-packages/arduinobot_msgs/arduinobot_msgs_s__rosidl_typesupport_introspection_c.cpython-310-x86_64-linux-gnu.so
-- Set runtime path of "/home/shriram/Desktop/ros2Project/install/arduinobot_msgs/local/lib/python3.10/dist-packages/arduinobot_msgs/arduinobot_msgs_s__rosidl_typesupport_introspection_c.cpython-310-x86_64-linux-gnu.so" to ""
-- Installing: /home/shriram/Desktop/ros2Project/install/arduinobot_msgs/local/lib/python3.10/dist-packages/arduinobot_msgs/arduinobot_msgs_s__rosidl_typesupport_c.cpython-310-x86_64-linux-gnu.so
-- Set runtime path of "/home/shriram/Desktop/ros2Project/install/arduinobot_msgs/local/lib/python3.10/dist-packages/arduinobot_msgs/arduinobot_msgs_s__rosidl_typesupport_c.cpython-310-x86_64-linux-gnu.so" to ""
-- Installing: /home/shriram/Desktop/ros2Project/install/arduinobot_msgs/lib/libarduinobot_msgs__rosidl_generator_py.so
-- Set runtime path of "/home/shriram/Desktop/ros2Project/install/arduinobot_msgs/lib/libarduinobot_msgs__rosidl_generator_py.so" to ""
-- Up-to-date: /home/shriram/Desktop/ros2Project/install/arduinobot_msgs/share/arduinobot_msgs/srv/AddTwoInts.idl
-- Installing: /home/shriram/Desktop/ros2Project/install/arduinobot_msgs/share/arduinobot_msgs/srv/EulerToQuarternion.idl
-- Installing: /home/shriram/Desktop/ros2Project/install/arduinobot_msgs/share/arduinobot_msgs/srv/QuarternionToEuler.idl
-- Up-to-date: /home/shriram/Desktop/ros2Project/install/arduinobot_msgs/share/arduinobot_msgs/srv/AddTwoInts.srv
-- Up-to-date: /home/shriram/Desktop/ros2Project/install/arduinobot_msgs/share/arduinobot_msgs/srv/AddTwoInts_Request.msg
-- Up-to-date: /home/shriram/Desktop/ros2Project/install/arduinobot_msgs/share/arduinobot_msgs/srv/AddTwoInts_Response.msg
-- Installing: /home/shriram/Desktop/ros2Project/install/arduinobot_msgs/share/arduinobot_msgs/srv/EulerToQuarternion.srv
-- Installing: /home/shriram/Desktop/ros2Project/install/arduinobot_msgs/share/arduinobot_msgs/srv/EulerToQuarternion_Request.msg
-- Installing: /home/shriram/Desktop/ros2Project/install/arduinobot_msgs/share/arduinobot_msgs/srv/EulerToQuarternion_Response.msg
-- Installing: /home/shriram/Desktop/ros2Project/install/arduinobot_msgs/share/arduinobot_msgs/srv/QuarternionToEuler.srv
-- Installing: /home/shriram/Desktop/ros2Project/install/arduinobot_msgs/share/arduinobot_msgs/srv/QuarternionToEuler_Request.msg
-- Installing: /home/shriram/Desktop/ros2Project/install/arduinobot_msgs/share/arduinobot_msgs/srv/QuarternionToEuler_Response.msg
-- Up-to-date: /home/shriram/Desktop/ros2Project/install/arduinobot_msgs/share/ament_index/resource_index/package_run_dependencies/arduinobot_msgs
-- Up-to-date: /home/shriram/Desktop/ros2Project/install/arduinobot_msgs/share/ament_index/resource_index/parent_prefix_path/arduinobot_msgs
-- Up-to-date: /home/shriram/Desktop/ros2Project/install/arduinobot_msgs/share/arduinobot_msgs/environment/ament_prefix_path.sh
-- Installing: /home/shriram/Desktop/ros2Project/install/arduinobot_msgs/share/arduinobot_msgs/environment/ament_prefix_path.dsv
-- Up-to-date: /home/shriram/Desktop/ros2Project/install/arduinobot_msgs/share/arduinobot_msgs/environment/path.sh
-- Installing: /home/shriram/Desktop/ros2Project/install/arduinobot_msgs/share/arduinobot_msgs/environment/path.dsv
-- Up-to-date: /home/shriram/Desktop/ros2Project/install/arduinobot_msgs/share/arduinobot_msgs/local_setup.bash
-- Up-to-date: /home/shriram/Desktop/ros2Project/install/arduinobot_msgs/share/arduinobot_msgs/local_setup.sh
-- Up-to-date: /home/shriram/Desktop/ros2Project/install/arduinobot_msgs/share/arduinobot_msgs/local_setup.zsh
-- Installing: /home/shriram/Desktop/ros2Project/install/arduinobot_msgs/share/arduinobot_msgs/local_setup.dsv
-- Installing: /home/shriram/Desktop/ros2Project/install/arduinobot_msgs/share/arduinobot_msgs/package.dsv
-- Up-to-date: /home/shriram/Desktop/ros2Project/install/arduinobot_msgs/share/ament_index/resource_index/packages/arduinobot_msgs
-- Up-to-date: /home/shriram/Desktop/ros2Project/install/arduinobot_msgs/share/arduinobot_msgs/cmake/export_arduinobot_msgs__rosidl_generator_cExport.cmake
-- Up-to-date: /home/shriram/Desktop/ros2Project/install/arduinobot_msgs/share/arduinobot_msgs/cmake/export_arduinobot_msgs__rosidl_generator_cExport-noconfig.cmake
-- Up-to-date: /home/shriram/Desktop/ros2Project/install/arduinobot_msgs/share/arduinobot_msgs/cmake/export_arduinobot_msgs__rosidl_typesupport_fastrtps_cExport.cmake
-- Up-to-date: /home/shriram/Desktop/ros2Project/install/arduinobot_msgs/share/arduinobot_msgs/cmake/export_arduinobot_msgs__rosidl_typesupport_fastrtps_cExport-noconfig.cmake
-- Up-to-date: /home/shriram/Desktop/ros2Project/install/arduinobot_msgs/share/arduinobot_msgs/cmake/export_arduinobot_msgs__rosidl_generator_cppExport.cmake
-- Up-to-date: /home/shriram/Desktop/ros2Project/install/arduinobot_msgs/share/arduinobot_msgs/cmake/export_arduinobot_msgs__rosidl_typesupport_fastrtps_cppExport.cmake
-- Up-to-date: /home/shriram/Desktop/ros2Project/install/arduinobot_msgs/share/arduinobot_msgs/cmake/export_arduinobot_msgs__rosidl_typesupport_fastrtps_cppExport-noconfig.cmake
-- Up-to-date: /home/shriram/Desktop/ros2Project/install/arduinobot_msgs/share/arduinobot_msgs/cmake/arduinobot_msgs__rosidl_typesupport_introspection_cExport.cmake
-- Up-to-date: /home/shriram/Desktop/ros2Project/install/arduinobot_msgs/share/arduinobot_msgs/cmake/arduinobot_msgs__rosidl_typesupport_introspection_cExport-noconfig.cmake
-- Up-to-date: /home/shriram/Desktop/ros2Project/install/arduinobot_msgs/share/arduinobot_msgs/cmake/arduinobot_msgs__rosidl_typesupport_cExport.cmake
-- Up-to-date: /home/shriram/Desktop/ros2Project/install/arduinobot_msgs/share/arduinobot_msgs/cmake/arduinobot_msgs__rosidl_typesupport_cExport-noconfig.cmake
-- Up-to-date: /home/shriram/Desktop/ros2Project/install/arduinobot_msgs/share/arduinobot_msgs/cmake/arduinobot_msgs__rosidl_typesupport_introspection_cppExport.cmake
-- Up-to-date: /home/shriram/Desktop/ros2Project/install/arduinobot_msgs/share/arduinobot_msgs/cmake/arduinobot_msgs__rosidl_typesupport_introspection_cppExport-noconfig.cmake
-- Up-to-date: /home/shriram/Desktop/ros2Project/install/arduinobot_msgs/share/arduinobot_msgs/cmake/arduinobot_msgs__rosidl_typesupport_cppExport.cmake
-- Up-to-date: /home/shriram/Desktop/ros2Project/install/arduinobot_msgs/share/arduinobot_msgs/cmake/arduinobot_msgs__rosidl_typesupport_cppExport-noconfig.cmake
-- Up-to-date: /home/shriram/Desktop/ros2Project/install/arduinobot_msgs/share/arduinobot_msgs/cmake/export_arduinobot_msgs__rosidl_generator_pyExport.cmake
-- Up-to-date: /home/shriram/Desktop/ros2Project/install/arduinobot_msgs/share/arduinobot_msgs/cmake/export_arduinobot_msgs__rosidl_generator_pyExport-noconfig.cmake
-- Installing: /home/shriram/Desktop/ros2Project/install/arduinobot_msgs/share/arduinobot_msgs/cmake/rosidl_cmake-extras.cmake
-- Up-to-date: /home/shriram/Desktop/ros2Project/install/arduinobot_msgs/share/arduinobot_msgs/cmake/ament_cmake_export_include_directories-extras.cmake
-- Up-to-date: /home/shriram/Desktop/ros2Project/install/arduinobot_msgs/share/arduinobot_msgs/cmake/ament_cmake_export_libraries-extras.cmake
-- Up-to-date: /home/shriram/Desktop/ros2Project/install/arduinobot_msgs/share/arduinobot_msgs/cmake/ament_cmake_export_targets-extras.cmake
-- Up-to-date: /home/shriram/Desktop/ros2Project/install/arduinobot_msgs/share/arduinobot_msgs/cmake/rosidl_cmake_export_typesupport_targets-extras.cmake
-- Up-to-date: /home/shriram/Desktop/ros2Project/install/arduinobot_msgs/share/arduinobot_msgs/cmake/ament_cmake_export_dependencies-extras.cmake
-- Up-to-date: /home/shriram/Desktop/ros2Project/install/arduinobot_msgs/share/arduinobot_msgs/cmake/rosidl_cmake_export_typesupport_libraries-extras.cmake
-- Up-to-date: /home/shriram/Desktop/ros2Project/install/arduinobot_msgs/share/arduinobot_msgs/cmake/arduinobot_msgsConfig.cmake
-- Up-to-date: /home/shriram/Desktop/ros2Project/install/arduinobot_msgs/share/arduinobot_msgs/cmake/arduinobot_msgsConfig-version.cmake
-- Up-to-date: /home/shriram/Desktop/ros2Project/install/arduinobot_msgs/share/arduinobot_msgs/package.xml
