[0.018s] Invoking command in '/home/shriram/Desktop/ros2Project/build/arduinobot_description': CMAKE_PREFIX_PATH=/opt/ros/humble /usr/bin/cmake /home/shriram/Desktop/ros2Project/src/arduinobot_description -DCMAKE_INSTALL_PREFIX=/home/shriram/Desktop/ros2Project/install/arduinobot_description
[0.088s] -- The C compiler identification is GNU 11.4.0
[0.147s] -- The CXX compiler identification is GNU 11.4.0
[0.155s] -- Detecting C compiler ABI info
[0.210s] -- Detecting C compiler ABI info - done
[0.215s] -- Check for working C compiler: /usr/bin/cc - skipped
[0.216s] -- Detecting C compile features
[0.216s] -- Detecting C compile features - done
[0.219s] -- Detecting CXX compiler ABI info
[0.285s] -- Detecting CXX compiler ABI info - done
[0.292s] -- Check for working CXX compiler: /usr/bin/c++ - skipped
[0.292s] -- Detecting CXX compile features
[0.293s] -- Detecting CXX compile features - done
[0.295s] -- Found ament_cmake: 1.3.5 (/opt/ros/humble/share/ament_cmake/cmake)
[0.424s] -- Found Python3: /usr/bin/python3.10 (found version "3.10.12") found components: Interpreter 
[0.569s] -- Found ament_lint_auto: 0.12.7 (/opt/ros/humble/share/ament_lint_auto/cmake)
[0.638s] -- Added test 'lint_cmake' to check CMake code style
[0.639s] -- Added test 'xmllint' to check XML markup files
[0.641s] -- Configuring done
[0.643s] -- Generating done
[0.643s] -- Build files have been written to: /home/shriram/Desktop/ros2Project/build/arduinobot_description
[0.649s] Invoked command in '/home/shriram/Desktop/ros2Project/build/arduinobot_description' returned '0': CMAKE_PREFIX_PATH=/opt/ros/humble /usr/bin/cmake /home/shriram/Desktop/ros2Project/src/arduinobot_description -DCMAKE_INSTALL_PREFIX=/home/shriram/Desktop/ros2Project/install/arduinobot_description
[0.651s] Invoking command in '/home/shriram/Desktop/ros2Project/build/arduinobot_description': CMAKE_PREFIX_PATH=/opt/ros/humble /usr/bin/cmake --build /home/shriram/Desktop/ros2Project/build/arduinobot_description -- -j12 -l12
[0.680s] Invoked command in '/home/shriram/Desktop/ros2Project/build/arduinobot_description' returned '0': CMAKE_PREFIX_PATH=/opt/ros/humble /usr/bin/cmake --build /home/shriram/Desktop/ros2Project/build/arduinobot_description -- -j12 -l12
[0.706s] Invoking command in '/home/shriram/Desktop/ros2Project/build/arduinobot_description': CMAKE_PREFIX_PATH=/opt/ros/humble /usr/bin/cmake --install /home/shriram/Desktop/ros2Project/build/arduinobot_description
[0.711s] -- Install configuration: ""
[0.712s] -- Installing: /home/shriram/Desktop/ros2Project/install/arduinobot_description/share/ament_index/resource_index/package_run_dependencies/arduinobot_description
[0.712s] -- Installing: /home/shriram/Desktop/ros2Project/install/arduinobot_description/share/ament_index/resource_index/parent_prefix_path/arduinobot_description
[0.712s] -- Installing: /home/shriram/Desktop/ros2Project/install/arduinobot_description/share/arduinobot_description/environment/ament_prefix_path.sh
[0.712s] -- Installing: /home/shriram/Desktop/ros2Project/install/arduinobot_description/share/arduinobot_description/environment/ament_prefix_path.dsv
[0.712s] -- Installing: /home/shriram/Desktop/ros2Project/install/arduinobot_description/share/arduinobot_description/environment/path.sh
[0.712s] -- Installing: /home/shriram/Desktop/ros2Project/install/arduinobot_description/share/arduinobot_description/environment/path.dsv
[0.712s] -- Installing: /home/shriram/Desktop/ros2Project/install/arduinobot_description/share/arduinobot_description/local_setup.bash
[0.712s] -- Installing: /home/shriram/Desktop/ros2Project/install/arduinobot_description/share/arduinobot_description/local_setup.sh
[0.712s] -- Installing: /home/shriram/Desktop/ros2Project/install/arduinobot_description/share/arduinobot_description/local_setup.zsh
[0.712s] -- Installing: /home/shriram/Desktop/ros2Project/install/arduinobot_description/share/arduinobot_description/local_setup.dsv
[0.713s] -- Installing: /home/shriram/Desktop/ros2Project/install/arduinobot_description/share/arduinobot_description/package.dsv
[0.713s] -- Installing: /home/shriram/Desktop/ros2Project/install/arduinobot_description/share/ament_index/resource_index/packages/arduinobot_description
[0.713s] -- Installing: /home/shriram/Desktop/ros2Project/install/arduinobot_description/share/arduinobot_description/cmake/arduinobot_descriptionConfig.cmake
[0.713s] -- Installing: /home/shriram/Desktop/ros2Project/install/arduinobot_description/share/arduinobot_description/cmake/arduinobot_descriptionConfig-version.cmake
[0.713s] -- Installing: /home/shriram/Desktop/ros2Project/install/arduinobot_description/share/arduinobot_description/package.xml
[0.714s] Invoked command in '/home/shriram/Desktop/ros2Project/build/arduinobot_description' returned '0': CMAKE_PREFIX_PATH=/opt/ros/humble /usr/bin/cmake --install /home/shriram/Desktop/ros2Project/build/arduinobot_description
