[0.027s] Invoking command in '/home/shriram/Desktop/ros2Project/build/arduinobot_msgs': CMAKE_PREFIX_PATH=/opt/ros/humble /usr/bin/cmake --build /home/shriram/Desktop/ros2Project/build/arduinobot_msgs -- -j12 -l12
[0.070s] [  1%] Built target arduinobot_msgs__cpp
[0.071s] [ 12%] Built target arduinobot_msgs__rosidl_generator_c
[0.083s] [ 12%] Built target ament_cmake_python_copy_arduinobot_msgs
[0.099s] [ 39%] Built target arduinobot_msgs__rosidl_typesupport_c
[0.101s] [ 52%] Built target arduinobot_msgs__rosidl_typesupport_introspection_cpp
[0.104s] [ 60%] Built target arduinobot_msgs__rosidl_typesupport_fastrtps_cpp
[0.104s] [ 53%] Built target arduinobot_msgs__rosidl_typesupport_cpp
[0.104s] [ 68%] Built target arduinobot_msgs__rosidl_typesupport_introspection_c
[0.105s] [ 79%] Built target arduinobot_msgs__rosidl_typesupport_fastrtps_c
[0.119s] [ 79%] Built target arduinobot_msgs
[0.138s] [ 80%] Built target arduinobot_msgs__py
[0.163s] [ 90%] Built target arduinobot_msgs__rosidl_generator_py
[0.186s] [ 98%] Built target arduinobot_msgs__rosidl_typesupport_fastrtps_c__pyext
[0.186s] [ 98%] Built target arduinobot_msgs__rosidl_typesupport_c__pyext
[0.186s] [100%] Built target arduinobot_msgs__rosidl_typesupport_introspection_c__pyext
[0.363s] running egg_info
[0.363s] writing arduinobot_msgs.egg-info/PKG-INFO
[0.363s] writing dependency_links to arduinobot_msgs.egg-info/dependency_links.txt
[0.364s] writing top-level names to arduinobot_msgs.egg-info/top_level.txt
[0.366s] reading manifest file 'arduinobot_msgs.egg-info/SOURCES.txt'
[0.366s] writing manifest file 'arduinobot_msgs.egg-info/SOURCES.txt'
[0.405s] [100%] Built target ament_cmake_python_build_arduinobot_msgs_egg
[0.421s] Invoked command in '/home/shriram/Desktop/ros2Project/build/arduinobot_msgs' returned '0': CMAKE_PREFIX_PATH=/opt/ros/humble /usr/bin/cmake --build /home/shriram/Desktop/ros2Project/build/arduinobot_msgs -- -j12 -l12
[0.517s] Invoking command in '/home/shriram/Desktop/ros2Project/build/arduinobot_msgs': CMAKE_PREFIX_PATH=/opt/ros/humble /usr/bin/cmake --install /home/shriram/Desktop/ros2Project/build/arduinobot_msgs
[0.530s] -- Install configuration: ""
[0.530s] -- Up-to-date: /home/shriram/Desktop/ros2Project/install/arduinobot_msgs/share/ament_index/resource_index/rosidl_interfaces/arduinobot_msgs
[0.531s] -- Up-to-date: /home/shriram/Desktop/ros2Project/install/arduinobot_msgs/include/arduinobot_msgs/arduinobot_msgs
[0.531s] -- Up-to-date: /home/shriram/Desktop/ros2Project/install/arduinobot_msgs/include/arduinobot_msgs/arduinobot_msgs/msg
[0.531s] -- Up-to-date: /home/shriram/Desktop/ros2Project/install/arduinobot_msgs/include/arduinobot_msgs/arduinobot_msgs/msg/rosidl_generator_c__visibility_control.h
[0.531s] -- Up-to-date: /home/shriram/Desktop/ros2Project/install/arduinobot_msgs/include/arduinobot_msgs/arduinobot_msgs/srv
[0.531s] -- Up-to-date: /home/shriram/Desktop/ros2Project/install/arduinobot_msgs/include/arduinobot_msgs/arduinobot_msgs/srv/euler_to_quarternion.h
[0.531s] -- Up-to-date: /home/shriram/Desktop/ros2Project/install/arduinobot_msgs/include/arduinobot_msgs/arduinobot_msgs/srv/quarternion_to_euler.h
[0.531s] -- Up-to-date: /home/shriram/Desktop/ros2Project/install/arduinobot_msgs/include/arduinobot_msgs/arduinobot_msgs/srv/add_two_ints.h
[0.532s] -- Up-to-date: /home/shriram/Desktop/ros2Project/install/arduinobot_msgs/include/arduinobot_msgs/arduinobot_msgs/srv/detail
[0.532s] -- Up-to-date: /home/shriram/Desktop/ros2Project/install/arduinobot_msgs/include/arduinobot_msgs/arduinobot_msgs/srv/detail/quarternion_to_euler__functions.h
[0.532s] -- Up-to-date: /home/shriram/Desktop/ros2Project/install/arduinobot_msgs/include/arduinobot_msgs/arduinobot_msgs/srv/detail/add_two_ints__functions.h
[0.532s] -- Up-to-date: /home/shriram/Desktop/ros2Project/install/arduinobot_msgs/include/arduinobot_msgs/arduinobot_msgs/srv/detail/quarternion_to_euler__struct.h
[0.532s] -- Up-to-date: /home/shriram/Desktop/ros2Project/install/arduinobot_msgs/include/arduinobot_msgs/arduinobot_msgs/srv/detail/add_two_ints__type_support.h
[0.532s] -- Up-to-date: /home/shriram/Desktop/ros2Project/install/arduinobot_msgs/include/arduinobot_msgs/arduinobot_msgs/srv/detail/euler_to_quarternion__functions.c
[0.532s] -- Up-to-date: /home/shriram/Desktop/ros2Project/install/arduinobot_msgs/include/arduinobot_msgs/arduinobot_msgs/srv/detail/quarternion_to_euler__type_support.h
[0.533s] -- Up-to-date: /home/shriram/Desktop/ros2Project/install/arduinobot_msgs/include/arduinobot_msgs/arduinobot_msgs/srv/detail/quarternion_to_euler__functions.c
[0.533s] -- Up-to-date: /home/shriram/Desktop/ros2Project/install/arduinobot_msgs/include/arduinobot_msgs/arduinobot_msgs/srv/detail/euler_to_quarternion__functions.h
[0.533s] -- Up-to-date: /home/shriram/Desktop/ros2Project/install/arduinobot_msgs/include/arduinobot_msgs/arduinobot_msgs/srv/detail/euler_to_quarternion__struct.h
[0.533s] -- Up-to-date: /home/shriram/Desktop/ros2Project/install/arduinobot_msgs/include/arduinobot_msgs/arduinobot_msgs/srv/detail/add_two_ints__struct.h
[0.533s] -- Up-to-date: /home/shriram/Desktop/ros2Project/install/arduinobot_msgs/include/arduinobot_msgs/arduinobot_msgs/srv/detail/euler_to_quarternion__type_support.h
[0.533s] -- Up-to-date: /home/shriram/Desktop/ros2Project/install/arduinobot_msgs/include/arduinobot_msgs/arduinobot_msgs/srv/detail/add_two_ints__functions.c
[0.533s] -- Up-to-date: /home/shriram/Desktop/ros2Project/install/arduinobot_msgs/include/arduinobot_msgs/arduinobot_msgs/action
[0.534s] -- Up-to-date: /home/shriram/Desktop/ros2Project/install/arduinobot_msgs/include/arduinobot_msgs/arduinobot_msgs/action/fibonacci.h
[0.534s] -- Up-to-date: /home/shriram/Desktop/ros2Project/install/arduinobot_msgs/include/arduinobot_msgs/arduinobot_msgs/action/arduinobot_task.h
[0.534s] -- Up-to-date: /home/shriram/Desktop/ros2Project/install/arduinobot_msgs/include/arduinobot_msgs/arduinobot_msgs/action/detail
[0.534s] -- Up-to-date: /home/shriram/Desktop/ros2Project/install/arduinobot_msgs/include/arduinobot_msgs/arduinobot_msgs/action/detail/fibonacci__struct.h
[0.534s] -- Up-to-date: /home/shriram/Desktop/ros2Project/install/arduinobot_msgs/include/arduinobot_msgs/arduinobot_msgs/action/detail/fibonacci__type_support.h
[0.534s] -- Up-to-date: /home/shriram/Desktop/ros2Project/install/arduinobot_msgs/include/arduinobot_msgs/arduinobot_msgs/action/detail/fibonacci__functions.h
[0.534s] -- Up-to-date: /home/shriram/Desktop/ros2Project/install/arduinobot_msgs/include/arduinobot_msgs/arduinobot_msgs/action/detail/arduinobot_task__functions.c
[0.535s] -- Up-to-date: /home/shriram/Desktop/ros2Project/install/arduinobot_msgs/include/arduinobot_msgs/arduinobot_msgs/action/detail/arduinobot_task__struct.h
[0.535s] -- Up-to-date: /home/shriram/Desktop/ros2Project/install/arduinobot_msgs/include/arduinobot_msgs/arduinobot_msgs/action/detail/arduinobot_task__type_support.h
[0.535s] -- Up-to-date: /home/shriram/Desktop/ros2Project/install/arduinobot_msgs/include/arduinobot_msgs/arduinobot_msgs/action/detail/arduinobot_task__functions.h
[0.535s] -- Up-to-date: /home/shriram/Desktop/ros2Project/install/arduinobot_msgs/include/arduinobot_msgs/arduinobot_msgs/action/detail/fibonacci__functions.c
[0.535s] -- Up-to-date: /home/shriram/Desktop/ros2Project/install/arduinobot_msgs/share/arduinobot_msgs/environment/library_path.sh
[0.535s] -- Up-to-date: /home/shriram/Desktop/ros2Project/install/arduinobot_msgs/share/arduinobot_msgs/environment/library_path.dsv
[0.535s] -- Up-to-date: /home/shriram/Desktop/ros2Project/install/arduinobot_msgs/lib/libarduinobot_msgs__rosidl_generator_c.so
[0.535s] -- Up-to-date: /home/shriram/Desktop/ros2Project/install/arduinobot_msgs/include/arduinobot_msgs/arduinobot_msgs
[0.535s] -- Up-to-date: /home/shriram/Desktop/ros2Project/install/arduinobot_msgs/include/arduinobot_msgs/arduinobot_msgs/msg
[0.535s] -- Up-to-date: /home/shriram/Desktop/ros2Project/install/arduinobot_msgs/include/arduinobot_msgs/arduinobot_msgs/msg/rosidl_typesupport_fastrtps_c__visibility_control.h
[0.536s] -- Up-to-date: /home/shriram/Desktop/ros2Project/install/arduinobot_msgs/include/arduinobot_msgs/arduinobot_msgs/srv
[0.536s] -- Up-to-date: /home/shriram/Desktop/ros2Project/install/arduinobot_msgs/include/arduinobot_msgs/arduinobot_msgs/srv/detail
[0.536s] -- Up-to-date: /home/shriram/Desktop/ros2Project/install/arduinobot_msgs/include/arduinobot_msgs/arduinobot_msgs/srv/detail/quarternion_to_euler__rosidl_typesupport_fastrtps_c.h
[0.536s] -- Up-to-date: /home/shriram/Desktop/ros2Project/install/arduinobot_msgs/include/arduinobot_msgs/arduinobot_msgs/srv/detail/add_two_ints__rosidl_typesupport_fastrtps_c.h
[0.536s] -- Up-to-date: /home/shriram/Desktop/ros2Project/install/arduinobot_msgs/include/arduinobot_msgs/arduinobot_msgs/srv/detail/euler_to_quarternion__rosidl_typesupport_fastrtps_c.h
[0.536s] -- Up-to-date: /home/shriram/Desktop/ros2Project/install/arduinobot_msgs/include/arduinobot_msgs/arduinobot_msgs/action
[0.536s] -- Up-to-date: /home/shriram/Desktop/ros2Project/install/arduinobot_msgs/include/arduinobot_msgs/arduinobot_msgs/action/detail
[0.536s] -- Up-to-date: /home/shriram/Desktop/ros2Project/install/arduinobot_msgs/include/arduinobot_msgs/arduinobot_msgs/action/detail/arduinobot_task__rosidl_typesupport_fastrtps_c.h
[0.537s] -- Up-to-date: /home/shriram/Desktop/ros2Project/install/arduinobot_msgs/include/arduinobot_msgs/arduinobot_msgs/action/detail/fibonacci__rosidl_typesupport_fastrtps_c.h
[0.537s] -- Up-to-date: /home/shriram/Desktop/ros2Project/install/arduinobot_msgs/lib/libarduinobot_msgs__rosidl_typesupport_fastrtps_c.so
[0.537s] -- Up-to-date: /home/shriram/Desktop/ros2Project/install/arduinobot_msgs/include/arduinobot_msgs/arduinobot_msgs
[0.537s] -- Up-to-date: /home/shriram/Desktop/ros2Project/install/arduinobot_msgs/include/arduinobot_msgs/arduinobot_msgs/srv
[0.537s] -- Up-to-date: /home/shriram/Desktop/ros2Project/install/arduinobot_msgs/include/arduinobot_msgs/arduinobot_msgs/srv/quarternion_to_euler.hpp
[0.538s] -- Up-to-date: /home/shriram/Desktop/ros2Project/install/arduinobot_msgs/include/arduinobot_msgs/arduinobot_msgs/srv/add_two_ints.hpp
[0.538s] -- Up-to-date: /home/shriram/Desktop/ros2Project/install/arduinobot_msgs/include/arduinobot_msgs/arduinobot_msgs/srv/detail
[0.538s] -- Up-to-date: /home/shriram/Desktop/ros2Project/install/arduinobot_msgs/include/arduinobot_msgs/arduinobot_msgs/srv/detail/add_two_ints__builder.hpp
[0.538s] -- Up-to-date: /home/shriram/Desktop/ros2Project/install/arduinobot_msgs/include/arduinobot_msgs/arduinobot_msgs/srv/detail/quarternion_to_euler__traits.hpp
[0.538s] -- Up-to-date: /home/shriram/Desktop/ros2Project/install/arduinobot_msgs/include/arduinobot_msgs/arduinobot_msgs/srv/detail/quarternion_to_euler__builder.hpp
[0.538s] -- Up-to-date: /home/shriram/Desktop/ros2Project/install/arduinobot_msgs/include/arduinobot_msgs/arduinobot_msgs/srv/detail/euler_to_quarternion__builder.hpp
[0.538s] -- Up-to-date: /home/shriram/Desktop/ros2Project/install/arduinobot_msgs/include/arduinobot_msgs/arduinobot_msgs/srv/detail/euler_to_quarternion__traits.hpp
[0.538s] -- Up-to-date: /home/shriram/Desktop/ros2Project/install/arduinobot_msgs/include/arduinobot_msgs/arduinobot_msgs/srv/detail/add_two_ints__struct.hpp
[0.538s] -- Up-to-date: /home/shriram/Desktop/ros2Project/install/arduinobot_msgs/include/arduinobot_msgs/arduinobot_msgs/srv/detail/quarternion_to_euler__struct.hpp
[0.538s] -- Up-to-date: /home/shriram/Desktop/ros2Project/install/arduinobot_msgs/include/arduinobot_msgs/arduinobot_msgs/srv/detail/euler_to_quarternion__struct.hpp
[0.538s] -- Up-to-date: /home/shriram/Desktop/ros2Project/install/arduinobot_msgs/include/arduinobot_msgs/arduinobot_msgs/srv/detail/add_two_ints__traits.hpp
[0.539s] -- Up-to-date: /home/shriram/Desktop/ros2Project/install/arduinobot_msgs/include/arduinobot_msgs/arduinobot_msgs/srv/euler_to_quarternion.hpp
[0.539s] -- Up-to-date: /home/shriram/Desktop/ros2Project/install/arduinobot_msgs/include/arduinobot_msgs/arduinobot_msgs/action
[0.539s] -- Up-to-date: /home/shriram/Desktop/ros2Project/install/arduinobot_msgs/include/arduinobot_msgs/arduinobot_msgs/action/arduinobot_task.hpp
[0.539s] -- Up-to-date: /home/shriram/Desktop/ros2Project/install/arduinobot_msgs/include/arduinobot_msgs/arduinobot_msgs/action/fibonacci.hpp
[0.539s] -- Up-to-date: /home/shriram/Desktop/ros2Project/install/arduinobot_msgs/include/arduinobot_msgs/arduinobot_msgs/action/detail
[0.539s] -- Up-to-date: /home/shriram/Desktop/ros2Project/install/arduinobot_msgs/include/arduinobot_msgs/arduinobot_msgs/action/detail/arduinobot_task__traits.hpp
[0.539s] -- Up-to-date: /home/shriram/Desktop/ros2Project/install/arduinobot_msgs/include/arduinobot_msgs/arduinobot_msgs/action/detail/fibonacci__struct.hpp
[0.539s] -- Up-to-date: /home/shriram/Desktop/ros2Project/install/arduinobot_msgs/include/arduinobot_msgs/arduinobot_msgs/action/detail/arduinobot_task__builder.hpp
[0.539s] -- Up-to-date: /home/shriram/Desktop/ros2Project/install/arduinobot_msgs/include/arduinobot_msgs/arduinobot_msgs/action/detail/fibonacci__builder.hpp
[0.539s] -- Up-to-date: /home/shriram/Desktop/ros2Project/install/arduinobot_msgs/include/arduinobot_msgs/arduinobot_msgs/action/detail/arduinobot_task__struct.hpp
[0.539s] -- Up-to-date: /home/shriram/Desktop/ros2Project/install/arduinobot_msgs/include/arduinobot_msgs/arduinobot_msgs/action/detail/fibonacci__traits.hpp
[0.540s] -- Up-to-date: /home/shriram/Desktop/ros2Project/install/arduinobot_msgs/include/arduinobot_msgs/arduinobot_msgs
[0.540s] -- Up-to-date: /home/shriram/Desktop/ros2Project/install/arduinobot_msgs/include/arduinobot_msgs/arduinobot_msgs/msg
[0.540s] -- Up-to-date: /home/shriram/Desktop/ros2Project/install/arduinobot_msgs/include/arduinobot_msgs/arduinobot_msgs/msg/rosidl_typesupport_fastrtps_cpp__visibility_control.h
[0.540s] -- Up-to-date: /home/shriram/Desktop/ros2Project/install/arduinobot_msgs/include/arduinobot_msgs/arduinobot_msgs/srv
[0.540s] -- Up-to-date: /home/shriram/Desktop/ros2Project/install/arduinobot_msgs/include/arduinobot_msgs/arduinobot_msgs/srv/detail
[0.540s] -- Up-to-date: /home/shriram/Desktop/ros2Project/install/arduinobot_msgs/include/arduinobot_msgs/arduinobot_msgs/srv/detail/quarternion_to_euler__rosidl_typesupport_fastrtps_cpp.hpp
[0.540s] -- Up-to-date: /home/shriram/Desktop/ros2Project/install/arduinobot_msgs/include/arduinobot_msgs/arduinobot_msgs/srv/detail/dds_fastrtps
[0.540s] -- Up-to-date: /home/shriram/Desktop/ros2Project/install/arduinobot_msgs/include/arduinobot_msgs/arduinobot_msgs/srv/detail/euler_to_quarternion__rosidl_typesupport_fastrtps_cpp.hpp
[0.540s] -- Up-to-date: /home/shriram/Desktop/ros2Project/install/arduinobot_msgs/include/arduinobot_msgs/arduinobot_msgs/srv/detail/add_two_ints__rosidl_typesupport_fastrtps_cpp.hpp
[0.541s] -- Up-to-date: /home/shriram/Desktop/ros2Project/install/arduinobot_msgs/include/arduinobot_msgs/arduinobot_msgs/action
[0.541s] -- Up-to-date: /home/shriram/Desktop/ros2Project/install/arduinobot_msgs/include/arduinobot_msgs/arduinobot_msgs/action/detail
[0.541s] -- Up-to-date: /home/shriram/Desktop/ros2Project/install/arduinobot_msgs/include/arduinobot_msgs/arduinobot_msgs/action/detail/dds_fastrtps
[0.541s] -- Up-to-date: /home/shriram/Desktop/ros2Project/install/arduinobot_msgs/include/arduinobot_msgs/arduinobot_msgs/action/detail/fibonacci__rosidl_typesupport_fastrtps_cpp.hpp
[0.541s] -- Up-to-date: /home/shriram/Desktop/ros2Project/install/arduinobot_msgs/include/arduinobot_msgs/arduinobot_msgs/action/detail/arduinobot_task__rosidl_typesupport_fastrtps_cpp.hpp
[0.541s] -- Up-to-date: /home/shriram/Desktop/ros2Project/install/arduinobot_msgs/lib/libarduinobot_msgs__rosidl_typesupport_fastrtps_cpp.so
[0.541s] -- Up-to-date: /home/shriram/Desktop/ros2Project/install/arduinobot_msgs/include/arduinobot_msgs/arduinobot_msgs
[0.541s] -- Up-to-date: /home/shriram/Desktop/ros2Project/install/arduinobot_msgs/include/arduinobot_msgs/arduinobot_msgs/msg
[0.541s] -- Up-to-date: /home/shriram/Desktop/ros2Project/install/arduinobot_msgs/include/arduinobot_msgs/arduinobot_msgs/msg/rosidl_typesupport_introspection_c__visibility_control.h
[0.541s] -- Up-to-date: /home/shriram/Desktop/ros2Project/install/arduinobot_msgs/include/arduinobot_msgs/arduinobot_msgs/srv
[0.542s] -- Up-to-date: /home/shriram/Desktop/ros2Project/install/arduinobot_msgs/include/arduinobot_msgs/arduinobot_msgs/srv/detail
[0.542s] -- Up-to-date: /home/shriram/Desktop/ros2Project/install/arduinobot_msgs/include/arduinobot_msgs/arduinobot_msgs/srv/detail/quarternion_to_euler__type_support.c
[0.542s] -- Up-to-date: /home/shriram/Desktop/ros2Project/install/arduinobot_msgs/include/arduinobot_msgs/arduinobot_msgs/srv/detail/add_two_ints__type_support.c
[0.542s] -- Up-to-date: /home/shriram/Desktop/ros2Project/install/arduinobot_msgs/include/arduinobot_msgs/arduinobot_msgs/srv/detail/euler_to_quarternion__rosidl_typesupport_introspection_c.h
[0.542s] -- Up-to-date: /home/shriram/Desktop/ros2Project/install/arduinobot_msgs/include/arduinobot_msgs/arduinobot_msgs/srv/detail/quarternion_to_euler__rosidl_typesupport_introspection_c.h
[0.542s] -- Up-to-date: /home/shriram/Desktop/ros2Project/install/arduinobot_msgs/include/arduinobot_msgs/arduinobot_msgs/srv/detail/euler_to_quarternion__type_support.c
[0.542s] -- Up-to-date: /home/shriram/Desktop/ros2Project/install/arduinobot_msgs/include/arduinobot_msgs/arduinobot_msgs/srv/detail/add_two_ints__rosidl_typesupport_introspection_c.h
[0.542s] -- Up-to-date: /home/shriram/Desktop/ros2Project/install/arduinobot_msgs/include/arduinobot_msgs/arduinobot_msgs/action
[0.542s] -- Up-to-date: /home/shriram/Desktop/ros2Project/install/arduinobot_msgs/include/arduinobot_msgs/arduinobot_msgs/action/detail
[0.542s] -- Up-to-date: /home/shriram/Desktop/ros2Project/install/arduinobot_msgs/include/arduinobot_msgs/arduinobot_msgs/action/detail/arduinobot_task__rosidl_typesupport_introspection_c.h
[0.543s] -- Up-to-date: /home/shriram/Desktop/ros2Project/install/arduinobot_msgs/include/arduinobot_msgs/arduinobot_msgs/action/detail/arduinobot_task__type_support.c
[0.543s] -- Up-to-date: /home/shriram/Desktop/ros2Project/install/arduinobot_msgs/include/arduinobot_msgs/arduinobot_msgs/action/detail/fibonacci__rosidl_typesupport_introspection_c.h
[0.543s] -- Up-to-date: /home/shriram/Desktop/ros2Project/install/arduinobot_msgs/include/arduinobot_msgs/arduinobot_msgs/action/detail/fibonacci__type_support.c
[0.543s] -- Up-to-date: /home/shriram/Desktop/ros2Project/install/arduinobot_msgs/lib/libarduinobot_msgs__rosidl_typesupport_introspection_c.so
[0.543s] -- Up-to-date: /home/shriram/Desktop/ros2Project/install/arduinobot_msgs/lib/libarduinobot_msgs__rosidl_typesupport_c.so
[0.543s] -- Up-to-date: /home/shriram/Desktop/ros2Project/install/arduinobot_msgs/include/arduinobot_msgs/arduinobot_msgs
[0.543s] -- Up-to-date: /home/shriram/Desktop/ros2Project/install/arduinobot_msgs/include/arduinobot_msgs/arduinobot_msgs/srv
[0.543s] -- Up-to-date: /home/shriram/Desktop/ros2Project/install/arduinobot_msgs/include/arduinobot_msgs/arduinobot_msgs/srv/detail
[0.543s] -- Up-to-date: /home/shriram/Desktop/ros2Project/install/arduinobot_msgs/include/arduinobot_msgs/arduinobot_msgs/srv/detail/add_two_ints__rosidl_typesupport_introspection_cpp.hpp
[0.543s] -- Up-to-date: /home/shriram/Desktop/ros2Project/install/arduinobot_msgs/include/arduinobot_msgs/arduinobot_msgs/srv/detail/add_two_ints__type_support.cpp
[0.543s] -- Up-to-date: /home/shriram/Desktop/ros2Project/install/arduinobot_msgs/include/arduinobot_msgs/arduinobot_msgs/srv/detail/quarternion_to_euler__type_support.cpp
[0.544s] -- Up-to-date: /home/shriram/Desktop/ros2Project/install/arduinobot_msgs/include/arduinobot_msgs/arduinobot_msgs/srv/detail/euler_to_quarternion__rosidl_typesupport_introspection_cpp.hpp
[0.544s] -- Up-to-date: /home/shriram/Desktop/ros2Project/install/arduinobot_msgs/include/arduinobot_msgs/arduinobot_msgs/srv/detail/euler_to_quarternion__type_support.cpp
[0.544s] -- Up-to-date: /home/shriram/Desktop/ros2Project/install/arduinobot_msgs/include/arduinobot_msgs/arduinobot_msgs/srv/detail/quarternion_to_euler__rosidl_typesupport_introspection_cpp.hpp
[0.544s] -- Up-to-date: /home/shriram/Desktop/ros2Project/install/arduinobot_msgs/include/arduinobot_msgs/arduinobot_msgs/action
[0.544s] -- Up-to-date: /home/shriram/Desktop/ros2Project/install/arduinobot_msgs/include/arduinobot_msgs/arduinobot_msgs/action/detail
[0.544s] -- Up-to-date: /home/shriram/Desktop/ros2Project/install/arduinobot_msgs/include/arduinobot_msgs/arduinobot_msgs/action/detail/arduinobot_task__type_support.cpp
[0.544s] -- Up-to-date: /home/shriram/Desktop/ros2Project/install/arduinobot_msgs/include/arduinobot_msgs/arduinobot_msgs/action/detail/fibonacci__type_support.cpp
[0.544s] -- Up-to-date: /home/shriram/Desktop/ros2Project/install/arduinobot_msgs/include/arduinobot_msgs/arduinobot_msgs/action/detail/fibonacci__rosidl_typesupport_introspection_cpp.hpp
[0.544s] -- Up-to-date: /home/shriram/Desktop/ros2Project/install/arduinobot_msgs/include/arduinobot_msgs/arduinobot_msgs/action/detail/arduinobot_task__rosidl_typesupport_introspection_cpp.hpp
[0.545s] -- Up-to-date: /home/shriram/Desktop/ros2Project/install/arduinobot_msgs/lib/libarduinobot_msgs__rosidl_typesupport_introspection_cpp.so
[0.545s] -- Up-to-date: /home/shriram/Desktop/ros2Project/install/arduinobot_msgs/lib/libarduinobot_msgs__rosidl_typesupport_cpp.so
[0.545s] -- Up-to-date: /home/shriram/Desktop/ros2Project/install/arduinobot_msgs/share/arduinobot_msgs/environment/pythonpath.sh
[0.545s] -- Up-to-date: /home/shriram/Desktop/ros2Project/install/arduinobot_msgs/share/arduinobot_msgs/environment/pythonpath.dsv
[0.545s] -- Up-to-date: /home/shriram/Desktop/ros2Project/install/arduinobot_msgs/local/lib/python3.10/dist-packages/arduinobot_msgs-0.0.0-py3.10.egg-info
[0.545s] -- Installing: /home/shriram/Desktop/ros2Project/install/arduinobot_msgs/local/lib/python3.10/dist-packages/arduinobot_msgs-0.0.0-py3.10.egg-info/dependency_links.txt
[0.545s] -- Installing: /home/shriram/Desktop/ros2Project/install/arduinobot_msgs/local/lib/python3.10/dist-packages/arduinobot_msgs-0.0.0-py3.10.egg-info/SOURCES.txt
[0.545s] -- Installing: /home/shriram/Desktop/ros2Project/install/arduinobot_msgs/local/lib/python3.10/dist-packages/arduinobot_msgs-0.0.0-py3.10.egg-info/PKG-INFO
[0.545s] -- Installing: /home/shriram/Desktop/ros2Project/install/arduinobot_msgs/local/lib/python3.10/dist-packages/arduinobot_msgs-0.0.0-py3.10.egg-info/top_level.txt
[0.545s] -- Up-to-date: /home/shriram/Desktop/ros2Project/install/arduinobot_msgs/local/lib/python3.10/dist-packages/arduinobot_msgs
[0.546s] -- Up-to-date: /home/shriram/Desktop/ros2Project/install/arduinobot_msgs/local/lib/python3.10/dist-packages/arduinobot_msgs/srv
[0.546s] -- Up-to-date: /home/shriram/Desktop/ros2Project/install/arduinobot_msgs/local/lib/python3.10/dist-packages/arduinobot_msgs/srv/_quarternion_to_euler_s.c
[0.546s] -- Up-to-date: /home/shriram/Desktop/ros2Project/install/arduinobot_msgs/local/lib/python3.10/dist-packages/arduinobot_msgs/srv/_quarternion_to_euler.py
[0.546s] -- Up-to-date: /home/shriram/Desktop/ros2Project/install/arduinobot_msgs/local/lib/python3.10/dist-packages/arduinobot_msgs/srv/_add_two_ints.py
[0.546s] -- Up-to-date: /home/shriram/Desktop/ros2Project/install/arduinobot_msgs/local/lib/python3.10/dist-packages/arduinobot_msgs/srv/_add_two_ints_s.c
[0.546s] -- Up-to-date: /home/shriram/Desktop/ros2Project/install/arduinobot_msgs/local/lib/python3.10/dist-packages/arduinobot_msgs/srv/_euler_to_quarternion.py
[0.546s] -- Up-to-date: /home/shriram/Desktop/ros2Project/install/arduinobot_msgs/local/lib/python3.10/dist-packages/arduinobot_msgs/srv/__init__.py
[0.546s] -- Up-to-date: /home/shriram/Desktop/ros2Project/install/arduinobot_msgs/local/lib/python3.10/dist-packages/arduinobot_msgs/srv/_euler_to_quarternion_s.c
[0.546s] -- Up-to-date: /home/shriram/Desktop/ros2Project/install/arduinobot_msgs/local/lib/python3.10/dist-packages/arduinobot_msgs/action
[0.546s] -- Up-to-date: /home/shriram/Desktop/ros2Project/install/arduinobot_msgs/local/lib/python3.10/dist-packages/arduinobot_msgs/action/_fibonacci_s.c
[0.546s] -- Up-to-date: /home/shriram/Desktop/ros2Project/install/arduinobot_msgs/local/lib/python3.10/dist-packages/arduinobot_msgs/action/_arduinobot_task.py
[0.547s] -- Up-to-date: /home/shriram/Desktop/ros2Project/install/arduinobot_msgs/local/lib/python3.10/dist-packages/arduinobot_msgs/action/__init__.py
[0.547s] -- Up-to-date: /home/shriram/Desktop/ros2Project/install/arduinobot_msgs/local/lib/python3.10/dist-packages/arduinobot_msgs/action/_arduinobot_task_s.c
[0.547s] -- Up-to-date: /home/shriram/Desktop/ros2Project/install/arduinobot_msgs/local/lib/python3.10/dist-packages/arduinobot_msgs/action/_fibonacci.py
[0.547s] -- Up-to-date: /home/shriram/Desktop/ros2Project/install/arduinobot_msgs/local/lib/python3.10/dist-packages/arduinobot_msgs/arduinobot_msgs_s__rosidl_typesupport_fastrtps_c.cpython-310-x86_64-linux-gnu.so
[0.547s] -- Up-to-date: /home/shriram/Desktop/ros2Project/install/arduinobot_msgs/local/lib/python3.10/dist-packages/arduinobot_msgs/libarduinobot_msgs__rosidl_generator_py.so
[0.547s] -- Up-to-date: /home/shriram/Desktop/ros2Project/install/arduinobot_msgs/local/lib/python3.10/dist-packages/arduinobot_msgs/arduinobot_msgs_s__rosidl_typesupport_introspection_c.cpython-310-x86_64-linux-gnu.so
[0.547s] -- Up-to-date: /home/shriram/Desktop/ros2Project/install/arduinobot_msgs/local/lib/python3.10/dist-packages/arduinobot_msgs/__init__.py
[0.547s] -- Up-to-date: /home/shriram/Desktop/ros2Project/install/arduinobot_msgs/local/lib/python3.10/dist-packages/arduinobot_msgs/_arduinobot_msgs_s.ep.rosidl_typesupport_fastrtps_c.c
[0.547s] -- Up-to-date: /home/shriram/Desktop/ros2Project/install/arduinobot_msgs/local/lib/python3.10/dist-packages/arduinobot_msgs/arduinobot_msgs_s__rosidl_typesupport_c.cpython-310-x86_64-linux-gnu.so
[0.547s] -- Up-to-date: /home/shriram/Desktop/ros2Project/install/arduinobot_msgs/local/lib/python3.10/dist-packages/arduinobot_msgs/_arduinobot_msgs_s.ep.rosidl_typesupport_introspection_c.c
[0.548s] -- Up-to-date: /home/shriram/Desktop/ros2Project/install/arduinobot_msgs/local/lib/python3.10/dist-packages/arduinobot_msgs/_arduinobot_msgs_s.ep.rosidl_typesupport_c.c
[0.577s] Listing '/home/shriram/Desktop/ros2Project/install/arduinobot_msgs/local/lib/python3.10/dist-packages/arduinobot_msgs'...
[0.577s] Listing '/home/shriram/Desktop/ros2Project/install/arduinobot_msgs/local/lib/python3.10/dist-packages/arduinobot_msgs/action'...
[0.578s] Listing '/home/shriram/Desktop/ros2Project/install/arduinobot_msgs/local/lib/python3.10/dist-packages/arduinobot_msgs/srv'...
[0.595s] -- Up-to-date: /home/shriram/Desktop/ros2Project/install/arduinobot_msgs/local/lib/python3.10/dist-packages/arduinobot_msgs/arduinobot_msgs_s__rosidl_typesupport_fastrtps_c.cpython-310-x86_64-linux-gnu.so
[0.595s] -- Up-to-date: /home/shriram/Desktop/ros2Project/install/arduinobot_msgs/local/lib/python3.10/dist-packages/arduinobot_msgs/arduinobot_msgs_s__rosidl_typesupport_introspection_c.cpython-310-x86_64-linux-gnu.so
[0.596s] -- Up-to-date: /home/shriram/Desktop/ros2Project/install/arduinobot_msgs/local/lib/python3.10/dist-packages/arduinobot_msgs/arduinobot_msgs_s__rosidl_typesupport_c.cpython-310-x86_64-linux-gnu.so
[0.596s] -- Up-to-date: /home/shriram/Desktop/ros2Project/install/arduinobot_msgs/lib/libarduinobot_msgs__rosidl_generator_py.so
[0.596s] -- Up-to-date: /home/shriram/Desktop/ros2Project/install/arduinobot_msgs/share/arduinobot_msgs/srv/AddTwoInts.idl
[0.596s] -- Up-to-date: /home/shriram/Desktop/ros2Project/install/arduinobot_msgs/share/arduinobot_msgs/srv/EulerToQuarternion.idl
[0.596s] -- Up-to-date: /home/shriram/Desktop/ros2Project/install/arduinobot_msgs/share/arduinobot_msgs/srv/QuarternionToEuler.idl
[0.597s] -- Up-to-date: /home/shriram/Desktop/ros2Project/install/arduinobot_msgs/share/arduinobot_msgs/action/Fibonacci.idl
[0.597s] -- Up-to-date: /home/shriram/Desktop/ros2Project/install/arduinobot_msgs/share/arduinobot_msgs/action/ArduinobotTask.idl
[0.597s] -- Up-to-date: /home/shriram/Desktop/ros2Project/install/arduinobot_msgs/share/arduinobot_msgs/srv/AddTwoInts.srv
[0.597s] -- Up-to-date: /home/shriram/Desktop/ros2Project/install/arduinobot_msgs/share/arduinobot_msgs/srv/AddTwoInts_Request.msg
[0.597s] -- Up-to-date: /home/shriram/Desktop/ros2Project/install/arduinobot_msgs/share/arduinobot_msgs/srv/AddTwoInts_Response.msg
[0.598s] -- Up-to-date: /home/shriram/Desktop/ros2Project/install/arduinobot_msgs/share/arduinobot_msgs/srv/EulerToQuarternion.srv
[0.598s] -- Up-to-date: /home/shriram/Desktop/ros2Project/install/arduinobot_msgs/share/arduinobot_msgs/srv/EulerToQuarternion_Request.msg
[0.598s] -- Up-to-date: /home/shriram/Desktop/ros2Project/install/arduinobot_msgs/share/arduinobot_msgs/srv/EulerToQuarternion_Response.msg
[0.598s] -- Up-to-date: /home/shriram/Desktop/ros2Project/install/arduinobot_msgs/share/arduinobot_msgs/srv/QuarternionToEuler.srv
[0.598s] -- Up-to-date: /home/shriram/Desktop/ros2Project/install/arduinobot_msgs/share/arduinobot_msgs/srv/QuarternionToEuler_Request.msg
[0.598s] -- Up-to-date: /home/shriram/Desktop/ros2Project/install/arduinobot_msgs/share/arduinobot_msgs/srv/QuarternionToEuler_Response.msg
[0.598s] -- Up-to-date: /home/shriram/Desktop/ros2Project/install/arduinobot_msgs/share/arduinobot_msgs/action/Fibonacci.action
[0.598s] -- Up-to-date: /home/shriram/Desktop/ros2Project/install/arduinobot_msgs/share/arduinobot_msgs/action/ArduinobotTask.action
[0.598s] -- Up-to-date: /home/shriram/Desktop/ros2Project/install/arduinobot_msgs/share/ament_index/resource_index/package_run_dependencies/arduinobot_msgs
[0.598s] -- Up-to-date: /home/shriram/Desktop/ros2Project/install/arduinobot_msgs/share/ament_index/resource_index/parent_prefix_path/arduinobot_msgs
[0.598s] -- Up-to-date: /home/shriram/Desktop/ros2Project/install/arduinobot_msgs/share/arduinobot_msgs/environment/ament_prefix_path.sh
[0.598s] -- Up-to-date: /home/shriram/Desktop/ros2Project/install/arduinobot_msgs/share/arduinobot_msgs/environment/ament_prefix_path.dsv
[0.599s] -- Up-to-date: /home/shriram/Desktop/ros2Project/install/arduinobot_msgs/share/arduinobot_msgs/environment/path.sh
[0.599s] -- Up-to-date: /home/shriram/Desktop/ros2Project/install/arduinobot_msgs/share/arduinobot_msgs/environment/path.dsv
[0.599s] -- Up-to-date: /home/shriram/Desktop/ros2Project/install/arduinobot_msgs/share/arduinobot_msgs/local_setup.bash
[0.599s] -- Up-to-date: /home/shriram/Desktop/ros2Project/install/arduinobot_msgs/share/arduinobot_msgs/local_setup.sh
[0.599s] -- Up-to-date: /home/shriram/Desktop/ros2Project/install/arduinobot_msgs/share/arduinobot_msgs/local_setup.zsh
[0.599s] -- Up-to-date: /home/shriram/Desktop/ros2Project/install/arduinobot_msgs/share/arduinobot_msgs/local_setup.dsv
[0.599s] -- Installing: /home/shriram/Desktop/ros2Project/install/arduinobot_msgs/share/arduinobot_msgs/package.dsv
[0.599s] -- Up-to-date: /home/shriram/Desktop/ros2Project/install/arduinobot_msgs/share/ament_index/resource_index/packages/arduinobot_msgs
[0.599s] -- Up-to-date: /home/shriram/Desktop/ros2Project/install/arduinobot_msgs/share/arduinobot_msgs/cmake/export_arduinobot_msgs__rosidl_generator_cExport.cmake
[0.599s] -- Up-to-date: /home/shriram/Desktop/ros2Project/install/arduinobot_msgs/share/arduinobot_msgs/cmake/export_arduinobot_msgs__rosidl_generator_cExport-noconfig.cmake
[0.599s] -- Up-to-date: /home/shriram/Desktop/ros2Project/install/arduinobot_msgs/share/arduinobot_msgs/cmake/export_arduinobot_msgs__rosidl_typesupport_fastrtps_cExport.cmake
[0.600s] -- Up-to-date: /home/shriram/Desktop/ros2Project/install/arduinobot_msgs/share/arduinobot_msgs/cmake/export_arduinobot_msgs__rosidl_typesupport_fastrtps_cExport-noconfig.cmake
[0.600s] -- Up-to-date: /home/shriram/Desktop/ros2Project/install/arduinobot_msgs/share/arduinobot_msgs/cmake/export_arduinobot_msgs__rosidl_generator_cppExport.cmake
[0.601s] -- Up-to-date: /home/shriram/Desktop/ros2Project/install/arduinobot_msgs/share/arduinobot_msgs/cmake/export_arduinobot_msgs__rosidl_typesupport_fastrtps_cppExport.cmake
[0.601s] -- Up-to-date: /home/shriram/Desktop/ros2Project/install/arduinobot_msgs/share/arduinobot_msgs/cmake/export_arduinobot_msgs__rosidl_typesupport_fastrtps_cppExport-noconfig.cmake
[0.601s] -- Up-to-date: /home/shriram/Desktop/ros2Project/install/arduinobot_msgs/share/arduinobot_msgs/cmake/arduinobot_msgs__rosidl_typesupport_introspection_cExport.cmake
[0.601s] -- Up-to-date: /home/shriram/Desktop/ros2Project/install/arduinobot_msgs/share/arduinobot_msgs/cmake/arduinobot_msgs__rosidl_typesupport_introspection_cExport-noconfig.cmake
[0.601s] -- Up-to-date: /home/shriram/Desktop/ros2Project/install/arduinobot_msgs/share/arduinobot_msgs/cmake/arduinobot_msgs__rosidl_typesupport_cExport.cmake
[0.601s] -- Up-to-date: /home/shriram/Desktop/ros2Project/install/arduinobot_msgs/share/arduinobot_msgs/cmake/arduinobot_msgs__rosidl_typesupport_cExport-noconfig.cmake
[0.601s] -- Up-to-date: /home/shriram/Desktop/ros2Project/install/arduinobot_msgs/share/arduinobot_msgs/cmake/arduinobot_msgs__rosidl_typesupport_introspection_cppExport.cmake
[0.602s] -- Up-to-date: /home/shriram/Desktop/ros2Project/install/arduinobot_msgs/share/arduinobot_msgs/cmake/arduinobot_msgs__rosidl_typesupport_introspection_cppExport-noconfig.cmake
[0.602s] -- Up-to-date: /home/shriram/Desktop/ros2Project/install/arduinobot_msgs/share/arduinobot_msgs/cmake/arduinobot_msgs__rosidl_typesupport_cppExport.cmake
[0.602s] -- Up-to-date: /home/shriram/Desktop/ros2Project/install/arduinobot_msgs/share/arduinobot_msgs/cmake/arduinobot_msgs__rosidl_typesupport_cppExport-noconfig.cmake
[0.602s] -- Up-to-date: /home/shriram/Desktop/ros2Project/install/arduinobot_msgs/share/arduinobot_msgs/cmake/export_arduinobot_msgs__rosidl_generator_pyExport.cmake
[0.602s] -- Up-to-date: /home/shriram/Desktop/ros2Project/install/arduinobot_msgs/share/arduinobot_msgs/cmake/export_arduinobot_msgs__rosidl_generator_pyExport-noconfig.cmake
[0.602s] -- Up-to-date: /home/shriram/Desktop/ros2Project/install/arduinobot_msgs/share/arduinobot_msgs/cmake/rosidl_cmake-extras.cmake
[0.602s] -- Up-to-date: /home/shriram/Desktop/ros2Project/install/arduinobot_msgs/share/arduinobot_msgs/cmake/ament_cmake_export_dependencies-extras.cmake
[0.602s] -- Up-to-date: /home/shriram/Desktop/ros2Project/install/arduinobot_msgs/share/arduinobot_msgs/cmake/ament_cmake_export_include_directories-extras.cmake
[0.602s] -- Up-to-date: /home/shriram/Desktop/ros2Project/install/arduinobot_msgs/share/arduinobot_msgs/cmake/ament_cmake_export_libraries-extras.cmake
[0.602s] -- Up-to-date: /home/shriram/Desktop/ros2Project/install/arduinobot_msgs/share/arduinobot_msgs/cmake/ament_cmake_export_targets-extras.cmake
[0.602s] -- Up-to-date: /home/shriram/Desktop/ros2Project/install/arduinobot_msgs/share/arduinobot_msgs/cmake/rosidl_cmake_export_typesupport_targets-extras.cmake
[0.602s] -- Up-to-date: /home/shriram/Desktop/ros2Project/install/arduinobot_msgs/share/arduinobot_msgs/cmake/rosidl_cmake_export_typesupport_libraries-extras.cmake
[0.603s] -- Up-to-date: /home/shriram/Desktop/ros2Project/install/arduinobot_msgs/share/arduinobot_msgs/cmake/arduinobot_msgsConfig.cmake
[0.603s] -- Up-to-date: /home/shriram/Desktop/ros2Project/install/arduinobot_msgs/share/arduinobot_msgs/cmake/arduinobot_msgsConfig-version.cmake
[0.603s] -- Up-to-date: /home/shriram/Desktop/ros2Project/install/arduinobot_msgs/share/arduinobot_msgs/package.xml
[0.608s] Invoked command in '/home/shriram/Desktop/ros2Project/build/arduinobot_msgs' returned '0': CMAKE_PREFIX_PATH=/opt/ros/humble /usr/bin/cmake --install /home/shriram/Desktop/ros2Project/build/arduinobot_msgs
