[0.324s] DEBUG:colcon:Command line arguments: ['/usr/bin/colcon', 'build']
[0.324s] DEBUG:colcon:Parsed command line arguments: Namespace(log_base=None, log_level=None, verb_name='build', build_base='build', install_base='install', merge_install=False, symlink_install=False, test_result_base=None, continue_on_error=False, executor='parallel', parallel_workers=12, event_handlers=None, ignore_user_meta=False, metas=['./colcon.meta'], base_paths=['.'], packages_ignore=None, packages_ignore_regex=None, paths=None, packages_up_to=None, packages_up_to_regex=None, packages_above=None, packages_above_and_dependencies=None, packages_above_depth=None, packages_select_by_dep=None, packages_skip_by_dep=None, packages_skip_up_to=None, packages_select_build_failed=False, packages_skip_build_finished=False, packages_select_test_failures=False, packages_skip_test_passed=False, packages_select=None, packages_skip=None, packages_select_regex=None, packages_skip_regex=None, packages_start=None, packages_end=None, allow_overriding=[], cmake_args=None, cmake_target=None, cmake_target_skip_unavailable=False, cmake_clean_cache=False, cmake_clean_first=False, cmake_force_configure=False, ament_cmake_args=None, catkin_cmake_args=None, catkin_skip_building_tests=False, mixin_files=None, mixin=None, verb_parser=<colcon_mixin.mixin.mixin_argument.MixinArgumentDecorator object at 0x7f8546973a90>, verb_extension=<colcon_core.verb.build.BuildVerb object at 0x7f8546391570>, main=<bound method BuildVerb.main of <colcon_core.verb.build.BuildVerb object at 0x7f8546391570>>, mixin_verb=('build',))
[0.343s] Level 1:colcon.colcon_core.package_discovery:discover_packages(colcon_meta) check parameters
[0.343s] Level 1:colcon.colcon_core.package_discovery:discover_packages(recursive) check parameters
[0.343s] Level 1:colcon.colcon_core.package_discovery:discover_packages(ignore) check parameters
[0.343s] Level 1:colcon.colcon_core.package_discovery:discover_packages(path) check parameters
[0.343s] Level 1:colcon.colcon_core.package_discovery:discover_packages(colcon_meta) discover
[0.343s] Level 1:colcon.colcon_core.package_discovery:discover_packages(recursive) discover
[0.344s] INFO:colcon.colcon_core.package_discovery:Crawling recursively for packages in '/home/shriram/Desktop/ros2Project'
[0.344s] Level 1:colcon.colcon_core.package_identification:_identify(.) by extensions ['ignore', 'ignore_ament_install']
[0.344s] Level 1:colcon.colcon_core.package_identification:_identify(.) by extension 'ignore'
[0.344s] Level 1:colcon.colcon_core.package_identification:_identify(.) by extension 'ignore_ament_install'
[0.344s] Level 1:colcon.colcon_core.package_identification:_identify(.) by extensions ['colcon_pkg']
[0.344s] Level 1:colcon.colcon_core.package_identification:_identify(.) by extension 'colcon_pkg'
[0.344s] Level 1:colcon.colcon_core.package_identification:_identify(.) by extensions ['colcon_meta']
[0.344s] Level 1:colcon.colcon_core.package_identification:_identify(.) by extension 'colcon_meta'
[0.344s] Level 1:colcon.colcon_core.package_identification:_identify(.) by extensions ['ros']
[0.344s] Level 1:colcon.colcon_core.package_identification:_identify(.) by extension 'ros'
[0.352s] Level 1:colcon.colcon_core.package_identification:_identify(.) by extensions ['cmake', 'python']
[0.352s] Level 1:colcon.colcon_core.package_identification:_identify(.) by extension 'cmake'
[0.352s] Level 1:colcon.colcon_core.package_identification:_identify(.) by extension 'python'
[0.353s] Level 1:colcon.colcon_core.package_identification:_identify(.) by extensions ['python_setup_py']
[0.353s] Level 1:colcon.colcon_core.package_identification:_identify(.) by extension 'python_setup_py'
[0.353s] Level 1:colcon.colcon_core.package_identification:_identify(build) by extensions ['ignore', 'ignore_ament_install']
[0.353s] Level 1:colcon.colcon_core.package_identification:_identify(build) by extension 'ignore'
[0.353s] Level 1:colcon.colcon_core.package_identification:_identify(build) ignored
[0.353s] Level 1:colcon.colcon_core.package_identification:_identify(install) by extensions ['ignore', 'ignore_ament_install']
[0.353s] Level 1:colcon.colcon_core.package_identification:_identify(install) by extension 'ignore'
[0.353s] Level 1:colcon.colcon_core.package_identification:_identify(install) ignored
[0.353s] Level 1:colcon.colcon_core.package_identification:_identify(log) by extensions ['ignore', 'ignore_ament_install']
[0.353s] Level 1:colcon.colcon_core.package_identification:_identify(log) by extension 'ignore'
[0.353s] Level 1:colcon.colcon_core.package_identification:_identify(log) ignored
[0.353s] Level 1:colcon.colcon_core.package_identification:_identify(src) by extensions ['ignore', 'ignore_ament_install']
[0.353s] Level 1:colcon.colcon_core.package_identification:_identify(src) by extension 'ignore'
[0.353s] Level 1:colcon.colcon_core.package_identification:_identify(src) by extension 'ignore_ament_install'
[0.353s] Level 1:colcon.colcon_core.package_identification:_identify(src) by extensions ['colcon_pkg']
[0.353s] Level 1:colcon.colcon_core.package_identification:_identify(src) by extension 'colcon_pkg'
[0.353s] Level 1:colcon.colcon_core.package_identification:_identify(src) by extensions ['colcon_meta']
[0.353s] Level 1:colcon.colcon_core.package_identification:_identify(src) by extension 'colcon_meta'
[0.353s] Level 1:colcon.colcon_core.package_identification:_identify(src) by extensions ['ros']
[0.354s] Level 1:colcon.colcon_core.package_identification:_identify(src) by extension 'ros'
[0.354s] Level 1:colcon.colcon_core.package_identification:_identify(src) by extensions ['cmake', 'python']
[0.354s] Level 1:colcon.colcon_core.package_identification:_identify(src) by extension 'cmake'
[0.354s] Level 1:colcon.colcon_core.package_identification:_identify(src) by extension 'python'
[0.354s] Level 1:colcon.colcon_core.package_identification:_identify(src) by extensions ['python_setup_py']
[0.354s] Level 1:colcon.colcon_core.package_identification:_identify(src) by extension 'python_setup_py'
[0.354s] Level 1:colcon.colcon_core.package_identification:_identify(src/arduinobot_controller) by extensions ['ignore', 'ignore_ament_install']
[0.354s] Level 1:colcon.colcon_core.package_identification:_identify(src/arduinobot_controller) by extension 'ignore'
[0.354s] Level 1:colcon.colcon_core.package_identification:_identify(src/arduinobot_controller) by extension 'ignore_ament_install'
[0.354s] Level 1:colcon.colcon_core.package_identification:_identify(src/arduinobot_controller) by extensions ['colcon_pkg']
[0.354s] Level 1:colcon.colcon_core.package_identification:_identify(src/arduinobot_controller) by extension 'colcon_pkg'
[0.354s] Level 1:colcon.colcon_core.package_identification:_identify(src/arduinobot_controller) by extensions ['colcon_meta']
[0.354s] Level 1:colcon.colcon_core.package_identification:_identify(src/arduinobot_controller) by extension 'colcon_meta'
[0.354s] Level 1:colcon.colcon_core.package_identification:_identify(src/arduinobot_controller) by extensions ['ros']
[0.354s] Level 1:colcon.colcon_core.package_identification:_identify(src/arduinobot_controller) by extension 'ros'
[0.356s] DEBUG:colcon.colcon_core.package_identification:Package 'src/arduinobot_controller' with type 'ros.ament_cmake' and name 'arduinobot_controller'
[0.356s] Level 1:colcon.colcon_core.package_identification:_identify(src/arduinobot_description) by extensions ['ignore', 'ignore_ament_install']
[0.356s] Level 1:colcon.colcon_core.package_identification:_identify(src/arduinobot_description) by extension 'ignore'
[0.356s] Level 1:colcon.colcon_core.package_identification:_identify(src/arduinobot_description) by extension 'ignore_ament_install'
[0.356s] Level 1:colcon.colcon_core.package_identification:_identify(src/arduinobot_description) by extensions ['colcon_pkg']
[0.356s] Level 1:colcon.colcon_core.package_identification:_identify(src/arduinobot_description) by extension 'colcon_pkg'
[0.356s] Level 1:colcon.colcon_core.package_identification:_identify(src/arduinobot_description) by extensions ['colcon_meta']
[0.356s] Level 1:colcon.colcon_core.package_identification:_identify(src/arduinobot_description) by extension 'colcon_meta'
[0.356s] Level 1:colcon.colcon_core.package_identification:_identify(src/arduinobot_description) by extensions ['ros']
[0.356s] Level 1:colcon.colcon_core.package_identification:_identify(src/arduinobot_description) by extension 'ros'
[0.357s] DEBUG:colcon.colcon_core.package_identification:Package 'src/arduinobot_description' with type 'ros.ament_cmake' and name 'arduinobot_description'
[0.357s] Level 1:colcon.colcon_core.package_identification:_identify(src/arduinobot_moveit) by extensions ['ignore', 'ignore_ament_install']
[0.357s] Level 1:colcon.colcon_core.package_identification:_identify(src/arduinobot_moveit) by extension 'ignore'
[0.357s] Level 1:colcon.colcon_core.package_identification:_identify(src/arduinobot_moveit) by extension 'ignore_ament_install'
[0.357s] Level 1:colcon.colcon_core.package_identification:_identify(src/arduinobot_moveit) by extensions ['colcon_pkg']
[0.357s] Level 1:colcon.colcon_core.package_identification:_identify(src/arduinobot_moveit) by extension 'colcon_pkg'
[0.357s] Level 1:colcon.colcon_core.package_identification:_identify(src/arduinobot_moveit) by extensions ['colcon_meta']
[0.357s] Level 1:colcon.colcon_core.package_identification:_identify(src/arduinobot_moveit) by extension 'colcon_meta'
[0.357s] Level 1:colcon.colcon_core.package_identification:_identify(src/arduinobot_moveit) by extensions ['ros']
[0.357s] Level 1:colcon.colcon_core.package_identification:_identify(src/arduinobot_moveit) by extension 'ros'
[0.357s] DEBUG:colcon.colcon_core.package_identification:Package 'src/arduinobot_moveit' with type 'ros.ament_cmake' and name 'arduinobot_moveit'
[0.358s] Level 1:colcon.colcon_core.package_identification:_identify(src/arduinobot_msgs) by extensions ['ignore', 'ignore_ament_install']
[0.358s] Level 1:colcon.colcon_core.package_identification:_identify(src/arduinobot_msgs) by extension 'ignore'
[0.358s] Level 1:colcon.colcon_core.package_identification:_identify(src/arduinobot_msgs) by extension 'ignore_ament_install'
[0.358s] Level 1:colcon.colcon_core.package_identification:_identify(src/arduinobot_msgs) by extensions ['colcon_pkg']
[0.358s] Level 1:colcon.colcon_core.package_identification:_identify(src/arduinobot_msgs) by extension 'colcon_pkg'
[0.358s] Level 1:colcon.colcon_core.package_identification:_identify(src/arduinobot_msgs) by extensions ['colcon_meta']
[0.358s] Level 1:colcon.colcon_core.package_identification:_identify(src/arduinobot_msgs) by extension 'colcon_meta'
[0.358s] Level 1:colcon.colcon_core.package_identification:_identify(src/arduinobot_msgs) by extensions ['ros']
[0.358s] Level 1:colcon.colcon_core.package_identification:_identify(src/arduinobot_msgs) by extension 'ros'
[0.358s] DEBUG:colcon.colcon_core.package_identification:Package 'src/arduinobot_msgs' with type 'ros.ament_cmake' and name 'arduinobot_msgs'
[0.358s] Level 1:colcon.colcon_core.package_identification:_identify(src/arduinobot_py) by extensions ['ignore', 'ignore_ament_install']
[0.358s] Level 1:colcon.colcon_core.package_identification:_identify(src/arduinobot_py) by extension 'ignore'
[0.359s] Level 1:colcon.colcon_core.package_identification:_identify(src/arduinobot_py) by extension 'ignore_ament_install'
[0.359s] Level 1:colcon.colcon_core.package_identification:_identify(src/arduinobot_py) by extensions ['colcon_pkg']
[0.359s] Level 1:colcon.colcon_core.package_identification:_identify(src/arduinobot_py) by extension 'colcon_pkg'
[0.359s] Level 1:colcon.colcon_core.package_identification:_identify(src/arduinobot_py) by extensions ['colcon_meta']
[0.359s] Level 1:colcon.colcon_core.package_identification:_identify(src/arduinobot_py) by extension 'colcon_meta'
[0.359s] Level 1:colcon.colcon_core.package_identification:_identify(src/arduinobot_py) by extensions ['ros']
[0.359s] Level 1:colcon.colcon_core.package_identification:_identify(src/arduinobot_py) by extension 'ros'
[0.359s] DEBUG:colcon.colcon_core.package_identification:Package 'src/arduinobot_py' with type 'ros.ament_python' and name 'arduinobot_py'
[0.359s] Level 1:colcon.colcon_core.package_identification:_identify(src/arduinobot_utils) by extensions ['ignore', 'ignore_ament_install']
[0.359s] Level 1:colcon.colcon_core.package_identification:_identify(src/arduinobot_utils) by extension 'ignore'
[0.359s] Level 1:colcon.colcon_core.package_identification:_identify(src/arduinobot_utils) by extension 'ignore_ament_install'
[0.359s] Level 1:colcon.colcon_core.package_identification:_identify(src/arduinobot_utils) by extensions ['colcon_pkg']
[0.359s] Level 1:colcon.colcon_core.package_identification:_identify(src/arduinobot_utils) by extension 'colcon_pkg'
[0.359s] Level 1:colcon.colcon_core.package_identification:_identify(src/arduinobot_utils) by extensions ['colcon_meta']
[0.359s] Level 1:colcon.colcon_core.package_identification:_identify(src/arduinobot_utils) by extension 'colcon_meta'
[0.359s] Level 1:colcon.colcon_core.package_identification:_identify(src/arduinobot_utils) by extensions ['ros']
[0.359s] Level 1:colcon.colcon_core.package_identification:_identify(src/arduinobot_utils) by extension 'ros'
[0.360s] DEBUG:colcon.colcon_core.package_identification:Package 'src/arduinobot_utils' with type 'ros.ament_cmake' and name 'arduinobot_utils'
[0.360s] Level 1:colcon.colcon_core.package_discovery:discover_packages(recursive) using defaults
[0.360s] Level 1:colcon.colcon_core.package_discovery:discover_packages(ignore) discover
[0.360s] Level 1:colcon.colcon_core.package_discovery:discover_packages(ignore) using defaults
[0.360s] Level 1:colcon.colcon_core.package_discovery:discover_packages(path) discover
[0.360s] Level 1:colcon.colcon_core.package_discovery:discover_packages(path) using defaults
[0.379s] Level 1:colcon.colcon_core.package_discovery:discover_packages(prefix_path) check parameters
[0.379s] Level 1:colcon.colcon_core.package_discovery:discover_packages(prefix_path) discover
[0.381s] DEBUG:colcon.colcon_installed_package_information.package_discovery:Found 6 installed packages in /home/shriram/Desktop/ros2Project/install
[0.383s] DEBUG:colcon.colcon_installed_package_information.package_discovery:Found 456 installed packages in /opt/ros/humble
[0.385s] Level 1:colcon.colcon_core.package_discovery:discover_packages(prefix_path) using defaults
[0.445s] Level 5:colcon.colcon_core.verb:set package 'arduinobot_controller' build argument 'cmake_args' from command line to 'None'
[0.445s] Level 5:colcon.colcon_core.verb:set package 'arduinobot_controller' build argument 'cmake_target' from command line to 'None'
[0.445s] Level 5:colcon.colcon_core.verb:set package 'arduinobot_controller' build argument 'cmake_target_skip_unavailable' from command line to 'False'
[0.445s] Level 5:colcon.colcon_core.verb:set package 'arduinobot_controller' build argument 'cmake_clean_cache' from command line to 'False'
[0.445s] Level 5:colcon.colcon_core.verb:set package 'arduinobot_controller' build argument 'cmake_clean_first' from command line to 'False'
[0.445s] Level 5:colcon.colcon_core.verb:set package 'arduinobot_controller' build argument 'cmake_force_configure' from command line to 'False'
[0.445s] Level 5:colcon.colcon_core.verb:set package 'arduinobot_controller' build argument 'ament_cmake_args' from command line to 'None'
[0.445s] Level 5:colcon.colcon_core.verb:set package 'arduinobot_controller' build argument 'catkin_cmake_args' from command line to 'None'
[0.445s] Level 5:colcon.colcon_core.verb:set package 'arduinobot_controller' build argument 'catkin_skip_building_tests' from command line to 'False'
[0.445s] DEBUG:colcon.colcon_core.verb:Building package 'arduinobot_controller' with the following arguments: {'ament_cmake_args': None, 'build_base': '/home/shriram/Desktop/ros2Project/build/arduinobot_controller', 'catkin_cmake_args': None, 'catkin_skip_building_tests': False, 'cmake_args': None, 'cmake_clean_cache': False, 'cmake_clean_first': False, 'cmake_force_configure': False, 'cmake_target': None, 'cmake_target_skip_unavailable': False, 'install_base': '/home/shriram/Desktop/ros2Project/install/arduinobot_controller', 'merge_install': False, 'path': '/home/shriram/Desktop/ros2Project/src/arduinobot_controller', 'symlink_install': False, 'test_result_base': None}
[0.446s] Level 5:colcon.colcon_core.verb:set package 'arduinobot_description' build argument 'cmake_args' from command line to 'None'
[0.446s] Level 5:colcon.colcon_core.verb:set package 'arduinobot_description' build argument 'cmake_target' from command line to 'None'
[0.446s] Level 5:colcon.colcon_core.verb:set package 'arduinobot_description' build argument 'cmake_target_skip_unavailable' from command line to 'False'
[0.446s] Level 5:colcon.colcon_core.verb:set package 'arduinobot_description' build argument 'cmake_clean_cache' from command line to 'False'
[0.446s] Level 5:colcon.colcon_core.verb:set package 'arduinobot_description' build argument 'cmake_clean_first' from command line to 'False'
[0.446s] Level 5:colcon.colcon_core.verb:set package 'arduinobot_description' build argument 'cmake_force_configure' from command line to 'False'
[0.446s] Level 5:colcon.colcon_core.verb:set package 'arduinobot_description' build argument 'ament_cmake_args' from command line to 'None'
[0.446s] Level 5:colcon.colcon_core.verb:set package 'arduinobot_description' build argument 'catkin_cmake_args' from command line to 'None'
[0.446s] Level 5:colcon.colcon_core.verb:set package 'arduinobot_description' build argument 'catkin_skip_building_tests' from command line to 'False'
[0.446s] DEBUG:colcon.colcon_core.verb:Building package 'arduinobot_description' with the following arguments: {'ament_cmake_args': None, 'build_base': '/home/shriram/Desktop/ros2Project/build/arduinobot_description', 'catkin_cmake_args': None, 'catkin_skip_building_tests': False, 'cmake_args': None, 'cmake_clean_cache': False, 'cmake_clean_first': False, 'cmake_force_configure': False, 'cmake_target': None, 'cmake_target_skip_unavailable': False, 'install_base': '/home/shriram/Desktop/ros2Project/install/arduinobot_description', 'merge_install': False, 'path': '/home/shriram/Desktop/ros2Project/src/arduinobot_description', 'symlink_install': False, 'test_result_base': None}
[0.447s] Level 5:colcon.colcon_core.verb:set package 'arduinobot_moveit' build argument 'cmake_args' from command line to 'None'
[0.447s] Level 5:colcon.colcon_core.verb:set package 'arduinobot_moveit' build argument 'cmake_target' from command line to 'None'
[0.447s] Level 5:colcon.colcon_core.verb:set package 'arduinobot_moveit' build argument 'cmake_target_skip_unavailable' from command line to 'False'
[0.447s] Level 5:colcon.colcon_core.verb:set package 'arduinobot_moveit' build argument 'cmake_clean_cache' from command line to 'False'
[0.447s] Level 5:colcon.colcon_core.verb:set package 'arduinobot_moveit' build argument 'cmake_clean_first' from command line to 'False'
[0.447s] Level 5:colcon.colcon_core.verb:set package 'arduinobot_moveit' build argument 'cmake_force_configure' from command line to 'False'
[0.447s] Level 5:colcon.colcon_core.verb:set package 'arduinobot_moveit' build argument 'ament_cmake_args' from command line to 'None'
[0.447s] Level 5:colcon.colcon_core.verb:set package 'arduinobot_moveit' build argument 'catkin_cmake_args' from command line to 'None'
[0.447s] Level 5:colcon.colcon_core.verb:set package 'arduinobot_moveit' build argument 'catkin_skip_building_tests' from command line to 'False'
[0.447s] DEBUG:colcon.colcon_core.verb:Building package 'arduinobot_moveit' with the following arguments: {'ament_cmake_args': None, 'build_base': '/home/shriram/Desktop/ros2Project/build/arduinobot_moveit', 'catkin_cmake_args': None, 'catkin_skip_building_tests': False, 'cmake_args': None, 'cmake_clean_cache': False, 'cmake_clean_first': False, 'cmake_force_configure': False, 'cmake_target': None, 'cmake_target_skip_unavailable': False, 'install_base': '/home/shriram/Desktop/ros2Project/install/arduinobot_moveit', 'merge_install': False, 'path': '/home/shriram/Desktop/ros2Project/src/arduinobot_moveit', 'symlink_install': False, 'test_result_base': None}
[0.448s] Level 5:colcon.colcon_core.verb:set package 'arduinobot_msgs' build argument 'cmake_args' from command line to 'None'
[0.448s] Level 5:colcon.colcon_core.verb:set package 'arduinobot_msgs' build argument 'cmake_target' from command line to 'None'
[0.448s] Level 5:colcon.colcon_core.verb:set package 'arduinobot_msgs' build argument 'cmake_target_skip_unavailable' from command line to 'False'
[0.448s] Level 5:colcon.colcon_core.verb:set package 'arduinobot_msgs' build argument 'cmake_clean_cache' from command line to 'False'
[0.448s] Level 5:colcon.colcon_core.verb:set package 'arduinobot_msgs' build argument 'cmake_clean_first' from command line to 'False'
[0.448s] Level 5:colcon.colcon_core.verb:set package 'arduinobot_msgs' build argument 'cmake_force_configure' from command line to 'False'
[0.448s] Level 5:colcon.colcon_core.verb:set package 'arduinobot_msgs' build argument 'ament_cmake_args' from command line to 'None'
[0.448s] Level 5:colcon.colcon_core.verb:set package 'arduinobot_msgs' build argument 'catkin_cmake_args' from command line to 'None'
[0.448s] Level 5:colcon.colcon_core.verb:set package 'arduinobot_msgs' build argument 'catkin_skip_building_tests' from command line to 'False'
[0.448s] DEBUG:colcon.colcon_core.verb:Building package 'arduinobot_msgs' with the following arguments: {'ament_cmake_args': None, 'build_base': '/home/shriram/Desktop/ros2Project/build/arduinobot_msgs', 'catkin_cmake_args': None, 'catkin_skip_building_tests': False, 'cmake_args': None, 'cmake_clean_cache': False, 'cmake_clean_first': False, 'cmake_force_configure': False, 'cmake_target': None, 'cmake_target_skip_unavailable': False, 'install_base': '/home/shriram/Desktop/ros2Project/install/arduinobot_msgs', 'merge_install': False, 'path': '/home/shriram/Desktop/ros2Project/src/arduinobot_msgs', 'symlink_install': False, 'test_result_base': None}
[0.449s] Level 5:colcon.colcon_core.verb:set package 'arduinobot_py' build argument 'cmake_args' from command line to 'None'
[0.449s] Level 5:colcon.colcon_core.verb:set package 'arduinobot_py' build argument 'cmake_target' from command line to 'None'
[0.449s] Level 5:colcon.colcon_core.verb:set package 'arduinobot_py' build argument 'cmake_target_skip_unavailable' from command line to 'False'
[0.449s] Level 5:colcon.colcon_core.verb:set package 'arduinobot_py' build argument 'cmake_clean_cache' from command line to 'False'
[0.449s] Level 5:colcon.colcon_core.verb:set package 'arduinobot_py' build argument 'cmake_clean_first' from command line to 'False'
[0.449s] Level 5:colcon.colcon_core.verb:set package 'arduinobot_py' build argument 'cmake_force_configure' from command line to 'False'
[0.449s] Level 5:colcon.colcon_core.verb:set package 'arduinobot_py' build argument 'ament_cmake_args' from command line to 'None'
[0.449s] Level 5:colcon.colcon_core.verb:set package 'arduinobot_py' build argument 'catkin_cmake_args' from command line to 'None'
[0.449s] Level 5:colcon.colcon_core.verb:set package 'arduinobot_py' build argument 'catkin_skip_building_tests' from command line to 'False'
[0.449s] DEBUG:colcon.colcon_core.verb:Building package 'arduinobot_py' with the following arguments: {'ament_cmake_args': None, 'build_base': '/home/shriram/Desktop/ros2Project/build/arduinobot_py', 'catkin_cmake_args': None, 'catkin_skip_building_tests': False, 'cmake_args': None, 'cmake_clean_cache': False, 'cmake_clean_first': False, 'cmake_force_configure': False, 'cmake_target': None, 'cmake_target_skip_unavailable': False, 'install_base': '/home/shriram/Desktop/ros2Project/install/arduinobot_py', 'merge_install': False, 'path': '/home/shriram/Desktop/ros2Project/src/arduinobot_py', 'symlink_install': False, 'test_result_base': None}
[0.450s] Level 5:colcon.colcon_core.verb:set package 'arduinobot_utils' build argument 'cmake_args' from command line to 'None'
[0.450s] Level 5:colcon.colcon_core.verb:set package 'arduinobot_utils' build argument 'cmake_target' from command line to 'None'
[0.450s] Level 5:colcon.colcon_core.verb:set package 'arduinobot_utils' build argument 'cmake_target_skip_unavailable' from command line to 'False'
[0.450s] Level 5:colcon.colcon_core.verb:set package 'arduinobot_utils' build argument 'cmake_clean_cache' from command line to 'False'
[0.450s] Level 5:colcon.colcon_core.verb:set package 'arduinobot_utils' build argument 'cmake_clean_first' from command line to 'False'
[0.450s] Level 5:colcon.colcon_core.verb:set package 'arduinobot_utils' build argument 'cmake_force_configure' from command line to 'False'
[0.450s] Level 5:colcon.colcon_core.verb:set package 'arduinobot_utils' build argument 'ament_cmake_args' from command line to 'None'
[0.450s] Level 5:colcon.colcon_core.verb:set package 'arduinobot_utils' build argument 'catkin_cmake_args' from command line to 'None'
[0.450s] Level 5:colcon.colcon_core.verb:set package 'arduinobot_utils' build argument 'catkin_skip_building_tests' from command line to 'False'
[0.450s] DEBUG:colcon.colcon_core.verb:Building package 'arduinobot_utils' with the following arguments: {'ament_cmake_args': None, 'build_base': '/home/shriram/Desktop/ros2Project/build/arduinobot_utils', 'catkin_cmake_args': None, 'catkin_skip_building_tests': False, 'cmake_args': None, 'cmake_clean_cache': False, 'cmake_clean_first': False, 'cmake_force_configure': False, 'cmake_target': None, 'cmake_target_skip_unavailable': False, 'install_base': '/home/shriram/Desktop/ros2Project/install/arduinobot_utils', 'merge_install': False, 'path': '/home/shriram/Desktop/ros2Project/src/arduinobot_utils', 'symlink_install': False, 'test_result_base': None}
[0.450s] INFO:colcon.colcon_core.executor:Executing jobs using 'parallel' executor
[0.453s] DEBUG:colcon.colcon_parallel_executor.executor.parallel:run_until_complete
[0.453s] INFO:colcon.colcon_ros.task.ament_cmake.build:Building ROS package in '/home/shriram/Desktop/ros2Project/src/arduinobot_msgs' with build type 'ament_cmake'
[0.453s] INFO:colcon.colcon_cmake.task.cmake.build:Building CMake package in '/home/shriram/Desktop/ros2Project/src/arduinobot_msgs'
[0.456s] INFO:colcon.colcon_core.plugin_system:Skipping extension 'colcon_core.shell.bat': Not used on non-Windows systems
[0.457s] INFO:colcon.colcon_core.shell:Skip shell extension 'powershell' for command environment: Not usable outside of PowerShell
[0.457s] DEBUG:colcon.colcon_core.shell:Skip shell extension 'dsv' for command environment
[0.461s] INFO:colcon.colcon_ros.task.ament_cmake.build:Building ROS package in '/home/shriram/Desktop/ros2Project/src/arduinobot_controller' with build type 'ament_cmake'
[0.462s] INFO:colcon.colcon_cmake.task.cmake.build:Building CMake package in '/home/shriram/Desktop/ros2Project/src/arduinobot_controller'
[0.463s] INFO:colcon.colcon_core.shell:Skip shell extension 'powershell' for command environment: Not usable outside of PowerShell
[0.463s] DEBUG:colcon.colcon_core.shell:Skip shell extension 'dsv' for command environment
[0.467s] INFO:colcon.colcon_ros.task.ament_cmake.build:Building ROS package in '/home/shriram/Desktop/ros2Project/src/arduinobot_description' with build type 'ament_cmake'
[0.467s] INFO:colcon.colcon_cmake.task.cmake.build:Building CMake package in '/home/shriram/Desktop/ros2Project/src/arduinobot_description'
[0.468s] INFO:colcon.colcon_core.shell:Skip shell extension 'powershell' for command environment: Not usable outside of PowerShell
[0.468s] DEBUG:colcon.colcon_core.shell:Skip shell extension 'dsv' for command environment
[0.472s] INFO:colcon.colcon_ros.task.ament_cmake.build:Building ROS package in '/home/shriram/Desktop/ros2Project/src/arduinobot_moveit' with build type 'ament_cmake'
[0.472s] INFO:colcon.colcon_cmake.task.cmake.build:Building CMake package in '/home/shriram/Desktop/ros2Project/src/arduinobot_moveit'
[0.473s] INFO:colcon.colcon_core.shell:Skip shell extension 'powershell' for command environment: Not usable outside of PowerShell
[0.473s] DEBUG:colcon.colcon_core.shell:Skip shell extension 'dsv' for command environment
[0.482s] DEBUG:colcon.colcon_core.event_handler.log_command:Invoking command in '/home/shriram/Desktop/ros2Project/build/arduinobot_msgs': CMAKE_PREFIX_PATH=${CMAKE_PREFIX_PATH}:/home/shriram/Desktop/ros2Project/install/arduinobot_py:/opt/ros/humble /usr/bin/cmake --build /home/shriram/Desktop/ros2Project/build/arduinobot_msgs -- -j12 -l12
[0.484s] DEBUG:colcon.colcon_core.event_handler.log_command:Invoking command in '/home/shriram/Desktop/ros2Project/build/arduinobot_controller': CMAKE_PREFIX_PATH=${CMAKE_PREFIX_PATH}:/home/shriram/Desktop/ros2Project/install/arduinobot_py:/opt/ros/humble /usr/bin/cmake --build /home/shriram/Desktop/ros2Project/build/arduinobot_controller -- -j12 -l12
[0.486s] DEBUG:colcon.colcon_core.event_handler.log_command:Invoking command in '/home/shriram/Desktop/ros2Project/build/arduinobot_description': CMAKE_PREFIX_PATH=${CMAKE_PREFIX_PATH}:/home/shriram/Desktop/ros2Project/install/arduinobot_py:/opt/ros/humble /usr/bin/cmake --build /home/shriram/Desktop/ros2Project/build/arduinobot_description -- -j12 -l12
[0.490s] DEBUG:colcon.colcon_core.event_handler.log_command:Invoking command in '/home/shriram/Desktop/ros2Project/build/arduinobot_moveit': CMAKE_PREFIX_PATH=${CMAKE_PREFIX_PATH}:/home/shriram/Desktop/ros2Project/install/arduinobot_py:/opt/ros/humble /usr/bin/cmake --build /home/shriram/Desktop/ros2Project/build/arduinobot_moveit -- -j12 -l12
[0.519s] DEBUG:colcon.colcon_core.event_handler.log_command:Invoked command in '/home/shriram/Desktop/ros2Project/build/arduinobot_description' returned '0': CMAKE_PREFIX_PATH=${CMAKE_PREFIX_PATH}:/home/shriram/Desktop/ros2Project/install/arduinobot_py:/opt/ros/humble /usr/bin/cmake --build /home/shriram/Desktop/ros2Project/build/arduinobot_description -- -j12 -l12
[0.521s] DEBUG:colcon.colcon_core.event_handler.log_command:Invoked command in '/home/shriram/Desktop/ros2Project/build/arduinobot_controller' returned '0': CMAKE_PREFIX_PATH=${CMAKE_PREFIX_PATH}:/home/shriram/Desktop/ros2Project/install/arduinobot_py:/opt/ros/humble /usr/bin/cmake --build /home/shriram/Desktop/ros2Project/build/arduinobot_controller -- -j12 -l12
[0.536s] DEBUG:colcon.colcon_core.event_handler.log_command:Invoked command in '/home/shriram/Desktop/ros2Project/build/arduinobot_moveit' returned '0': CMAKE_PREFIX_PATH=${CMAKE_PREFIX_PATH}:/home/shriram/Desktop/ros2Project/install/arduinobot_py:/opt/ros/humble /usr/bin/cmake --build /home/shriram/Desktop/ros2Project/build/arduinobot_moveit -- -j12 -l12
[0.558s] DEBUG:colcon.colcon_core.event_handler.log_command:Invoking command in '/home/shriram/Desktop/ros2Project/build/arduinobot_description': CMAKE_PREFIX_PATH=${CMAKE_PREFIX_PATH}:/home/shriram/Desktop/ros2Project/install/arduinobot_py:/opt/ros/humble /usr/bin/cmake --install /home/shriram/Desktop/ros2Project/build/arduinobot_description
[0.567s] DEBUG:colcon.colcon_core.event_handler.log_command:Invoking command in '/home/shriram/Desktop/ros2Project/build/arduinobot_controller': CMAKE_PREFIX_PATH=${CMAKE_PREFIX_PATH}:/home/shriram/Desktop/ros2Project/install/arduinobot_py:/opt/ros/humble /usr/bin/cmake --install /home/shriram/Desktop/ros2Project/build/arduinobot_controller
[0.571s] DEBUG:colcon.colcon_core.event_handler.log_command:Invoking command in '/home/shriram/Desktop/ros2Project/build/arduinobot_moveit': CMAKE_PREFIX_PATH=${CMAKE_PREFIX_PATH}:/home/shriram/Desktop/ros2Project/install/arduinobot_py:/opt/ros/humble /usr/bin/cmake --install /home/shriram/Desktop/ros2Project/build/arduinobot_moveit
[0.578s] Level 1:colcon.colcon_core.environment:create_environment_scripts_only(arduinobot_description)
[0.585s] DEBUG:colcon.colcon_core.event_handler.log_command:Invoked command in '/home/shriram/Desktop/ros2Project/build/arduinobot_description' returned '0': CMAKE_PREFIX_PATH=${CMAKE_PREFIX_PATH}:/home/shriram/Desktop/ros2Project/install/arduinobot_py:/opt/ros/humble /usr/bin/cmake --install /home/shriram/Desktop/ros2Project/build/arduinobot_description
[0.590s] Level 1:colcon.colcon_core.environment:checking '/home/shriram/Desktop/ros2Project/install/arduinobot_description' for CMake module files
[0.591s] Level 1:colcon.colcon_core.environment:checking '/home/shriram/Desktop/ros2Project/install/arduinobot_description' for CMake config files
[0.591s] Level 1:colcon.colcon_core.shell:create_environment_hook('arduinobot_description', 'cmake_prefix_path')
[0.593s] INFO:colcon.colcon_core.shell:Creating environment hook '/home/shriram/Desktop/ros2Project/install/arduinobot_description/share/arduinobot_description/hook/cmake_prefix_path.ps1'
[0.594s] INFO:colcon.colcon_core.shell:Creating environment descriptor '/home/shriram/Desktop/ros2Project/install/arduinobot_description/share/arduinobot_description/hook/cmake_prefix_path.dsv'
[0.594s] INFO:colcon.colcon_core.shell:Creating environment hook '/home/shriram/Desktop/ros2Project/install/arduinobot_description/share/arduinobot_description/hook/cmake_prefix_path.sh'
[0.595s] Level 1:colcon.colcon_core.environment:checking '/home/shriram/Desktop/ros2Project/install/arduinobot_description/bin'
[0.595s] Level 1:colcon.colcon_core.environment:checking '/home/shriram/Desktop/ros2Project/install/arduinobot_description/lib/pkgconfig/arduinobot_description.pc'
[0.595s] Level 1:colcon.colcon_core.environment:checking '/home/shriram/Desktop/ros2Project/install/arduinobot_description/lib/python3.10/site-packages'
[0.596s] Level 1:colcon.colcon_core.environment:checking '/home/shriram/Desktop/ros2Project/install/arduinobot_description/bin'
[0.598s] INFO:colcon.colcon_core.shell:Creating package script '/home/shriram/Desktop/ros2Project/install/arduinobot_description/share/arduinobot_description/package.ps1'
[0.598s] INFO:colcon.colcon_core.shell:Creating package descriptor '/home/shriram/Desktop/ros2Project/install/arduinobot_description/share/arduinobot_description/package.dsv'
[0.599s] INFO:colcon.colcon_core.shell:Creating package script '/home/shriram/Desktop/ros2Project/install/arduinobot_description/share/arduinobot_description/package.sh'
[0.600s] INFO:colcon.colcon_core.shell:Creating package script '/home/shriram/Desktop/ros2Project/install/arduinobot_description/share/arduinobot_description/package.bash'
[0.600s] INFO:colcon.colcon_core.shell:Creating package script '/home/shriram/Desktop/ros2Project/install/arduinobot_description/share/arduinobot_description/package.zsh'
[0.601s] Level 1:colcon.colcon_core.environment:create_file_with_runtime_dependencies(/home/shriram/Desktop/ros2Project/install/arduinobot_description/share/colcon-core/packages/arduinobot_description)
[0.603s] Level 1:colcon.colcon_core.environment:create_environment_scripts_only(arduinobot_moveit)
[0.606s] Level 1:colcon.colcon_core.environment:checking '/home/shriram/Desktop/ros2Project/install/arduinobot_moveit' for CMake module files
[0.606s] DEBUG:colcon.colcon_core.event_handler.log_command:Invoked command in '/home/shriram/Desktop/ros2Project/build/arduinobot_moveit' returned '0': CMAKE_PREFIX_PATH=${CMAKE_PREFIX_PATH}:/home/shriram/Desktop/ros2Project/install/arduinobot_py:/opt/ros/humble /usr/bin/cmake --install /home/shriram/Desktop/ros2Project/build/arduinobot_moveit
[0.607s] Level 1:colcon.colcon_core.environment:checking '/home/shriram/Desktop/ros2Project/install/arduinobot_moveit' for CMake config files
[0.607s] Level 1:colcon.colcon_core.shell:create_environment_hook('arduinobot_moveit', 'cmake_prefix_path')
[0.609s] INFO:colcon.colcon_core.shell:Creating environment hook '/home/shriram/Desktop/ros2Project/install/arduinobot_moveit/share/arduinobot_moveit/hook/cmake_prefix_path.ps1'
[0.609s] INFO:colcon.colcon_core.shell:Creating environment descriptor '/home/shriram/Desktop/ros2Project/install/arduinobot_moveit/share/arduinobot_moveit/hook/cmake_prefix_path.dsv'
[0.610s] INFO:colcon.colcon_core.shell:Creating environment hook '/home/shriram/Desktop/ros2Project/install/arduinobot_moveit/share/arduinobot_moveit/hook/cmake_prefix_path.sh'
[0.610s] Level 1:colcon.colcon_core.environment:checking '/home/shriram/Desktop/ros2Project/install/arduinobot_moveit/bin'
[0.610s] Level 1:colcon.colcon_core.environment:checking '/home/shriram/Desktop/ros2Project/install/arduinobot_moveit/lib/pkgconfig/arduinobot_moveit.pc'
[0.610s] Level 1:colcon.colcon_core.environment:checking '/home/shriram/Desktop/ros2Project/install/arduinobot_moveit/lib/python3.10/site-packages'
[0.610s] Level 1:colcon.colcon_core.environment:checking '/home/shriram/Desktop/ros2Project/install/arduinobot_moveit/bin'
[0.612s] INFO:colcon.colcon_core.shell:Creating package script '/home/shriram/Desktop/ros2Project/install/arduinobot_moveit/share/arduinobot_moveit/package.ps1'
[0.612s] INFO:colcon.colcon_core.shell:Creating package descriptor '/home/shriram/Desktop/ros2Project/install/arduinobot_moveit/share/arduinobot_moveit/package.dsv'
[0.612s] INFO:colcon.colcon_core.shell:Creating package script '/home/shriram/Desktop/ros2Project/install/arduinobot_moveit/share/arduinobot_moveit/package.sh'
[0.613s] INFO:colcon.colcon_core.shell:Creating package script '/home/shriram/Desktop/ros2Project/install/arduinobot_moveit/share/arduinobot_moveit/package.bash'
[0.613s] INFO:colcon.colcon_core.shell:Creating package script '/home/shriram/Desktop/ros2Project/install/arduinobot_moveit/share/arduinobot_moveit/package.zsh'
[0.613s] Level 1:colcon.colcon_core.environment:create_file_with_runtime_dependencies(/home/shriram/Desktop/ros2Project/install/arduinobot_moveit/share/colcon-core/packages/arduinobot_moveit)
[0.615s] Level 1:colcon.colcon_core.environment:create_environment_scripts_only(arduinobot_controller)
[0.618s] Level 1:colcon.colcon_core.environment:checking '/home/shriram/Desktop/ros2Project/install/arduinobot_controller' for CMake module files
[0.619s] DEBUG:colcon.colcon_core.event_handler.log_command:Invoked command in '/home/shriram/Desktop/ros2Project/build/arduinobot_controller' returned '0': CMAKE_PREFIX_PATH=${CMAKE_PREFIX_PATH}:/home/shriram/Desktop/ros2Project/install/arduinobot_py:/opt/ros/humble /usr/bin/cmake --install /home/shriram/Desktop/ros2Project/build/arduinobot_controller
[0.620s] Level 1:colcon.colcon_core.environment:checking '/home/shriram/Desktop/ros2Project/install/arduinobot_controller' for CMake config files
[0.620s] Level 1:colcon.colcon_core.shell:create_environment_hook('arduinobot_controller', 'cmake_prefix_path')
[0.622s] INFO:colcon.colcon_core.shell:Creating environment hook '/home/shriram/Desktop/ros2Project/install/arduinobot_controller/share/arduinobot_controller/hook/cmake_prefix_path.ps1'
[0.623s] INFO:colcon.colcon_core.shell:Creating environment descriptor '/home/shriram/Desktop/ros2Project/install/arduinobot_controller/share/arduinobot_controller/hook/cmake_prefix_path.dsv'
[0.623s] INFO:colcon.colcon_core.shell:Creating environment hook '/home/shriram/Desktop/ros2Project/install/arduinobot_controller/share/arduinobot_controller/hook/cmake_prefix_path.sh'
[0.624s] Level 1:colcon.colcon_core.environment:checking '/home/shriram/Desktop/ros2Project/install/arduinobot_controller/bin'
[0.624s] Level 1:colcon.colcon_core.environment:checking '/home/shriram/Desktop/ros2Project/install/arduinobot_controller/lib/pkgconfig/arduinobot_controller.pc'
[0.624s] Level 1:colcon.colcon_core.environment:checking '/home/shriram/Desktop/ros2Project/install/arduinobot_controller/lib/python3.10/site-packages'
[0.624s] Level 1:colcon.colcon_core.environment:checking '/home/shriram/Desktop/ros2Project/install/arduinobot_controller/bin'
[0.626s] INFO:colcon.colcon_core.shell:Creating package script '/home/shriram/Desktop/ros2Project/install/arduinobot_controller/share/arduinobot_controller/package.ps1'
[0.627s] INFO:colcon.colcon_core.shell:Creating package descriptor '/home/shriram/Desktop/ros2Project/install/arduinobot_controller/share/arduinobot_controller/package.dsv'
[0.627s] INFO:colcon.colcon_core.shell:Creating package script '/home/shriram/Desktop/ros2Project/install/arduinobot_controller/share/arduinobot_controller/package.sh'
[0.627s] INFO:colcon.colcon_core.shell:Creating package script '/home/shriram/Desktop/ros2Project/install/arduinobot_controller/share/arduinobot_controller/package.bash'
[0.627s] INFO:colcon.colcon_core.shell:Creating package script '/home/shriram/Desktop/ros2Project/install/arduinobot_controller/share/arduinobot_controller/package.zsh'
[0.628s] Level 1:colcon.colcon_core.environment:create_file_with_runtime_dependencies(/home/shriram/Desktop/ros2Project/install/arduinobot_controller/share/colcon-core/packages/arduinobot_controller)
[0.632s] Level 1:colcon.colcon_core.environment:create_environment_scripts_only(arduinobot_description)
[0.634s] Level 1:colcon.colcon_core.environment:checking '/home/shriram/Desktop/ros2Project/install/arduinobot_description' for CMake module files
[0.635s] Level 1:colcon.colcon_core.environment:checking '/home/shriram/Desktop/ros2Project/install/arduinobot_description' for CMake config files
[0.635s] Level 1:colcon.colcon_core.shell:create_environment_hook('arduinobot_description', 'cmake_prefix_path')
[0.637s] INFO:colcon.colcon_core.shell:Creating environment hook '/home/shriram/Desktop/ros2Project/install/arduinobot_description/share/arduinobot_description/hook/cmake_prefix_path.ps1'
[0.638s] INFO:colcon.colcon_core.shell:Creating environment descriptor '/home/shriram/Desktop/ros2Project/install/arduinobot_description/share/arduinobot_description/hook/cmake_prefix_path.dsv'
[0.639s] INFO:colcon.colcon_core.shell:Creating environment hook '/home/shriram/Desktop/ros2Project/install/arduinobot_description/share/arduinobot_description/hook/cmake_prefix_path.sh'
[0.639s] Level 1:colcon.colcon_core.environment:checking '/home/shriram/Desktop/ros2Project/install/arduinobot_description/bin'
[0.639s] Level 1:colcon.colcon_core.environment:checking '/home/shriram/Desktop/ros2Project/install/arduinobot_description/lib/pkgconfig/arduinobot_description.pc'
[0.640s] Level 1:colcon.colcon_core.environment:checking '/home/shriram/Desktop/ros2Project/install/arduinobot_description/lib/python3.10/site-packages'
[0.640s] Level 1:colcon.colcon_core.environment:checking '/home/shriram/Desktop/ros2Project/install/arduinobot_description/bin'
[0.642s] INFO:colcon.colcon_core.shell:Creating package script '/home/shriram/Desktop/ros2Project/install/arduinobot_description/share/arduinobot_description/package.ps1'
[0.643s] INFO:colcon.colcon_core.shell:Creating package descriptor '/home/shriram/Desktop/ros2Project/install/arduinobot_description/share/arduinobot_description/package.dsv'
[0.643s] INFO:colcon.colcon_core.shell:Creating package script '/home/shriram/Desktop/ros2Project/install/arduinobot_description/share/arduinobot_description/package.sh'
[0.644s] INFO:colcon.colcon_core.shell:Creating package script '/home/shriram/Desktop/ros2Project/install/arduinobot_description/share/arduinobot_description/package.bash'
[0.644s] INFO:colcon.colcon_core.shell:Creating package script '/home/shriram/Desktop/ros2Project/install/arduinobot_description/share/arduinobot_description/package.zsh'
[0.645s] Level 1:colcon.colcon_core.environment:create_file_with_runtime_dependencies(/home/shriram/Desktop/ros2Project/install/arduinobot_description/share/colcon-core/packages/arduinobot_description)
[0.648s] Level 1:colcon.colcon_core.environment:create_environment_scripts_only(arduinobot_moveit)
[0.651s] Level 1:colcon.colcon_core.environment:checking '/home/shriram/Desktop/ros2Project/install/arduinobot_moveit' for CMake module files
[0.651s] Level 1:colcon.colcon_core.environment:checking '/home/shriram/Desktop/ros2Project/install/arduinobot_moveit' for CMake config files
[0.651s] Level 1:colcon.colcon_core.shell:create_environment_hook('arduinobot_moveit', 'cmake_prefix_path')
[0.653s] INFO:colcon.colcon_core.shell:Creating environment hook '/home/shriram/Desktop/ros2Project/install/arduinobot_moveit/share/arduinobot_moveit/hook/cmake_prefix_path.ps1'
[0.653s] INFO:colcon.colcon_core.shell:Creating environment descriptor '/home/shriram/Desktop/ros2Project/install/arduinobot_moveit/share/arduinobot_moveit/hook/cmake_prefix_path.dsv'
[0.653s] INFO:colcon.colcon_core.shell:Creating environment hook '/home/shriram/Desktop/ros2Project/install/arduinobot_moveit/share/arduinobot_moveit/hook/cmake_prefix_path.sh'
[0.654s] Level 1:colcon.colcon_core.environment:checking '/home/shriram/Desktop/ros2Project/install/arduinobot_moveit/bin'
[0.654s] Level 1:colcon.colcon_core.environment:checking '/home/shriram/Desktop/ros2Project/install/arduinobot_moveit/lib/pkgconfig/arduinobot_moveit.pc'
[0.654s] Level 1:colcon.colcon_core.environment:checking '/home/shriram/Desktop/ros2Project/install/arduinobot_moveit/lib/python3.10/site-packages'
[0.654s] Level 1:colcon.colcon_core.environment:checking '/home/shriram/Desktop/ros2Project/install/arduinobot_moveit/bin'
[0.656s] INFO:colcon.colcon_core.shell:Creating package script '/home/shriram/Desktop/ros2Project/install/arduinobot_moveit/share/arduinobot_moveit/package.ps1'
[0.657s] INFO:colcon.colcon_core.shell:Creating package descriptor '/home/shriram/Desktop/ros2Project/install/arduinobot_moveit/share/arduinobot_moveit/package.dsv'
[0.657s] INFO:colcon.colcon_core.shell:Creating package script '/home/shriram/Desktop/ros2Project/install/arduinobot_moveit/share/arduinobot_moveit/package.sh'
[0.658s] INFO:colcon.colcon_core.shell:Creating package script '/home/shriram/Desktop/ros2Project/install/arduinobot_moveit/share/arduinobot_moveit/package.bash'
[0.658s] INFO:colcon.colcon_core.shell:Creating package script '/home/shriram/Desktop/ros2Project/install/arduinobot_moveit/share/arduinobot_moveit/package.zsh'
[0.659s] Level 1:colcon.colcon_core.environment:create_file_with_runtime_dependencies(/home/shriram/Desktop/ros2Project/install/arduinobot_moveit/share/colcon-core/packages/arduinobot_moveit)
[0.661s] Level 1:colcon.colcon_core.environment:create_environment_scripts_only(arduinobot_controller)
[0.664s] Level 1:colcon.colcon_core.environment:checking '/home/shriram/Desktop/ros2Project/install/arduinobot_controller' for CMake module files
[0.666s] Level 1:colcon.colcon_core.environment:checking '/home/shriram/Desktop/ros2Project/install/arduinobot_controller' for CMake config files
[0.666s] Level 1:colcon.colcon_core.shell:create_environment_hook('arduinobot_controller', 'cmake_prefix_path')
[0.667s] INFO:colcon.colcon_core.shell:Creating environment hook '/home/shriram/Desktop/ros2Project/install/arduinobot_controller/share/arduinobot_controller/hook/cmake_prefix_path.ps1'
[0.668s] INFO:colcon.colcon_core.shell:Creating environment descriptor '/home/shriram/Desktop/ros2Project/install/arduinobot_controller/share/arduinobot_controller/hook/cmake_prefix_path.dsv'
[0.668s] INFO:colcon.colcon_core.shell:Creating environment hook '/home/shriram/Desktop/ros2Project/install/arduinobot_controller/share/arduinobot_controller/hook/cmake_prefix_path.sh'
[0.669s] Level 1:colcon.colcon_core.environment:checking '/home/shriram/Desktop/ros2Project/install/arduinobot_controller/bin'
[0.669s] Level 1:colcon.colcon_core.environment:checking '/home/shriram/Desktop/ros2Project/install/arduinobot_controller/lib/pkgconfig/arduinobot_controller.pc'
[0.669s] Level 1:colcon.colcon_core.environment:checking '/home/shriram/Desktop/ros2Project/install/arduinobot_controller/lib/python3.10/site-packages'
[0.669s] Level 1:colcon.colcon_core.environment:checking '/home/shriram/Desktop/ros2Project/install/arduinobot_controller/bin'
[0.670s] INFO:colcon.colcon_core.shell:Creating package script '/home/shriram/Desktop/ros2Project/install/arduinobot_controller/share/arduinobot_controller/package.ps1'
[0.671s] INFO:colcon.colcon_core.shell:Creating package descriptor '/home/shriram/Desktop/ros2Project/install/arduinobot_controller/share/arduinobot_controller/package.dsv'
[0.672s] INFO:colcon.colcon_core.shell:Creating package script '/home/shriram/Desktop/ros2Project/install/arduinobot_controller/share/arduinobot_controller/package.sh'
[0.672s] INFO:colcon.colcon_core.shell:Creating package script '/home/shriram/Desktop/ros2Project/install/arduinobot_controller/share/arduinobot_controller/package.bash'
[0.672s] INFO:colcon.colcon_core.shell:Creating package script '/home/shriram/Desktop/ros2Project/install/arduinobot_controller/share/arduinobot_controller/package.zsh'
[0.673s] Level 1:colcon.colcon_core.environment:create_file_with_runtime_dependencies(/home/shriram/Desktop/ros2Project/install/arduinobot_controller/share/colcon-core/packages/arduinobot_controller)
[0.897s] DEBUG:colcon.colcon_core.event_handler.log_command:Invoked command in '/home/shriram/Desktop/ros2Project/build/arduinobot_msgs' returned '0': CMAKE_PREFIX_PATH=${CMAKE_PREFIX_PATH}:/home/shriram/Desktop/ros2Project/install/arduinobot_py:/opt/ros/humble /usr/bin/cmake --build /home/shriram/Desktop/ros2Project/build/arduinobot_msgs -- -j12 -l12
[0.953s] DEBUG:colcon.colcon_core.event_handler.log_command:Invoking command in '/home/shriram/Desktop/ros2Project/build/arduinobot_msgs': CMAKE_PREFIX_PATH=${CMAKE_PREFIX_PATH}:/home/shriram/Desktop/ros2Project/install/arduinobot_py:/opt/ros/humble /usr/bin/cmake --install /home/shriram/Desktop/ros2Project/build/arduinobot_msgs
[1.013s] Level 1:colcon.colcon_core.environment:create_environment_scripts_only(arduinobot_msgs)
[1.016s] Level 1:colcon.colcon_core.environment:checking '/home/shriram/Desktop/ros2Project/install/arduinobot_msgs' for CMake module files
[1.019s] Level 1:colcon.colcon_core.environment:checking '/home/shriram/Desktop/ros2Project/install/arduinobot_msgs' for CMake config files
[1.021s] Level 1:colcon.colcon_core.shell:create_environment_hook('arduinobot_msgs', 'cmake_prefix_path')
[1.022s] INFO:colcon.colcon_core.shell:Creating environment hook '/home/shriram/Desktop/ros2Project/install/arduinobot_msgs/share/arduinobot_msgs/hook/cmake_prefix_path.ps1'
[1.025s] DEBUG:colcon.colcon_core.event_handler.log_command:Invoked command in '/home/shriram/Desktop/ros2Project/build/arduinobot_msgs' returned '0': CMAKE_PREFIX_PATH=${CMAKE_PREFIX_PATH}:/home/shriram/Desktop/ros2Project/install/arduinobot_py:/opt/ros/humble /usr/bin/cmake --install /home/shriram/Desktop/ros2Project/build/arduinobot_msgs
[1.025s] INFO:colcon.colcon_core.shell:Creating environment descriptor '/home/shriram/Desktop/ros2Project/install/arduinobot_msgs/share/arduinobot_msgs/hook/cmake_prefix_path.dsv'
[1.025s] INFO:colcon.colcon_core.shell:Creating environment hook '/home/shriram/Desktop/ros2Project/install/arduinobot_msgs/share/arduinobot_msgs/hook/cmake_prefix_path.sh'
[1.026s] Level 1:colcon.colcon_core.environment:checking '/home/shriram/Desktop/ros2Project/install/arduinobot_msgs/lib'
[1.026s] Level 1:colcon.colcon_core.shell:create_environment_hook('arduinobot_msgs', 'ld_library_path_lib')
[1.028s] INFO:colcon.colcon_core.shell:Creating environment hook '/home/shriram/Desktop/ros2Project/install/arduinobot_msgs/share/arduinobot_msgs/hook/ld_library_path_lib.ps1'
[1.028s] INFO:colcon.colcon_core.shell:Creating environment descriptor '/home/shriram/Desktop/ros2Project/install/arduinobot_msgs/share/arduinobot_msgs/hook/ld_library_path_lib.dsv'
[1.028s] INFO:colcon.colcon_core.shell:Creating environment hook '/home/shriram/Desktop/ros2Project/install/arduinobot_msgs/share/arduinobot_msgs/hook/ld_library_path_lib.sh'
[1.029s] Level 1:colcon.colcon_core.environment:checking '/home/shriram/Desktop/ros2Project/install/arduinobot_msgs/bin'
[1.029s] Level 1:colcon.colcon_core.environment:checking '/home/shriram/Desktop/ros2Project/install/arduinobot_msgs/lib/pkgconfig/arduinobot_msgs.pc'
[1.029s] Level 1:colcon.colcon_core.environment:checking '/home/shriram/Desktop/ros2Project/install/arduinobot_msgs/lib/python3.10/site-packages'
[1.029s] Level 1:colcon.colcon_core.environment:checking '/home/shriram/Desktop/ros2Project/install/arduinobot_msgs/bin'
[1.032s] INFO:colcon.colcon_core.shell:Creating package script '/home/shriram/Desktop/ros2Project/install/arduinobot_msgs/share/arduinobot_msgs/package.ps1'
[1.032s] INFO:colcon.colcon_core.shell:Creating package descriptor '/home/shriram/Desktop/ros2Project/install/arduinobot_msgs/share/arduinobot_msgs/package.dsv'
[1.033s] INFO:colcon.colcon_core.shell:Creating package script '/home/shriram/Desktop/ros2Project/install/arduinobot_msgs/share/arduinobot_msgs/package.sh'
[1.033s] INFO:colcon.colcon_core.shell:Creating package script '/home/shriram/Desktop/ros2Project/install/arduinobot_msgs/share/arduinobot_msgs/package.bash'
[1.033s] INFO:colcon.colcon_core.shell:Creating package script '/home/shriram/Desktop/ros2Project/install/arduinobot_msgs/share/arduinobot_msgs/package.zsh'
[1.034s] Level 1:colcon.colcon_core.environment:create_file_with_runtime_dependencies(/home/shriram/Desktop/ros2Project/install/arduinobot_msgs/share/colcon-core/packages/arduinobot_msgs)
[1.133s] Level 1:colcon.colcon_core.environment:create_environment_scripts_only(arduinobot_msgs)
[1.135s] Level 1:colcon.colcon_core.environment:checking '/home/shriram/Desktop/ros2Project/install/arduinobot_msgs' for CMake module files
[1.135s] Level 1:colcon.colcon_core.environment:checking '/home/shriram/Desktop/ros2Project/install/arduinobot_msgs' for CMake config files
[1.135s] Level 1:colcon.colcon_core.shell:create_environment_hook('arduinobot_msgs', 'cmake_prefix_path')
[1.137s] INFO:colcon.colcon_core.shell:Creating environment hook '/home/shriram/Desktop/ros2Project/install/arduinobot_msgs/share/arduinobot_msgs/hook/cmake_prefix_path.ps1'
[1.137s] INFO:colcon.colcon_core.shell:Creating environment descriptor '/home/shriram/Desktop/ros2Project/install/arduinobot_msgs/share/arduinobot_msgs/hook/cmake_prefix_path.dsv'
[1.137s] INFO:colcon.colcon_core.shell:Creating environment hook '/home/shriram/Desktop/ros2Project/install/arduinobot_msgs/share/arduinobot_msgs/hook/cmake_prefix_path.sh'
[1.138s] Level 1:colcon.colcon_core.environment:checking '/home/shriram/Desktop/ros2Project/install/arduinobot_msgs/lib'
[1.138s] Level 1:colcon.colcon_core.shell:create_environment_hook('arduinobot_msgs', 'ld_library_path_lib')
[1.139s] INFO:colcon.colcon_core.shell:Creating environment hook '/home/shriram/Desktop/ros2Project/install/arduinobot_msgs/share/arduinobot_msgs/hook/ld_library_path_lib.ps1'
[1.139s] INFO:colcon.colcon_core.shell:Creating environment descriptor '/home/shriram/Desktop/ros2Project/install/arduinobot_msgs/share/arduinobot_msgs/hook/ld_library_path_lib.dsv'
[1.140s] INFO:colcon.colcon_core.shell:Creating environment hook '/home/shriram/Desktop/ros2Project/install/arduinobot_msgs/share/arduinobot_msgs/hook/ld_library_path_lib.sh'
[1.140s] Level 1:colcon.colcon_core.environment:checking '/home/shriram/Desktop/ros2Project/install/arduinobot_msgs/bin'
[1.140s] Level 1:colcon.colcon_core.environment:checking '/home/shriram/Desktop/ros2Project/install/arduinobot_msgs/lib/pkgconfig/arduinobot_msgs.pc'
[1.140s] Level 1:colcon.colcon_core.environment:checking '/home/shriram/Desktop/ros2Project/install/arduinobot_msgs/lib/python3.10/site-packages'
[1.140s] Level 1:colcon.colcon_core.environment:checking '/home/shriram/Desktop/ros2Project/install/arduinobot_msgs/bin'
[1.142s] INFO:colcon.colcon_core.shell:Creating package script '/home/shriram/Desktop/ros2Project/install/arduinobot_msgs/share/arduinobot_msgs/package.ps1'
[1.142s] INFO:colcon.colcon_core.shell:Creating package descriptor '/home/shriram/Desktop/ros2Project/install/arduinobot_msgs/share/arduinobot_msgs/package.dsv'
[1.143s] INFO:colcon.colcon_core.shell:Creating package script '/home/shriram/Desktop/ros2Project/install/arduinobot_msgs/share/arduinobot_msgs/package.sh'
[1.143s] INFO:colcon.colcon_core.shell:Creating package script '/home/shriram/Desktop/ros2Project/install/arduinobot_msgs/share/arduinobot_msgs/package.bash'
[1.143s] INFO:colcon.colcon_core.shell:Creating package script '/home/shriram/Desktop/ros2Project/install/arduinobot_msgs/share/arduinobot_msgs/package.zsh'
[1.144s] Level 1:colcon.colcon_core.environment:create_file_with_runtime_dependencies(/home/shriram/Desktop/ros2Project/install/arduinobot_msgs/share/colcon-core/packages/arduinobot_msgs)
[1.144s] INFO:colcon.colcon_ros.task.ament_python.build:Building ROS package in '/home/shriram/Desktop/ros2Project/src/arduinobot_py' with build type 'ament_python'
[1.144s] Level 1:colcon.colcon_core.shell:create_environment_hook('arduinobot_py', 'ament_prefix_path')
[1.145s] INFO:colcon.colcon_core.shell:Creating environment hook '/home/shriram/Desktop/ros2Project/install/arduinobot_py/share/arduinobot_py/hook/ament_prefix_path.ps1'
[1.146s] INFO:colcon.colcon_core.shell:Creating environment descriptor '/home/shriram/Desktop/ros2Project/install/arduinobot_py/share/arduinobot_py/hook/ament_prefix_path.dsv'
[1.146s] INFO:colcon.colcon_core.shell:Creating environment hook '/home/shriram/Desktop/ros2Project/install/arduinobot_py/share/arduinobot_py/hook/ament_prefix_path.sh'
[1.148s] INFO:colcon.colcon_core.shell:Skip shell extension 'powershell' for command environment: Not usable outside of PowerShell
[1.148s] DEBUG:colcon.colcon_core.shell:Skip shell extension 'dsv' for command environment
[1.153s] INFO:colcon.colcon_ros.task.ament_cmake.build:Building ROS package in '/home/shriram/Desktop/ros2Project/src/arduinobot_utils' with build type 'ament_cmake'
[1.153s] INFO:colcon.colcon_cmake.task.cmake.build:Building CMake package in '/home/shriram/Desktop/ros2Project/src/arduinobot_utils'
[1.155s] INFO:colcon.colcon_core.shell:Skip shell extension 'powershell' for command environment: Not usable outside of PowerShell
[1.155s] DEBUG:colcon.colcon_core.shell:Skip shell extension 'dsv' for command environment
[1.447s] INFO:colcon.colcon_core.task.python.build:Building Python package in '/home/shriram/Desktop/ros2Project/src/arduinobot_py'
[1.449s] INFO:colcon.colcon_core.shell:Skip shell extension 'powershell' for command environment: Not usable outside of PowerShell
[1.449s] DEBUG:colcon.colcon_core.shell:Skip shell extension 'dsv' for command environment
[1.456s] DEBUG:colcon.colcon_core.event_handler.log_command:Invoking command in '/home/shriram/Desktop/ros2Project/build/arduinobot_utils': CMAKE_PREFIX_PATH=/home/shriram/Desktop/ros2Project/install/arduinobot_msgs:/home/shriram/Desktop/ros2Project/install/arduinobot_utils:/home/shriram/Desktop/ros2Project/install/arduinobot_moveit:/home/shriram/Desktop/ros2Project/install/arduinobot_description:/home/shriram/Desktop/ros2Project/install/arduinobot_controller:/home/shriram/Desktop/ros2Project/install/arduinobot_py:/opt/ros/humble /usr/bin/cmake --build /home/shriram/Desktop/ros2Project/build/arduinobot_utils -- -j12 -l12
[1.765s] DEBUG:colcon.colcon_core.event_handler.log_command:Invoked command in '/home/shriram/Desktop/ros2Project/build/arduinobot_utils' returned '0': CMAKE_PREFIX_PATH=/home/shriram/Desktop/ros2Project/install/arduinobot_msgs:/home/shriram/Desktop/ros2Project/install/arduinobot_utils:/home/shriram/Desktop/ros2Project/install/arduinobot_moveit:/home/shriram/Desktop/ros2Project/install/arduinobot_description:/home/shriram/Desktop/ros2Project/install/arduinobot_controller:/home/shriram/Desktop/ros2Project/install/arduinobot_py:/opt/ros/humble /usr/bin/cmake --build /home/shriram/Desktop/ros2Project/build/arduinobot_utils -- -j12 -l12
[1.785s] DEBUG:colcon.colcon_core.event_handler.log_command:Invoking command in '/home/shriram/Desktop/ros2Project/build/arduinobot_utils': CMAKE_PREFIX_PATH=/home/shriram/Desktop/ros2Project/install/arduinobot_msgs:/home/shriram/Desktop/ros2Project/install/arduinobot_utils:/home/shriram/Desktop/ros2Project/install/arduinobot_moveit:/home/shriram/Desktop/ros2Project/install/arduinobot_description:/home/shriram/Desktop/ros2Project/install/arduinobot_controller:/home/shriram/Desktop/ros2Project/install/arduinobot_py:/opt/ros/humble /usr/bin/cmake --install /home/shriram/Desktop/ros2Project/build/arduinobot_utils
[1.824s] Level 1:colcon.colcon_core.environment:create_environment_scripts_only(arduinobot_utils)
[1.826s] Level 1:colcon.colcon_core.environment:checking '/home/shriram/Desktop/ros2Project/install/arduinobot_utils' for CMake module files
[1.826s] Level 1:colcon.colcon_core.environment:checking '/home/shriram/Desktop/ros2Project/install/arduinobot_utils' for CMake config files
[1.826s] Level 1:colcon.colcon_core.shell:create_environment_hook('arduinobot_utils', 'cmake_prefix_path')
[1.827s] INFO:colcon.colcon_core.shell:Creating environment hook '/home/shriram/Desktop/ros2Project/install/arduinobot_utils/share/arduinobot_utils/hook/cmake_prefix_path.ps1'
[1.828s] DEBUG:colcon.colcon_core.event_handler.log_command:Invoking command in '/home/shriram/Desktop/ros2Project/src/arduinobot_py': CMAKE_PREFIX_PATH=/home/shriram/Desktop/ros2Project/install/arduinobot_msgs:/home/shriram/Desktop/ros2Project/install/arduinobot_utils:/home/shriram/Desktop/ros2Project/install/arduinobot_moveit:/home/shriram/Desktop/ros2Project/install/arduinobot_description:/home/shriram/Desktop/ros2Project/install/arduinobot_controller PYTHONPATH=/home/shriram/Desktop/ros2Project/build/arduinobot_py/prefix_override:/home/shriram/Desktop/ros2Project/install/arduinobot_py/lib/python3.10/site-packages:${PYTHONPATH} /usr/bin/python3 setup.py egg_info --egg-base ../../build/arduinobot_py build --build-base /home/shriram/Desktop/ros2Project/build/arduinobot_py/build install --record /home/shriram/Desktop/ros2Project/build/arduinobot_py/install.log --single-version-externally-managed
[1.828s] DEBUG:colcon.colcon_core.event_handler.log_command:Invoked command in '/home/shriram/Desktop/ros2Project/build/arduinobot_utils' returned '0': CMAKE_PREFIX_PATH=/home/shriram/Desktop/ros2Project/install/arduinobot_msgs:/home/shriram/Desktop/ros2Project/install/arduinobot_utils:/home/shriram/Desktop/ros2Project/install/arduinobot_moveit:/home/shriram/Desktop/ros2Project/install/arduinobot_description:/home/shriram/Desktop/ros2Project/install/arduinobot_controller:/home/shriram/Desktop/ros2Project/install/arduinobot_py:/opt/ros/humble /usr/bin/cmake --install /home/shriram/Desktop/ros2Project/build/arduinobot_utils
[1.828s] INFO:colcon.colcon_core.shell:Creating environment descriptor '/home/shriram/Desktop/ros2Project/install/arduinobot_utils/share/arduinobot_utils/hook/cmake_prefix_path.dsv'
[1.829s] INFO:colcon.colcon_core.shell:Creating environment hook '/home/shriram/Desktop/ros2Project/install/arduinobot_utils/share/arduinobot_utils/hook/cmake_prefix_path.sh'
[1.829s] Level 1:colcon.colcon_core.environment:checking '/home/shriram/Desktop/ros2Project/install/arduinobot_utils/lib'
[1.829s] Level 1:colcon.colcon_core.environment:checking '/home/shriram/Desktop/ros2Project/install/arduinobot_utils/lib?arduinobot_utils'
[1.829s] Level 1:colcon.colcon_core.environment:checking '/home/shriram/Desktop/ros2Project/install/arduinobot_utils/bin'
[1.829s] Level 1:colcon.colcon_core.environment:checking '/home/shriram/Desktop/ros2Project/install/arduinobot_utils/lib/pkgconfig/arduinobot_utils.pc'
[1.829s] Level 1:colcon.colcon_core.environment:checking '/home/shriram/Desktop/ros2Project/install/arduinobot_utils/lib/python3.10/site-packages'
[1.829s] Level 1:colcon.colcon_core.environment:checking '/home/shriram/Desktop/ros2Project/install/arduinobot_utils/bin'
[1.830s] INFO:colcon.colcon_core.shell:Creating package script '/home/shriram/Desktop/ros2Project/install/arduinobot_utils/share/arduinobot_utils/package.ps1'
[1.831s] INFO:colcon.colcon_core.shell:Creating package descriptor '/home/shriram/Desktop/ros2Project/install/arduinobot_utils/share/arduinobot_utils/package.dsv'
[1.831s] INFO:colcon.colcon_core.shell:Creating package script '/home/shriram/Desktop/ros2Project/install/arduinobot_utils/share/arduinobot_utils/package.sh'
[1.831s] INFO:colcon.colcon_core.shell:Creating package script '/home/shriram/Desktop/ros2Project/install/arduinobot_utils/share/arduinobot_utils/package.bash'
[1.831s] INFO:colcon.colcon_core.shell:Creating package script '/home/shriram/Desktop/ros2Project/install/arduinobot_utils/share/arduinobot_utils/package.zsh'
[1.832s] Level 1:colcon.colcon_core.environment:create_file_with_runtime_dependencies(/home/shriram/Desktop/ros2Project/install/arduinobot_utils/share/colcon-core/packages/arduinobot_utils)
[1.847s] Level 1:colcon.colcon_core.environment:create_environment_scripts_only(arduinobot_utils)
[1.849s] Level 1:colcon.colcon_core.environment:checking '/home/shriram/Desktop/ros2Project/install/arduinobot_utils' for CMake module files
[1.849s] Level 1:colcon.colcon_core.environment:checking '/home/shriram/Desktop/ros2Project/install/arduinobot_utils' for CMake config files
[1.849s] Level 1:colcon.colcon_core.shell:create_environment_hook('arduinobot_utils', 'cmake_prefix_path')
[1.850s] INFO:colcon.colcon_core.shell:Creating environment hook '/home/shriram/Desktop/ros2Project/install/arduinobot_utils/share/arduinobot_utils/hook/cmake_prefix_path.ps1'
[1.851s] INFO:colcon.colcon_core.shell:Creating environment descriptor '/home/shriram/Desktop/ros2Project/install/arduinobot_utils/share/arduinobot_utils/hook/cmake_prefix_path.dsv'
[1.851s] INFO:colcon.colcon_core.shell:Creating environment hook '/home/shriram/Desktop/ros2Project/install/arduinobot_utils/share/arduinobot_utils/hook/cmake_prefix_path.sh'
[1.851s] Level 1:colcon.colcon_core.environment:checking '/home/shriram/Desktop/ros2Project/install/arduinobot_utils/lib'
[1.851s] Level 1:colcon.colcon_core.environment:checking '/home/shriram/Desktop/ros2Project/install/arduinobot_utils/lib?arduinobot_utils'
[1.851s] Level 1:colcon.colcon_core.environment:checking '/home/shriram/Desktop/ros2Project/install/arduinobot_utils/bin'
[1.851s] Level 1:colcon.colcon_core.environment:checking '/home/shriram/Desktop/ros2Project/install/arduinobot_utils/lib/pkgconfig/arduinobot_utils.pc'
[1.851s] Level 1:colcon.colcon_core.environment:checking '/home/shriram/Desktop/ros2Project/install/arduinobot_utils/lib/python3.10/site-packages'
[1.852s] Level 1:colcon.colcon_core.environment:checking '/home/shriram/Desktop/ros2Project/install/arduinobot_utils/bin'
[1.853s] INFO:colcon.colcon_core.shell:Creating package script '/home/shriram/Desktop/ros2Project/install/arduinobot_utils/share/arduinobot_utils/package.ps1'
[1.853s] INFO:colcon.colcon_core.shell:Creating package descriptor '/home/shriram/Desktop/ros2Project/install/arduinobot_utils/share/arduinobot_utils/package.dsv'
[1.853s] INFO:colcon.colcon_core.shell:Creating package script '/home/shriram/Desktop/ros2Project/install/arduinobot_utils/share/arduinobot_utils/package.sh'
[1.853s] INFO:colcon.colcon_core.shell:Creating package script '/home/shriram/Desktop/ros2Project/install/arduinobot_utils/share/arduinobot_utils/package.bash'
[1.854s] INFO:colcon.colcon_core.shell:Creating package script '/home/shriram/Desktop/ros2Project/install/arduinobot_utils/share/arduinobot_utils/package.zsh'
[1.854s] Level 1:colcon.colcon_core.environment:create_file_with_runtime_dependencies(/home/shriram/Desktop/ros2Project/install/arduinobot_utils/share/colcon-core/packages/arduinobot_utils)
[2.108s] Level 1:colcon.colcon_core.environment:checking '/home/shriram/Desktop/ros2Project/install/arduinobot_py' for CMake module files
[2.108s] DEBUG:colcon.colcon_core.event_handler.log_command:Invoked command in '/home/shriram/Desktop/ros2Project/src/arduinobot_py' returned '0': CMAKE_PREFIX_PATH=/home/shriram/Desktop/ros2Project/install/arduinobot_msgs:/home/shriram/Desktop/ros2Project/install/arduinobot_utils:/home/shriram/Desktop/ros2Project/install/arduinobot_moveit:/home/shriram/Desktop/ros2Project/install/arduinobot_description:/home/shriram/Desktop/ros2Project/install/arduinobot_controller PYTHONPATH=/home/shriram/Desktop/ros2Project/build/arduinobot_py/prefix_override:/home/shriram/Desktop/ros2Project/install/arduinobot_py/lib/python3.10/site-packages:${PYTHONPATH} /usr/bin/python3 setup.py egg_info --egg-base ../../build/arduinobot_py build --build-base /home/shriram/Desktop/ros2Project/build/arduinobot_py/build install --record /home/shriram/Desktop/ros2Project/build/arduinobot_py/install.log --single-version-externally-managed
[2.108s] Level 1:colcon.colcon_core.environment:checking '/home/shriram/Desktop/ros2Project/install/arduinobot_py' for CMake config files
[2.109s] Level 1:colcon.colcon_core.environment:checking '/home/shriram/Desktop/ros2Project/install/arduinobot_py/lib'
[2.109s] Level 1:colcon.colcon_core.environment:checking '/home/shriram/Desktop/ros2Project/install/arduinobot_py/bin'
[2.109s] Level 1:colcon.colcon_core.environment:checking '/home/shriram/Desktop/ros2Project/install/arduinobot_py/lib/pkgconfig/arduinobot_py.pc'
[2.109s] Level 1:colcon.colcon_core.environment:checking '/home/shriram/Desktop/ros2Project/install/arduinobot_py/lib/python3.10/site-packages'
[2.109s] Level 1:colcon.colcon_core.shell:create_environment_hook('arduinobot_py', 'pythonpath')
[2.110s] INFO:colcon.colcon_core.shell:Creating environment hook '/home/shriram/Desktop/ros2Project/install/arduinobot_py/share/arduinobot_py/hook/pythonpath.ps1'
[2.110s] INFO:colcon.colcon_core.shell:Creating environment descriptor '/home/shriram/Desktop/ros2Project/install/arduinobot_py/share/arduinobot_py/hook/pythonpath.dsv'
[2.111s] INFO:colcon.colcon_core.shell:Creating environment hook '/home/shriram/Desktop/ros2Project/install/arduinobot_py/share/arduinobot_py/hook/pythonpath.sh'
[2.111s] Level 1:colcon.colcon_core.environment:checking '/home/shriram/Desktop/ros2Project/install/arduinobot_py/bin'
[2.111s] Level 1:colcon.colcon_core.environment:create_environment_scripts_only(arduinobot_py)
[2.112s] INFO:colcon.colcon_core.shell:Creating package script '/home/shriram/Desktop/ros2Project/install/arduinobot_py/share/arduinobot_py/package.ps1'
[2.112s] INFO:colcon.colcon_core.shell:Creating package descriptor '/home/shriram/Desktop/ros2Project/install/arduinobot_py/share/arduinobot_py/package.dsv'
[2.113s] INFO:colcon.colcon_core.shell:Creating package script '/home/shriram/Desktop/ros2Project/install/arduinobot_py/share/arduinobot_py/package.sh'
[2.113s] INFO:colcon.colcon_core.shell:Creating package script '/home/shriram/Desktop/ros2Project/install/arduinobot_py/share/arduinobot_py/package.bash'
[2.113s] INFO:colcon.colcon_core.shell:Creating package script '/home/shriram/Desktop/ros2Project/install/arduinobot_py/share/arduinobot_py/package.zsh'
[2.113s] Level 1:colcon.colcon_core.environment:create_file_with_runtime_dependencies(/home/shriram/Desktop/ros2Project/install/arduinobot_py/share/colcon-core/packages/arduinobot_py)
[2.114s] DEBUG:colcon.colcon_parallel_executor.executor.parallel:closing loop
[2.114s] DEBUG:colcon.colcon_parallel_executor.executor.parallel:loop closed
[2.114s] DEBUG:colcon.colcon_parallel_executor.executor.parallel:run_until_complete finished with '0'
[2.114s] DEBUG:colcon.colcon_core.event_reactor:joining thread
[2.119s] INFO:colcon.colcon_core.plugin_system:Skipping extension 'colcon_notification.desktop_notification.terminal_notifier': Not used on non-Darwin systems
[2.119s] INFO:colcon.colcon_core.plugin_system:Skipping extension 'colcon_notification.desktop_notification.win32': Not used on non-Windows systems
[2.119s] INFO:colcon.colcon_notification.desktop_notification:Sending desktop notification using 'notify2'
[2.128s] DEBUG:colcon.colcon_core.event_reactor:joined thread
[2.129s] INFO:colcon.colcon_core.shell:Creating prefix script '/home/shriram/Desktop/ros2Project/install/local_setup.ps1'
[2.130s] INFO:colcon.colcon_core.shell:Creating prefix util module '/home/shriram/Desktop/ros2Project/install/_local_setup_util_ps1.py'
[2.132s] INFO:colcon.colcon_core.shell:Creating prefix chain script '/home/shriram/Desktop/ros2Project/install/setup.ps1'
[2.133s] INFO:colcon.colcon_core.shell:Creating prefix script '/home/shriram/Desktop/ros2Project/install/local_setup.sh'
[2.134s] INFO:colcon.colcon_core.shell:Creating prefix util module '/home/shriram/Desktop/ros2Project/install/_local_setup_util_sh.py'
[2.134s] INFO:colcon.colcon_core.shell:Creating prefix chain script '/home/shriram/Desktop/ros2Project/install/setup.sh'
[2.136s] INFO:colcon.colcon_core.shell:Creating prefix script '/home/shriram/Desktop/ros2Project/install/local_setup.bash'
[2.137s] INFO:colcon.colcon_core.shell:Creating prefix chain script '/home/shriram/Desktop/ros2Project/install/setup.bash'
[2.138s] INFO:colcon.colcon_core.shell:Creating prefix script '/home/shriram/Desktop/ros2Project/install/local_setup.zsh'
[2.139s] INFO:colcon.colcon_core.shell:Creating prefix chain script '/home/shriram/Desktop/ros2Project/install/setup.zsh'
