[0.885s] Invoking command in '/home/shriram/Desktop/ros2Project/src/arduinobot_py': PYTHONPATH=/home/shriram/Desktop/ros2Project/build/arduinobot_py/prefix_override:/home/shriram/Desktop/ros2Project/install/arduinobot_py/lib/python3.10/site-packages:${PYTHONPATH} /usr/bin/python3 setup.py egg_info --egg-base ../../build/arduinobot_py build --build-base /home/shriram/Desktop/ros2Project/build/arduinobot_py/build install --record /home/shriram/Desktop/ros2Project/build/arduinobot_py/install.log --single-version-externally-managed
[1.134s] running egg_info
[1.135s] writing ../../build/arduinobot_py/arduinobot_py.egg-info/PKG-INFO
[1.135s] writing dependency_links to ../../build/arduinobot_py/arduinobot_py.egg-info/dependency_links.txt
[1.135s] writing entry points to ../../build/arduinobot_py/arduinobot_py.egg-info/entry_points.txt
[1.135s] writing requirements to ../../build/arduinobot_py/arduinobot_py.egg-info/requires.txt
[1.135s] writing top-level names to ../../build/arduinobot_py/arduinobot_py.egg-info/top_level.txt
[1.137s] reading manifest file '../../build/arduinobot_py/arduinobot_py.egg-info/SOURCES.txt'
[1.138s] writing manifest file '../../build/arduinobot_py/arduinobot_py.egg-info/SOURCES.txt'
[1.138s] running build
[1.138s] running build_py
[1.138s] copying arduinobot_py/simple_server_client.py -> /home/shriram/Desktop/ros2Project/build/arduinobot_py/build/lib/arduinobot_py
[1.138s] running install
[1.138s] running install_lib
[1.139s] copying /home/shriram/Desktop/ros2Project/build/arduinobot_py/build/lib/arduinobot_py/simple_server_client.py -> /home/shriram/Desktop/ros2Project/install/arduinobot_py/lib/python3.10/site-packages/arduinobot_py
[1.139s] byte-compiling /home/shriram/Desktop/ros2Project/install/arduinobot_py/lib/python3.10/site-packages/arduinobot_py/simple_server_client.py to simple_server_client.cpython-310.pyc
[1.140s] running install_data
[1.140s] running install_egg_info
[1.142s] removing '/home/shriram/Desktop/ros2Project/install/arduinobot_py/lib/python3.10/site-packages/arduinobot_py-0.0.0-py3.10.egg-info' (and everything under it)
[1.142s] Copying ../../build/arduinobot_py/arduinobot_py.egg-info to /home/shriram/Desktop/ros2Project/install/arduinobot_py/lib/python3.10/site-packages/arduinobot_py-0.0.0-py3.10.egg-info
[1.143s] running install_scripts
[1.157s] Installing simple_parameter script to /home/shriram/Desktop/ros2Project/install/arduinobot_py/lib/arduinobot_py
[1.157s] Installing simple_service_client script to /home/shriram/Desktop/ros2Project/install/arduinobot_py/lib/arduinobot_py
[1.158s] Installing simple_service_server script to /home/shriram/Desktop/ros2Project/install/arduinobot_py/lib/arduinobot_py
[1.158s] writing list of installed files to '/home/shriram/Desktop/ros2Project/build/arduinobot_py/install.log'
[1.188s] Invoked command in '/home/shriram/Desktop/ros2Project/src/arduinobot_py' returned '0': PYTHONPATH=/home/shriram/Desktop/ros2Project/build/arduinobot_py/prefix_override:/home/shriram/Desktop/ros2Project/install/arduinobot_py/lib/python3.10/site-packages:${PYTHONPATH} /usr/bin/python3 setup.py egg_info --egg-base ../../build/arduinobot_py build --build-base /home/shriram/Desktop/ros2Project/build/arduinobot_py/build install --record /home/shriram/Desktop/ros2Project/build/arduinobot_py/install.log --single-version-externally-managed
