[0.259s] Invoking command in '/home/shriram/Desktop/ros2Project/build/arduinobot_utils': CMAKE_PREFIX_PATH=/home/shriram/Desktop/ros2Project/install/arduinobot_msgs:/home/shriram/Desktop/ros2Project/install/arduinobot_utils:/home/shriram/Desktop/ros2Project/install/arduinobot_description:/home/shriram/Desktop/ros2Project/install/arduinobot_controller:/home/shriram/Desktop/ros2Project/install/arduinobot_py:/opt/ros/humble /usr/bin/cmake --build /home/shriram/Desktop/ros2Project/build/arduinobot_utils -- -j12 -l12
[0.276s] -- Found ament_cmake: 1.3.5 (/opt/ros/humble/share/ament_cmake/cmake)
[0.384s] -- Found rclpy: 3.3.9 (/opt/ros/humble/share/rclpy/cmake)
[0.384s] -- Found arduinobot_msgs: 0.0.0 (/home/shriram/Desktop/ros2Project/install/arduinobot_msgs/share/arduinobot_msgs/cmake)
[0.404s] -- Found rosidl_generator_c: 3.1.5 (/opt/ros/humble/share/rosidl_generator_c/cmake)
[0.405s] -- Found rosidl_adapter: 3.1.5 (/opt/ros/humble/share/rosidl_adapter/cmake)
[0.409s] -- Found rosidl_generator_cpp: 3.1.5 (/opt/ros/humble/share/rosidl_generator_cpp/cmake)
[0.419s] -- Using all available rosidl_typesupport_c: rosidl_typesupport_fastrtps_c;rosidl_typesupport_introspection_c
[0.429s] -- Using all available rosidl_typesupport_cpp: rosidl_typesupport_fastrtps_cpp;rosidl_typesupport_introspection_cpp
[0.481s] -- Found ament_lint_auto: 0.12.7 (/opt/ros/humble/share/ament_lint_auto/cmake)
[0.537s] -- Added test 'flake8' to check Python code syntax and style conventions
[0.537s] -- Added test 'lint_cmake' to check CMake code style
[0.537s] -- Added test 'pep257' to check Python code against some of the docstring style conventions in PEP 257
[0.538s] -- Added test 'xmllint' to check XML markup files
[0.538s] -- Configuring done
[0.541s] -- Generating done
[0.542s] -- Build files have been written to: /home/shriram/Desktop/ros2Project/build/arduinobot_utils
[0.572s] Built target ament_cmake_python_copy_arduinobot_utils
[0.834s] running egg_info
[0.835s] writing arduinobot_utils.egg-info/PKG-INFO
[0.835s] writing dependency_links to arduinobot_utils.egg-info/dependency_links.txt
[0.835s] writing top-level names to arduinobot_utils.egg-info/top_level.txt
[0.838s] reading manifest file 'arduinobot_utils.egg-info/SOURCES.txt'
[0.839s] writing manifest file 'arduinobot_utils.egg-info/SOURCES.txt'
[0.871s] Built target ament_cmake_python_build_arduinobot_utils_egg
[0.881s] Invoked command in '/home/shriram/Desktop/ros2Project/build/arduinobot_utils' returned '0': CMAKE_PREFIX_PATH=/home/shriram/Desktop/ros2Project/install/arduinobot_msgs:/home/shriram/Desktop/ros2Project/install/arduinobot_utils:/home/shriram/Desktop/ros2Project/install/arduinobot_description:/home/shriram/Desktop/ros2Project/install/arduinobot_controller:/home/shriram/Desktop/ros2Project/install/arduinobot_py:/opt/ros/humble /usr/bin/cmake --build /home/shriram/Desktop/ros2Project/build/arduinobot_utils -- -j12 -l12
[0.902s] Invoking command in '/home/shriram/Desktop/ros2Project/build/arduinobot_utils': CMAKE_PREFIX_PATH=/home/shriram/Desktop/ros2Project/install/arduinobot_msgs:/home/shriram/Desktop/ros2Project/install/arduinobot_utils:/home/shriram/Desktop/ros2Project/install/arduinobot_description:/home/shriram/Desktop/ros2Project/install/arduinobot_controller:/home/shriram/Desktop/ros2Project/install/arduinobot_py:/opt/ros/humble /usr/bin/cmake --install /home/shriram/Desktop/ros2Project/build/arduinobot_utils
[0.909s] -- Install configuration: ""
[0.909s] -- Up-to-date: /home/shriram/Desktop/ros2Project/install/arduinobot_utils/share/arduinobot_utils/environment/pythonpath.sh
[0.910s] -- Installing: /home/shriram/Desktop/ros2Project/install/arduinobot_utils/share/arduinobot_utils/environment/pythonpath.dsv
[0.910s] -- Up-to-date: /home/shriram/Desktop/ros2Project/install/arduinobot_utils/local/lib/python3.10/dist-packages/arduinobot_utils-0.0.0-py3.10.egg-info
[0.910s] -- Installing: /home/shriram/Desktop/ros2Project/install/arduinobot_utils/local/lib/python3.10/dist-packages/arduinobot_utils-0.0.0-py3.10.egg-info/dependency_links.txt
[0.910s] -- Installing: /home/shriram/Desktop/ros2Project/install/arduinobot_utils/local/lib/python3.10/dist-packages/arduinobot_utils-0.0.0-py3.10.egg-info/SOURCES.txt
[0.910s] -- Installing: /home/shriram/Desktop/ros2Project/install/arduinobot_utils/local/lib/python3.10/dist-packages/arduinobot_utils-0.0.0-py3.10.egg-info/PKG-INFO
[0.910s] -- Installing: /home/shriram/Desktop/ros2Project/install/arduinobot_utils/local/lib/python3.10/dist-packages/arduinobot_utils-0.0.0-py3.10.egg-info/top_level.txt
[0.910s] -- Up-to-date: /home/shriram/Desktop/ros2Project/install/arduinobot_utils/local/lib/python3.10/dist-packages/arduinobot_utils
[0.910s] -- Up-to-date: /home/shriram/Desktop/ros2Project/install/arduinobot_utils/local/lib/python3.10/dist-packages/arduinobot_utils/__init__.py
[0.910s] -- Up-to-date: /home/shriram/Desktop/ros2Project/install/arduinobot_utils/local/lib/python3.10/dist-packages/arduinobot_utils/angle_conversion.py
[0.935s] Listing '/home/shriram/Desktop/ros2Project/install/arduinobot_utils/local/lib/python3.10/dist-packages/arduinobot_utils'...
[0.940s] -- Up-to-date: /home/shriram/Desktop/ros2Project/install/arduinobot_utils/lib/arduinobot_utils/angle_conversion.py
[0.940s] -- Installing: /home/shriram/Desktop/ros2Project/install/arduinobot_utils/share/ament_index/resource_index/package_run_dependencies/arduinobot_utils
[0.940s] -- Installing: /home/shriram/Desktop/ros2Project/install/arduinobot_utils/share/ament_index/resource_index/parent_prefix_path/arduinobot_utils
[0.940s] -- Up-to-date: /home/shriram/Desktop/ros2Project/install/arduinobot_utils/share/arduinobot_utils/environment/ament_prefix_path.sh
[0.940s] -- Installing: /home/shriram/Desktop/ros2Project/install/arduinobot_utils/share/arduinobot_utils/environment/ament_prefix_path.dsv
[0.941s] -- Up-to-date: /home/shriram/Desktop/ros2Project/install/arduinobot_utils/share/arduinobot_utils/environment/path.sh
[0.941s] -- Installing: /home/shriram/Desktop/ros2Project/install/arduinobot_utils/share/arduinobot_utils/environment/path.dsv
[0.941s] -- Up-to-date: /home/shriram/Desktop/ros2Project/install/arduinobot_utils/share/arduinobot_utils/local_setup.bash
[0.941s] -- Up-to-date: /home/shriram/Desktop/ros2Project/install/arduinobot_utils/share/arduinobot_utils/local_setup.sh
[0.941s] -- Up-to-date: /home/shriram/Desktop/ros2Project/install/arduinobot_utils/share/arduinobot_utils/local_setup.zsh
[0.941s] -- Installing: /home/shriram/Desktop/ros2Project/install/arduinobot_utils/share/arduinobot_utils/local_setup.dsv
[0.941s] -- Installing: /home/shriram/Desktop/ros2Project/install/arduinobot_utils/share/arduinobot_utils/package.dsv
[0.941s] -- Up-to-date: /home/shriram/Desktop/ros2Project/install/arduinobot_utils/share/ament_index/resource_index/packages/arduinobot_utils
[0.941s] -- Up-to-date: /home/shriram/Desktop/ros2Project/install/arduinobot_utils/share/arduinobot_utils/cmake/arduinobot_utilsConfig.cmake
[0.941s] -- Up-to-date: /home/shriram/Desktop/ros2Project/install/arduinobot_utils/share/arduinobot_utils/cmake/arduinobot_utilsConfig-version.cmake
[0.941s] -- Installing: /home/shriram/Desktop/ros2Project/install/arduinobot_utils/share/arduinobot_utils/package.xml
[0.945s] Invoked command in '/home/shriram/Desktop/ros2Project/build/arduinobot_utils' returned '0': CMAKE_PREFIX_PATH=/home/shriram/Desktop/ros2Project/install/arduinobot_msgs:/home/shriram/Desktop/ros2Project/install/arduinobot_utils:/home/shriram/Desktop/ros2Project/install/arduinobot_description:/home/shriram/Desktop/ros2Project/install/arduinobot_controller:/home/shriram/Desktop/ros2Project/install/arduinobot_py:/opt/ros/humble /usr/bin/cmake --install /home/shriram/Desktop/ros2Project/build/arduinobot_utils
