[0.695s] Invoking command in '/home/shriram/Desktop/ros2Project/src/arduinobot_py': AMENT_PREFIX_PATH=/home/shriram/Desktop/ros2Project/src/install/arduinobot_msgs:${AMENT_PREFIX_PATH} CMAKE_PREFIX_PATH=/home/shriram/Desktop/ros2Project/src/install/arduinobot_msgs:${CMAKE_PREFIX_PATH} LD_LIBRARY_PATH=/home/shriram/Desktop/ros2Project/src/install/arduinobot_msgs/lib:${LD_LIBRARY_PATH} PYTHONPATH=/home/shriram/Desktop/ros2Project/src/build/arduinobot_py/prefix_override:/home/shriram/Desktop/ros2Project/src/install/arduinobot_py/lib/python3.10/site-packages:/home/shriram/Desktop/ros2Project/src/install/arduinobot_msgs/local/lib/python3.10/dist-packages:${PYTHONPATH} /usr/bin/python3 setup.py egg_info --egg-base ../build/arduinobot_py build --build-base /home/shriram/Desktop/ros2Project/src/build/arduinobot_py/build install --record /home/shriram/Desktop/ros2Project/src/build/arduinobot_py/install.log --single-version-externally-managed
[0.944s] running egg_info
[0.944s] writing ../build/arduinobot_py/arduinobot_py.egg-info/PKG-INFO
[0.945s] writing dependency_links to ../build/arduinobot_py/arduinobot_py.egg-info/dependency_links.txt
[0.945s] writing entry points to ../build/arduinobot_py/arduinobot_py.egg-info/entry_points.txt
[0.945s] writing requirements to ../build/arduinobot_py/arduinobot_py.egg-info/requires.txt
[0.945s] writing top-level names to ../build/arduinobot_py/arduinobot_py.egg-info/top_level.txt
[0.947s] reading manifest file '../build/arduinobot_py/arduinobot_py.egg-info/SOURCES.txt'
[0.948s] writing manifest file '../build/arduinobot_py/arduinobot_py.egg-info/SOURCES.txt'
[0.948s] running build
[0.948s] running build_py
[0.948s] running install
[0.948s] running install_lib
[0.949s] running install_data
[0.950s] running install_egg_info
[0.951s] removing '/home/shriram/Desktop/ros2Project/src/install/arduinobot_py/lib/python3.10/site-packages/arduinobot_py-0.0.0-py3.10.egg-info' (and everything under it)
[0.952s] Copying ../build/arduinobot_py/arduinobot_py.egg-info to /home/shriram/Desktop/ros2Project/src/install/arduinobot_py/lib/python3.10/site-packages/arduinobot_py-0.0.0-py3.10.egg-info
[0.952s] running install_scripts
[0.969s] Installing simple_action_client script to /home/shriram/Desktop/ros2Project/src/install/arduinobot_py/lib/arduinobot_py
[0.970s] Installing simple_action_server script to /home/shriram/Desktop/ros2Project/src/install/arduinobot_py/lib/arduinobot_py
[0.970s] Installing simple_parameter script to /home/shriram/Desktop/ros2Project/src/install/arduinobot_py/lib/arduinobot_py
[0.970s] Installing simple_service_client script to /home/shriram/Desktop/ros2Project/src/install/arduinobot_py/lib/arduinobot_py
[0.970s] Installing simple_service_server script to /home/shriram/Desktop/ros2Project/src/install/arduinobot_py/lib/arduinobot_py
[0.970s] writing list of installed files to '/home/shriram/Desktop/ros2Project/src/build/arduinobot_py/install.log'
[0.996s] Invoked command in '/home/shriram/Desktop/ros2Project/src/arduinobot_py' returned '0': AMENT_PREFIX_PATH=/home/shriram/Desktop/ros2Project/src/install/arduinobot_msgs:${AMENT_PREFIX_PATH} CMAKE_PREFIX_PATH=/home/shriram/Desktop/ros2Project/src/install/arduinobot_msgs:${CMAKE_PREFIX_PATH} LD_LIBRARY_PATH=/home/shriram/Desktop/ros2Project/src/install/arduinobot_msgs/lib:${LD_LIBRARY_PATH} PYTHONPATH=/home/shriram/Desktop/ros2Project/src/build/arduinobot_py/prefix_override:/home/shriram/Desktop/ros2Project/src/install/arduinobot_py/lib/python3.10/site-packages:/home/shriram/Desktop/ros2Project/src/install/arduinobot_msgs/local/lib/python3.10/dist-packages:${PYTHONPATH} /usr/bin/python3 setup.py egg_info --egg-base ../build/arduinobot_py build --build-base /home/shriram/Desktop/ros2Project/src/build/arduinobot_py/build install --record /home/shriram/Desktop/ros2Project/src/build/arduinobot_py/install.log --single-version-externally-managed
