[0.018s] Invoking command in '/home/shriram/Desktop/ros2Project/build/arduinobot_description': CMAKE_PREFIX_PATH=${CMAKE_PREFIX_PATH}:/home/shriram/Desktop/ros2Project/install/arduinobot_py:/opt/ros/humble /usr/bin/cmake --build /home/shriram/Desktop/ros2Project/build/arduinobot_description -- -j12 -l12
[0.294s] Invoked command in '/home/shriram/Desktop/ros2Project/build/arduinobot_description' returned '0': CMAKE_PREFIX_PATH=${CMAKE_PREFIX_PATH}:/home/shriram/Desktop/ros2Project/install/arduinobot_py:/opt/ros/humble /usr/bin/cmake --build /home/shriram/Desktop/ros2Project/build/arduinobot_description -- -j12 -l12
[0.320s] Invoking command in '/home/shriram/Desktop/ros2Project/build/arduinobot_description': CMAKE_PREFIX_PATH=${CMAKE_PREFIX_PATH}:/home/shriram/Desktop/ros2Project/install/arduinobot_py:/opt/ros/humble /usr/bin/cmake --install /home/shriram/Desktop/ros2Project/build/arduinobot_description
[0.326s] -- Install configuration: ""
[0.326s] -- Up-to-date: /home/shriram/Desktop/ros2Project/install/arduinobot_description/share/ament_index/resource_index/package_run_dependencies/arduinobot_description
[0.327s] -- Up-to-date: /home/shriram/Desktop/ros2Project/install/arduinobot_description/share/ament_index/resource_index/parent_prefix_path/arduinobot_description
[0.327s] -- Up-to-date: /home/shriram/Desktop/ros2Project/install/arduinobot_description/share/arduinobot_description/environment/ament_prefix_path.sh
[0.327s] -- Up-to-date: /home/shriram/Desktop/ros2Project/install/arduinobot_description/share/arduinobot_description/environment/ament_prefix_path.dsv
[0.327s] -- Up-to-date: /home/shriram/Desktop/ros2Project/install/arduinobot_description/share/arduinobot_description/environment/path.sh
[0.327s] -- Up-to-date: /home/shriram/Desktop/ros2Project/install/arduinobot_description/share/arduinobot_description/environment/path.dsv
[0.327s] -- Up-to-date: /home/shriram/Desktop/ros2Project/install/arduinobot_description/share/arduinobot_description/local_setup.bash
[0.327s] -- Up-to-date: /home/shriram/Desktop/ros2Project/install/arduinobot_description/share/arduinobot_description/local_setup.sh
[0.327s] -- Up-to-date: /home/shriram/Desktop/ros2Project/install/arduinobot_description/share/arduinobot_description/local_setup.zsh
[0.327s] -- Up-to-date: /home/shriram/Desktop/ros2Project/install/arduinobot_description/share/arduinobot_description/local_setup.dsv
[0.327s] -- Installing: /home/shriram/Desktop/ros2Project/install/arduinobot_description/share/arduinobot_description/package.dsv
[0.327s] -- Up-to-date: /home/shriram/Desktop/ros2Project/install/arduinobot_description/share/ament_index/resource_index/packages/arduinobot_description
[0.327s] -- Up-to-date: /home/shriram/Desktop/ros2Project/install/arduinobot_description/share/arduinobot_description/cmake/arduinobot_descriptionConfig.cmake
[0.327s] -- Up-to-date: /home/shriram/Desktop/ros2Project/install/arduinobot_description/share/arduinobot_description/cmake/arduinobot_descriptionConfig-version.cmake
[0.327s] -- Up-to-date: /home/shriram/Desktop/ros2Project/install/arduinobot_description/share/arduinobot_description/package.xml
[0.332s] Invoked command in '/home/shriram/Desktop/ros2Project/build/arduinobot_description' returned '0': CMAKE_PREFIX_PATH=${CMAKE_PREFIX_PATH}:/home/shriram/Desktop/ros2Project/install/arduinobot_py:/opt/ros/humble /usr/bin/cmake --install /home/shriram/Desktop/ros2Project/build/arduinobot_description
