[1.626s] Invoking command in '/home/shriram/Desktop/ros2Project/src/arduinobot_py': CMAKE_PREFIX_PATH=/home/shriram/Desktop/ros2Project/install/arduinobot_msgs:/home/shriram/Desktop/ros2Project/install/arduinobot_utils:/home/shriram/Desktop/ros2Project/install/arduinobot_moveit:/home/shriram/Desktop/ros2Project/install/arduinobot_description:/home/shriram/Desktop/ros2Project/install/arduinobot_controller PYTHONPATH=/home/shriram/Desktop/ros2Project/build/arduinobot_py/prefix_override:/home/shriram/Desktop/ros2Project/install/arduinobot_py/lib/python3.10/site-packages:${PYTHONPATH} /usr/bin/python3 setup.py egg_info --egg-base ../../build/arduinobot_py build --build-base /home/shriram/Desktop/ros2Project/build/arduinobot_py/build install --record /home/shriram/Desktop/ros2Project/build/arduinobot_py/install.log --single-version-externally-managed
[2.113s] running egg_info
[2.113s] writing ../../build/arduinobot_py/arduinobot_py.egg-info/PKG-INFO
[2.114s] writing dependency_links to ../../build/arduinobot_py/arduinobot_py.egg-info/dependency_links.txt
[2.114s] writing entry points to ../../build/arduinobot_py/arduinobot_py.egg-info/entry_points.txt
[2.114s] writing requirements to ../../build/arduinobot_py/arduinobot_py.egg-info/requires.txt
[2.114s] writing top-level names to ../../build/arduinobot_py/arduinobot_py.egg-info/top_level.txt
[2.117s] reading manifest file '../../build/arduinobot_py/arduinobot_py.egg-info/SOURCES.txt'
[2.118s] writing manifest file '../../build/arduinobot_py/arduinobot_py.egg-info/SOURCES.txt'
[2.118s] running build
[2.118s] running build_py
[2.119s] running install
[2.119s] running install_lib
[2.122s] running install_data
[2.123s] running install_egg_info
[2.125s] removing '/home/shriram/Desktop/ros2Project/install/arduinobot_py/lib/python3.10/site-packages/arduinobot_py-0.0.0-py3.10.egg-info' (and everything under it)
[2.125s] Copying ../../build/arduinobot_py/arduinobot_py.egg-info to /home/shriram/Desktop/ros2Project/install/arduinobot_py/lib/python3.10/site-packages/arduinobot_py-0.0.0-py3.10.egg-info
[2.126s] running install_scripts
[2.156s] Installing simple_action_client script to /home/shriram/Desktop/ros2Project/install/arduinobot_py/lib/arduinobot_py
[2.157s] Installing simple_action_server script to /home/shriram/Desktop/ros2Project/install/arduinobot_py/lib/arduinobot_py
[2.157s] Installing simple_parameter script to /home/shriram/Desktop/ros2Project/install/arduinobot_py/lib/arduinobot_py
[2.157s] Installing simple_service_client script to /home/shriram/Desktop/ros2Project/install/arduinobot_py/lib/arduinobot_py
[2.157s] Installing simple_service_server script to /home/shriram/Desktop/ros2Project/install/arduinobot_py/lib/arduinobot_py
[2.158s] writing list of installed files to '/home/shriram/Desktop/ros2Project/build/arduinobot_py/install.log'
[2.324s] Invoked command in '/home/shriram/Desktop/ros2Project/src/arduinobot_py' returned '0': CMAKE_PREFIX_PATH=/home/shriram/Desktop/ros2Project/install/arduinobot_msgs:/home/shriram/Desktop/ros2Project/install/arduinobot_utils:/home/shriram/Desktop/ros2Project/install/arduinobot_moveit:/home/shriram/Desktop/ros2Project/install/arduinobot_description:/home/shriram/Desktop/ros2Project/install/arduinobot_controller PYTHONPATH=/home/shriram/Desktop/ros2Project/build/arduinobot_py/prefix_override:/home/shriram/Desktop/ros2Project/install/arduinobot_py/lib/python3.10/site-packages:${PYTHONPATH} /usr/bin/python3 setup.py egg_info --egg-base ../../build/arduinobot_py build --build-base /home/shriram/Desktop/ros2Project/build/arduinobot_py/build install --record /home/shriram/Desktop/ros2Project/build/arduinobot_py/install.log --single-version-externally-managed
