[0.310s] DEBUG:colcon:Command line arguments: ['/usr/bin/colcon', 'build']
[0.310s] DEBUG:colcon:Parsed command line arguments: Namespace(log_base=None, log_level=None, verb_name='build', build_base='build', install_base='install', merge_install=False, symlink_install=False, test_result_base=None, continue_on_error=False, executor='parallel', parallel_workers=12, event_handlers=None, ignore_user_meta=False, metas=['./colcon.meta'], base_paths=['.'], packages_ignore=None, packages_ignore_regex=None, paths=None, packages_up_to=None, packages_up_to_regex=None, packages_above=None, packages_above_and_dependencies=None, packages_above_depth=None, packages_select_by_dep=None, packages_skip_by_dep=None, packages_skip_up_to=None, packages_select_build_failed=False, packages_skip_build_finished=False, packages_select_test_failures=False, packages_skip_test_passed=False, packages_select=None, packages_skip=None, packages_select_regex=None, packages_skip_regex=None, packages_start=None, packages_end=None, allow_overriding=[], cmake_args=None, cmake_target=None, cmake_target_skip_unavailable=False, cmake_clean_cache=False, cmake_clean_first=False, cmake_force_configure=False, ament_cmake_args=None, catkin_cmake_args=None, catkin_skip_building_tests=False, mixin_files=None, mixin=None, verb_parser=<colcon_mixin.mixin.mixin_argument.MixinArgumentDecorator object at 0x7f4aaad65960>, verb_extension=<colcon_core.verb.build.BuildVerb object at 0x7f4aaac911e0>, main=<bound method BuildVerb.main of <colcon_core.verb.build.BuildVerb object at 0x7f4aaac911e0>>, mixin_verb=('build',))
[0.331s] Level 1:colcon.colcon_core.package_discovery:discover_packages(colcon_meta) check parameters
[0.331s] Level 1:colcon.colcon_core.package_discovery:discover_packages(recursive) check parameters
[0.331s] Level 1:colcon.colcon_core.package_discovery:discover_packages(ignore) check parameters
[0.331s] Level 1:colcon.colcon_core.package_discovery:discover_packages(path) check parameters
[0.331s] Level 1:colcon.colcon_core.package_discovery:discover_packages(colcon_meta) discover
[0.332s] Level 1:colcon.colcon_core.package_discovery:discover_packages(recursive) discover
[0.332s] INFO:colcon.colcon_core.package_discovery:Crawling recursively for packages in '/home/shriram/Desktop/ros2Project'
[0.332s] Level 1:colcon.colcon_core.package_identification:_identify(.) by extensions ['ignore', 'ignore_ament_install']
[0.332s] Level 1:colcon.colcon_core.package_identification:_identify(.) by extension 'ignore'
[0.332s] Level 1:colcon.colcon_core.package_identification:_identify(.) by extension 'ignore_ament_install'
[0.332s] Level 1:colcon.colcon_core.package_identification:_identify(.) by extensions ['colcon_pkg']
[0.332s] Level 1:colcon.colcon_core.package_identification:_identify(.) by extension 'colcon_pkg'
[0.332s] Level 1:colcon.colcon_core.package_identification:_identify(.) by extensions ['colcon_meta']
[0.332s] Level 1:colcon.colcon_core.package_identification:_identify(.) by extension 'colcon_meta'
[0.332s] Level 1:colcon.colcon_core.package_identification:_identify(.) by extensions ['ros']
[0.332s] Level 1:colcon.colcon_core.package_identification:_identify(.) by extension 'ros'
[0.342s] Level 1:colcon.colcon_core.package_identification:_identify(.) by extensions ['cmake', 'python']
[0.342s] Level 1:colcon.colcon_core.package_identification:_identify(.) by extension 'cmake'
[0.342s] Level 1:colcon.colcon_core.package_identification:_identify(.) by extension 'python'
[0.342s] Level 1:colcon.colcon_core.package_identification:_identify(.) by extensions ['python_setup_py']
[0.342s] Level 1:colcon.colcon_core.package_identification:_identify(.) by extension 'python_setup_py'
[0.342s] Level 1:colcon.colcon_core.package_identification:_identify(build) by extensions ['ignore', 'ignore_ament_install']
[0.342s] Level 1:colcon.colcon_core.package_identification:_identify(build) by extension 'ignore'
[0.342s] Level 1:colcon.colcon_core.package_identification:_identify(build) ignored
[0.342s] Level 1:colcon.colcon_core.package_identification:_identify(install) by extensions ['ignore', 'ignore_ament_install']
[0.342s] Level 1:colcon.colcon_core.package_identification:_identify(install) by extension 'ignore'
[0.342s] Level 1:colcon.colcon_core.package_identification:_identify(install) ignored
[0.343s] Level 1:colcon.colcon_core.package_identification:_identify(log) by extensions ['ignore', 'ignore_ament_install']
[0.343s] Level 1:colcon.colcon_core.package_identification:_identify(log) by extension 'ignore'
[0.343s] Level 1:colcon.colcon_core.package_identification:_identify(log) ignored
[0.343s] Level 1:colcon.colcon_core.package_identification:_identify(src) by extensions ['ignore', 'ignore_ament_install']
[0.343s] Level 1:colcon.colcon_core.package_identification:_identify(src) by extension 'ignore'
[0.343s] Level 1:colcon.colcon_core.package_identification:_identify(src) by extension 'ignore_ament_install'
[0.343s] Level 1:colcon.colcon_core.package_identification:_identify(src) by extensions ['colcon_pkg']
[0.343s] Level 1:colcon.colcon_core.package_identification:_identify(src) by extension 'colcon_pkg'
[0.343s] Level 1:colcon.colcon_core.package_identification:_identify(src) by extensions ['colcon_meta']
[0.343s] Level 1:colcon.colcon_core.package_identification:_identify(src) by extension 'colcon_meta'
[0.343s] Level 1:colcon.colcon_core.package_identification:_identify(src) by extensions ['ros']
[0.343s] Level 1:colcon.colcon_core.package_identification:_identify(src) by extension 'ros'
[0.343s] Level 1:colcon.colcon_core.package_identification:_identify(src) by extensions ['cmake', 'python']
[0.343s] Level 1:colcon.colcon_core.package_identification:_identify(src) by extension 'cmake'
[0.343s] Level 1:colcon.colcon_core.package_identification:_identify(src) by extension 'python'
[0.343s] Level 1:colcon.colcon_core.package_identification:_identify(src) by extensions ['python_setup_py']
[0.343s] Level 1:colcon.colcon_core.package_identification:_identify(src) by extension 'python_setup_py'
[0.343s] Level 1:colcon.colcon_core.package_identification:_identify(src/arduinobot_controller) by extensions ['ignore', 'ignore_ament_install']
[0.343s] Level 1:colcon.colcon_core.package_identification:_identify(src/arduinobot_controller) by extension 'ignore'
[0.343s] Level 1:colcon.colcon_core.package_identification:_identify(src/arduinobot_controller) by extension 'ignore_ament_install'
[0.343s] Level 1:colcon.colcon_core.package_identification:_identify(src/arduinobot_controller) by extensions ['colcon_pkg']
[0.343s] Level 1:colcon.colcon_core.package_identification:_identify(src/arduinobot_controller) by extension 'colcon_pkg'
[0.343s] Level 1:colcon.colcon_core.package_identification:_identify(src/arduinobot_controller) by extensions ['colcon_meta']
[0.343s] Level 1:colcon.colcon_core.package_identification:_identify(src/arduinobot_controller) by extension 'colcon_meta'
[0.344s] Level 1:colcon.colcon_core.package_identification:_identify(src/arduinobot_controller) by extensions ['ros']
[0.344s] Level 1:colcon.colcon_core.package_identification:_identify(src/arduinobot_controller) by extension 'ros'
[0.345s] DEBUG:colcon.colcon_core.package_identification:Package 'src/arduinobot_controller' with type 'ros.ament_cmake' and name 'arduinobot_controller'
[0.346s] Level 1:colcon.colcon_core.package_identification:_identify(src/arduinobot_description) by extensions ['ignore', 'ignore_ament_install']
[0.346s] Level 1:colcon.colcon_core.package_identification:_identify(src/arduinobot_description) by extension 'ignore'
[0.346s] Level 1:colcon.colcon_core.package_identification:_identify(src/arduinobot_description) by extension 'ignore_ament_install'
[0.346s] Level 1:colcon.colcon_core.package_identification:_identify(src/arduinobot_description) by extensions ['colcon_pkg']
[0.346s] Level 1:colcon.colcon_core.package_identification:_identify(src/arduinobot_description) by extension 'colcon_pkg'
[0.346s] Level 1:colcon.colcon_core.package_identification:_identify(src/arduinobot_description) by extensions ['colcon_meta']
[0.346s] Level 1:colcon.colcon_core.package_identification:_identify(src/arduinobot_description) by extension 'colcon_meta'
[0.346s] Level 1:colcon.colcon_core.package_identification:_identify(src/arduinobot_description) by extensions ['ros']
[0.346s] Level 1:colcon.colcon_core.package_identification:_identify(src/arduinobot_description) by extension 'ros'
[0.346s] DEBUG:colcon.colcon_core.package_identification:Package 'src/arduinobot_description' with type 'ros.ament_cmake' and name 'arduinobot_description'
[0.347s] Level 1:colcon.colcon_core.package_identification:_identify(src/arduinobot_msgs) by extensions ['ignore', 'ignore_ament_install']
[0.347s] Level 1:colcon.colcon_core.package_identification:_identify(src/arduinobot_msgs) by extension 'ignore'
[0.347s] Level 1:colcon.colcon_core.package_identification:_identify(src/arduinobot_msgs) by extension 'ignore_ament_install'
[0.347s] Level 1:colcon.colcon_core.package_identification:_identify(src/arduinobot_msgs) by extensions ['colcon_pkg']
[0.347s] Level 1:colcon.colcon_core.package_identification:_identify(src/arduinobot_msgs) by extension 'colcon_pkg'
[0.347s] Level 1:colcon.colcon_core.package_identification:_identify(src/arduinobot_msgs) by extensions ['colcon_meta']
[0.347s] Level 1:colcon.colcon_core.package_identification:_identify(src/arduinobot_msgs) by extension 'colcon_meta'
[0.347s] Level 1:colcon.colcon_core.package_identification:_identify(src/arduinobot_msgs) by extensions ['ros']
[0.347s] Level 1:colcon.colcon_core.package_identification:_identify(src/arduinobot_msgs) by extension 'ros'
[0.347s] DEBUG:colcon.colcon_core.package_identification:Package 'src/arduinobot_msgs' with type 'ros.ament_cmake' and name 'arduinobot_msgs'
[0.347s] Level 1:colcon.colcon_core.package_identification:_identify(src/arduinobot_py) by extensions ['ignore', 'ignore_ament_install']
[0.347s] Level 1:colcon.colcon_core.package_identification:_identify(src/arduinobot_py) by extension 'ignore'
[0.348s] Level 1:colcon.colcon_core.package_identification:_identify(src/arduinobot_py) by extension 'ignore_ament_install'
[0.348s] Level 1:colcon.colcon_core.package_identification:_identify(src/arduinobot_py) by extensions ['colcon_pkg']
[0.348s] Level 1:colcon.colcon_core.package_identification:_identify(src/arduinobot_py) by extension 'colcon_pkg'
[0.348s] Level 1:colcon.colcon_core.package_identification:_identify(src/arduinobot_py) by extensions ['colcon_meta']
[0.348s] Level 1:colcon.colcon_core.package_identification:_identify(src/arduinobot_py) by extension 'colcon_meta'
[0.348s] Level 1:colcon.colcon_core.package_identification:_identify(src/arduinobot_py) by extensions ['ros']
[0.348s] Level 1:colcon.colcon_core.package_identification:_identify(src/arduinobot_py) by extension 'ros'
[0.348s] DEBUG:colcon.colcon_core.package_identification:Package 'src/arduinobot_py' with type 'ros.ament_python' and name 'arduinobot_py'
[0.348s] Level 1:colcon.colcon_core.package_identification:_identify(src/build) by extensions ['ignore', 'ignore_ament_install']
[0.348s] Level 1:colcon.colcon_core.package_identification:_identify(src/build) by extension 'ignore'
[0.348s] Level 1:colcon.colcon_core.package_identification:_identify(src/build) ignored
[0.348s] Level 1:colcon.colcon_core.package_identification:_identify(src/install) by extensions ['ignore', 'ignore_ament_install']
[0.349s] Level 1:colcon.colcon_core.package_identification:_identify(src/install) by extension 'ignore'
[0.349s] Level 1:colcon.colcon_core.package_identification:_identify(src/install) ignored
[0.349s] Level 1:colcon.colcon_core.package_identification:_identify(src/log) by extensions ['ignore', 'ignore_ament_install']
[0.349s] Level 1:colcon.colcon_core.package_identification:_identify(src/log) by extension 'ignore'
[0.349s] Level 1:colcon.colcon_core.package_identification:_identify(src/log) ignored
[0.349s] Level 1:colcon.colcon_core.package_discovery:discover_packages(recursive) using defaults
[0.349s] Level 1:colcon.colcon_core.package_discovery:discover_packages(ignore) discover
[0.349s] Level 1:colcon.colcon_core.package_discovery:discover_packages(ignore) using defaults
[0.349s] Level 1:colcon.colcon_core.package_discovery:discover_packages(path) discover
[0.349s] Level 1:colcon.colcon_core.package_discovery:discover_packages(path) using defaults
[0.366s] Level 1:colcon.colcon_core.package_discovery:discover_packages(prefix_path) check parameters
[0.366s] Level 1:colcon.colcon_core.package_discovery:discover_packages(prefix_path) discover
[0.368s] DEBUG:colcon.colcon_installed_package_information.package_discovery:Found 4 installed packages in /home/shriram/Desktop/ros2Project/install
[0.369s] DEBUG:colcon.colcon_installed_package_information.package_discovery:Found 434 installed packages in /opt/ros/humble
[0.371s] Level 1:colcon.colcon_core.package_discovery:discover_packages(prefix_path) using defaults
[0.427s] Level 5:colcon.colcon_core.verb:set package 'arduinobot_controller' build argument 'cmake_args' from command line to 'None'
[0.427s] Level 5:colcon.colcon_core.verb:set package 'arduinobot_controller' build argument 'cmake_target' from command line to 'None'
[0.427s] Level 5:colcon.colcon_core.verb:set package 'arduinobot_controller' build argument 'cmake_target_skip_unavailable' from command line to 'False'
[0.427s] Level 5:colcon.colcon_core.verb:set package 'arduinobot_controller' build argument 'cmake_clean_cache' from command line to 'False'
[0.427s] Level 5:colcon.colcon_core.verb:set package 'arduinobot_controller' build argument 'cmake_clean_first' from command line to 'False'
[0.427s] Level 5:colcon.colcon_core.verb:set package 'arduinobot_controller' build argument 'cmake_force_configure' from command line to 'False'
[0.427s] Level 5:colcon.colcon_core.verb:set package 'arduinobot_controller' build argument 'ament_cmake_args' from command line to 'None'
[0.427s] Level 5:colcon.colcon_core.verb:set package 'arduinobot_controller' build argument 'catkin_cmake_args' from command line to 'None'
[0.427s] Level 5:colcon.colcon_core.verb:set package 'arduinobot_controller' build argument 'catkin_skip_building_tests' from command line to 'False'
[0.427s] DEBUG:colcon.colcon_core.verb:Building package 'arduinobot_controller' with the following arguments: {'ament_cmake_args': None, 'build_base': '/home/shriram/Desktop/ros2Project/build/arduinobot_controller', 'catkin_cmake_args': None, 'catkin_skip_building_tests': False, 'cmake_args': None, 'cmake_clean_cache': False, 'cmake_clean_first': False, 'cmake_force_configure': False, 'cmake_target': None, 'cmake_target_skip_unavailable': False, 'install_base': '/home/shriram/Desktop/ros2Project/install/arduinobot_controller', 'merge_install': False, 'path': '/home/shriram/Desktop/ros2Project/src/arduinobot_controller', 'symlink_install': False, 'test_result_base': None}
[0.428s] Level 5:colcon.colcon_core.verb:set package 'arduinobot_description' build argument 'cmake_args' from command line to 'None'
[0.428s] Level 5:colcon.colcon_core.verb:set package 'arduinobot_description' build argument 'cmake_target' from command line to 'None'
[0.428s] Level 5:colcon.colcon_core.verb:set package 'arduinobot_description' build argument 'cmake_target_skip_unavailable' from command line to 'False'
[0.428s] Level 5:colcon.colcon_core.verb:set package 'arduinobot_description' build argument 'cmake_clean_cache' from command line to 'False'
[0.428s] Level 5:colcon.colcon_core.verb:set package 'arduinobot_description' build argument 'cmake_clean_first' from command line to 'False'
[0.428s] Level 5:colcon.colcon_core.verb:set package 'arduinobot_description' build argument 'cmake_force_configure' from command line to 'False'
[0.428s] Level 5:colcon.colcon_core.verb:set package 'arduinobot_description' build argument 'ament_cmake_args' from command line to 'None'
[0.428s] Level 5:colcon.colcon_core.verb:set package 'arduinobot_description' build argument 'catkin_cmake_args' from command line to 'None'
[0.428s] Level 5:colcon.colcon_core.verb:set package 'arduinobot_description' build argument 'catkin_skip_building_tests' from command line to 'False'
[0.428s] DEBUG:colcon.colcon_core.verb:Building package 'arduinobot_description' with the following arguments: {'ament_cmake_args': None, 'build_base': '/home/shriram/Desktop/ros2Project/build/arduinobot_description', 'catkin_cmake_args': None, 'catkin_skip_building_tests': False, 'cmake_args': None, 'cmake_clean_cache': False, 'cmake_clean_first': False, 'cmake_force_configure': False, 'cmake_target': None, 'cmake_target_skip_unavailable': False, 'install_base': '/home/shriram/Desktop/ros2Project/install/arduinobot_description', 'merge_install': False, 'path': '/home/shriram/Desktop/ros2Project/src/arduinobot_description', 'symlink_install': False, 'test_result_base': None}
[0.429s] Level 5:colcon.colcon_core.verb:set package 'arduinobot_msgs' build argument 'cmake_args' from command line to 'None'
[0.429s] Level 5:colcon.colcon_core.verb:set package 'arduinobot_msgs' build argument 'cmake_target' from command line to 'None'
[0.429s] Level 5:colcon.colcon_core.verb:set package 'arduinobot_msgs' build argument 'cmake_target_skip_unavailable' from command line to 'False'
[0.429s] Level 5:colcon.colcon_core.verb:set package 'arduinobot_msgs' build argument 'cmake_clean_cache' from command line to 'False'
[0.429s] Level 5:colcon.colcon_core.verb:set package 'arduinobot_msgs' build argument 'cmake_clean_first' from command line to 'False'
[0.429s] Level 5:colcon.colcon_core.verb:set package 'arduinobot_msgs' build argument 'cmake_force_configure' from command line to 'False'
[0.429s] Level 5:colcon.colcon_core.verb:set package 'arduinobot_msgs' build argument 'ament_cmake_args' from command line to 'None'
[0.429s] Level 5:colcon.colcon_core.verb:set package 'arduinobot_msgs' build argument 'catkin_cmake_args' from command line to 'None'
[0.429s] Level 5:colcon.colcon_core.verb:set package 'arduinobot_msgs' build argument 'catkin_skip_building_tests' from command line to 'False'
[0.429s] DEBUG:colcon.colcon_core.verb:Building package 'arduinobot_msgs' with the following arguments: {'ament_cmake_args': None, 'build_base': '/home/shriram/Desktop/ros2Project/build/arduinobot_msgs', 'catkin_cmake_args': None, 'catkin_skip_building_tests': False, 'cmake_args': None, 'cmake_clean_cache': False, 'cmake_clean_first': False, 'cmake_force_configure': False, 'cmake_target': None, 'cmake_target_skip_unavailable': False, 'install_base': '/home/shriram/Desktop/ros2Project/install/arduinobot_msgs', 'merge_install': False, 'path': '/home/shriram/Desktop/ros2Project/src/arduinobot_msgs', 'symlink_install': False, 'test_result_base': None}
[0.430s] Level 5:colcon.colcon_core.verb:set package 'arduinobot_py' build argument 'cmake_args' from command line to 'None'
[0.430s] Level 5:colcon.colcon_core.verb:set package 'arduinobot_py' build argument 'cmake_target' from command line to 'None'
[0.430s] Level 5:colcon.colcon_core.verb:set package 'arduinobot_py' build argument 'cmake_target_skip_unavailable' from command line to 'False'
[0.430s] Level 5:colcon.colcon_core.verb:set package 'arduinobot_py' build argument 'cmake_clean_cache' from command line to 'False'
[0.430s] Level 5:colcon.colcon_core.verb:set package 'arduinobot_py' build argument 'cmake_clean_first' from command line to 'False'
[0.430s] Level 5:colcon.colcon_core.verb:set package 'arduinobot_py' build argument 'cmake_force_configure' from command line to 'False'
[0.430s] Level 5:colcon.colcon_core.verb:set package 'arduinobot_py' build argument 'ament_cmake_args' from command line to 'None'
[0.430s] Level 5:colcon.colcon_core.verb:set package 'arduinobot_py' build argument 'catkin_cmake_args' from command line to 'None'
[0.430s] Level 5:colcon.colcon_core.verb:set package 'arduinobot_py' build argument 'catkin_skip_building_tests' from command line to 'False'
[0.430s] DEBUG:colcon.colcon_core.verb:Building package 'arduinobot_py' with the following arguments: {'ament_cmake_args': None, 'build_base': '/home/shriram/Desktop/ros2Project/build/arduinobot_py', 'catkin_cmake_args': None, 'catkin_skip_building_tests': False, 'cmake_args': None, 'cmake_clean_cache': False, 'cmake_clean_first': False, 'cmake_force_configure': False, 'cmake_target': None, 'cmake_target_skip_unavailable': False, 'install_base': '/home/shriram/Desktop/ros2Project/install/arduinobot_py', 'merge_install': False, 'path': '/home/shriram/Desktop/ros2Project/src/arduinobot_py', 'symlink_install': False, 'test_result_base': None}
[0.430s] INFO:colcon.colcon_core.executor:Executing jobs using 'parallel' executor
[0.433s] DEBUG:colcon.colcon_parallel_executor.executor.parallel:run_until_complete
[0.433s] INFO:colcon.colcon_ros.task.ament_cmake.build:Building ROS package in '/home/shriram/Desktop/ros2Project/src/arduinobot_msgs' with build type 'ament_cmake'
[0.433s] INFO:colcon.colcon_cmake.task.cmake.build:Building CMake package in '/home/shriram/Desktop/ros2Project/src/arduinobot_msgs'
[0.436s] INFO:colcon.colcon_core.plugin_system:Skipping extension 'colcon_core.shell.bat': Not used on non-Windows systems
[0.436s] INFO:colcon.colcon_core.shell:Skip shell extension 'powershell' for command environment: Not usable outside of PowerShell
[0.436s] DEBUG:colcon.colcon_core.shell:Skip shell extension 'dsv' for command environment
[0.440s] INFO:colcon.colcon_ros.task.ament_cmake.build:Building ROS package in '/home/shriram/Desktop/ros2Project/src/arduinobot_controller' with build type 'ament_cmake'
[0.440s] INFO:colcon.colcon_cmake.task.cmake.build:Building CMake package in '/home/shriram/Desktop/ros2Project/src/arduinobot_controller'
[0.441s] INFO:colcon.colcon_core.shell:Skip shell extension 'powershell' for command environment: Not usable outside of PowerShell
[0.441s] DEBUG:colcon.colcon_core.shell:Skip shell extension 'dsv' for command environment
[0.445s] INFO:colcon.colcon_ros.task.ament_cmake.build:Building ROS package in '/home/shriram/Desktop/ros2Project/src/arduinobot_description' with build type 'ament_cmake'
[0.445s] INFO:colcon.colcon_cmake.task.cmake.build:Building CMake package in '/home/shriram/Desktop/ros2Project/src/arduinobot_description'
[0.446s] INFO:colcon.colcon_core.shell:Skip shell extension 'powershell' for command environment: Not usable outside of PowerShell
[0.446s] DEBUG:colcon.colcon_core.shell:Skip shell extension 'dsv' for command environment
[0.453s] DEBUG:colcon.colcon_core.event_handler.log_command:Invoking command in '/home/shriram/Desktop/ros2Project/build/arduinobot_msgs': CMAKE_PREFIX_PATH=${CMAKE_PREFIX_PATH}:/home/shriram/Desktop/ros2Project/install/arduinobot_py:/opt/ros/humble /usr/bin/cmake --build /home/shriram/Desktop/ros2Project/build/arduinobot_msgs -- -j12 -l12
[0.455s] DEBUG:colcon.colcon_core.event_handler.log_command:Invoking command in '/home/shriram/Desktop/ros2Project/build/arduinobot_controller': CMAKE_PREFIX_PATH=${CMAKE_PREFIX_PATH}:/home/shriram/Desktop/ros2Project/install/arduinobot_py:/opt/ros/humble /usr/bin/cmake --build /home/shriram/Desktop/ros2Project/build/arduinobot_controller -- -j12 -l12
[0.458s] DEBUG:colcon.colcon_core.event_handler.log_command:Invoking command in '/home/shriram/Desktop/ros2Project/build/arduinobot_description': CMAKE_PREFIX_PATH=${CMAKE_PREFIX_PATH}:/home/shriram/Desktop/ros2Project/install/arduinobot_py:/opt/ros/humble /usr/bin/cmake --build /home/shriram/Desktop/ros2Project/build/arduinobot_description -- -j12 -l12
[0.482s] DEBUG:colcon.colcon_core.event_handler.log_command:Invoked command in '/home/shriram/Desktop/ros2Project/build/arduinobot_controller' returned '0': CMAKE_PREFIX_PATH=${CMAKE_PREFIX_PATH}:/home/shriram/Desktop/ros2Project/install/arduinobot_py:/opt/ros/humble /usr/bin/cmake --build /home/shriram/Desktop/ros2Project/build/arduinobot_controller -- -j12 -l12
[0.482s] DEBUG:colcon.colcon_core.event_handler.log_command:Invoked command in '/home/shriram/Desktop/ros2Project/build/arduinobot_description' returned '0': CMAKE_PREFIX_PATH=${CMAKE_PREFIX_PATH}:/home/shriram/Desktop/ros2Project/install/arduinobot_py:/opt/ros/humble /usr/bin/cmake --build /home/shriram/Desktop/ros2Project/build/arduinobot_description -- -j12 -l12
[0.509s] DEBUG:colcon.colcon_core.event_handler.log_command:Invoking command in '/home/shriram/Desktop/ros2Project/build/arduinobot_description': CMAKE_PREFIX_PATH=${CMAKE_PREFIX_PATH}:/home/shriram/Desktop/ros2Project/install/arduinobot_py:/opt/ros/humble /usr/bin/cmake --install /home/shriram/Desktop/ros2Project/build/arduinobot_description
[0.511s] DEBUG:colcon.colcon_core.event_handler.log_command:Invoking command in '/home/shriram/Desktop/ros2Project/build/arduinobot_controller': CMAKE_PREFIX_PATH=${CMAKE_PREFIX_PATH}:/home/shriram/Desktop/ros2Project/install/arduinobot_py:/opt/ros/humble /usr/bin/cmake --install /home/shriram/Desktop/ros2Project/build/arduinobot_controller
[0.519s] Level 1:colcon.colcon_core.environment:create_environment_scripts_only(arduinobot_description)
[0.520s] DEBUG:colcon.colcon_core.event_handler.log_command:Invoked command in '/home/shriram/Desktop/ros2Project/build/arduinobot_description' returned '0': CMAKE_PREFIX_PATH=${CMAKE_PREFIX_PATH}:/home/shriram/Desktop/ros2Project/install/arduinobot_py:/opt/ros/humble /usr/bin/cmake --install /home/shriram/Desktop/ros2Project/build/arduinobot_description
[0.524s] Level 1:colcon.colcon_core.environment:checking '/home/shriram/Desktop/ros2Project/install/arduinobot_description' for CMake module files
[0.525s] Level 1:colcon.colcon_core.environment:checking '/home/shriram/Desktop/ros2Project/install/arduinobot_description' for CMake config files
[0.525s] Level 1:colcon.colcon_core.shell:create_environment_hook('arduinobot_description', 'cmake_prefix_path')
[0.526s] INFO:colcon.colcon_core.shell:Creating environment hook '/home/shriram/Desktop/ros2Project/install/arduinobot_description/share/arduinobot_description/hook/cmake_prefix_path.ps1'
[0.526s] INFO:colcon.colcon_core.shell:Creating environment descriptor '/home/shriram/Desktop/ros2Project/install/arduinobot_description/share/arduinobot_description/hook/cmake_prefix_path.dsv'
[0.527s] INFO:colcon.colcon_core.shell:Creating environment hook '/home/shriram/Desktop/ros2Project/install/arduinobot_description/share/arduinobot_description/hook/cmake_prefix_path.sh'
[0.527s] Level 1:colcon.colcon_core.environment:checking '/home/shriram/Desktop/ros2Project/install/arduinobot_description/bin'
[0.527s] Level 1:colcon.colcon_core.environment:checking '/home/shriram/Desktop/ros2Project/install/arduinobot_description/lib/pkgconfig/arduinobot_description.pc'
[0.528s] Level 1:colcon.colcon_core.environment:checking '/home/shriram/Desktop/ros2Project/install/arduinobot_description/lib/python3.10/site-packages'
[0.528s] Level 1:colcon.colcon_core.environment:checking '/home/shriram/Desktop/ros2Project/install/arduinobot_description/bin'
[0.529s] INFO:colcon.colcon_core.shell:Creating package script '/home/shriram/Desktop/ros2Project/install/arduinobot_description/share/arduinobot_description/package.ps1'
[0.530s] INFO:colcon.colcon_core.shell:Creating package descriptor '/home/shriram/Desktop/ros2Project/install/arduinobot_description/share/arduinobot_description/package.dsv'
[0.530s] INFO:colcon.colcon_core.shell:Creating package script '/home/shriram/Desktop/ros2Project/install/arduinobot_description/share/arduinobot_description/package.sh'
[0.530s] INFO:colcon.colcon_core.shell:Creating package script '/home/shriram/Desktop/ros2Project/install/arduinobot_description/share/arduinobot_description/package.bash'
[0.531s] INFO:colcon.colcon_core.shell:Creating package script '/home/shriram/Desktop/ros2Project/install/arduinobot_description/share/arduinobot_description/package.zsh'
[0.531s] Level 1:colcon.colcon_core.environment:create_file_with_runtime_dependencies(/home/shriram/Desktop/ros2Project/install/arduinobot_description/share/colcon-core/packages/arduinobot_description)
[0.532s] Level 1:colcon.colcon_core.environment:create_environment_scripts_only(arduinobot_controller)
[0.534s] Level 1:colcon.colcon_core.environment:checking '/home/shriram/Desktop/ros2Project/install/arduinobot_controller' for CMake module files
[0.534s] DEBUG:colcon.colcon_core.event_handler.log_command:Invoked command in '/home/shriram/Desktop/ros2Project/build/arduinobot_controller' returned '0': CMAKE_PREFIX_PATH=${CMAKE_PREFIX_PATH}:/home/shriram/Desktop/ros2Project/install/arduinobot_py:/opt/ros/humble /usr/bin/cmake --install /home/shriram/Desktop/ros2Project/build/arduinobot_controller
[0.535s] Level 1:colcon.colcon_core.environment:checking '/home/shriram/Desktop/ros2Project/install/arduinobot_controller' for CMake config files
[0.535s] Level 1:colcon.colcon_core.shell:create_environment_hook('arduinobot_controller', 'cmake_prefix_path')
[0.536s] INFO:colcon.colcon_core.shell:Creating environment hook '/home/shriram/Desktop/ros2Project/install/arduinobot_controller/share/arduinobot_controller/hook/cmake_prefix_path.ps1'
[0.537s] INFO:colcon.colcon_core.shell:Creating environment descriptor '/home/shriram/Desktop/ros2Project/install/arduinobot_controller/share/arduinobot_controller/hook/cmake_prefix_path.dsv'
[0.537s] INFO:colcon.colcon_core.shell:Creating environment hook '/home/shriram/Desktop/ros2Project/install/arduinobot_controller/share/arduinobot_controller/hook/cmake_prefix_path.sh'
[0.538s] Level 1:colcon.colcon_core.environment:checking '/home/shriram/Desktop/ros2Project/install/arduinobot_controller/bin'
[0.538s] Level 1:colcon.colcon_core.environment:checking '/home/shriram/Desktop/ros2Project/install/arduinobot_controller/lib/pkgconfig/arduinobot_controller.pc'
[0.538s] Level 1:colcon.colcon_core.environment:checking '/home/shriram/Desktop/ros2Project/install/arduinobot_controller/lib/python3.10/site-packages'
[0.538s] Level 1:colcon.colcon_core.environment:checking '/home/shriram/Desktop/ros2Project/install/arduinobot_controller/bin'
[0.539s] INFO:colcon.colcon_core.shell:Creating package script '/home/shriram/Desktop/ros2Project/install/arduinobot_controller/share/arduinobot_controller/package.ps1'
[0.540s] INFO:colcon.colcon_core.shell:Creating package descriptor '/home/shriram/Desktop/ros2Project/install/arduinobot_controller/share/arduinobot_controller/package.dsv'
[0.540s] INFO:colcon.colcon_core.shell:Creating package script '/home/shriram/Desktop/ros2Project/install/arduinobot_controller/share/arduinobot_controller/package.sh'
[0.541s] INFO:colcon.colcon_core.shell:Creating package script '/home/shriram/Desktop/ros2Project/install/arduinobot_controller/share/arduinobot_controller/package.bash'
[0.541s] INFO:colcon.colcon_core.shell:Creating package script '/home/shriram/Desktop/ros2Project/install/arduinobot_controller/share/arduinobot_controller/package.zsh'
[0.541s] Level 1:colcon.colcon_core.environment:create_file_with_runtime_dependencies(/home/shriram/Desktop/ros2Project/install/arduinobot_controller/share/colcon-core/packages/arduinobot_controller)
[0.549s] Level 1:colcon.colcon_core.environment:create_environment_scripts_only(arduinobot_description)
[0.551s] Level 1:colcon.colcon_core.environment:checking '/home/shriram/Desktop/ros2Project/install/arduinobot_description' for CMake module files
[0.552s] Level 1:colcon.colcon_core.environment:checking '/home/shriram/Desktop/ros2Project/install/arduinobot_description' for CMake config files
[0.552s] Level 1:colcon.colcon_core.shell:create_environment_hook('arduinobot_description', 'cmake_prefix_path')
[0.554s] INFO:colcon.colcon_core.shell:Creating environment hook '/home/shriram/Desktop/ros2Project/install/arduinobot_description/share/arduinobot_description/hook/cmake_prefix_path.ps1'
[0.554s] INFO:colcon.colcon_core.shell:Creating environment descriptor '/home/shriram/Desktop/ros2Project/install/arduinobot_description/share/arduinobot_description/hook/cmake_prefix_path.dsv'
[0.554s] INFO:colcon.colcon_core.shell:Creating environment hook '/home/shriram/Desktop/ros2Project/install/arduinobot_description/share/arduinobot_description/hook/cmake_prefix_path.sh'
[0.555s] Level 1:colcon.colcon_core.environment:checking '/home/shriram/Desktop/ros2Project/install/arduinobot_description/bin'
[0.555s] Level 1:colcon.colcon_core.environment:checking '/home/shriram/Desktop/ros2Project/install/arduinobot_description/lib/pkgconfig/arduinobot_description.pc'
[0.555s] Level 1:colcon.colcon_core.environment:checking '/home/shriram/Desktop/ros2Project/install/arduinobot_description/lib/python3.10/site-packages'
[0.555s] Level 1:colcon.colcon_core.environment:checking '/home/shriram/Desktop/ros2Project/install/arduinobot_description/bin'
[0.557s] INFO:colcon.colcon_core.shell:Creating package script '/home/shriram/Desktop/ros2Project/install/arduinobot_description/share/arduinobot_description/package.ps1'
[0.558s] INFO:colcon.colcon_core.shell:Creating package descriptor '/home/shriram/Desktop/ros2Project/install/arduinobot_description/share/arduinobot_description/package.dsv'
[0.558s] INFO:colcon.colcon_core.shell:Creating package script '/home/shriram/Desktop/ros2Project/install/arduinobot_description/share/arduinobot_description/package.sh'
[0.559s] INFO:colcon.colcon_core.shell:Creating package script '/home/shriram/Desktop/ros2Project/install/arduinobot_description/share/arduinobot_description/package.bash'
[0.559s] INFO:colcon.colcon_core.shell:Creating package script '/home/shriram/Desktop/ros2Project/install/arduinobot_description/share/arduinobot_description/package.zsh'
[0.559s] Level 1:colcon.colcon_core.environment:create_file_with_runtime_dependencies(/home/shriram/Desktop/ros2Project/install/arduinobot_description/share/colcon-core/packages/arduinobot_description)
[0.562s] Level 1:colcon.colcon_core.environment:create_environment_scripts_only(arduinobot_controller)
[0.563s] Level 1:colcon.colcon_core.environment:checking '/home/shriram/Desktop/ros2Project/install/arduinobot_controller' for CMake module files
[0.564s] Level 1:colcon.colcon_core.environment:checking '/home/shriram/Desktop/ros2Project/install/arduinobot_controller' for CMake config files
[0.564s] Level 1:colcon.colcon_core.shell:create_environment_hook('arduinobot_controller', 'cmake_prefix_path')
[0.566s] INFO:colcon.colcon_core.shell:Creating environment hook '/home/shriram/Desktop/ros2Project/install/arduinobot_controller/share/arduinobot_controller/hook/cmake_prefix_path.ps1'
[0.567s] INFO:colcon.colcon_core.shell:Creating environment descriptor '/home/shriram/Desktop/ros2Project/install/arduinobot_controller/share/arduinobot_controller/hook/cmake_prefix_path.dsv'
[0.567s] INFO:colcon.colcon_core.shell:Creating environment hook '/home/shriram/Desktop/ros2Project/install/arduinobot_controller/share/arduinobot_controller/hook/cmake_prefix_path.sh'
[0.568s] Level 1:colcon.colcon_core.environment:checking '/home/shriram/Desktop/ros2Project/install/arduinobot_controller/bin'
[0.568s] Level 1:colcon.colcon_core.environment:checking '/home/shriram/Desktop/ros2Project/install/arduinobot_controller/lib/pkgconfig/arduinobot_controller.pc'
[0.568s] Level 1:colcon.colcon_core.environment:checking '/home/shriram/Desktop/ros2Project/install/arduinobot_controller/lib/python3.10/site-packages'
[0.568s] Level 1:colcon.colcon_core.environment:checking '/home/shriram/Desktop/ros2Project/install/arduinobot_controller/bin'
[0.570s] INFO:colcon.colcon_core.shell:Creating package script '/home/shriram/Desktop/ros2Project/install/arduinobot_controller/share/arduinobot_controller/package.ps1'
[0.571s] INFO:colcon.colcon_core.shell:Creating package descriptor '/home/shriram/Desktop/ros2Project/install/arduinobot_controller/share/arduinobot_controller/package.dsv'
[0.571s] INFO:colcon.colcon_core.shell:Creating package script '/home/shriram/Desktop/ros2Project/install/arduinobot_controller/share/arduinobot_controller/package.sh'
[0.572s] INFO:colcon.colcon_core.shell:Creating package script '/home/shriram/Desktop/ros2Project/install/arduinobot_controller/share/arduinobot_controller/package.bash'
[0.572s] INFO:colcon.colcon_core.shell:Creating package script '/home/shriram/Desktop/ros2Project/install/arduinobot_controller/share/arduinobot_controller/package.zsh'
[0.573s] Level 1:colcon.colcon_core.environment:create_file_with_runtime_dependencies(/home/shriram/Desktop/ros2Project/install/arduinobot_controller/share/colcon-core/packages/arduinobot_controller)
[0.776s] DEBUG:colcon.colcon_core.event_handler.log_command:Invoked command in '/home/shriram/Desktop/ros2Project/build/arduinobot_msgs' returned '0': CMAKE_PREFIX_PATH=${CMAKE_PREFIX_PATH}:/home/shriram/Desktop/ros2Project/install/arduinobot_py:/opt/ros/humble /usr/bin/cmake --build /home/shriram/Desktop/ros2Project/build/arduinobot_msgs -- -j12 -l12
[0.810s] DEBUG:colcon.colcon_core.event_handler.log_command:Invoking command in '/home/shriram/Desktop/ros2Project/build/arduinobot_msgs': CMAKE_PREFIX_PATH=${CMAKE_PREFIX_PATH}:/home/shriram/Desktop/ros2Project/install/arduinobot_py:/opt/ros/humble /usr/bin/cmake --install /home/shriram/Desktop/ros2Project/build/arduinobot_msgs
[0.850s] Level 1:colcon.colcon_core.environment:create_environment_scripts_only(arduinobot_msgs)
[0.850s] DEBUG:colcon.colcon_core.event_handler.log_command:Invoked command in '/home/shriram/Desktop/ros2Project/build/arduinobot_msgs' returned '0': CMAKE_PREFIX_PATH=${CMAKE_PREFIX_PATH}:/home/shriram/Desktop/ros2Project/install/arduinobot_py:/opt/ros/humble /usr/bin/cmake --install /home/shriram/Desktop/ros2Project/build/arduinobot_msgs
[0.852s] Level 1:colcon.colcon_core.environment:checking '/home/shriram/Desktop/ros2Project/install/arduinobot_msgs' for CMake module files
[0.852s] Level 1:colcon.colcon_core.environment:checking '/home/shriram/Desktop/ros2Project/install/arduinobot_msgs' for CMake config files
[0.852s] Level 1:colcon.colcon_core.shell:create_environment_hook('arduinobot_msgs', 'cmake_prefix_path')
[0.854s] INFO:colcon.colcon_core.shell:Creating environment hook '/home/shriram/Desktop/ros2Project/install/arduinobot_msgs/share/arduinobot_msgs/hook/cmake_prefix_path.ps1'
[0.854s] INFO:colcon.colcon_core.shell:Creating environment descriptor '/home/shriram/Desktop/ros2Project/install/arduinobot_msgs/share/arduinobot_msgs/hook/cmake_prefix_path.dsv'
[0.854s] INFO:colcon.colcon_core.shell:Creating environment hook '/home/shriram/Desktop/ros2Project/install/arduinobot_msgs/share/arduinobot_msgs/hook/cmake_prefix_path.sh'
[0.855s] Level 1:colcon.colcon_core.environment:checking '/home/shriram/Desktop/ros2Project/install/arduinobot_msgs/lib'
[0.855s] Level 1:colcon.colcon_core.shell:create_environment_hook('arduinobot_msgs', 'ld_library_path_lib')
[0.857s] INFO:colcon.colcon_core.shell:Creating environment hook '/home/shriram/Desktop/ros2Project/install/arduinobot_msgs/share/arduinobot_msgs/hook/ld_library_path_lib.ps1'
[0.857s] INFO:colcon.colcon_core.shell:Creating environment descriptor '/home/shriram/Desktop/ros2Project/install/arduinobot_msgs/share/arduinobot_msgs/hook/ld_library_path_lib.dsv'
[0.857s] INFO:colcon.colcon_core.shell:Creating environment hook '/home/shriram/Desktop/ros2Project/install/arduinobot_msgs/share/arduinobot_msgs/hook/ld_library_path_lib.sh'
[0.857s] Level 1:colcon.colcon_core.environment:checking '/home/shriram/Desktop/ros2Project/install/arduinobot_msgs/bin'
[0.857s] Level 1:colcon.colcon_core.environment:checking '/home/shriram/Desktop/ros2Project/install/arduinobot_msgs/lib/pkgconfig/arduinobot_msgs.pc'
[0.858s] Level 1:colcon.colcon_core.environment:checking '/home/shriram/Desktop/ros2Project/install/arduinobot_msgs/lib/python3.10/site-packages'
[0.858s] Level 1:colcon.colcon_core.environment:checking '/home/shriram/Desktop/ros2Project/install/arduinobot_msgs/bin'
[0.859s] INFO:colcon.colcon_core.shell:Creating package script '/home/shriram/Desktop/ros2Project/install/arduinobot_msgs/share/arduinobot_msgs/package.ps1'
[0.859s] INFO:colcon.colcon_core.shell:Creating package descriptor '/home/shriram/Desktop/ros2Project/install/arduinobot_msgs/share/arduinobot_msgs/package.dsv'
[0.859s] INFO:colcon.colcon_core.shell:Creating package script '/home/shriram/Desktop/ros2Project/install/arduinobot_msgs/share/arduinobot_msgs/package.sh'
[0.860s] INFO:colcon.colcon_core.shell:Creating package script '/home/shriram/Desktop/ros2Project/install/arduinobot_msgs/share/arduinobot_msgs/package.bash'
[0.860s] INFO:colcon.colcon_core.shell:Creating package script '/home/shriram/Desktop/ros2Project/install/arduinobot_msgs/share/arduinobot_msgs/package.zsh'
[0.860s] Level 1:colcon.colcon_core.environment:create_file_with_runtime_dependencies(/home/shriram/Desktop/ros2Project/install/arduinobot_msgs/share/colcon-core/packages/arduinobot_msgs)
[0.895s] Level 1:colcon.colcon_core.environment:create_environment_scripts_only(arduinobot_msgs)
[0.897s] Level 1:colcon.colcon_core.environment:checking '/home/shriram/Desktop/ros2Project/install/arduinobot_msgs' for CMake module files
[0.897s] Level 1:colcon.colcon_core.environment:checking '/home/shriram/Desktop/ros2Project/install/arduinobot_msgs' for CMake config files
[0.898s] Level 1:colcon.colcon_core.shell:create_environment_hook('arduinobot_msgs', 'cmake_prefix_path')
[0.899s] INFO:colcon.colcon_core.shell:Creating environment hook '/home/shriram/Desktop/ros2Project/install/arduinobot_msgs/share/arduinobot_msgs/hook/cmake_prefix_path.ps1'
[0.900s] INFO:colcon.colcon_core.shell:Creating environment descriptor '/home/shriram/Desktop/ros2Project/install/arduinobot_msgs/share/arduinobot_msgs/hook/cmake_prefix_path.dsv'
[0.900s] INFO:colcon.colcon_core.shell:Creating environment hook '/home/shriram/Desktop/ros2Project/install/arduinobot_msgs/share/arduinobot_msgs/hook/cmake_prefix_path.sh'
[0.901s] Level 1:colcon.colcon_core.environment:checking '/home/shriram/Desktop/ros2Project/install/arduinobot_msgs/lib'
[0.901s] Level 1:colcon.colcon_core.shell:create_environment_hook('arduinobot_msgs', 'ld_library_path_lib')
[0.902s] INFO:colcon.colcon_core.shell:Creating environment hook '/home/shriram/Desktop/ros2Project/install/arduinobot_msgs/share/arduinobot_msgs/hook/ld_library_path_lib.ps1'
[0.903s] INFO:colcon.colcon_core.shell:Creating environment descriptor '/home/shriram/Desktop/ros2Project/install/arduinobot_msgs/share/arduinobot_msgs/hook/ld_library_path_lib.dsv'
[0.903s] INFO:colcon.colcon_core.shell:Creating environment hook '/home/shriram/Desktop/ros2Project/install/arduinobot_msgs/share/arduinobot_msgs/hook/ld_library_path_lib.sh'
[0.904s] Level 1:colcon.colcon_core.environment:checking '/home/shriram/Desktop/ros2Project/install/arduinobot_msgs/bin'
[0.904s] Level 1:colcon.colcon_core.environment:checking '/home/shriram/Desktop/ros2Project/install/arduinobot_msgs/lib/pkgconfig/arduinobot_msgs.pc'
[0.904s] Level 1:colcon.colcon_core.environment:checking '/home/shriram/Desktop/ros2Project/install/arduinobot_msgs/lib/python3.10/site-packages'
[0.904s] Level 1:colcon.colcon_core.environment:checking '/home/shriram/Desktop/ros2Project/install/arduinobot_msgs/bin'
[0.906s] INFO:colcon.colcon_core.shell:Creating package script '/home/shriram/Desktop/ros2Project/install/arduinobot_msgs/share/arduinobot_msgs/package.ps1'
[0.907s] INFO:colcon.colcon_core.shell:Creating package descriptor '/home/shriram/Desktop/ros2Project/install/arduinobot_msgs/share/arduinobot_msgs/package.dsv'
[0.907s] INFO:colcon.colcon_core.shell:Creating package script '/home/shriram/Desktop/ros2Project/install/arduinobot_msgs/share/arduinobot_msgs/package.sh'
[0.908s] INFO:colcon.colcon_core.shell:Creating package script '/home/shriram/Desktop/ros2Project/install/arduinobot_msgs/share/arduinobot_msgs/package.bash'
[0.908s] INFO:colcon.colcon_core.shell:Creating package script '/home/shriram/Desktop/ros2Project/install/arduinobot_msgs/share/arduinobot_msgs/package.zsh'
[0.909s] Level 1:colcon.colcon_core.environment:create_file_with_runtime_dependencies(/home/shriram/Desktop/ros2Project/install/arduinobot_msgs/share/colcon-core/packages/arduinobot_msgs)
[0.909s] INFO:colcon.colcon_ros.task.ament_python.build:Building ROS package in '/home/shriram/Desktop/ros2Project/src/arduinobot_py' with build type 'ament_python'
[0.909s] Level 1:colcon.colcon_core.shell:create_environment_hook('arduinobot_py', 'ament_prefix_path')
[0.911s] INFO:colcon.colcon_core.shell:Creating environment hook '/home/shriram/Desktop/ros2Project/install/arduinobot_py/share/arduinobot_py/hook/ament_prefix_path.ps1'
[0.911s] INFO:colcon.colcon_core.shell:Creating environment descriptor '/home/shriram/Desktop/ros2Project/install/arduinobot_py/share/arduinobot_py/hook/ament_prefix_path.dsv'
[0.912s] INFO:colcon.colcon_core.shell:Creating environment hook '/home/shriram/Desktop/ros2Project/install/arduinobot_py/share/arduinobot_py/hook/ament_prefix_path.sh'
[0.913s] INFO:colcon.colcon_core.shell:Skip shell extension 'powershell' for command environment: Not usable outside of PowerShell
[0.913s] DEBUG:colcon.colcon_core.shell:Skip shell extension 'dsv' for command environment
[1.221s] INFO:colcon.colcon_core.task.python.build:Building Python package in '/home/shriram/Desktop/ros2Project/src/arduinobot_py'
[1.223s] INFO:colcon.colcon_core.shell:Skip shell extension 'powershell' for command environment: Not usable outside of PowerShell
[1.223s] DEBUG:colcon.colcon_core.shell:Skip shell extension 'dsv' for command environment
[1.633s] DEBUG:colcon.colcon_core.event_handler.log_command:Invoking command in '/home/shriram/Desktop/ros2Project/src/arduinobot_py': PYTHONPATH=/home/shriram/Desktop/ros2Project/build/arduinobot_py/prefix_override:/home/shriram/Desktop/ros2Project/install/arduinobot_py/lib/python3.10/site-packages:${PYTHONPATH} /usr/bin/python3 setup.py egg_info --egg-base ../../build/arduinobot_py build --build-base /home/shriram/Desktop/ros2Project/build/arduinobot_py/build install --record /home/shriram/Desktop/ros2Project/build/arduinobot_py/install.log --single-version-externally-managed
[1.914s] Level 1:colcon.colcon_core.environment:checking '/home/shriram/Desktop/ros2Project/install/arduinobot_py' for CMake module files
[1.915s] DEBUG:colcon.colcon_core.event_handler.log_command:Invoked command in '/home/shriram/Desktop/ros2Project/src/arduinobot_py' returned '0': PYTHONPATH=/home/shriram/Desktop/ros2Project/build/arduinobot_py/prefix_override:/home/shriram/Desktop/ros2Project/install/arduinobot_py/lib/python3.10/site-packages:${PYTHONPATH} /usr/bin/python3 setup.py egg_info --egg-base ../../build/arduinobot_py build --build-base /home/shriram/Desktop/ros2Project/build/arduinobot_py/build install --record /home/shriram/Desktop/ros2Project/build/arduinobot_py/install.log --single-version-externally-managed
[1.915s] Level 1:colcon.colcon_core.environment:checking '/home/shriram/Desktop/ros2Project/install/arduinobot_py' for CMake config files
[1.915s] Level 1:colcon.colcon_core.environment:checking '/home/shriram/Desktop/ros2Project/install/arduinobot_py/lib'
[1.915s] Level 1:colcon.colcon_core.environment:checking '/home/shriram/Desktop/ros2Project/install/arduinobot_py/bin'
[1.915s] Level 1:colcon.colcon_core.environment:checking '/home/shriram/Desktop/ros2Project/install/arduinobot_py/lib/pkgconfig/arduinobot_py.pc'
[1.916s] Level 1:colcon.colcon_core.environment:checking '/home/shriram/Desktop/ros2Project/install/arduinobot_py/lib/python3.10/site-packages'
[1.916s] Level 1:colcon.colcon_core.shell:create_environment_hook('arduinobot_py', 'pythonpath')
[1.917s] INFO:colcon.colcon_core.shell:Creating environment hook '/home/shriram/Desktop/ros2Project/install/arduinobot_py/share/arduinobot_py/hook/pythonpath.ps1'
[1.917s] INFO:colcon.colcon_core.shell:Creating environment descriptor '/home/shriram/Desktop/ros2Project/install/arduinobot_py/share/arduinobot_py/hook/pythonpath.dsv'
[1.918s] INFO:colcon.colcon_core.shell:Creating environment hook '/home/shriram/Desktop/ros2Project/install/arduinobot_py/share/arduinobot_py/hook/pythonpath.sh'
[1.918s] Level 1:colcon.colcon_core.environment:checking '/home/shriram/Desktop/ros2Project/install/arduinobot_py/bin'
[1.918s] Level 1:colcon.colcon_core.environment:create_environment_scripts_only(arduinobot_py)
[1.919s] INFO:colcon.colcon_core.shell:Creating package script '/home/shriram/Desktop/ros2Project/install/arduinobot_py/share/arduinobot_py/package.ps1'
[1.920s] INFO:colcon.colcon_core.shell:Creating package descriptor '/home/shriram/Desktop/ros2Project/install/arduinobot_py/share/arduinobot_py/package.dsv'
[1.920s] INFO:colcon.colcon_core.shell:Creating package script '/home/shriram/Desktop/ros2Project/install/arduinobot_py/share/arduinobot_py/package.sh'
[1.920s] INFO:colcon.colcon_core.shell:Creating package script '/home/shriram/Desktop/ros2Project/install/arduinobot_py/share/arduinobot_py/package.bash'
[1.921s] INFO:colcon.colcon_core.shell:Creating package script '/home/shriram/Desktop/ros2Project/install/arduinobot_py/share/arduinobot_py/package.zsh'
[1.921s] Level 1:colcon.colcon_core.environment:create_file_with_runtime_dependencies(/home/shriram/Desktop/ros2Project/install/arduinobot_py/share/colcon-core/packages/arduinobot_py)
[1.921s] DEBUG:colcon.colcon_parallel_executor.executor.parallel:closing loop
[1.922s] DEBUG:colcon.colcon_parallel_executor.executor.parallel:loop closed
[1.922s] DEBUG:colcon.colcon_parallel_executor.executor.parallel:run_until_complete finished with '0'
[1.922s] DEBUG:colcon.colcon_core.event_reactor:joining thread
[1.926s] INFO:colcon.colcon_core.plugin_system:Skipping extension 'colcon_notification.desktop_notification.terminal_notifier': Not used on non-Darwin systems
[1.926s] INFO:colcon.colcon_core.plugin_system:Skipping extension 'colcon_notification.desktop_notification.win32': Not used on non-Windows systems
[1.926s] INFO:colcon.colcon_notification.desktop_notification:Sending desktop notification using 'notify2'
[1.934s] DEBUG:colcon.colcon_core.event_reactor:joined thread
[1.936s] INFO:colcon.colcon_core.shell:Creating prefix script '/home/shriram/Desktop/ros2Project/install/local_setup.ps1'
[1.937s] INFO:colcon.colcon_core.shell:Creating prefix util module '/home/shriram/Desktop/ros2Project/install/_local_setup_util_ps1.py'
[1.938s] INFO:colcon.colcon_core.shell:Creating prefix chain script '/home/shriram/Desktop/ros2Project/install/setup.ps1'
[1.941s] INFO:colcon.colcon_core.shell:Creating prefix script '/home/shriram/Desktop/ros2Project/install/local_setup.sh'
[1.941s] INFO:colcon.colcon_core.shell:Creating prefix util module '/home/shriram/Desktop/ros2Project/install/_local_setup_util_sh.py'
[1.942s] INFO:colcon.colcon_core.shell:Creating prefix chain script '/home/shriram/Desktop/ros2Project/install/setup.sh'
[1.943s] INFO:colcon.colcon_core.shell:Creating prefix script '/home/shriram/Desktop/ros2Project/install/local_setup.bash'
[1.944s] INFO:colcon.colcon_core.shell:Creating prefix chain script '/home/shriram/Desktop/ros2Project/install/setup.bash'
[1.945s] INFO:colcon.colcon_core.shell:Creating prefix script '/home/shriram/Desktop/ros2Project/install/local_setup.zsh'
[1.946s] INFO:colcon.colcon_core.shell:Creating prefix chain script '/home/shriram/Desktop/ros2Project/install/setup.zsh'
