[0.721s] Invoking command in '/home/shriram/Desktop/ros2Project/src/arduinobot_py': PYTHONPATH=/home/shriram/Desktop/ros2Project/build/arduinobot_py/prefix_override:/home/shriram/Desktop/ros2Project/install/arduinobot_py/lib/python3.10/site-packages:${PYTHONPATH} /usr/bin/python3 setup.py egg_info --egg-base ../../build/arduinobot_py build --build-base /home/shriram/Desktop/ros2Project/build/arduinobot_py/build install --record /home/shriram/Desktop/ros2Project/build/arduinobot_py/install.log --single-version-externally-managed
[0.955s] running egg_info
[0.956s] writing ../../build/arduinobot_py/arduinobot_py.egg-info/PKG-INFO
[0.956s] writing dependency_links to ../../build/arduinobot_py/arduinobot_py.egg-info/dependency_links.txt
[0.956s] writing entry points to ../../build/arduinobot_py/arduinobot_py.egg-info/entry_points.txt
[0.956s] writing requirements to ../../build/arduinobot_py/arduinobot_py.egg-info/requires.txt
[0.957s] writing top-level names to ../../build/arduinobot_py/arduinobot_py.egg-info/top_level.txt
[0.958s] reading manifest file '../../build/arduinobot_py/arduinobot_py.egg-info/SOURCES.txt'
[0.963s] writing manifest file '../../build/arduinobot_py/arduinobot_py.egg-info/SOURCES.txt'
[0.963s] running build
[0.963s] running build_py
[0.963s] copying arduinobot_py/simple_service_client.py -> /home/shriram/Desktop/ros2Project/build/arduinobot_py/build/lib/arduinobot_py
[0.963s] running install
[0.964s] running install_lib
[0.964s] copying /home/shriram/Desktop/ros2Project/build/arduinobot_py/build/lib/arduinobot_py/simple_service_client.py -> /home/shriram/Desktop/ros2Project/install/arduinobot_py/lib/python3.10/site-packages/arduinobot_py
[0.965s] byte-compiling /home/shriram/Desktop/ros2Project/install/arduinobot_py/lib/python3.10/site-packages/arduinobot_py/simple_service_client.py to simple_service_client.cpython-310.pyc
[0.965s] running install_data
[0.966s] running install_egg_info
[0.967s] removing '/home/shriram/Desktop/ros2Project/install/arduinobot_py/lib/python3.10/site-packages/arduinobot_py-0.0.0-py3.10.egg-info' (and everything under it)
[0.967s] Copying ../../build/arduinobot_py/arduinobot_py.egg-info to /home/shriram/Desktop/ros2Project/install/arduinobot_py/lib/python3.10/site-packages/arduinobot_py-0.0.0-py3.10.egg-info
[0.968s] running install_scripts
[0.982s] Installing simple_parameter script to /home/shriram/Desktop/ros2Project/install/arduinobot_py/lib/arduinobot_py
[0.982s] Installing simple_service_client script to /home/shriram/Desktop/ros2Project/install/arduinobot_py/lib/arduinobot_py
[0.982s] Installing simple_service_server script to /home/shriram/Desktop/ros2Project/install/arduinobot_py/lib/arduinobot_py
[0.982s] writing list of installed files to '/home/shriram/Desktop/ros2Project/build/arduinobot_py/install.log'
[1.003s] Invoked command in '/home/shriram/Desktop/ros2Project/src/arduinobot_py' returned '0': PYTHONPATH=/home/shriram/Desktop/ros2Project/build/arduinobot_py/prefix_override:/home/shriram/Desktop/ros2Project/install/arduinobot_py/lib/python3.10/site-packages:${PYTHONPATH} /usr/bin/python3 setup.py egg_info --egg-base ../../build/arduinobot_py build --build-base /home/shriram/Desktop/ros2Project/build/arduinobot_py/build install --record /home/shriram/Desktop/ros2Project/build/arduinobot_py/install.log --single-version-externally-managed
