[0.015s] Invoking command in '/home/shriram/Desktop/ros2Project/build/arduinobot_moveit': CMAKE_PREFIX_PATH=/opt/ros/humble /usr/bin/cmake /home/shriram/Desktop/ros2Project/src/arduinobot_moveit -DCMAKE_INSTALL_PREFIX=/home/shriram/Desktop/ros2Project/install/arduinobot_moveit
[0.024s] -- Found ament_cmake: 1.3.5 (/opt/ros/humble/share/ament_cmake/cmake)
[0.224s] -- Found ament_lint_auto: 0.12.7 (/opt/ros/humble/share/ament_lint_auto/cmake)
[0.315s] -- Added test 'flake8' to check Python code syntax and style conventions
[0.316s] -- Added test 'lint_cmake' to check CMake code style
[0.317s] -- Added test 'pep257' to check Python code against some of the docstring style conventions in PEP 257
[0.320s] -- Added test 'xmllint' to check XML markup files
[0.322s] -- Configuring done
[0.325s] -- Generating done
[0.326s] -- Build files have been written to: /home/shriram/Desktop/ros2Project/build/arduinobot_moveit
[0.332s] Invoked command in '/home/shriram/Desktop/ros2Project/build/arduinobot_moveit' returned '0': CMAKE_PREFIX_PATH=/opt/ros/humble /usr/bin/cmake /home/shriram/Desktop/ros2Project/src/arduinobot_moveit -DCMAKE_INSTALL_PREFIX=/home/shriram/Desktop/ros2Project/install/arduinobot_moveit
[0.334s] Invoking command in '/home/shriram/Desktop/ros2Project/build/arduinobot_moveit': CMAKE_PREFIX_PATH=/opt/ros/humble /usr/bin/cmake --build /home/shriram/Desktop/ros2Project/build/arduinobot_moveit -- -j12 -l12
[0.388s] Invoked command in '/home/shriram/Desktop/ros2Project/build/arduinobot_moveit' returned '0': CMAKE_PREFIX_PATH=/opt/ros/humble /usr/bin/cmake --build /home/shriram/Desktop/ros2Project/build/arduinobot_moveit -- -j12 -l12
[0.414s] Invoking command in '/home/shriram/Desktop/ros2Project/build/arduinobot_moveit': CMAKE_PREFIX_PATH=/opt/ros/humble /usr/bin/cmake --install /home/shriram/Desktop/ros2Project/build/arduinobot_moveit
[0.424s] -- Install configuration: ""
[0.425s] -- Installing: /home/shriram/Desktop/ros2Project/install/arduinobot_moveit/share/arduinobot_moveit/launch
[0.425s] -- Installing: /home/shriram/Desktop/ros2Project/install/arduinobot_moveit/share/arduinobot_moveit/config
[0.425s] -- Installing: /home/shriram/Desktop/ros2Project/install/arduinobot_moveit/share/arduinobot_moveit/config/joint_limits.yaml
[0.425s] -- Installing: /home/shriram/Desktop/ros2Project/install/arduinobot_moveit/share/arduinobot_moveit/config/initial_positions.yaml
[0.425s] -- Installing: /home/shriram/Desktop/ros2Project/install/arduinobot_moveit/share/arduinobot_moveit/config/pliz_cartesian_limits.yaml
[0.425s] -- Installing: /home/shriram/Desktop/ros2Project/install/arduinobot_moveit/share/arduinobot_moveit/config/arduinobot.srdf
[0.425s] -- Installing: /home/shriram/Desktop/ros2Project/install/arduinobot_moveit/share/arduinobot_moveit/config/moveit_controllers.yaml
[0.425s] -- Installing: /home/shriram/Desktop/ros2Project/install/arduinobot_moveit/share/arduinobot_moveit/config/kinematic.yaml
[0.425s] -- Installing: /home/shriram/Desktop/ros2Project/install/arduinobot_moveit/share/ament_index/resource_index/package_run_dependencies/arduinobot_moveit
[0.426s] -- Installing: /home/shriram/Desktop/ros2Project/install/arduinobot_moveit/share/ament_index/resource_index/parent_prefix_path/arduinobot_moveit
[0.426s] -- Installing: /home/shriram/Desktop/ros2Project/install/arduinobot_moveit/share/arduinobot_moveit/environment/ament_prefix_path.sh
[0.426s] -- Installing: /home/shriram/Desktop/ros2Project/install/arduinobot_moveit/share/arduinobot_moveit/environment/ament_prefix_path.dsv
[0.426s] -- Installing: /home/shriram/Desktop/ros2Project/install/arduinobot_moveit/share/arduinobot_moveit/environment/path.sh
[0.426s] -- Installing: /home/shriram/Desktop/ros2Project/install/arduinobot_moveit/share/arduinobot_moveit/environment/path.dsv
[0.426s] -- Installing: /home/shriram/Desktop/ros2Project/install/arduinobot_moveit/share/arduinobot_moveit/local_setup.bash
[0.427s] -- Installing: /home/shriram/Desktop/ros2Project/install/arduinobot_moveit/share/arduinobot_moveit/local_setup.sh
[0.427s] -- Installing: /home/shriram/Desktop/ros2Project/install/arduinobot_moveit/share/arduinobot_moveit/local_setup.zsh
[0.427s] -- Installing: /home/shriram/Desktop/ros2Project/install/arduinobot_moveit/share/arduinobot_moveit/local_setup.dsv
[0.427s] -- Installing: /home/shriram/Desktop/ros2Project/install/arduinobot_moveit/share/arduinobot_moveit/package.dsv
[0.427s] -- Installing: /home/shriram/Desktop/ros2Project/install/arduinobot_moveit/share/ament_index/resource_index/packages/arduinobot_moveit
[0.428s] -- Installing: /home/shriram/Desktop/ros2Project/install/arduinobot_moveit/share/arduinobot_moveit/cmake/arduinobot_moveitConfig.cmake
[0.428s] -- Installing: /home/shriram/Desktop/ros2Project/install/arduinobot_moveit/share/arduinobot_moveit/cmake/arduinobot_moveitConfig-version.cmake
[0.428s] -- Installing: /home/shriram/Desktop/ros2Project/install/arduinobot_moveit/share/arduinobot_moveit/package.xml
[0.435s] Invoked command in '/home/shriram/Desktop/ros2Project/build/arduinobot_moveit' returned '0': CMAKE_PREFIX_PATH=/opt/ros/humble /usr/bin/cmake --install /home/shriram/Desktop/ros2Project/build/arduinobot_moveit
