[0.033s] Invoking command in '/home/shriram/Desktop/ros2Project/src/build/arduinobot_msgs': CMAKE_PREFIX_PATH=${CMAKE_PREFIX_PATH}:/home/shriram/Desktop/ros2Project/install/arduinobot_py:/opt/ros/humble /usr/bin/cmake --build /home/shriram/Desktop/ros2Project/src/build/arduinobot_msgs -- -j12 -l12
[0.112s] [ 10%] Built target arduinobot_msgs__rosidl_generator_c
[0.112s] [ 12%] Built target arduinobot_msgs__cpp
[0.151s] [ 12%] Built target ament_cmake_python_copy_arduinobot_msgs
[0.156s] [ 25%] Built target arduinobot_msgs__rosidl_typesupport_introspection_cpp
[0.159s] [ 43%] Built target arduinobot_msgs__rosidl_typesupport_fastrtps_cpp
[0.159s] [ 50%] Built target arduinobot_msgs__rosidl_typesupport_introspection_c
[0.161s] [ 56%] Built target arduinobot_msgs__rosidl_typesupport_fastrtps_c
[0.161s] [ 67%] Built target arduinobot_msgs__rosidl_typesupport_c
[0.161s] [ 78%] Built target arduinobot_msgs__rosidl_typesupport_cpp
[0.199s] [ 78%] Built target arduinobot_msgs
[0.233s] [ 80%] Built target arduinobot_msgs__py
[0.269s] [ 89%] Built target arduinobot_msgs__rosidl_generator_py
[0.309s] [ 98%] Built target arduinobot_msgs__rosidl_typesupport_introspection_c__pyext
[0.309s] [ 98%] Built target arduinobot_msgs__rosidl_typesupport_fastrtps_c__pyext
[0.310s] [100%] Built target arduinobot_msgs__rosidl_typesupport_c__pyext
[0.572s] running egg_info
[0.574s] writing arduinobot_msgs.egg-info/PKG-INFO
[0.574s] writing dependency_links to arduinobot_msgs.egg-info/dependency_links.txt
[0.574s] writing top-level names to arduinobot_msgs.egg-info/top_level.txt
[0.578s] reading manifest file 'arduinobot_msgs.egg-info/SOURCES.txt'
[0.579s] writing manifest file 'arduinobot_msgs.egg-info/SOURCES.txt'
[0.613s] [100%] Built target ament_cmake_python_build_arduinobot_msgs_egg
[0.622s] Invoked command in '/home/shriram/Desktop/ros2Project/src/build/arduinobot_msgs' returned '0': CMAKE_PREFIX_PATH=${CMAKE_PREFIX_PATH}:/home/shriram/Desktop/ros2Project/install/arduinobot_py:/opt/ros/humble /usr/bin/cmake --build /home/shriram/Desktop/ros2Project/src/build/arduinobot_msgs -- -j12 -l12
[0.692s] Invoking command in '/home/shriram/Desktop/ros2Project/src/build/arduinobot_msgs': CMAKE_PREFIX_PATH=${CMAKE_PREFIX_PATH}:/home/shriram/Desktop/ros2Project/install/arduinobot_py:/opt/ros/humble /usr/bin/cmake --install /home/shriram/Desktop/ros2Project/src/build/arduinobot_msgs
[0.697s] -- Install configuration: ""
[0.697s] -- Up-to-date: /home/shriram/Desktop/ros2Project/src/install/arduinobot_msgs/share/ament_index/resource_index/rosidl_interfaces/arduinobot_msgs
[0.698s] -- Up-to-date: /home/shriram/Desktop/ros2Project/src/install/arduinobot_msgs/include/arduinobot_msgs/arduinobot_msgs
[0.698s] -- Up-to-date: /home/shriram/Desktop/ros2Project/src/install/arduinobot_msgs/include/arduinobot_msgs/arduinobot_msgs/msg
[0.698s] -- Up-to-date: /home/shriram/Desktop/ros2Project/src/install/arduinobot_msgs/include/arduinobot_msgs/arduinobot_msgs/msg/rosidl_generator_c__visibility_control.h
[0.698s] -- Up-to-date: /home/shriram/Desktop/ros2Project/src/install/arduinobot_msgs/include/arduinobot_msgs/arduinobot_msgs/srv
[0.698s] -- Up-to-date: /home/shriram/Desktop/ros2Project/src/install/arduinobot_msgs/include/arduinobot_msgs/arduinobot_msgs/srv/euler_to_quarternion.h
[0.698s] -- Up-to-date: /home/shriram/Desktop/ros2Project/src/install/arduinobot_msgs/include/arduinobot_msgs/arduinobot_msgs/srv/quarternion_to_euler.h
[0.698s] -- Up-to-date: /home/shriram/Desktop/ros2Project/src/install/arduinobot_msgs/include/arduinobot_msgs/arduinobot_msgs/srv/add_two_ints.h
[0.698s] -- Up-to-date: /home/shriram/Desktop/ros2Project/src/install/arduinobot_msgs/include/arduinobot_msgs/arduinobot_msgs/srv/detail
[0.698s] -- Up-to-date: /home/shriram/Desktop/ros2Project/src/install/arduinobot_msgs/include/arduinobot_msgs/arduinobot_msgs/srv/detail/quarternion_to_euler__functions.h
[0.698s] -- Up-to-date: /home/shriram/Desktop/ros2Project/src/install/arduinobot_msgs/include/arduinobot_msgs/arduinobot_msgs/srv/detail/add_two_ints__functions.h
[0.698s] -- Up-to-date: /home/shriram/Desktop/ros2Project/src/install/arduinobot_msgs/include/arduinobot_msgs/arduinobot_msgs/srv/detail/quarternion_to_euler__struct.h
[0.698s] -- Up-to-date: /home/shriram/Desktop/ros2Project/src/install/arduinobot_msgs/include/arduinobot_msgs/arduinobot_msgs/srv/detail/add_two_ints__type_support.h
[0.698s] -- Up-to-date: /home/shriram/Desktop/ros2Project/src/install/arduinobot_msgs/include/arduinobot_msgs/arduinobot_msgs/srv/detail/euler_to_quarternion__functions.c
[0.699s] -- Up-to-date: /home/shriram/Desktop/ros2Project/src/install/arduinobot_msgs/include/arduinobot_msgs/arduinobot_msgs/srv/detail/quarternion_to_euler__type_support.h
[0.699s] -- Up-to-date: /home/shriram/Desktop/ros2Project/src/install/arduinobot_msgs/include/arduinobot_msgs/arduinobot_msgs/srv/detail/quarternion_to_euler__functions.c
[0.699s] -- Up-to-date: /home/shriram/Desktop/ros2Project/src/install/arduinobot_msgs/include/arduinobot_msgs/arduinobot_msgs/srv/detail/euler_to_quarternion__functions.h
[0.699s] -- Up-to-date: /home/shriram/Desktop/ros2Project/src/install/arduinobot_msgs/include/arduinobot_msgs/arduinobot_msgs/srv/detail/euler_to_quarternion__struct.h
[0.699s] -- Up-to-date: /home/shriram/Desktop/ros2Project/src/install/arduinobot_msgs/include/arduinobot_msgs/arduinobot_msgs/srv/detail/add_two_ints__struct.h
[0.699s] -- Up-to-date: /home/shriram/Desktop/ros2Project/src/install/arduinobot_msgs/include/arduinobot_msgs/arduinobot_msgs/srv/detail/euler_to_quarternion__type_support.h
[0.699s] -- Up-to-date: /home/shriram/Desktop/ros2Project/src/install/arduinobot_msgs/include/arduinobot_msgs/arduinobot_msgs/srv/detail/add_two_ints__functions.c
[0.699s] -- Up-to-date: /home/shriram/Desktop/ros2Project/src/install/arduinobot_msgs/include/arduinobot_msgs/arduinobot_msgs/action
[0.699s] -- Up-to-date: /home/shriram/Desktop/ros2Project/src/install/arduinobot_msgs/include/arduinobot_msgs/arduinobot_msgs/action/fibonacci.h
[0.699s] -- Up-to-date: /home/shriram/Desktop/ros2Project/src/install/arduinobot_msgs/include/arduinobot_msgs/arduinobot_msgs/action/detail
[0.699s] -- Up-to-date: /home/shriram/Desktop/ros2Project/src/install/arduinobot_msgs/include/arduinobot_msgs/arduinobot_msgs/action/detail/fibonacci__struct.h
[0.699s] -- Up-to-date: /home/shriram/Desktop/ros2Project/src/install/arduinobot_msgs/include/arduinobot_msgs/arduinobot_msgs/action/detail/fibonacci__type_support.h
[0.699s] -- Up-to-date: /home/shriram/Desktop/ros2Project/src/install/arduinobot_msgs/include/arduinobot_msgs/arduinobot_msgs/action/detail/fibonacci__functions.h
[0.699s] -- Up-to-date: /home/shriram/Desktop/ros2Project/src/install/arduinobot_msgs/include/arduinobot_msgs/arduinobot_msgs/action/detail/fibonacci__functions.c
[0.699s] -- Up-to-date: /home/shriram/Desktop/ros2Project/src/install/arduinobot_msgs/share/arduinobot_msgs/environment/library_path.sh
[0.699s] -- Up-to-date: /home/shriram/Desktop/ros2Project/src/install/arduinobot_msgs/share/arduinobot_msgs/environment/library_path.dsv
[0.699s] -- Up-to-date: /home/shriram/Desktop/ros2Project/src/install/arduinobot_msgs/lib/libarduinobot_msgs__rosidl_generator_c.so
[0.700s] -- Up-to-date: /home/shriram/Desktop/ros2Project/src/install/arduinobot_msgs/include/arduinobot_msgs/arduinobot_msgs
[0.700s] -- Up-to-date: /home/shriram/Desktop/ros2Project/src/install/arduinobot_msgs/include/arduinobot_msgs/arduinobot_msgs/msg
[0.700s] -- Up-to-date: /home/shriram/Desktop/ros2Project/src/install/arduinobot_msgs/include/arduinobot_msgs/arduinobot_msgs/msg/rosidl_typesupport_fastrtps_c__visibility_control.h
[0.700s] -- Up-to-date: /home/shriram/Desktop/ros2Project/src/install/arduinobot_msgs/include/arduinobot_msgs/arduinobot_msgs/srv
[0.700s] -- Up-to-date: /home/shriram/Desktop/ros2Project/src/install/arduinobot_msgs/include/arduinobot_msgs/arduinobot_msgs/srv/detail
[0.700s] -- Up-to-date: /home/shriram/Desktop/ros2Project/src/install/arduinobot_msgs/include/arduinobot_msgs/arduinobot_msgs/srv/detail/quarternion_to_euler__rosidl_typesupport_fastrtps_c.h
[0.700s] -- Up-to-date: /home/shriram/Desktop/ros2Project/src/install/arduinobot_msgs/include/arduinobot_msgs/arduinobot_msgs/srv/detail/add_two_ints__rosidl_typesupport_fastrtps_c.h
[0.700s] -- Up-to-date: /home/shriram/Desktop/ros2Project/src/install/arduinobot_msgs/include/arduinobot_msgs/arduinobot_msgs/srv/detail/euler_to_quarternion__rosidl_typesupport_fastrtps_c.h
[0.700s] -- Up-to-date: /home/shriram/Desktop/ros2Project/src/install/arduinobot_msgs/include/arduinobot_msgs/arduinobot_msgs/action
[0.700s] -- Up-to-date: /home/shriram/Desktop/ros2Project/src/install/arduinobot_msgs/include/arduinobot_msgs/arduinobot_msgs/action/detail
[0.700s] -- Up-to-date: /home/shriram/Desktop/ros2Project/src/install/arduinobot_msgs/include/arduinobot_msgs/arduinobot_msgs/action/detail/fibonacci__rosidl_typesupport_fastrtps_c.h
[0.700s] -- Up-to-date: /home/shriram/Desktop/ros2Project/src/install/arduinobot_msgs/lib/libarduinobot_msgs__rosidl_typesupport_fastrtps_c.so
[0.700s] -- Up-to-date: /home/shriram/Desktop/ros2Project/src/install/arduinobot_msgs/include/arduinobot_msgs/arduinobot_msgs
[0.700s] -- Up-to-date: /home/shriram/Desktop/ros2Project/src/install/arduinobot_msgs/include/arduinobot_msgs/arduinobot_msgs/srv
[0.700s] -- Up-to-date: /home/shriram/Desktop/ros2Project/src/install/arduinobot_msgs/include/arduinobot_msgs/arduinobot_msgs/srv/quarternion_to_euler.hpp
[0.701s] -- Up-to-date: /home/shriram/Desktop/ros2Project/src/install/arduinobot_msgs/include/arduinobot_msgs/arduinobot_msgs/srv/add_two_ints.hpp
[0.701s] -- Up-to-date: /home/shriram/Desktop/ros2Project/src/install/arduinobot_msgs/include/arduinobot_msgs/arduinobot_msgs/srv/detail
[0.701s] -- Up-to-date: /home/shriram/Desktop/ros2Project/src/install/arduinobot_msgs/include/arduinobot_msgs/arduinobot_msgs/srv/detail/add_two_ints__builder.hpp
[0.701s] -- Up-to-date: /home/shriram/Desktop/ros2Project/src/install/arduinobot_msgs/include/arduinobot_msgs/arduinobot_msgs/srv/detail/quarternion_to_euler__traits.hpp
[0.701s] -- Up-to-date: /home/shriram/Desktop/ros2Project/src/install/arduinobot_msgs/include/arduinobot_msgs/arduinobot_msgs/srv/detail/quarternion_to_euler__builder.hpp
[0.701s] -- Up-to-date: /home/shriram/Desktop/ros2Project/src/install/arduinobot_msgs/include/arduinobot_msgs/arduinobot_msgs/srv/detail/euler_to_quarternion__builder.hpp
[0.701s] -- Up-to-date: /home/shriram/Desktop/ros2Project/src/install/arduinobot_msgs/include/arduinobot_msgs/arduinobot_msgs/srv/detail/euler_to_quarternion__traits.hpp
[0.701s] -- Up-to-date: /home/shriram/Desktop/ros2Project/src/install/arduinobot_msgs/include/arduinobot_msgs/arduinobot_msgs/srv/detail/add_two_ints__struct.hpp
[0.701s] -- Up-to-date: /home/shriram/Desktop/ros2Project/src/install/arduinobot_msgs/include/arduinobot_msgs/arduinobot_msgs/srv/detail/quarternion_to_euler__struct.hpp
[0.701s] -- Up-to-date: /home/shriram/Desktop/ros2Project/src/install/arduinobot_msgs/include/arduinobot_msgs/arduinobot_msgs/srv/detail/euler_to_quarternion__struct.hpp
[0.702s] -- Up-to-date: /home/shriram/Desktop/ros2Project/src/install/arduinobot_msgs/include/arduinobot_msgs/arduinobot_msgs/srv/detail/add_two_ints__traits.hpp
[0.702s] -- Up-to-date: /home/shriram/Desktop/ros2Project/src/install/arduinobot_msgs/include/arduinobot_msgs/arduinobot_msgs/srv/euler_to_quarternion.hpp
[0.702s] -- Up-to-date: /home/shriram/Desktop/ros2Project/src/install/arduinobot_msgs/include/arduinobot_msgs/arduinobot_msgs/action
[0.702s] -- Up-to-date: /home/shriram/Desktop/ros2Project/src/install/arduinobot_msgs/include/arduinobot_msgs/arduinobot_msgs/action/fibonacci.hpp
[0.702s] -- Up-to-date: /home/shriram/Desktop/ros2Project/src/install/arduinobot_msgs/include/arduinobot_msgs/arduinobot_msgs/action/detail
[0.702s] -- Up-to-date: /home/shriram/Desktop/ros2Project/src/install/arduinobot_msgs/include/arduinobot_msgs/arduinobot_msgs/action/detail/fibonacci__struct.hpp
[0.702s] -- Up-to-date: /home/shriram/Desktop/ros2Project/src/install/arduinobot_msgs/include/arduinobot_msgs/arduinobot_msgs/action/detail/fibonacci__builder.hpp
[0.702s] -- Up-to-date: /home/shriram/Desktop/ros2Project/src/install/arduinobot_msgs/include/arduinobot_msgs/arduinobot_msgs/action/detail/fibonacci__traits.hpp
[0.702s] -- Up-to-date: /home/shriram/Desktop/ros2Project/src/install/arduinobot_msgs/include/arduinobot_msgs/arduinobot_msgs
[0.702s] -- Up-to-date: /home/shriram/Desktop/ros2Project/src/install/arduinobot_msgs/include/arduinobot_msgs/arduinobot_msgs/msg
[0.702s] -- Up-to-date: /home/shriram/Desktop/ros2Project/src/install/arduinobot_msgs/include/arduinobot_msgs/arduinobot_msgs/msg/rosidl_typesupport_fastrtps_cpp__visibility_control.h
[0.702s] -- Up-to-date: /home/shriram/Desktop/ros2Project/src/install/arduinobot_msgs/include/arduinobot_msgs/arduinobot_msgs/srv
[0.702s] -- Up-to-date: /home/shriram/Desktop/ros2Project/src/install/arduinobot_msgs/include/arduinobot_msgs/arduinobot_msgs/srv/detail
[0.702s] -- Up-to-date: /home/shriram/Desktop/ros2Project/src/install/arduinobot_msgs/include/arduinobot_msgs/arduinobot_msgs/srv/detail/quarternion_to_euler__rosidl_typesupport_fastrtps_cpp.hpp
[0.703s] -- Up-to-date: /home/shriram/Desktop/ros2Project/src/install/arduinobot_msgs/include/arduinobot_msgs/arduinobot_msgs/srv/detail/dds_fastrtps
[0.703s] -- Up-to-date: /home/shriram/Desktop/ros2Project/src/install/arduinobot_msgs/include/arduinobot_msgs/arduinobot_msgs/srv/detail/euler_to_quarternion__rosidl_typesupport_fastrtps_cpp.hpp
[0.703s] -- Up-to-date: /home/shriram/Desktop/ros2Project/src/install/arduinobot_msgs/include/arduinobot_msgs/arduinobot_msgs/srv/detail/add_two_ints__rosidl_typesupport_fastrtps_cpp.hpp
[0.703s] -- Up-to-date: /home/shriram/Desktop/ros2Project/src/install/arduinobot_msgs/include/arduinobot_msgs/arduinobot_msgs/action
[0.703s] -- Up-to-date: /home/shriram/Desktop/ros2Project/src/install/arduinobot_msgs/include/arduinobot_msgs/arduinobot_msgs/action/detail
[0.703s] -- Up-to-date: /home/shriram/Desktop/ros2Project/src/install/arduinobot_msgs/include/arduinobot_msgs/arduinobot_msgs/action/detail/dds_fastrtps
[0.703s] -- Up-to-date: /home/shriram/Desktop/ros2Project/src/install/arduinobot_msgs/include/arduinobot_msgs/arduinobot_msgs/action/detail/fibonacci__rosidl_typesupport_fastrtps_cpp.hpp
[0.703s] -- Up-to-date: /home/shriram/Desktop/ros2Project/src/install/arduinobot_msgs/lib/libarduinobot_msgs__rosidl_typesupport_fastrtps_cpp.so
[0.703s] -- Up-to-date: /home/shriram/Desktop/ros2Project/src/install/arduinobot_msgs/include/arduinobot_msgs/arduinobot_msgs
[0.703s] -- Up-to-date: /home/shriram/Desktop/ros2Project/src/install/arduinobot_msgs/include/arduinobot_msgs/arduinobot_msgs/msg
[0.703s] -- Up-to-date: /home/shriram/Desktop/ros2Project/src/install/arduinobot_msgs/include/arduinobot_msgs/arduinobot_msgs/msg/rosidl_typesupport_introspection_c__visibility_control.h
[0.703s] -- Up-to-date: /home/shriram/Desktop/ros2Project/src/install/arduinobot_msgs/include/arduinobot_msgs/arduinobot_msgs/srv
[0.703s] -- Up-to-date: /home/shriram/Desktop/ros2Project/src/install/arduinobot_msgs/include/arduinobot_msgs/arduinobot_msgs/srv/detail
[0.703s] -- Up-to-date: /home/shriram/Desktop/ros2Project/src/install/arduinobot_msgs/include/arduinobot_msgs/arduinobot_msgs/srv/detail/quarternion_to_euler__type_support.c
[0.704s] -- Up-to-date: /home/shriram/Desktop/ros2Project/src/install/arduinobot_msgs/include/arduinobot_msgs/arduinobot_msgs/srv/detail/add_two_ints__type_support.c
[0.704s] -- Up-to-date: /home/shriram/Desktop/ros2Project/src/install/arduinobot_msgs/include/arduinobot_msgs/arduinobot_msgs/srv/detail/euler_to_quarternion__rosidl_typesupport_introspection_c.h
[0.704s] -- Up-to-date: /home/shriram/Desktop/ros2Project/src/install/arduinobot_msgs/include/arduinobot_msgs/arduinobot_msgs/srv/detail/quarternion_to_euler__rosidl_typesupport_introspection_c.h
[0.704s] -- Up-to-date: /home/shriram/Desktop/ros2Project/src/install/arduinobot_msgs/include/arduinobot_msgs/arduinobot_msgs/srv/detail/euler_to_quarternion__type_support.c
[0.704s] -- Up-to-date: /home/shriram/Desktop/ros2Project/src/install/arduinobot_msgs/include/arduinobot_msgs/arduinobot_msgs/srv/detail/add_two_ints__rosidl_typesupport_introspection_c.h
[0.704s] -- Up-to-date: /home/shriram/Desktop/ros2Project/src/install/arduinobot_msgs/include/arduinobot_msgs/arduinobot_msgs/action
[0.704s] -- Up-to-date: /home/shriram/Desktop/ros2Project/src/install/arduinobot_msgs/include/arduinobot_msgs/arduinobot_msgs/action/detail
[0.704s] -- Up-to-date: /home/shriram/Desktop/ros2Project/src/install/arduinobot_msgs/include/arduinobot_msgs/arduinobot_msgs/action/detail/fibonacci__rosidl_typesupport_introspection_c.h
[0.704s] -- Up-to-date: /home/shriram/Desktop/ros2Project/src/install/arduinobot_msgs/include/arduinobot_msgs/arduinobot_msgs/action/detail/fibonacci__type_support.c
[0.704s] -- Up-to-date: /home/shriram/Desktop/ros2Project/src/install/arduinobot_msgs/lib/libarduinobot_msgs__rosidl_typesupport_introspection_c.so
[0.704s] -- Up-to-date: /home/shriram/Desktop/ros2Project/src/install/arduinobot_msgs/lib/libarduinobot_msgs__rosidl_typesupport_c.so
[0.704s] -- Up-to-date: /home/shriram/Desktop/ros2Project/src/install/arduinobot_msgs/include/arduinobot_msgs/arduinobot_msgs
[0.704s] -- Up-to-date: /home/shriram/Desktop/ros2Project/src/install/arduinobot_msgs/include/arduinobot_msgs/arduinobot_msgs/srv
[0.704s] -- Up-to-date: /home/shriram/Desktop/ros2Project/src/install/arduinobot_msgs/include/arduinobot_msgs/arduinobot_msgs/srv/detail
[0.704s] -- Up-to-date: /home/shriram/Desktop/ros2Project/src/install/arduinobot_msgs/include/arduinobot_msgs/arduinobot_msgs/srv/detail/add_two_ints__rosidl_typesupport_introspection_cpp.hpp
[0.705s] -- Up-to-date: /home/shriram/Desktop/ros2Project/src/install/arduinobot_msgs/include/arduinobot_msgs/arduinobot_msgs/srv/detail/add_two_ints__type_support.cpp
[0.705s] -- Up-to-date: /home/shriram/Desktop/ros2Project/src/install/arduinobot_msgs/include/arduinobot_msgs/arduinobot_msgs/srv/detail/quarternion_to_euler__type_support.cpp
[0.705s] -- Up-to-date: /home/shriram/Desktop/ros2Project/src/install/arduinobot_msgs/include/arduinobot_msgs/arduinobot_msgs/srv/detail/euler_to_quarternion__rosidl_typesupport_introspection_cpp.hpp
[0.705s] -- Up-to-date: /home/shriram/Desktop/ros2Project/src/install/arduinobot_msgs/include/arduinobot_msgs/arduinobot_msgs/srv/detail/euler_to_quarternion__type_support.cpp
[0.705s] -- Up-to-date: /home/shriram/Desktop/ros2Project/src/install/arduinobot_msgs/include/arduinobot_msgs/arduinobot_msgs/srv/detail/quarternion_to_euler__rosidl_typesupport_introspection_cpp.hpp
[0.705s] -- Up-to-date: /home/shriram/Desktop/ros2Project/src/install/arduinobot_msgs/include/arduinobot_msgs/arduinobot_msgs/action
[0.705s] -- Up-to-date: /home/shriram/Desktop/ros2Project/src/install/arduinobot_msgs/include/arduinobot_msgs/arduinobot_msgs/action/detail
[0.705s] -- Up-to-date: /home/shriram/Desktop/ros2Project/src/install/arduinobot_msgs/include/arduinobot_msgs/arduinobot_msgs/action/detail/fibonacci__type_support.cpp
[0.705s] -- Up-to-date: /home/shriram/Desktop/ros2Project/src/install/arduinobot_msgs/include/arduinobot_msgs/arduinobot_msgs/action/detail/fibonacci__rosidl_typesupport_introspection_cpp.hpp
[0.705s] -- Up-to-date: /home/shriram/Desktop/ros2Project/src/install/arduinobot_msgs/lib/libarduinobot_msgs__rosidl_typesupport_introspection_cpp.so
[0.705s] -- Up-to-date: /home/shriram/Desktop/ros2Project/src/install/arduinobot_msgs/lib/libarduinobot_msgs__rosidl_typesupport_cpp.so
[0.705s] -- Up-to-date: /home/shriram/Desktop/ros2Project/src/install/arduinobot_msgs/share/arduinobot_msgs/environment/pythonpath.sh
[0.705s] -- Up-to-date: /home/shriram/Desktop/ros2Project/src/install/arduinobot_msgs/share/arduinobot_msgs/environment/pythonpath.dsv
[0.705s] -- Up-to-date: /home/shriram/Desktop/ros2Project/src/install/arduinobot_msgs/local/lib/python3.10/dist-packages/arduinobot_msgs-0.0.0-py3.10.egg-info
[0.705s] -- Installing: /home/shriram/Desktop/ros2Project/src/install/arduinobot_msgs/local/lib/python3.10/dist-packages/arduinobot_msgs-0.0.0-py3.10.egg-info/dependency_links.txt
[0.706s] -- Installing: /home/shriram/Desktop/ros2Project/src/install/arduinobot_msgs/local/lib/python3.10/dist-packages/arduinobot_msgs-0.0.0-py3.10.egg-info/SOURCES.txt
[0.706s] -- Installing: /home/shriram/Desktop/ros2Project/src/install/arduinobot_msgs/local/lib/python3.10/dist-packages/arduinobot_msgs-0.0.0-py3.10.egg-info/PKG-INFO
[0.706s] -- Installing: /home/shriram/Desktop/ros2Project/src/install/arduinobot_msgs/local/lib/python3.10/dist-packages/arduinobot_msgs-0.0.0-py3.10.egg-info/top_level.txt
[0.706s] -- Up-to-date: /home/shriram/Desktop/ros2Project/src/install/arduinobot_msgs/local/lib/python3.10/dist-packages/arduinobot_msgs
[0.706s] -- Up-to-date: /home/shriram/Desktop/ros2Project/src/install/arduinobot_msgs/local/lib/python3.10/dist-packages/arduinobot_msgs/srv
[0.706s] -- Up-to-date: /home/shriram/Desktop/ros2Project/src/install/arduinobot_msgs/local/lib/python3.10/dist-packages/arduinobot_msgs/srv/_quarternion_to_euler_s.c
[0.706s] -- Up-to-date: /home/shriram/Desktop/ros2Project/src/install/arduinobot_msgs/local/lib/python3.10/dist-packages/arduinobot_msgs/srv/_quarternion_to_euler.py
[0.706s] -- Up-to-date: /home/shriram/Desktop/ros2Project/src/install/arduinobot_msgs/local/lib/python3.10/dist-packages/arduinobot_msgs/srv/_add_two_ints.py
[0.706s] -- Up-to-date: /home/shriram/Desktop/ros2Project/src/install/arduinobot_msgs/local/lib/python3.10/dist-packages/arduinobot_msgs/srv/_add_two_ints_s.c
[0.706s] -- Up-to-date: /home/shriram/Desktop/ros2Project/src/install/arduinobot_msgs/local/lib/python3.10/dist-packages/arduinobot_msgs/srv/_euler_to_quarternion.py
[0.706s] -- Up-to-date: /home/shriram/Desktop/ros2Project/src/install/arduinobot_msgs/local/lib/python3.10/dist-packages/arduinobot_msgs/srv/__init__.py
[0.706s] -- Up-to-date: /home/shriram/Desktop/ros2Project/src/install/arduinobot_msgs/local/lib/python3.10/dist-packages/arduinobot_msgs/srv/_euler_to_quarternion_s.c
[0.706s] -- Up-to-date: /home/shriram/Desktop/ros2Project/src/install/arduinobot_msgs/local/lib/python3.10/dist-packages/arduinobot_msgs/action
[0.706s] -- Up-to-date: /home/shriram/Desktop/ros2Project/src/install/arduinobot_msgs/local/lib/python3.10/dist-packages/arduinobot_msgs/action/_fibonacci_s.c
[0.707s] -- Up-to-date: /home/shriram/Desktop/ros2Project/src/install/arduinobot_msgs/local/lib/python3.10/dist-packages/arduinobot_msgs/action/__init__.py
[0.707s] -- Up-to-date: /home/shriram/Desktop/ros2Project/src/install/arduinobot_msgs/local/lib/python3.10/dist-packages/arduinobot_msgs/action/_fibonacci.py
[0.707s] -- Up-to-date: /home/shriram/Desktop/ros2Project/src/install/arduinobot_msgs/local/lib/python3.10/dist-packages/arduinobot_msgs/arduinobot_msgs_s__rosidl_typesupport_fastrtps_c.cpython-310-x86_64-linux-gnu.so
[0.707s] -- Up-to-date: /home/shriram/Desktop/ros2Project/src/install/arduinobot_msgs/local/lib/python3.10/dist-packages/arduinobot_msgs/libarduinobot_msgs__rosidl_generator_py.so
[0.707s] -- Up-to-date: /home/shriram/Desktop/ros2Project/src/install/arduinobot_msgs/local/lib/python3.10/dist-packages/arduinobot_msgs/arduinobot_msgs_s__rosidl_typesupport_introspection_c.cpython-310-x86_64-linux-gnu.so
[0.707s] -- Up-to-date: /home/shriram/Desktop/ros2Project/src/install/arduinobot_msgs/local/lib/python3.10/dist-packages/arduinobot_msgs/__init__.py
[0.707s] -- Up-to-date: /home/shriram/Desktop/ros2Project/src/install/arduinobot_msgs/local/lib/python3.10/dist-packages/arduinobot_msgs/_arduinobot_msgs_s.ep.rosidl_typesupport_fastrtps_c.c
[0.707s] -- Up-to-date: /home/shriram/Desktop/ros2Project/src/install/arduinobot_msgs/local/lib/python3.10/dist-packages/arduinobot_msgs/arduinobot_msgs_s__rosidl_typesupport_c.cpython-310-x86_64-linux-gnu.so
[0.707s] -- Up-to-date: /home/shriram/Desktop/ros2Project/src/install/arduinobot_msgs/local/lib/python3.10/dist-packages/arduinobot_msgs/_arduinobot_msgs_s.ep.rosidl_typesupport_introspection_c.c
[0.707s] -- Up-to-date: /home/shriram/Desktop/ros2Project/src/install/arduinobot_msgs/local/lib/python3.10/dist-packages/arduinobot_msgs/_arduinobot_msgs_s.ep.rosidl_typesupport_c.c
[0.724s] Listing '/home/shriram/Desktop/ros2Project/src/install/arduinobot_msgs/local/lib/python3.10/dist-packages/arduinobot_msgs'...
[0.724s] Listing '/home/shriram/Desktop/ros2Project/src/install/arduinobot_msgs/local/lib/python3.10/dist-packages/arduinobot_msgs/action'...
[0.724s] Listing '/home/shriram/Desktop/ros2Project/src/install/arduinobot_msgs/local/lib/python3.10/dist-packages/arduinobot_msgs/srv'...
[0.727s] -- Up-to-date: /home/shriram/Desktop/ros2Project/src/install/arduinobot_msgs/local/lib/python3.10/dist-packages/arduinobot_msgs/arduinobot_msgs_s__rosidl_typesupport_fastrtps_c.cpython-310-x86_64-linux-gnu.so
[0.727s] -- Up-to-date: /home/shriram/Desktop/ros2Project/src/install/arduinobot_msgs/local/lib/python3.10/dist-packages/arduinobot_msgs/arduinobot_msgs_s__rosidl_typesupport_introspection_c.cpython-310-x86_64-linux-gnu.so
[0.727s] -- Up-to-date: /home/shriram/Desktop/ros2Project/src/install/arduinobot_msgs/local/lib/python3.10/dist-packages/arduinobot_msgs/arduinobot_msgs_s__rosidl_typesupport_c.cpython-310-x86_64-linux-gnu.so
[0.727s] -- Up-to-date: /home/shriram/Desktop/ros2Project/src/install/arduinobot_msgs/lib/libarduinobot_msgs__rosidl_generator_py.so
[0.728s] -- Up-to-date: /home/shriram/Desktop/ros2Project/src/install/arduinobot_msgs/share/arduinobot_msgs/srv/AddTwoInts.idl
[0.728s] -- Up-to-date: /home/shriram/Desktop/ros2Project/src/install/arduinobot_msgs/share/arduinobot_msgs/srv/EulerToQuarternion.idl
[0.728s] -- Up-to-date: /home/shriram/Desktop/ros2Project/src/install/arduinobot_msgs/share/arduinobot_msgs/srv/QuarternionToEuler.idl
[0.728s] -- Up-to-date: /home/shriram/Desktop/ros2Project/src/install/arduinobot_msgs/share/arduinobot_msgs/action/Fibonacci.idl
[0.728s] -- Up-to-date: /home/shriram/Desktop/ros2Project/src/install/arduinobot_msgs/share/arduinobot_msgs/srv/AddTwoInts.srv
[0.728s] -- Up-to-date: /home/shriram/Desktop/ros2Project/src/install/arduinobot_msgs/share/arduinobot_msgs/srv/AddTwoInts_Request.msg
[0.728s] -- Up-to-date: /home/shriram/Desktop/ros2Project/src/install/arduinobot_msgs/share/arduinobot_msgs/srv/AddTwoInts_Response.msg
[0.728s] -- Up-to-date: /home/shriram/Desktop/ros2Project/src/install/arduinobot_msgs/share/arduinobot_msgs/srv/EulerToQuarternion.srv
[0.728s] -- Up-to-date: /home/shriram/Desktop/ros2Project/src/install/arduinobot_msgs/share/arduinobot_msgs/srv/EulerToQuarternion_Request.msg
[0.728s] -- Up-to-date: /home/shriram/Desktop/ros2Project/src/install/arduinobot_msgs/share/arduinobot_msgs/srv/EulerToQuarternion_Response.msg
[0.729s] -- Up-to-date: /home/shriram/Desktop/ros2Project/src/install/arduinobot_msgs/share/arduinobot_msgs/srv/QuarternionToEuler.srv
[0.729s] -- Up-to-date: /home/shriram/Desktop/ros2Project/src/install/arduinobot_msgs/share/arduinobot_msgs/srv/QuarternionToEuler_Request.msg
[0.729s] -- Up-to-date: /home/shriram/Desktop/ros2Project/src/install/arduinobot_msgs/share/arduinobot_msgs/srv/QuarternionToEuler_Response.msg
[0.729s] -- Up-to-date: /home/shriram/Desktop/ros2Project/src/install/arduinobot_msgs/share/arduinobot_msgs/action/Fibonacci.action
[0.729s] -- Up-to-date: /home/shriram/Desktop/ros2Project/src/install/arduinobot_msgs/share/ament_index/resource_index/package_run_dependencies/arduinobot_msgs
[0.729s] -- Up-to-date: /home/shriram/Desktop/ros2Project/src/install/arduinobot_msgs/share/ament_index/resource_index/parent_prefix_path/arduinobot_msgs
[0.730s] -- Up-to-date: /home/shriram/Desktop/ros2Project/src/install/arduinobot_msgs/share/arduinobot_msgs/environment/ament_prefix_path.sh
[0.730s] -- Up-to-date: /home/shriram/Desktop/ros2Project/src/install/arduinobot_msgs/share/arduinobot_msgs/environment/ament_prefix_path.dsv
[0.730s] -- Up-to-date: /home/shriram/Desktop/ros2Project/src/install/arduinobot_msgs/share/arduinobot_msgs/environment/path.sh
[0.730s] -- Up-to-date: /home/shriram/Desktop/ros2Project/src/install/arduinobot_msgs/share/arduinobot_msgs/environment/path.dsv
[0.730s] -- Up-to-date: /home/shriram/Desktop/ros2Project/src/install/arduinobot_msgs/share/arduinobot_msgs/local_setup.bash
[0.730s] -- Up-to-date: /home/shriram/Desktop/ros2Project/src/install/arduinobot_msgs/share/arduinobot_msgs/local_setup.sh
[0.730s] -- Up-to-date: /home/shriram/Desktop/ros2Project/src/install/arduinobot_msgs/share/arduinobot_msgs/local_setup.zsh
[0.730s] -- Up-to-date: /home/shriram/Desktop/ros2Project/src/install/arduinobot_msgs/share/arduinobot_msgs/local_setup.dsv
[0.731s] -- Installing: /home/shriram/Desktop/ros2Project/src/install/arduinobot_msgs/share/arduinobot_msgs/package.dsv
[0.731s] -- Up-to-date: /home/shriram/Desktop/ros2Project/src/install/arduinobot_msgs/share/ament_index/resource_index/packages/arduinobot_msgs
[0.731s] -- Up-to-date: /home/shriram/Desktop/ros2Project/src/install/arduinobot_msgs/share/arduinobot_msgs/cmake/export_arduinobot_msgs__rosidl_generator_cExport.cmake
[0.731s] -- Up-to-date: /home/shriram/Desktop/ros2Project/src/install/arduinobot_msgs/share/arduinobot_msgs/cmake/export_arduinobot_msgs__rosidl_generator_cExport-noconfig.cmake
[0.731s] -- Up-to-date: /home/shriram/Desktop/ros2Project/src/install/arduinobot_msgs/share/arduinobot_msgs/cmake/export_arduinobot_msgs__rosidl_typesupport_fastrtps_cExport.cmake
[0.731s] -- Up-to-date: /home/shriram/Desktop/ros2Project/src/install/arduinobot_msgs/share/arduinobot_msgs/cmake/export_arduinobot_msgs__rosidl_typesupport_fastrtps_cExport-noconfig.cmake
[0.731s] -- Up-to-date: /home/shriram/Desktop/ros2Project/src/install/arduinobot_msgs/share/arduinobot_msgs/cmake/export_arduinobot_msgs__rosidl_generator_cppExport.cmake
[0.734s] -- Up-to-date: /home/shriram/Desktop/ros2Project/src/install/arduinobot_msgs/share/arduinobot_msgs/cmake/export_arduinobot_msgs__rosidl_typesupport_fastrtps_cppExport.cmake
[0.734s] -- Up-to-date: /home/shriram/Desktop/ros2Project/src/install/arduinobot_msgs/share/arduinobot_msgs/cmake/export_arduinobot_msgs__rosidl_typesupport_fastrtps_cppExport-noconfig.cmake
[0.734s] -- Up-to-date: /home/shriram/Desktop/ros2Project/src/install/arduinobot_msgs/share/arduinobot_msgs/cmake/arduinobot_msgs__rosidl_typesupport_introspection_cExport.cmake
[0.734s] -- Up-to-date: /home/shriram/Desktop/ros2Project/src/install/arduinobot_msgs/share/arduinobot_msgs/cmake/arduinobot_msgs__rosidl_typesupport_introspection_cExport-noconfig.cmake
[0.735s] -- Up-to-date: /home/shriram/Desktop/ros2Project/src/install/arduinobot_msgs/share/arduinobot_msgs/cmake/arduinobot_msgs__rosidl_typesupport_cExport.cmake
[0.735s] -- Up-to-date: /home/shriram/Desktop/ros2Project/src/install/arduinobot_msgs/share/arduinobot_msgs/cmake/arduinobot_msgs__rosidl_typesupport_cExport-noconfig.cmake
[0.735s] -- Up-to-date: /home/shriram/Desktop/ros2Project/src/install/arduinobot_msgs/share/arduinobot_msgs/cmake/arduinobot_msgs__rosidl_typesupport_introspection_cppExport.cmake
[0.735s] -- Up-to-date: /home/shriram/Desktop/ros2Project/src/install/arduinobot_msgs/share/arduinobot_msgs/cmake/arduinobot_msgs__rosidl_typesupport_introspection_cppExport-noconfig.cmake
[0.735s] -- Up-to-date: /home/shriram/Desktop/ros2Project/src/install/arduinobot_msgs/share/arduinobot_msgs/cmake/arduinobot_msgs__rosidl_typesupport_cppExport.cmake
[0.735s] -- Up-to-date: /home/shriram/Desktop/ros2Project/src/install/arduinobot_msgs/share/arduinobot_msgs/cmake/arduinobot_msgs__rosidl_typesupport_cppExport-noconfig.cmake
[0.735s] -- Up-to-date: /home/shriram/Desktop/ros2Project/src/install/arduinobot_msgs/share/arduinobot_msgs/cmake/export_arduinobot_msgs__rosidl_generator_pyExport.cmake
[0.735s] -- Up-to-date: /home/shriram/Desktop/ros2Project/src/install/arduinobot_msgs/share/arduinobot_msgs/cmake/export_arduinobot_msgs__rosidl_generator_pyExport-noconfig.cmake
[0.735s] -- Up-to-date: /home/shriram/Desktop/ros2Project/src/install/arduinobot_msgs/share/arduinobot_msgs/cmake/rosidl_cmake-extras.cmake
[0.735s] -- Up-to-date: /home/shriram/Desktop/ros2Project/src/install/arduinobot_msgs/share/arduinobot_msgs/cmake/ament_cmake_export_dependencies-extras.cmake
[0.735s] -- Up-to-date: /home/shriram/Desktop/ros2Project/src/install/arduinobot_msgs/share/arduinobot_msgs/cmake/ament_cmake_export_include_directories-extras.cmake
[0.735s] -- Up-to-date: /home/shriram/Desktop/ros2Project/src/install/arduinobot_msgs/share/arduinobot_msgs/cmake/ament_cmake_export_libraries-extras.cmake
[0.736s] -- Up-to-date: /home/shriram/Desktop/ros2Project/src/install/arduinobot_msgs/share/arduinobot_msgs/cmake/ament_cmake_export_targets-extras.cmake
[0.736s] -- Up-to-date: /home/shriram/Desktop/ros2Project/src/install/arduinobot_msgs/share/arduinobot_msgs/cmake/rosidl_cmake_export_typesupport_targets-extras.cmake
[0.736s] -- Up-to-date: /home/shriram/Desktop/ros2Project/src/install/arduinobot_msgs/share/arduinobot_msgs/cmake/rosidl_cmake_export_typesupport_libraries-extras.cmake
[0.736s] -- Up-to-date: /home/shriram/Desktop/ros2Project/src/install/arduinobot_msgs/share/arduinobot_msgs/cmake/arduinobot_msgsConfig.cmake
[0.736s] -- Up-to-date: /home/shriram/Desktop/ros2Project/src/install/arduinobot_msgs/share/arduinobot_msgs/cmake/arduinobot_msgsConfig-version.cmake
[0.736s] -- Up-to-date: /home/shriram/Desktop/ros2Project/src/install/arduinobot_msgs/share/arduinobot_msgs/package.xml
[0.736s] Invoked command in '/home/shriram/Desktop/ros2Project/src/build/arduinobot_msgs' returned '0': CMAKE_PREFIX_PATH=${CMAKE_PREFIX_PATH}:/home/shriram/Desktop/ros2Project/install/arduinobot_py:/opt/ros/humble /usr/bin/cmake --install /home/shriram/Desktop/ros2Project/src/build/arduinobot_msgs
