[0.439s] Invoking command in '/home/shriram/Desktop/ros2Project/build/arduinobot_utils': CMAKE_PREFIX_PATH=/home/shriram/Desktop/ros2Project/install/arduinobot_msgs:/home/shriram/Desktop/ros2Project/install/arduinobot_utils:/home/shriram/Desktop/ros2Project/install/arduinobot_moveit:/home/shriram/Desktop/ros2Project/install/arduinobot_description:/home/shriram/Desktop/ros2Project/install/arduinobot_controller:/home/shriram/Desktop/ros2Project/install/arduinobot_py:/opt/ros/humble /usr/bin/cmake --build /home/shriram/Desktop/ros2Project/build/arduinobot_utils -- -j12 -l12
[0.497s] Built target ament_cmake_python_copy_arduinobot_utils
[0.899s] running egg_info
[0.900s] writing arduinobot_utils.egg-info/PKG-INFO
[0.901s] writing dependency_links to arduinobot_utils.egg-info/dependency_links.txt
[0.901s] writing top-level names to arduinobot_utils.egg-info/top_level.txt
[0.903s] reading manifest file 'arduinobot_utils.egg-info/SOURCES.txt'
[0.904s] writing manifest file 'arduinobot_utils.egg-info/SOURCES.txt'
[0.957s] Built target ament_cmake_python_build_arduinobot_utils_egg
[0.967s] Invoked command in '/home/shriram/Desktop/ros2Project/build/arduinobot_utils' returned '0': CMAKE_PREFIX_PATH=/home/shriram/Desktop/ros2Project/install/arduinobot_msgs:/home/shriram/Desktop/ros2Project/install/arduinobot_utils:/home/shriram/Desktop/ros2Project/install/arduinobot_moveit:/home/shriram/Desktop/ros2Project/install/arduinobot_description:/home/shriram/Desktop/ros2Project/install/arduinobot_controller:/home/shriram/Desktop/ros2Project/install/arduinobot_py:/opt/ros/humble /usr/bin/cmake --build /home/shriram/Desktop/ros2Project/build/arduinobot_utils -- -j12 -l12
[0.998s] Invoking command in '/home/shriram/Desktop/ros2Project/build/arduinobot_utils': CMAKE_PREFIX_PATH=/home/shriram/Desktop/ros2Project/install/arduinobot_msgs:/home/shriram/Desktop/ros2Project/install/arduinobot_utils:/home/shriram/Desktop/ros2Project/install/arduinobot_moveit:/home/shriram/Desktop/ros2Project/install/arduinobot_description:/home/shriram/Desktop/ros2Project/install/arduinobot_controller:/home/shriram/Desktop/ros2Project/install/arduinobot_py:/opt/ros/humble /usr/bin/cmake --install /home/shriram/Desktop/ros2Project/build/arduinobot_utils
[1.008s] -- Install configuration: ""
[1.008s] -- Up-to-date: /home/shriram/Desktop/ros2Project/install/arduinobot_utils/share/arduinobot_utils/environment/pythonpath.sh
[1.008s] -- Up-to-date: /home/shriram/Desktop/ros2Project/install/arduinobot_utils/share/arduinobot_utils/environment/pythonpath.dsv
[1.008s] -- Up-to-date: /home/shriram/Desktop/ros2Project/install/arduinobot_utils/local/lib/python3.10/dist-packages/arduinobot_utils-0.0.0-py3.10.egg-info
[1.008s] -- Installing: /home/shriram/Desktop/ros2Project/install/arduinobot_utils/local/lib/python3.10/dist-packages/arduinobot_utils-0.0.0-py3.10.egg-info/dependency_links.txt
[1.009s] -- Installing: /home/shriram/Desktop/ros2Project/install/arduinobot_utils/local/lib/python3.10/dist-packages/arduinobot_utils-0.0.0-py3.10.egg-info/SOURCES.txt
[1.010s] -- Installing: /home/shriram/Desktop/ros2Project/install/arduinobot_utils/local/lib/python3.10/dist-packages/arduinobot_utils-0.0.0-py3.10.egg-info/PKG-INFO
[1.010s] -- Installing: /home/shriram/Desktop/ros2Project/install/arduinobot_utils/local/lib/python3.10/dist-packages/arduinobot_utils-0.0.0-py3.10.egg-info/top_level.txt
[1.010s] -- Up-to-date: /home/shriram/Desktop/ros2Project/install/arduinobot_utils/local/lib/python3.10/dist-packages/arduinobot_utils
[1.010s] -- Up-to-date: /home/shriram/Desktop/ros2Project/install/arduinobot_utils/local/lib/python3.10/dist-packages/arduinobot_utils/__init__.py
[1.010s] -- Up-to-date: /home/shriram/Desktop/ros2Project/install/arduinobot_utils/local/lib/python3.10/dist-packages/arduinobot_utils/angle_conversion.py
[1.047s] Listing '/home/shriram/Desktop/ros2Project/install/arduinobot_utils/local/lib/python3.10/dist-packages/arduinobot_utils'...
[1.059s] -- Up-to-date: /home/shriram/Desktop/ros2Project/install/arduinobot_utils/lib/arduinobot_utils/angle_conversion.py
[1.059s] -- Up-to-date: /home/shriram/Desktop/ros2Project/install/arduinobot_utils/share/ament_index/resource_index/package_run_dependencies/arduinobot_utils
[1.059s] -- Up-to-date: /home/shriram/Desktop/ros2Project/install/arduinobot_utils/share/ament_index/resource_index/parent_prefix_path/arduinobot_utils
[1.060s] -- Up-to-date: /home/shriram/Desktop/ros2Project/install/arduinobot_utils/share/arduinobot_utils/environment/ament_prefix_path.sh
[1.060s] -- Up-to-date: /home/shriram/Desktop/ros2Project/install/arduinobot_utils/share/arduinobot_utils/environment/ament_prefix_path.dsv
[1.060s] -- Up-to-date: /home/shriram/Desktop/ros2Project/install/arduinobot_utils/share/arduinobot_utils/environment/path.sh
[1.060s] -- Up-to-date: /home/shriram/Desktop/ros2Project/install/arduinobot_utils/share/arduinobot_utils/environment/path.dsv
[1.060s] -- Up-to-date: /home/shriram/Desktop/ros2Project/install/arduinobot_utils/share/arduinobot_utils/local_setup.bash
[1.060s] -- Up-to-date: /home/shriram/Desktop/ros2Project/install/arduinobot_utils/share/arduinobot_utils/local_setup.sh
[1.060s] -- Up-to-date: /home/shriram/Desktop/ros2Project/install/arduinobot_utils/share/arduinobot_utils/local_setup.zsh
[1.060s] -- Up-to-date: /home/shriram/Desktop/ros2Project/install/arduinobot_utils/share/arduinobot_utils/local_setup.dsv
[1.061s] -- Installing: /home/shriram/Desktop/ros2Project/install/arduinobot_utils/share/arduinobot_utils/package.dsv
[1.061s] -- Up-to-date: /home/shriram/Desktop/ros2Project/install/arduinobot_utils/share/ament_index/resource_index/packages/arduinobot_utils
[1.061s] -- Up-to-date: /home/shriram/Desktop/ros2Project/install/arduinobot_utils/share/arduinobot_utils/cmake/arduinobot_utilsConfig.cmake
[1.061s] -- Up-to-date: /home/shriram/Desktop/ros2Project/install/arduinobot_utils/share/arduinobot_utils/cmake/arduinobot_utilsConfig-version.cmake
[1.061s] -- Up-to-date: /home/shriram/Desktop/ros2Project/install/arduinobot_utils/share/arduinobot_utils/package.xml
[1.069s] Invoked command in '/home/shriram/Desktop/ros2Project/build/arduinobot_utils' returned '0': CMAKE_PREFIX_PATH=/home/shriram/Desktop/ros2Project/install/arduinobot_msgs:/home/shriram/Desktop/ros2Project/install/arduinobot_utils:/home/shriram/Desktop/ros2Project/install/arduinobot_moveit:/home/shriram/Desktop/ros2Project/install/arduinobot_description:/home/shriram/Desktop/ros2Project/install/arduinobot_controller:/home/shriram/Desktop/ros2Project/install/arduinobot_py:/opt/ros/humble /usr/bin/cmake --install /home/shriram/Desktop/ros2Project/build/arduinobot_utils
