[0.882s] Invoking command in '/home/shriram/Desktop/ros2Project/src/arduinobot_py': PYTHONPATH=/home/shriram/Desktop/ros2Project/build/arduinobot_py/prefix_override:/home/shriram/Desktop/ros2Project/install/arduinobot_py/lib/python3.10/site-packages:${PYTHONPATH} /usr/bin/python3 setup.py egg_info --egg-base ../../build/arduinobot_py build --build-base /home/shriram/Desktop/ros2Project/build/arduinobot_py/build install --record /home/shriram/Desktop/ros2Project/build/arduinobot_py/install.log --single-version-externally-managed
[1.181s] running egg_info
[1.181s] writing ../../build/arduinobot_py/arduinobot_py.egg-info/PKG-INFO
[1.181s] writing dependency_links to ../../build/arduinobot_py/arduinobot_py.egg-info/dependency_links.txt
[1.181s] writing entry points to ../../build/arduinobot_py/arduinobot_py.egg-info/entry_points.txt
[1.181s] writing requirements to ../../build/arduinobot_py/arduinobot_py.egg-info/requires.txt
[1.181s] writing top-level names to ../../build/arduinobot_py/arduinobot_py.egg-info/top_level.txt
[1.183s] reading manifest file '../../build/arduinobot_py/arduinobot_py.egg-info/SOURCES.txt'
[1.188s] writing manifest file '../../build/arduinobot_py/arduinobot_py.egg-info/SOURCES.txt'
[1.188s] running build
[1.188s] running build_py
[1.188s] running install
[1.189s] running install_lib
[1.190s] running install_data
[1.190s] running install_egg_info
[1.192s] removing '/home/shriram/Desktop/ros2Project/install/arduinobot_py/lib/python3.10/site-packages/arduinobot_py-0.0.0-py3.10.egg-info' (and everything under it)
[1.192s] Copying ../../build/arduinobot_py/arduinobot_py.egg-info to /home/shriram/Desktop/ros2Project/install/arduinobot_py/lib/python3.10/site-packages/arduinobot_py-0.0.0-py3.10.egg-info
[1.193s] running install_scripts
[1.215s] Installing simple_parameter script to /home/shriram/Desktop/ros2Project/install/arduinobot_py/lib/arduinobot_py
[1.215s] writing list of installed files to '/home/shriram/Desktop/ros2Project/build/arduinobot_py/install.log'
[1.285s] Invoked command in '/home/shriram/Desktop/ros2Project/src/arduinobot_py' returned '0': PYTHONPATH=/home/shriram/Desktop/ros2Project/build/arduinobot_py/prefix_override:/home/shriram/Desktop/ros2Project/install/arduinobot_py/lib/python3.10/site-packages:${PYTHONPATH} /usr/bin/python3 setup.py egg_info --egg-base ../../build/arduinobot_py build --build-base /home/shriram/Desktop/ros2Project/build/arduinobot_py/build install --record /home/shriram/Desktop/ros2Project/build/arduinobot_py/install.log --single-version-externally-managed
