[0.031s] Invoking command in '/home/shriram/Desktop/ros2Project/build/arduinobot_description': CMAKE_PREFIX_PATH=${CMAKE_PREFIX_PATH}:/home/shriram/Desktop/ros2Project/install/arduinobot_py:/opt/ros/humble /usr/bin/cmake --build /home/shriram/Desktop/ros2Project/build/arduinobot_description -- -j12 -l12
[0.114s] Invoked command in '/home/shriram/Desktop/ros2Project/build/arduinobot_description' returned '0': CMAKE_PREFIX_PATH=${CMAKE_PREFIX_PATH}:/home/shriram/Desktop/ros2Project/install/arduinobot_py:/opt/ros/humble /usr/bin/cmake --build /home/shriram/Desktop/ros2Project/build/arduinobot_description -- -j12 -l12
[0.146s] Invoking command in '/home/shriram/Desktop/ros2Project/build/arduinobot_description': CMAKE_PREFIX_PATH=${CMAKE_PREFIX_PATH}:/home/shriram/Desktop/ros2Project/install/arduinobot_py:/opt/ros/humble /usr/bin/cmake --install /home/shriram/Desktop/ros2Project/build/arduinobot_description
[0.156s] -- Install configuration: ""
[0.156s] -- Up-to-date: /home/shriram/Desktop/ros2Project/install/arduinobot_description/share/arduinobot_description/meshes
[0.156s] -- Up-to-date: /home/shriram/Desktop/ros2Project/install/arduinobot_description/share/arduinobot_description/meshes/forward_drive_arm.STL
[0.156s] -- Up-to-date: /home/shriram/Desktop/ros2Project/install/arduinobot_description/share/arduinobot_description/meshes/vertical_drive_arm.STL
[0.156s] -- Up-to-date: /home/shriram/Desktop/ros2Project/install/arduinobot_description/share/arduinobot_description/meshes/round_plate.STL
[0.157s] -- Up-to-date: /home/shriram/Desktop/ros2Project/install/arduinobot_description/share/arduinobot_description/meshes/right_finger.STL
[0.157s] -- Up-to-date: /home/shriram/Desktop/ros2Project/install/arduinobot_description/share/arduinobot_description/meshes/plate.STL
[0.157s] -- Up-to-date: /home/shriram/Desktop/ros2Project/install/arduinobot_description/share/arduinobot_description/meshes/claw_support.STL
[0.157s] -- Up-to-date: /home/shriram/Desktop/ros2Project/install/arduinobot_description/share/arduinobot_description/meshes/basement.STL
[0.157s] -- Up-to-date: /home/shriram/Desktop/ros2Project/install/arduinobot_description/share/arduinobot_description/meshes/left_finger.STL
[0.157s] -- Up-to-date: /home/shriram/Desktop/ros2Project/install/arduinobot_description/share/arduinobot_description/meshes/link.STL
[0.159s] -- Up-to-date: /home/shriram/Desktop/ros2Project/install/arduinobot_description/share/arduinobot_description/meshes/base_plate.STL
[0.160s] -- Up-to-date: /home/shriram/Desktop/ros2Project/install/arduinobot_description/share/arduinobot_description/meshes/servo_plate.STL
[0.160s] -- Up-to-date: /home/shriram/Desktop/ros2Project/install/arduinobot_description/share/arduinobot_description/meshes/horizontal_arm.STL
[0.164s] -- Up-to-date: /home/shriram/Desktop/ros2Project/install/arduinobot_description/share/arduinobot_description/meshes/triangular_link.STL
[0.165s] -- Up-to-date: /home/shriram/Desktop/ros2Project/install/arduinobot_description/share/arduinobot_description/urdf
[0.167s] -- Up-to-date: /home/shriram/Desktop/ros2Project/install/arduinobot_description/share/arduinobot_description/urdf/arduinobot_gazebo.xacro
[0.168s] -- Up-to-date: /home/shriram/Desktop/ros2Project/install/arduinobot_description/share/arduinobot_description/urdf/arduinobot.urdf.xacro
[0.168s] -- Up-to-date: /home/shriram/Desktop/ros2Project/install/arduinobot_description/share/arduinobot_description/urdf/arduinobot_ros2_control.xacro
[0.168s] -- Up-to-date: /home/shriram/Desktop/ros2Project/install/arduinobot_description/share/arduinobot_description/launch
[0.169s] -- Up-to-date: /home/shriram/Desktop/ros2Project/install/arduinobot_description/share/arduinobot_description/launch/display.launch.py
[0.169s] -- Up-to-date: /home/shriram/Desktop/ros2Project/install/arduinobot_description/share/arduinobot_description/launch/gazebo.launch.py
[0.169s] -- Up-to-date: /home/shriram/Desktop/ros2Project/install/arduinobot_description/share/arduinobot_description/rviz
[0.169s] -- Up-to-date: /home/shriram/Desktop/ros2Project/install/arduinobot_description/share/arduinobot_description/rviz/display.rviz
[0.169s] -- Up-to-date: /home/shriram/Desktop/ros2Project/install/arduinobot_description/share/ament_index/resource_index/package_run_dependencies/arduinobot_description
[0.170s] -- Up-to-date: /home/shriram/Desktop/ros2Project/install/arduinobot_description/share/ament_index/resource_index/parent_prefix_path/arduinobot_description
[0.170s] -- Up-to-date: /home/shriram/Desktop/ros2Project/install/arduinobot_description/share/arduinobot_description/environment/ament_prefix_path.sh
[0.170s] -- Up-to-date: /home/shriram/Desktop/ros2Project/install/arduinobot_description/share/arduinobot_description/environment/ament_prefix_path.dsv
[0.172s] -- Up-to-date: /home/shriram/Desktop/ros2Project/install/arduinobot_description/share/arduinobot_description/environment/path.sh
[0.172s] -- Up-to-date: /home/shriram/Desktop/ros2Project/install/arduinobot_description/share/arduinobot_description/environment/path.dsv
[0.172s] -- Up-to-date: /home/shriram/Desktop/ros2Project/install/arduinobot_description/share/arduinobot_description/local_setup.bash
[0.172s] -- Up-to-date: /home/shriram/Desktop/ros2Project/install/arduinobot_description/share/arduinobot_description/local_setup.sh
[0.172s] -- Up-to-date: /home/shriram/Desktop/ros2Project/install/arduinobot_description/share/arduinobot_description/local_setup.zsh
[0.173s] -- Up-to-date: /home/shriram/Desktop/ros2Project/install/arduinobot_description/share/arduinobot_description/local_setup.dsv
[0.173s] -- Installing: /home/shriram/Desktop/ros2Project/install/arduinobot_description/share/arduinobot_description/package.dsv
[0.174s] -- Up-to-date: /home/shriram/Desktop/ros2Project/install/arduinobot_description/share/ament_index/resource_index/packages/arduinobot_description
[0.174s] -- Up-to-date: /home/shriram/Desktop/ros2Project/install/arduinobot_description/share/arduinobot_description/cmake/arduinobot_descriptionConfig.cmake
[0.174s] -- Up-to-date: /home/shriram/Desktop/ros2Project/install/arduinobot_description/share/arduinobot_description/cmake/arduinobot_descriptionConfig-version.cmake
[0.174s] -- Up-to-date: /home/shriram/Desktop/ros2Project/install/arduinobot_description/share/arduinobot_description/package.xml
[0.221s] Invoked command in '/home/shriram/Desktop/ros2Project/build/arduinobot_description' returned '0': CMAKE_PREFIX_PATH=${CMAKE_PREFIX_PATH}:/home/shriram/Desktop/ros2Project/install/arduinobot_py:/opt/ros/humble /usr/bin/cmake --install /home/shriram/Desktop/ros2Project/build/arduinobot_description
