[0.626s] Invoking command in '/home/shriram/Desktop/ros2Project/src/arduinobot_py': PYTHONPATH=/home/shriram/Desktop/ros2Project/build/arduinobot_py/prefix_override:/home/shriram/Desktop/ros2Project/install/arduinobot_py/lib/python3.10/site-packages:${PYTHONPATH} /usr/bin/python3 setup.py egg_info --egg-base ../../build/arduinobot_py build --build-base /home/shriram/Desktop/ros2Project/build/arduinobot_py/build install --record /home/shriram/Desktop/ros2Project/build/arduinobot_py/install.log --single-version-externally-managed
[0.865s] running egg_info
[0.866s] writing ../../build/arduinobot_py/arduinobot_py.egg-info/PKG-INFO
[0.866s] writing dependency_links to ../../build/arduinobot_py/arduinobot_py.egg-info/dependency_links.txt
[0.866s] writing entry points to ../../build/arduinobot_py/arduinobot_py.egg-info/entry_points.txt
[0.866s] writing requirements to ../../build/arduinobot_py/arduinobot_py.egg-info/requires.txt
[0.866s] writing top-level names to ../../build/arduinobot_py/arduinobot_py.egg-info/top_level.txt
[0.868s] reading manifest file '../../build/arduinobot_py/arduinobot_py.egg-info/SOURCES.txt'
[0.873s] writing manifest file '../../build/arduinobot_py/arduinobot_py.egg-info/SOURCES.txt'
[0.873s] running build
[0.873s] running build_py
[0.873s] running install
[0.873s] running install_lib
[0.874s] running install_data
[0.875s] running install_egg_info
[0.876s] removing '/home/shriram/Desktop/ros2Project/install/arduinobot_py/lib/python3.10/site-packages/arduinobot_py-0.0.0-py3.10.egg-info' (and everything under it)
[0.876s] Copying ../../build/arduinobot_py/arduinobot_py.egg-info to /home/shriram/Desktop/ros2Project/install/arduinobot_py/lib/python3.10/site-packages/arduinobot_py-0.0.0-py3.10.egg-info
[0.877s] running install_scripts
[0.894s] Installing simple_parameter script to /home/shriram/Desktop/ros2Project/install/arduinobot_py/lib/arduinobot_py
[0.894s] writing list of installed files to '/home/shriram/Desktop/ros2Project/build/arduinobot_py/install.log'
[0.937s] Invoked command in '/home/shriram/Desktop/ros2Project/src/arduinobot_py' returned '0': PYTHONPATH=/home/shriram/Desktop/ros2Project/build/arduinobot_py/prefix_override:/home/shriram/Desktop/ros2Project/install/arduinobot_py/lib/python3.10/site-packages:${PYTHONPATH} /usr/bin/python3 setup.py egg_info --egg-base ../../build/arduinobot_py build --build-base /home/shriram/Desktop/ros2Project/build/arduinobot_py/build install --record /home/shriram/Desktop/ros2Project/build/arduinobot_py/install.log --single-version-externally-managed
