-- Found ament_cmake: 1.3.5 (/opt/ros/humble/share/ament_cmake/cmake)
-- Found rclcpp: 16.0.5 (/opt/ros/humble/share/rclcpp/cmake)
-- Found rosidl_generator_c: 3.1.5 (/opt/ros/humble/share/rosidl_generator_c/cmake)
-- Found rosidl_adapter: 3.1.5 (/opt/ros/humble/share/rosidl_adapter/cmake)
-- Found rosidl_generator_cpp: 3.1.5 (/opt/ros/humble/share/rosidl_generator_cpp/cmake)
-- Using all available rosidl_typesupport_c: rosidl_typesupport_fastrtps_c;rosidl_typesupport_introspection_c
-- Using all available rosidl_typesupport_cpp: rosidl_typesupport_fastrtps_cpp;rosidl_typesupport_introspection_cpp
-- Found rmw_implementation_cmake: 6.1.1 (/opt/ros/humble/share/rmw_implementation_cmake/cmake)
-- Found rmw_cyclonedds_cpp: 1.3.4 (/opt/ros/humble/share/rmw_cyclonedds_cpp/cmake)
-- Using RMW implementation 'rmw_cyclonedds_cpp' as default
-- Found rclpy: 3.3.9 (/opt/ros/humble/share/rclpy/cmake)
-- Found arduinobot_msgs: 0.0.0 (/home/shriram/Desktop/ros2Project/install/arduinobot_msgs/share/arduinobot_msgs/cmake)
-- Found tf2: 0.25.3 (/opt/ros/humble/share/tf2/cmake)
-- Configuring done
[31mCMake Error at CMakeLists.txt:15 (add_executable):
  Cannot find source file:

    src/angle_conversion.cpp

  Tried extensions .c .C .c++ .cc .cpp .cxx .cu .mpp .m .M .mm .ixx .cppm .h
  .hh .h++ .hm .hpp .hxx .in .txx .f .F .for .f77 .f90 .f95 .f03 .hip .ispc

[0m
[31mCMake Error at CMakeLists.txt:15 (add_executable):
  No SOURCES given to target: angle_conversion

[0m
[0mCMake Generate step failed.  Build files cannot be regenerated correctly.[0m
gmake: *** [Makefile:254: cmake_check_build_system] Error 1
