[0.306s] DEBUG:colcon:Command line arguments: ['/usr/bin/colcon', 'build']
[0.307s] DEBUG:colcon:Parsed command line arguments: Namespace(log_base=None, log_level=None, verb_name='build', build_base='build', install_base='install', merge_install=False, symlink_install=False, test_result_base=None, continue_on_error=False, executor='parallel', parallel_workers=12, event_handlers=None, ignore_user_meta=False, metas=['./colcon.meta'], base_paths=['.'], packages_ignore=None, packages_ignore_regex=None, paths=None, packages_up_to=None, packages_up_to_regex=None, packages_above=None, packages_above_and_dependencies=None, packages_above_depth=None, packages_select_by_dep=None, packages_skip_by_dep=None, packages_skip_up_to=None, packages_select_build_failed=False, packages_skip_build_finished=False, packages_select_test_failures=False, packages_skip_test_passed=False, packages_select=None, packages_skip=None, packages_select_regex=None, packages_skip_regex=None, packages_start=None, packages_end=None, allow_overriding=[], cmake_args=None, cmake_target=None, cmake_target_skip_unavailable=False, cmake_clean_cache=False, cmake_clean_first=False, cmake_force_configure=False, ament_cmake_args=None, catkin_cmake_args=None, catkin_skip_building_tests=False, mixin_files=None, mixin=None, verb_parser=<colcon_mixin.mixin.mixin_argument.MixinArgumentDecorator object at 0x7f60a5b077c0>, verb_extension=<colcon_core.verb.build.BuildVerb object at 0x7f60a5b98fd0>, main=<bound method BuildVerb.main of <colcon_core.verb.build.BuildVerb object at 0x7f60a5b98fd0>>, mixin_verb=('build',))
[0.325s] Level 1:colcon.colcon_core.package_discovery:discover_packages(colcon_meta) check parameters
[0.325s] Level 1:colcon.colcon_core.package_discovery:discover_packages(recursive) check parameters
[0.325s] Level 1:colcon.colcon_core.package_discovery:discover_packages(ignore) check parameters
[0.325s] Level 1:colcon.colcon_core.package_discovery:discover_packages(path) check parameters
[0.325s] Level 1:colcon.colcon_core.package_discovery:discover_packages(colcon_meta) discover
[0.325s] Level 1:colcon.colcon_core.package_discovery:discover_packages(recursive) discover
[0.325s] INFO:colcon.colcon_core.package_discovery:Crawling recursively for packages in '/home/shriram/Desktop/ros2Project'
[0.325s] Level 1:colcon.colcon_core.package_identification:_identify(.) by extensions ['ignore', 'ignore_ament_install']
[0.325s] Level 1:colcon.colcon_core.package_identification:_identify(.) by extension 'ignore'
[0.325s] Level 1:colcon.colcon_core.package_identification:_identify(.) by extension 'ignore_ament_install'
[0.325s] Level 1:colcon.colcon_core.package_identification:_identify(.) by extensions ['colcon_pkg']
[0.325s] Level 1:colcon.colcon_core.package_identification:_identify(.) by extension 'colcon_pkg'
[0.325s] Level 1:colcon.colcon_core.package_identification:_identify(.) by extensions ['colcon_meta']
[0.325s] Level 1:colcon.colcon_core.package_identification:_identify(.) by extension 'colcon_meta'
[0.325s] Level 1:colcon.colcon_core.package_identification:_identify(.) by extensions ['ros']
[0.325s] Level 1:colcon.colcon_core.package_identification:_identify(.) by extension 'ros'
[0.334s] Level 1:colcon.colcon_core.package_identification:_identify(.) by extensions ['cmake', 'python']
[0.334s] Level 1:colcon.colcon_core.package_identification:_identify(.) by extension 'cmake'
[0.334s] Level 1:colcon.colcon_core.package_identification:_identify(.) by extension 'python'
[0.334s] Level 1:colcon.colcon_core.package_identification:_identify(.) by extensions ['python_setup_py']
[0.334s] Level 1:colcon.colcon_core.package_identification:_identify(.) by extension 'python_setup_py'
[0.334s] Level 1:colcon.colcon_core.package_identification:_identify(build) by extensions ['ignore', 'ignore_ament_install']
[0.334s] Level 1:colcon.colcon_core.package_identification:_identify(build) by extension 'ignore'
[0.334s] Level 1:colcon.colcon_core.package_identification:_identify(build) ignored
[0.334s] Level 1:colcon.colcon_core.package_identification:_identify(install) by extensions ['ignore', 'ignore_ament_install']
[0.334s] Level 1:colcon.colcon_core.package_identification:_identify(install) by extension 'ignore'
[0.334s] Level 1:colcon.colcon_core.package_identification:_identify(install) ignored
[0.335s] Level 1:colcon.colcon_core.package_identification:_identify(log) by extensions ['ignore', 'ignore_ament_install']
[0.335s] Level 1:colcon.colcon_core.package_identification:_identify(log) by extension 'ignore'
[0.335s] Level 1:colcon.colcon_core.package_identification:_identify(log) ignored
[0.335s] Level 1:colcon.colcon_core.package_identification:_identify(src) by extensions ['ignore', 'ignore_ament_install']
[0.335s] Level 1:colcon.colcon_core.package_identification:_identify(src) by extension 'ignore'
[0.335s] Level 1:colcon.colcon_core.package_identification:_identify(src) by extension 'ignore_ament_install'
[0.335s] Level 1:colcon.colcon_core.package_identification:_identify(src) by extensions ['colcon_pkg']
[0.335s] Level 1:colcon.colcon_core.package_identification:_identify(src) by extension 'colcon_pkg'
[0.335s] Level 1:colcon.colcon_core.package_identification:_identify(src) by extensions ['colcon_meta']
[0.335s] Level 1:colcon.colcon_core.package_identification:_identify(src) by extension 'colcon_meta'
[0.335s] Level 1:colcon.colcon_core.package_identification:_identify(src) by extensions ['ros']
[0.335s] Level 1:colcon.colcon_core.package_identification:_identify(src) by extension 'ros'
[0.335s] Level 1:colcon.colcon_core.package_identification:_identify(src) by extensions ['cmake', 'python']
[0.335s] Level 1:colcon.colcon_core.package_identification:_identify(src) by extension 'cmake'
[0.335s] Level 1:colcon.colcon_core.package_identification:_identify(src) by extension 'python'
[0.335s] Level 1:colcon.colcon_core.package_identification:_identify(src) by extensions ['python_setup_py']
[0.335s] Level 1:colcon.colcon_core.package_identification:_identify(src) by extension 'python_setup_py'
[0.335s] Level 1:colcon.colcon_core.package_identification:_identify(src/arduinobot_controller) by extensions ['ignore', 'ignore_ament_install']
[0.336s] Level 1:colcon.colcon_core.package_identification:_identify(src/arduinobot_controller) by extension 'ignore'
[0.336s] Level 1:colcon.colcon_core.package_identification:_identify(src/arduinobot_controller) by extension 'ignore_ament_install'
[0.336s] Level 1:colcon.colcon_core.package_identification:_identify(src/arduinobot_controller) by extensions ['colcon_pkg']
[0.336s] Level 1:colcon.colcon_core.package_identification:_identify(src/arduinobot_controller) by extension 'colcon_pkg'
[0.336s] Level 1:colcon.colcon_core.package_identification:_identify(src/arduinobot_controller) by extensions ['colcon_meta']
[0.336s] Level 1:colcon.colcon_core.package_identification:_identify(src/arduinobot_controller) by extension 'colcon_meta'
[0.336s] Level 1:colcon.colcon_core.package_identification:_identify(src/arduinobot_controller) by extensions ['ros']
[0.336s] Level 1:colcon.colcon_core.package_identification:_identify(src/arduinobot_controller) by extension 'ros'
[0.338s] DEBUG:colcon.colcon_core.package_identification:Package 'src/arduinobot_controller' with type 'ros.ament_cmake' and name 'arduinobot_controller'
[0.338s] Level 1:colcon.colcon_core.package_identification:_identify(src/arduinobot_description) by extensions ['ignore', 'ignore_ament_install']
[0.338s] Level 1:colcon.colcon_core.package_identification:_identify(src/arduinobot_description) by extension 'ignore'
[0.338s] Level 1:colcon.colcon_core.package_identification:_identify(src/arduinobot_description) by extension 'ignore_ament_install'
[0.338s] Level 1:colcon.colcon_core.package_identification:_identify(src/arduinobot_description) by extensions ['colcon_pkg']
[0.338s] Level 1:colcon.colcon_core.package_identification:_identify(src/arduinobot_description) by extension 'colcon_pkg'
[0.338s] Level 1:colcon.colcon_core.package_identification:_identify(src/arduinobot_description) by extensions ['colcon_meta']
[0.338s] Level 1:colcon.colcon_core.package_identification:_identify(src/arduinobot_description) by extension 'colcon_meta'
[0.338s] Level 1:colcon.colcon_core.package_identification:_identify(src/arduinobot_description) by extensions ['ros']
[0.338s] Level 1:colcon.colcon_core.package_identification:_identify(src/arduinobot_description) by extension 'ros'
[0.339s] DEBUG:colcon.colcon_core.package_identification:Package 'src/arduinobot_description' with type 'ros.ament_cmake' and name 'arduinobot_description'
[0.339s] Level 1:colcon.colcon_core.package_identification:_identify(src/arduinobot_msgs) by extensions ['ignore', 'ignore_ament_install']
[0.339s] Level 1:colcon.colcon_core.package_identification:_identify(src/arduinobot_msgs) by extension 'ignore'
[0.339s] Level 1:colcon.colcon_core.package_identification:_identify(src/arduinobot_msgs) by extension 'ignore_ament_install'
[0.339s] Level 1:colcon.colcon_core.package_identification:_identify(src/arduinobot_msgs) by extensions ['colcon_pkg']
[0.339s] Level 1:colcon.colcon_core.package_identification:_identify(src/arduinobot_msgs) by extension 'colcon_pkg'
[0.339s] Level 1:colcon.colcon_core.package_identification:_identify(src/arduinobot_msgs) by extensions ['colcon_meta']
[0.339s] Level 1:colcon.colcon_core.package_identification:_identify(src/arduinobot_msgs) by extension 'colcon_meta'
[0.339s] Level 1:colcon.colcon_core.package_identification:_identify(src/arduinobot_msgs) by extensions ['ros']
[0.339s] Level 1:colcon.colcon_core.package_identification:_identify(src/arduinobot_msgs) by extension 'ros'
[0.339s] DEBUG:colcon.colcon_core.package_identification:Package 'src/arduinobot_msgs' with type 'ros.ament_cmake' and name 'arduinobot_msgs'
[0.339s] Level 1:colcon.colcon_core.package_identification:_identify(src/arduinobot_py) by extensions ['ignore', 'ignore_ament_install']
[0.340s] Level 1:colcon.colcon_core.package_identification:_identify(src/arduinobot_py) by extension 'ignore'
[0.340s] Level 1:colcon.colcon_core.package_identification:_identify(src/arduinobot_py) by extension 'ignore_ament_install'
[0.340s] Level 1:colcon.colcon_core.package_identification:_identify(src/arduinobot_py) by extensions ['colcon_pkg']
[0.340s] Level 1:colcon.colcon_core.package_identification:_identify(src/arduinobot_py) by extension 'colcon_pkg'
[0.340s] Level 1:colcon.colcon_core.package_identification:_identify(src/arduinobot_py) by extensions ['colcon_meta']
[0.340s] Level 1:colcon.colcon_core.package_identification:_identify(src/arduinobot_py) by extension 'colcon_meta'
[0.340s] Level 1:colcon.colcon_core.package_identification:_identify(src/arduinobot_py) by extensions ['ros']
[0.340s] Level 1:colcon.colcon_core.package_identification:_identify(src/arduinobot_py) by extension 'ros'
[0.340s] DEBUG:colcon.colcon_core.package_identification:Package 'src/arduinobot_py' with type 'ros.ament_python' and name 'arduinobot_py'
[0.340s] Level 1:colcon.colcon_core.package_identification:_identify(src/build) by extensions ['ignore', 'ignore_ament_install']
[0.340s] Level 1:colcon.colcon_core.package_identification:_identify(src/build) by extension 'ignore'
[0.340s] Level 1:colcon.colcon_core.package_identification:_identify(src/build) ignored
[0.340s] Level 1:colcon.colcon_core.package_identification:_identify(src/install) by extensions ['ignore', 'ignore_ament_install']
[0.340s] Level 1:colcon.colcon_core.package_identification:_identify(src/install) by extension 'ignore'
[0.341s] Level 1:colcon.colcon_core.package_identification:_identify(src/install) ignored
[0.341s] Level 1:colcon.colcon_core.package_identification:_identify(src/log) by extensions ['ignore', 'ignore_ament_install']
[0.341s] Level 1:colcon.colcon_core.package_identification:_identify(src/log) by extension 'ignore'
[0.341s] Level 1:colcon.colcon_core.package_identification:_identify(src/log) ignored
[0.341s] Level 1:colcon.colcon_core.package_discovery:discover_packages(recursive) using defaults
[0.341s] Level 1:colcon.colcon_core.package_discovery:discover_packages(ignore) discover
[0.341s] Level 1:colcon.colcon_core.package_discovery:discover_packages(ignore) using defaults
[0.341s] Level 1:colcon.colcon_core.package_discovery:discover_packages(path) discover
[0.341s] Level 1:colcon.colcon_core.package_discovery:discover_packages(path) using defaults
[0.358s] Level 1:colcon.colcon_core.package_discovery:discover_packages(prefix_path) check parameters
[0.358s] Level 1:colcon.colcon_core.package_discovery:discover_packages(prefix_path) discover
[0.360s] DEBUG:colcon.colcon_installed_package_information.package_discovery:Found 4 installed packages in /home/shriram/Desktop/ros2Project/install
[0.362s] DEBUG:colcon.colcon_installed_package_information.package_discovery:Found 434 installed packages in /opt/ros/humble
[0.364s] Level 1:colcon.colcon_core.package_discovery:discover_packages(prefix_path) using defaults
[0.425s] Level 5:colcon.colcon_core.verb:set package 'arduinobot_controller' build argument 'cmake_args' from command line to 'None'
[0.425s] Level 5:colcon.colcon_core.verb:set package 'arduinobot_controller' build argument 'cmake_target' from command line to 'None'
[0.425s] Level 5:colcon.colcon_core.verb:set package 'arduinobot_controller' build argument 'cmake_target_skip_unavailable' from command line to 'False'
[0.425s] Level 5:colcon.colcon_core.verb:set package 'arduinobot_controller' build argument 'cmake_clean_cache' from command line to 'False'
[0.425s] Level 5:colcon.colcon_core.verb:set package 'arduinobot_controller' build argument 'cmake_clean_first' from command line to 'False'
[0.425s] Level 5:colcon.colcon_core.verb:set package 'arduinobot_controller' build argument 'cmake_force_configure' from command line to 'False'
[0.425s] Level 5:colcon.colcon_core.verb:set package 'arduinobot_controller' build argument 'ament_cmake_args' from command line to 'None'
[0.425s] Level 5:colcon.colcon_core.verb:set package 'arduinobot_controller' build argument 'catkin_cmake_args' from command line to 'None'
[0.425s] Level 5:colcon.colcon_core.verb:set package 'arduinobot_controller' build argument 'catkin_skip_building_tests' from command line to 'False'
[0.425s] DEBUG:colcon.colcon_core.verb:Building package 'arduinobot_controller' with the following arguments: {'ament_cmake_args': None, 'build_base': '/home/shriram/Desktop/ros2Project/build/arduinobot_controller', 'catkin_cmake_args': None, 'catkin_skip_building_tests': False, 'cmake_args': None, 'cmake_clean_cache': False, 'cmake_clean_first': False, 'cmake_force_configure': False, 'cmake_target': None, 'cmake_target_skip_unavailable': False, 'install_base': '/home/shriram/Desktop/ros2Project/install/arduinobot_controller', 'merge_install': False, 'path': '/home/shriram/Desktop/ros2Project/src/arduinobot_controller', 'symlink_install': False, 'test_result_base': None}
[0.426s] Level 5:colcon.colcon_core.verb:set package 'arduinobot_description' build argument 'cmake_args' from command line to 'None'
[0.426s] Level 5:colcon.colcon_core.verb:set package 'arduinobot_description' build argument 'cmake_target' from command line to 'None'
[0.426s] Level 5:colcon.colcon_core.verb:set package 'arduinobot_description' build argument 'cmake_target_skip_unavailable' from command line to 'False'
[0.426s] Level 5:colcon.colcon_core.verb:set package 'arduinobot_description' build argument 'cmake_clean_cache' from command line to 'False'
[0.426s] Level 5:colcon.colcon_core.verb:set package 'arduinobot_description' build argument 'cmake_clean_first' from command line to 'False'
[0.426s] Level 5:colcon.colcon_core.verb:set package 'arduinobot_description' build argument 'cmake_force_configure' from command line to 'False'
[0.426s] Level 5:colcon.colcon_core.verb:set package 'arduinobot_description' build argument 'ament_cmake_args' from command line to 'None'
[0.426s] Level 5:colcon.colcon_core.verb:set package 'arduinobot_description' build argument 'catkin_cmake_args' from command line to 'None'
[0.426s] Level 5:colcon.colcon_core.verb:set package 'arduinobot_description' build argument 'catkin_skip_building_tests' from command line to 'False'
[0.426s] DEBUG:colcon.colcon_core.verb:Building package 'arduinobot_description' with the following arguments: {'ament_cmake_args': None, 'build_base': '/home/shriram/Desktop/ros2Project/build/arduinobot_description', 'catkin_cmake_args': None, 'catkin_skip_building_tests': False, 'cmake_args': None, 'cmake_clean_cache': False, 'cmake_clean_first': False, 'cmake_force_configure': False, 'cmake_target': None, 'cmake_target_skip_unavailable': False, 'install_base': '/home/shriram/Desktop/ros2Project/install/arduinobot_description', 'merge_install': False, 'path': '/home/shriram/Desktop/ros2Project/src/arduinobot_description', 'symlink_install': False, 'test_result_base': None}
[0.427s] Level 5:colcon.colcon_core.verb:set package 'arduinobot_msgs' build argument 'cmake_args' from command line to 'None'
[0.427s] Level 5:colcon.colcon_core.verb:set package 'arduinobot_msgs' build argument 'cmake_target' from command line to 'None'
[0.427s] Level 5:colcon.colcon_core.verb:set package 'arduinobot_msgs' build argument 'cmake_target_skip_unavailable' from command line to 'False'
[0.427s] Level 5:colcon.colcon_core.verb:set package 'arduinobot_msgs' build argument 'cmake_clean_cache' from command line to 'False'
[0.427s] Level 5:colcon.colcon_core.verb:set package 'arduinobot_msgs' build argument 'cmake_clean_first' from command line to 'False'
[0.427s] Level 5:colcon.colcon_core.verb:set package 'arduinobot_msgs' build argument 'cmake_force_configure' from command line to 'False'
[0.427s] Level 5:colcon.colcon_core.verb:set package 'arduinobot_msgs' build argument 'ament_cmake_args' from command line to 'None'
[0.427s] Level 5:colcon.colcon_core.verb:set package 'arduinobot_msgs' build argument 'catkin_cmake_args' from command line to 'None'
[0.427s] Level 5:colcon.colcon_core.verb:set package 'arduinobot_msgs' build argument 'catkin_skip_building_tests' from command line to 'False'
[0.427s] DEBUG:colcon.colcon_core.verb:Building package 'arduinobot_msgs' with the following arguments: {'ament_cmake_args': None, 'build_base': '/home/shriram/Desktop/ros2Project/build/arduinobot_msgs', 'catkin_cmake_args': None, 'catkin_skip_building_tests': False, 'cmake_args': None, 'cmake_clean_cache': False, 'cmake_clean_first': False, 'cmake_force_configure': False, 'cmake_target': None, 'cmake_target_skip_unavailable': False, 'install_base': '/home/shriram/Desktop/ros2Project/install/arduinobot_msgs', 'merge_install': False, 'path': '/home/shriram/Desktop/ros2Project/src/arduinobot_msgs', 'symlink_install': False, 'test_result_base': None}
[0.428s] Level 5:colcon.colcon_core.verb:set package 'arduinobot_py' build argument 'cmake_args' from command line to 'None'
[0.428s] Level 5:colcon.colcon_core.verb:set package 'arduinobot_py' build argument 'cmake_target' from command line to 'None'
[0.428s] Level 5:colcon.colcon_core.verb:set package 'arduinobot_py' build argument 'cmake_target_skip_unavailable' from command line to 'False'
[0.428s] Level 5:colcon.colcon_core.verb:set package 'arduinobot_py' build argument 'cmake_clean_cache' from command line to 'False'
[0.428s] Level 5:colcon.colcon_core.verb:set package 'arduinobot_py' build argument 'cmake_clean_first' from command line to 'False'
[0.428s] Level 5:colcon.colcon_core.verb:set package 'arduinobot_py' build argument 'cmake_force_configure' from command line to 'False'
[0.428s] Level 5:colcon.colcon_core.verb:set package 'arduinobot_py' build argument 'ament_cmake_args' from command line to 'None'
[0.428s] Level 5:colcon.colcon_core.verb:set package 'arduinobot_py' build argument 'catkin_cmake_args' from command line to 'None'
[0.428s] Level 5:colcon.colcon_core.verb:set package 'arduinobot_py' build argument 'catkin_skip_building_tests' from command line to 'False'
[0.428s] DEBUG:colcon.colcon_core.verb:Building package 'arduinobot_py' with the following arguments: {'ament_cmake_args': None, 'build_base': '/home/shriram/Desktop/ros2Project/build/arduinobot_py', 'catkin_cmake_args': None, 'catkin_skip_building_tests': False, 'cmake_args': None, 'cmake_clean_cache': False, 'cmake_clean_first': False, 'cmake_force_configure': False, 'cmake_target': None, 'cmake_target_skip_unavailable': False, 'install_base': '/home/shriram/Desktop/ros2Project/install/arduinobot_py', 'merge_install': False, 'path': '/home/shriram/Desktop/ros2Project/src/arduinobot_py', 'symlink_install': False, 'test_result_base': None}
[0.428s] INFO:colcon.colcon_core.executor:Executing jobs using 'parallel' executor
[0.431s] DEBUG:colcon.colcon_parallel_executor.executor.parallel:run_until_complete
[0.431s] INFO:colcon.colcon_ros.task.ament_cmake.build:Building ROS package in '/home/shriram/Desktop/ros2Project/src/arduinobot_msgs' with build type 'ament_cmake'
[0.431s] INFO:colcon.colcon_cmake.task.cmake.build:Building CMake package in '/home/shriram/Desktop/ros2Project/src/arduinobot_msgs'
[0.434s] INFO:colcon.colcon_core.plugin_system:Skipping extension 'colcon_core.shell.bat': Not used on non-Windows systems
[0.434s] INFO:colcon.colcon_core.shell:Skip shell extension 'powershell' for command environment: Not usable outside of PowerShell
[0.434s] DEBUG:colcon.colcon_core.shell:Skip shell extension 'dsv' for command environment
[0.438s] INFO:colcon.colcon_ros.task.ament_cmake.build:Building ROS package in '/home/shriram/Desktop/ros2Project/src/arduinobot_controller' with build type 'ament_cmake'
[0.438s] INFO:colcon.colcon_cmake.task.cmake.build:Building CMake package in '/home/shriram/Desktop/ros2Project/src/arduinobot_controller'
[0.439s] INFO:colcon.colcon_core.shell:Skip shell extension 'powershell' for command environment: Not usable outside of PowerShell
[0.439s] DEBUG:colcon.colcon_core.shell:Skip shell extension 'dsv' for command environment
[0.442s] INFO:colcon.colcon_ros.task.ament_cmake.build:Building ROS package in '/home/shriram/Desktop/ros2Project/src/arduinobot_description' with build type 'ament_cmake'
[0.443s] INFO:colcon.colcon_cmake.task.cmake.build:Building CMake package in '/home/shriram/Desktop/ros2Project/src/arduinobot_description'
[0.443s] INFO:colcon.colcon_core.shell:Skip shell extension 'powershell' for command environment: Not usable outside of PowerShell
[0.443s] DEBUG:colcon.colcon_core.shell:Skip shell extension 'dsv' for command environment
[0.451s] DEBUG:colcon.colcon_core.event_handler.log_command:Invoking command in '/home/shriram/Desktop/ros2Project/build/arduinobot_msgs': CMAKE_PREFIX_PATH=${CMAKE_PREFIX_PATH}:/home/shriram/Desktop/ros2Project/install/arduinobot_py:/opt/ros/humble /usr/bin/cmake --build /home/shriram/Desktop/ros2Project/build/arduinobot_msgs -- -j12 -l12
[0.453s] DEBUG:colcon.colcon_core.event_handler.log_command:Invoking command in '/home/shriram/Desktop/ros2Project/build/arduinobot_controller': CMAKE_PREFIX_PATH=${CMAKE_PREFIX_PATH}:/home/shriram/Desktop/ros2Project/install/arduinobot_py:/opt/ros/humble /usr/bin/cmake --build /home/shriram/Desktop/ros2Project/build/arduinobot_controller -- -j12 -l12
[0.456s] DEBUG:colcon.colcon_core.event_handler.log_command:Invoking command in '/home/shriram/Desktop/ros2Project/build/arduinobot_description': CMAKE_PREFIX_PATH=${CMAKE_PREFIX_PATH}:/home/shriram/Desktop/ros2Project/install/arduinobot_py:/opt/ros/humble /usr/bin/cmake --build /home/shriram/Desktop/ros2Project/build/arduinobot_description -- -j12 -l12
[0.481s] DEBUG:colcon.colcon_core.event_handler.log_command:Invoked command in '/home/shriram/Desktop/ros2Project/build/arduinobot_description' returned '0': CMAKE_PREFIX_PATH=${CMAKE_PREFIX_PATH}:/home/shriram/Desktop/ros2Project/install/arduinobot_py:/opt/ros/humble /usr/bin/cmake --build /home/shriram/Desktop/ros2Project/build/arduinobot_description -- -j12 -l12
[0.481s] DEBUG:colcon.colcon_core.event_handler.log_command:Invoked command in '/home/shriram/Desktop/ros2Project/build/arduinobot_controller' returned '0': CMAKE_PREFIX_PATH=${CMAKE_PREFIX_PATH}:/home/shriram/Desktop/ros2Project/install/arduinobot_py:/opt/ros/humble /usr/bin/cmake --build /home/shriram/Desktop/ros2Project/build/arduinobot_controller -- -j12 -l12
[0.506s] DEBUG:colcon.colcon_core.event_handler.log_command:Invoking command in '/home/shriram/Desktop/ros2Project/build/arduinobot_description': CMAKE_PREFIX_PATH=${CMAKE_PREFIX_PATH}:/home/shriram/Desktop/ros2Project/install/arduinobot_py:/opt/ros/humble /usr/bin/cmake --install /home/shriram/Desktop/ros2Project/build/arduinobot_description
[0.507s] DEBUG:colcon.colcon_core.event_handler.log_command:Invoking command in '/home/shriram/Desktop/ros2Project/build/arduinobot_controller': CMAKE_PREFIX_PATH=${CMAKE_PREFIX_PATH}:/home/shriram/Desktop/ros2Project/install/arduinobot_py:/opt/ros/humble /usr/bin/cmake --install /home/shriram/Desktop/ros2Project/build/arduinobot_controller
[0.516s] Level 1:colcon.colcon_core.environment:create_environment_scripts_only(arduinobot_controller)
[0.520s] DEBUG:colcon.colcon_core.event_handler.log_command:Invoked command in '/home/shriram/Desktop/ros2Project/build/arduinobot_controller' returned '0': CMAKE_PREFIX_PATH=${CMAKE_PREFIX_PATH}:/home/shriram/Desktop/ros2Project/install/arduinobot_py:/opt/ros/humble /usr/bin/cmake --install /home/shriram/Desktop/ros2Project/build/arduinobot_controller
[0.523s] Level 1:colcon.colcon_core.environment:checking '/home/shriram/Desktop/ros2Project/install/arduinobot_controller' for CMake module files
[0.523s] Level 1:colcon.colcon_core.environment:checking '/home/shriram/Desktop/ros2Project/install/arduinobot_controller' for CMake config files
[0.523s] Level 1:colcon.colcon_core.shell:create_environment_hook('arduinobot_controller', 'cmake_prefix_path')
[0.524s] INFO:colcon.colcon_core.shell:Creating environment hook '/home/shriram/Desktop/ros2Project/install/arduinobot_controller/share/arduinobot_controller/hook/cmake_prefix_path.ps1'
[0.525s] INFO:colcon.colcon_core.shell:Creating environment descriptor '/home/shriram/Desktop/ros2Project/install/arduinobot_controller/share/arduinobot_controller/hook/cmake_prefix_path.dsv'
[0.525s] INFO:colcon.colcon_core.shell:Creating environment hook '/home/shriram/Desktop/ros2Project/install/arduinobot_controller/share/arduinobot_controller/hook/cmake_prefix_path.sh'
[0.526s] Level 1:colcon.colcon_core.environment:checking '/home/shriram/Desktop/ros2Project/install/arduinobot_controller/bin'
[0.526s] Level 1:colcon.colcon_core.environment:checking '/home/shriram/Desktop/ros2Project/install/arduinobot_controller/lib/pkgconfig/arduinobot_controller.pc'
[0.526s] Level 1:colcon.colcon_core.environment:checking '/home/shriram/Desktop/ros2Project/install/arduinobot_controller/lib/python3.10/site-packages'
[0.526s] Level 1:colcon.colcon_core.environment:checking '/home/shriram/Desktop/ros2Project/install/arduinobot_controller/bin'
[0.528s] INFO:colcon.colcon_core.shell:Creating package script '/home/shriram/Desktop/ros2Project/install/arduinobot_controller/share/arduinobot_controller/package.ps1'
[0.530s] INFO:colcon.colcon_core.shell:Creating package descriptor '/home/shriram/Desktop/ros2Project/install/arduinobot_controller/share/arduinobot_controller/package.dsv'
[0.530s] INFO:colcon.colcon_core.shell:Creating package script '/home/shriram/Desktop/ros2Project/install/arduinobot_controller/share/arduinobot_controller/package.sh'
[0.531s] INFO:colcon.colcon_core.shell:Creating package script '/home/shriram/Desktop/ros2Project/install/arduinobot_controller/share/arduinobot_controller/package.bash'
[0.531s] INFO:colcon.colcon_core.shell:Creating package script '/home/shriram/Desktop/ros2Project/install/arduinobot_controller/share/arduinobot_controller/package.zsh'
[0.532s] Level 1:colcon.colcon_core.environment:create_file_with_runtime_dependencies(/home/shriram/Desktop/ros2Project/install/arduinobot_controller/share/colcon-core/packages/arduinobot_controller)
[0.533s] Level 1:colcon.colcon_core.environment:create_environment_scripts_only(arduinobot_description)
[0.534s] Level 1:colcon.colcon_core.environment:checking '/home/shriram/Desktop/ros2Project/install/arduinobot_description' for CMake module files
[0.535s] DEBUG:colcon.colcon_core.event_handler.log_command:Invoked command in '/home/shriram/Desktop/ros2Project/build/arduinobot_description' returned '0': CMAKE_PREFIX_PATH=${CMAKE_PREFIX_PATH}:/home/shriram/Desktop/ros2Project/install/arduinobot_py:/opt/ros/humble /usr/bin/cmake --install /home/shriram/Desktop/ros2Project/build/arduinobot_description
[0.535s] Level 1:colcon.colcon_core.environment:checking '/home/shriram/Desktop/ros2Project/install/arduinobot_description' for CMake config files
[0.535s] Level 1:colcon.colcon_core.shell:create_environment_hook('arduinobot_description', 'cmake_prefix_path')
[0.537s] INFO:colcon.colcon_core.shell:Creating environment hook '/home/shriram/Desktop/ros2Project/install/arduinobot_description/share/arduinobot_description/hook/cmake_prefix_path.ps1'
[0.537s] INFO:colcon.colcon_core.shell:Creating environment descriptor '/home/shriram/Desktop/ros2Project/install/arduinobot_description/share/arduinobot_description/hook/cmake_prefix_path.dsv'
[0.538s] INFO:colcon.colcon_core.shell:Creating environment hook '/home/shriram/Desktop/ros2Project/install/arduinobot_description/share/arduinobot_description/hook/cmake_prefix_path.sh'
[0.538s] Level 1:colcon.colcon_core.environment:checking '/home/shriram/Desktop/ros2Project/install/arduinobot_description/bin'
[0.538s] Level 1:colcon.colcon_core.environment:checking '/home/shriram/Desktop/ros2Project/install/arduinobot_description/lib/pkgconfig/arduinobot_description.pc'
[0.538s] Level 1:colcon.colcon_core.environment:checking '/home/shriram/Desktop/ros2Project/install/arduinobot_description/lib/python3.10/site-packages'
[0.539s] Level 1:colcon.colcon_core.environment:checking '/home/shriram/Desktop/ros2Project/install/arduinobot_description/bin'
[0.540s] INFO:colcon.colcon_core.shell:Creating package script '/home/shriram/Desktop/ros2Project/install/arduinobot_description/share/arduinobot_description/package.ps1'
[0.541s] INFO:colcon.colcon_core.shell:Creating package descriptor '/home/shriram/Desktop/ros2Project/install/arduinobot_description/share/arduinobot_description/package.dsv'
[0.541s] INFO:colcon.colcon_core.shell:Creating package script '/home/shriram/Desktop/ros2Project/install/arduinobot_description/share/arduinobot_description/package.sh'
[0.541s] INFO:colcon.colcon_core.shell:Creating package script '/home/shriram/Desktop/ros2Project/install/arduinobot_description/share/arduinobot_description/package.bash'
[0.542s] INFO:colcon.colcon_core.shell:Creating package script '/home/shriram/Desktop/ros2Project/install/arduinobot_description/share/arduinobot_description/package.zsh'
[0.542s] Level 1:colcon.colcon_core.environment:create_file_with_runtime_dependencies(/home/shriram/Desktop/ros2Project/install/arduinobot_description/share/colcon-core/packages/arduinobot_description)
[0.549s] Level 1:colcon.colcon_core.environment:create_environment_scripts_only(arduinobot_controller)
[0.551s] Level 1:colcon.colcon_core.environment:checking '/home/shriram/Desktop/ros2Project/install/arduinobot_controller' for CMake module files
[0.552s] Level 1:colcon.colcon_core.environment:checking '/home/shriram/Desktop/ros2Project/install/arduinobot_controller' for CMake config files
[0.552s] Level 1:colcon.colcon_core.shell:create_environment_hook('arduinobot_controller', 'cmake_prefix_path')
[0.554s] INFO:colcon.colcon_core.shell:Creating environment hook '/home/shriram/Desktop/ros2Project/install/arduinobot_controller/share/arduinobot_controller/hook/cmake_prefix_path.ps1'
[0.554s] INFO:colcon.colcon_core.shell:Creating environment descriptor '/home/shriram/Desktop/ros2Project/install/arduinobot_controller/share/arduinobot_controller/hook/cmake_prefix_path.dsv'
[0.555s] INFO:colcon.colcon_core.shell:Creating environment hook '/home/shriram/Desktop/ros2Project/install/arduinobot_controller/share/arduinobot_controller/hook/cmake_prefix_path.sh'
[0.555s] Level 1:colcon.colcon_core.environment:checking '/home/shriram/Desktop/ros2Project/install/arduinobot_controller/bin'
[0.555s] Level 1:colcon.colcon_core.environment:checking '/home/shriram/Desktop/ros2Project/install/arduinobot_controller/lib/pkgconfig/arduinobot_controller.pc'
[0.555s] Level 1:colcon.colcon_core.environment:checking '/home/shriram/Desktop/ros2Project/install/arduinobot_controller/lib/python3.10/site-packages'
[0.555s] Level 1:colcon.colcon_core.environment:checking '/home/shriram/Desktop/ros2Project/install/arduinobot_controller/bin'
[0.557s] INFO:colcon.colcon_core.shell:Creating package script '/home/shriram/Desktop/ros2Project/install/arduinobot_controller/share/arduinobot_controller/package.ps1'
[0.557s] INFO:colcon.colcon_core.shell:Creating package descriptor '/home/shriram/Desktop/ros2Project/install/arduinobot_controller/share/arduinobot_controller/package.dsv'
[0.558s] INFO:colcon.colcon_core.shell:Creating package script '/home/shriram/Desktop/ros2Project/install/arduinobot_controller/share/arduinobot_controller/package.sh'
[0.558s] INFO:colcon.colcon_core.shell:Creating package script '/home/shriram/Desktop/ros2Project/install/arduinobot_controller/share/arduinobot_controller/package.bash'
[0.558s] INFO:colcon.colcon_core.shell:Creating package script '/home/shriram/Desktop/ros2Project/install/arduinobot_controller/share/arduinobot_controller/package.zsh'
[0.559s] Level 1:colcon.colcon_core.environment:create_file_with_runtime_dependencies(/home/shriram/Desktop/ros2Project/install/arduinobot_controller/share/colcon-core/packages/arduinobot_controller)
[0.561s] Level 1:colcon.colcon_core.environment:create_environment_scripts_only(arduinobot_description)
[0.563s] Level 1:colcon.colcon_core.environment:checking '/home/shriram/Desktop/ros2Project/install/arduinobot_description' for CMake module files
[0.564s] Level 1:colcon.colcon_core.environment:checking '/home/shriram/Desktop/ros2Project/install/arduinobot_description' for CMake config files
[0.564s] Level 1:colcon.colcon_core.shell:create_environment_hook('arduinobot_description', 'cmake_prefix_path')
[0.565s] INFO:colcon.colcon_core.shell:Creating environment hook '/home/shriram/Desktop/ros2Project/install/arduinobot_description/share/arduinobot_description/hook/cmake_prefix_path.ps1'
[0.566s] INFO:colcon.colcon_core.shell:Creating environment descriptor '/home/shriram/Desktop/ros2Project/install/arduinobot_description/share/arduinobot_description/hook/cmake_prefix_path.dsv'
[0.566s] INFO:colcon.colcon_core.shell:Creating environment hook '/home/shriram/Desktop/ros2Project/install/arduinobot_description/share/arduinobot_description/hook/cmake_prefix_path.sh'
[0.566s] Level 1:colcon.colcon_core.environment:checking '/home/shriram/Desktop/ros2Project/install/arduinobot_description/bin'
[0.566s] Level 1:colcon.colcon_core.environment:checking '/home/shriram/Desktop/ros2Project/install/arduinobot_description/lib/pkgconfig/arduinobot_description.pc'
[0.567s] Level 1:colcon.colcon_core.environment:checking '/home/shriram/Desktop/ros2Project/install/arduinobot_description/lib/python3.10/site-packages'
[0.567s] Level 1:colcon.colcon_core.environment:checking '/home/shriram/Desktop/ros2Project/install/arduinobot_description/bin'
[0.568s] INFO:colcon.colcon_core.shell:Creating package script '/home/shriram/Desktop/ros2Project/install/arduinobot_description/share/arduinobot_description/package.ps1'
[0.568s] INFO:colcon.colcon_core.shell:Creating package descriptor '/home/shriram/Desktop/ros2Project/install/arduinobot_description/share/arduinobot_description/package.dsv'
[0.569s] INFO:colcon.colcon_core.shell:Creating package script '/home/shriram/Desktop/ros2Project/install/arduinobot_description/share/arduinobot_description/package.sh'
[0.569s] INFO:colcon.colcon_core.shell:Creating package script '/home/shriram/Desktop/ros2Project/install/arduinobot_description/share/arduinobot_description/package.bash'
[0.569s] INFO:colcon.colcon_core.shell:Creating package script '/home/shriram/Desktop/ros2Project/install/arduinobot_description/share/arduinobot_description/package.zsh'
[0.570s] Level 1:colcon.colcon_core.environment:create_file_with_runtime_dependencies(/home/shriram/Desktop/ros2Project/install/arduinobot_description/share/colcon-core/packages/arduinobot_description)
[0.783s] DEBUG:colcon.colcon_core.event_handler.log_command:Invoked command in '/home/shriram/Desktop/ros2Project/build/arduinobot_msgs' returned '0': CMAKE_PREFIX_PATH=${CMAKE_PREFIX_PATH}:/home/shriram/Desktop/ros2Project/install/arduinobot_py:/opt/ros/humble /usr/bin/cmake --build /home/shriram/Desktop/ros2Project/build/arduinobot_msgs -- -j12 -l12
[0.816s] DEBUG:colcon.colcon_core.event_handler.log_command:Invoking command in '/home/shriram/Desktop/ros2Project/build/arduinobot_msgs': CMAKE_PREFIX_PATH=${CMAKE_PREFIX_PATH}:/home/shriram/Desktop/ros2Project/install/arduinobot_py:/opt/ros/humble /usr/bin/cmake --install /home/shriram/Desktop/ros2Project/build/arduinobot_msgs
[0.860s] Level 1:colcon.colcon_core.environment:create_environment_scripts_only(arduinobot_msgs)
[0.861s] DEBUG:colcon.colcon_core.event_handler.log_command:Invoked command in '/home/shriram/Desktop/ros2Project/build/arduinobot_msgs' returned '0': CMAKE_PREFIX_PATH=${CMAKE_PREFIX_PATH}:/home/shriram/Desktop/ros2Project/install/arduinobot_py:/opt/ros/humble /usr/bin/cmake --install /home/shriram/Desktop/ros2Project/build/arduinobot_msgs
[0.863s] Level 1:colcon.colcon_core.environment:checking '/home/shriram/Desktop/ros2Project/install/arduinobot_msgs' for CMake module files
[0.863s] Level 1:colcon.colcon_core.environment:checking '/home/shriram/Desktop/ros2Project/install/arduinobot_msgs' for CMake config files
[0.863s] Level 1:colcon.colcon_core.shell:create_environment_hook('arduinobot_msgs', 'cmake_prefix_path')
[0.864s] INFO:colcon.colcon_core.shell:Creating environment hook '/home/shriram/Desktop/ros2Project/install/arduinobot_msgs/share/arduinobot_msgs/hook/cmake_prefix_path.ps1'
[0.865s] INFO:colcon.colcon_core.shell:Creating environment descriptor '/home/shriram/Desktop/ros2Project/install/arduinobot_msgs/share/arduinobot_msgs/hook/cmake_prefix_path.dsv'
[0.865s] INFO:colcon.colcon_core.shell:Creating environment hook '/home/shriram/Desktop/ros2Project/install/arduinobot_msgs/share/arduinobot_msgs/hook/cmake_prefix_path.sh'
[0.865s] Level 1:colcon.colcon_core.environment:checking '/home/shriram/Desktop/ros2Project/install/arduinobot_msgs/lib'
[0.866s] Level 1:colcon.colcon_core.shell:create_environment_hook('arduinobot_msgs', 'ld_library_path_lib')
[0.867s] INFO:colcon.colcon_core.shell:Creating environment hook '/home/shriram/Desktop/ros2Project/install/arduinobot_msgs/share/arduinobot_msgs/hook/ld_library_path_lib.ps1'
[0.868s] INFO:colcon.colcon_core.shell:Creating environment descriptor '/home/shriram/Desktop/ros2Project/install/arduinobot_msgs/share/arduinobot_msgs/hook/ld_library_path_lib.dsv'
[0.868s] INFO:colcon.colcon_core.shell:Creating environment hook '/home/shriram/Desktop/ros2Project/install/arduinobot_msgs/share/arduinobot_msgs/hook/ld_library_path_lib.sh'
[0.868s] Level 1:colcon.colcon_core.environment:checking '/home/shriram/Desktop/ros2Project/install/arduinobot_msgs/bin'
[0.868s] Level 1:colcon.colcon_core.environment:checking '/home/shriram/Desktop/ros2Project/install/arduinobot_msgs/lib/pkgconfig/arduinobot_msgs.pc'
[0.868s] Level 1:colcon.colcon_core.environment:checking '/home/shriram/Desktop/ros2Project/install/arduinobot_msgs/lib/python3.10/site-packages'
[0.869s] Level 1:colcon.colcon_core.environment:checking '/home/shriram/Desktop/ros2Project/install/arduinobot_msgs/bin'
[0.870s] INFO:colcon.colcon_core.shell:Creating package script '/home/shriram/Desktop/ros2Project/install/arduinobot_msgs/share/arduinobot_msgs/package.ps1'
[0.870s] INFO:colcon.colcon_core.shell:Creating package descriptor '/home/shriram/Desktop/ros2Project/install/arduinobot_msgs/share/arduinobot_msgs/package.dsv'
[0.870s] INFO:colcon.colcon_core.shell:Creating package script '/home/shriram/Desktop/ros2Project/install/arduinobot_msgs/share/arduinobot_msgs/package.sh'
[0.870s] INFO:colcon.colcon_core.shell:Creating package script '/home/shriram/Desktop/ros2Project/install/arduinobot_msgs/share/arduinobot_msgs/package.bash'
[0.871s] INFO:colcon.colcon_core.shell:Creating package script '/home/shriram/Desktop/ros2Project/install/arduinobot_msgs/share/arduinobot_msgs/package.zsh'
[0.871s] Level 1:colcon.colcon_core.environment:create_file_with_runtime_dependencies(/home/shriram/Desktop/ros2Project/install/arduinobot_msgs/share/colcon-core/packages/arduinobot_msgs)
[0.925s] Level 1:colcon.colcon_core.environment:create_environment_scripts_only(arduinobot_msgs)
[0.926s] Level 1:colcon.colcon_core.environment:checking '/home/shriram/Desktop/ros2Project/install/arduinobot_msgs' for CMake module files
[0.927s] Level 1:colcon.colcon_core.environment:checking '/home/shriram/Desktop/ros2Project/install/arduinobot_msgs' for CMake config files
[0.927s] Level 1:colcon.colcon_core.shell:create_environment_hook('arduinobot_msgs', 'cmake_prefix_path')
[0.928s] INFO:colcon.colcon_core.shell:Creating environment hook '/home/shriram/Desktop/ros2Project/install/arduinobot_msgs/share/arduinobot_msgs/hook/cmake_prefix_path.ps1'
[0.928s] INFO:colcon.colcon_core.shell:Creating environment descriptor '/home/shriram/Desktop/ros2Project/install/arduinobot_msgs/share/arduinobot_msgs/hook/cmake_prefix_path.dsv'
[0.928s] INFO:colcon.colcon_core.shell:Creating environment hook '/home/shriram/Desktop/ros2Project/install/arduinobot_msgs/share/arduinobot_msgs/hook/cmake_prefix_path.sh'
[0.929s] Level 1:colcon.colcon_core.environment:checking '/home/shriram/Desktop/ros2Project/install/arduinobot_msgs/lib'
[0.929s] Level 1:colcon.colcon_core.shell:create_environment_hook('arduinobot_msgs', 'ld_library_path_lib')
[0.930s] INFO:colcon.colcon_core.shell:Creating environment hook '/home/shriram/Desktop/ros2Project/install/arduinobot_msgs/share/arduinobot_msgs/hook/ld_library_path_lib.ps1'
[0.930s] INFO:colcon.colcon_core.shell:Creating environment descriptor '/home/shriram/Desktop/ros2Project/install/arduinobot_msgs/share/arduinobot_msgs/hook/ld_library_path_lib.dsv'
[0.931s] INFO:colcon.colcon_core.shell:Creating environment hook '/home/shriram/Desktop/ros2Project/install/arduinobot_msgs/share/arduinobot_msgs/hook/ld_library_path_lib.sh'
[0.931s] Level 1:colcon.colcon_core.environment:checking '/home/shriram/Desktop/ros2Project/install/arduinobot_msgs/bin'
[0.931s] Level 1:colcon.colcon_core.environment:checking '/home/shriram/Desktop/ros2Project/install/arduinobot_msgs/lib/pkgconfig/arduinobot_msgs.pc'
[0.931s] Level 1:colcon.colcon_core.environment:checking '/home/shriram/Desktop/ros2Project/install/arduinobot_msgs/lib/python3.10/site-packages'
[0.932s] Level 1:colcon.colcon_core.environment:checking '/home/shriram/Desktop/ros2Project/install/arduinobot_msgs/bin'
[0.933s] INFO:colcon.colcon_core.shell:Creating package script '/home/shriram/Desktop/ros2Project/install/arduinobot_msgs/share/arduinobot_msgs/package.ps1'
[0.933s] INFO:colcon.colcon_core.shell:Creating package descriptor '/home/shriram/Desktop/ros2Project/install/arduinobot_msgs/share/arduinobot_msgs/package.dsv'
[0.934s] INFO:colcon.colcon_core.shell:Creating package script '/home/shriram/Desktop/ros2Project/install/arduinobot_msgs/share/arduinobot_msgs/package.sh'
[0.934s] INFO:colcon.colcon_core.shell:Creating package script '/home/shriram/Desktop/ros2Project/install/arduinobot_msgs/share/arduinobot_msgs/package.bash'
[0.934s] INFO:colcon.colcon_core.shell:Creating package script '/home/shriram/Desktop/ros2Project/install/arduinobot_msgs/share/arduinobot_msgs/package.zsh'
[0.935s] Level 1:colcon.colcon_core.environment:create_file_with_runtime_dependencies(/home/shriram/Desktop/ros2Project/install/arduinobot_msgs/share/colcon-core/packages/arduinobot_msgs)
[0.935s] INFO:colcon.colcon_ros.task.ament_python.build:Building ROS package in '/home/shriram/Desktop/ros2Project/src/arduinobot_py' with build type 'ament_python'
[0.935s] Level 1:colcon.colcon_core.shell:create_environment_hook('arduinobot_py', 'ament_prefix_path')
[0.937s] INFO:colcon.colcon_core.shell:Creating environment hook '/home/shriram/Desktop/ros2Project/install/arduinobot_py/share/arduinobot_py/hook/ament_prefix_path.ps1'
[0.937s] INFO:colcon.colcon_core.shell:Creating environment descriptor '/home/shriram/Desktop/ros2Project/install/arduinobot_py/share/arduinobot_py/hook/ament_prefix_path.dsv'
[0.938s] INFO:colcon.colcon_core.shell:Creating environment hook '/home/shriram/Desktop/ros2Project/install/arduinobot_py/share/arduinobot_py/hook/ament_prefix_path.sh'
[0.940s] INFO:colcon.colcon_core.shell:Skip shell extension 'powershell' for command environment: Not usable outside of PowerShell
[0.940s] DEBUG:colcon.colcon_core.shell:Skip shell extension 'dsv' for command environment
[1.230s] INFO:colcon.colcon_core.task.python.build:Building Python package in '/home/shriram/Desktop/ros2Project/src/arduinobot_py'
[1.231s] INFO:colcon.colcon_core.shell:Skip shell extension 'powershell' for command environment: Not usable outside of PowerShell
[1.231s] DEBUG:colcon.colcon_core.shell:Skip shell extension 'dsv' for command environment
[1.586s] DEBUG:colcon.colcon_core.event_handler.log_command:Invoking command in '/home/shriram/Desktop/ros2Project/src/arduinobot_py': PYTHONPATH=/home/shriram/Desktop/ros2Project/build/arduinobot_py/prefix_override:/home/shriram/Desktop/ros2Project/install/arduinobot_py/lib/python3.10/site-packages:${PYTHONPATH} /usr/bin/python3 setup.py egg_info --egg-base ../../build/arduinobot_py build --build-base /home/shriram/Desktop/ros2Project/build/arduinobot_py/build install --record /home/shriram/Desktop/ros2Project/build/arduinobot_py/install.log --single-version-externally-managed
[1.860s] Level 1:colcon.colcon_core.environment:checking '/home/shriram/Desktop/ros2Project/install/arduinobot_py' for CMake module files
[1.861s] DEBUG:colcon.colcon_core.event_handler.log_command:Invoked command in '/home/shriram/Desktop/ros2Project/src/arduinobot_py' returned '0': PYTHONPATH=/home/shriram/Desktop/ros2Project/build/arduinobot_py/prefix_override:/home/shriram/Desktop/ros2Project/install/arduinobot_py/lib/python3.10/site-packages:${PYTHONPATH} /usr/bin/python3 setup.py egg_info --egg-base ../../build/arduinobot_py build --build-base /home/shriram/Desktop/ros2Project/build/arduinobot_py/build install --record /home/shriram/Desktop/ros2Project/build/arduinobot_py/install.log --single-version-externally-managed
[1.862s] Level 1:colcon.colcon_core.environment:checking '/home/shriram/Desktop/ros2Project/install/arduinobot_py' for CMake config files
[1.862s] Level 1:colcon.colcon_core.environment:checking '/home/shriram/Desktop/ros2Project/install/arduinobot_py/lib'
[1.863s] Level 1:colcon.colcon_core.environment:checking '/home/shriram/Desktop/ros2Project/install/arduinobot_py/bin'
[1.863s] Level 1:colcon.colcon_core.environment:checking '/home/shriram/Desktop/ros2Project/install/arduinobot_py/lib/pkgconfig/arduinobot_py.pc'
[1.863s] Level 1:colcon.colcon_core.environment:checking '/home/shriram/Desktop/ros2Project/install/arduinobot_py/lib/python3.10/site-packages'
[1.863s] Level 1:colcon.colcon_core.shell:create_environment_hook('arduinobot_py', 'pythonpath')
[1.864s] INFO:colcon.colcon_core.shell:Creating environment hook '/home/shriram/Desktop/ros2Project/install/arduinobot_py/share/arduinobot_py/hook/pythonpath.ps1'
[1.865s] INFO:colcon.colcon_core.shell:Creating environment descriptor '/home/shriram/Desktop/ros2Project/install/arduinobot_py/share/arduinobot_py/hook/pythonpath.dsv'
[1.865s] INFO:colcon.colcon_core.shell:Creating environment hook '/home/shriram/Desktop/ros2Project/install/arduinobot_py/share/arduinobot_py/hook/pythonpath.sh'
[1.865s] Level 1:colcon.colcon_core.environment:checking '/home/shriram/Desktop/ros2Project/install/arduinobot_py/bin'
[1.866s] Level 1:colcon.colcon_core.environment:create_environment_scripts_only(arduinobot_py)
[1.867s] INFO:colcon.colcon_core.shell:Creating package script '/home/shriram/Desktop/ros2Project/install/arduinobot_py/share/arduinobot_py/package.ps1'
[1.867s] INFO:colcon.colcon_core.shell:Creating package descriptor '/home/shriram/Desktop/ros2Project/install/arduinobot_py/share/arduinobot_py/package.dsv'
[1.867s] INFO:colcon.colcon_core.shell:Creating package script '/home/shriram/Desktop/ros2Project/install/arduinobot_py/share/arduinobot_py/package.sh'
[1.868s] INFO:colcon.colcon_core.shell:Creating package script '/home/shriram/Desktop/ros2Project/install/arduinobot_py/share/arduinobot_py/package.bash'
[1.868s] INFO:colcon.colcon_core.shell:Creating package script '/home/shriram/Desktop/ros2Project/install/arduinobot_py/share/arduinobot_py/package.zsh'
[1.868s] Level 1:colcon.colcon_core.environment:create_file_with_runtime_dependencies(/home/shriram/Desktop/ros2Project/install/arduinobot_py/share/colcon-core/packages/arduinobot_py)
[1.868s] DEBUG:colcon.colcon_parallel_executor.executor.parallel:closing loop
[1.869s] DEBUG:colcon.colcon_parallel_executor.executor.parallel:loop closed
[1.869s] DEBUG:colcon.colcon_parallel_executor.executor.parallel:run_until_complete finished with '0'
[1.869s] DEBUG:colcon.colcon_core.event_reactor:joining thread
[1.874s] INFO:colcon.colcon_core.plugin_system:Skipping extension 'colcon_notification.desktop_notification.terminal_notifier': Not used on non-Darwin systems
[1.874s] INFO:colcon.colcon_core.plugin_system:Skipping extension 'colcon_notification.desktop_notification.win32': Not used on non-Windows systems
[1.874s] INFO:colcon.colcon_notification.desktop_notification:Sending desktop notification using 'notify2'
[1.882s] DEBUG:colcon.colcon_core.event_reactor:joined thread
[1.884s] INFO:colcon.colcon_core.shell:Creating prefix script '/home/shriram/Desktop/ros2Project/install/local_setup.ps1'
[1.885s] INFO:colcon.colcon_core.shell:Creating prefix util module '/home/shriram/Desktop/ros2Project/install/_local_setup_util_ps1.py'
[1.887s] INFO:colcon.colcon_core.shell:Creating prefix chain script '/home/shriram/Desktop/ros2Project/install/setup.ps1'
[1.889s] INFO:colcon.colcon_core.shell:Creating prefix script '/home/shriram/Desktop/ros2Project/install/local_setup.sh'
[1.890s] INFO:colcon.colcon_core.shell:Creating prefix util module '/home/shriram/Desktop/ros2Project/install/_local_setup_util_sh.py'
[1.890s] INFO:colcon.colcon_core.shell:Creating prefix chain script '/home/shriram/Desktop/ros2Project/install/setup.sh'
[1.893s] INFO:colcon.colcon_core.shell:Creating prefix script '/home/shriram/Desktop/ros2Project/install/local_setup.bash'
[1.893s] INFO:colcon.colcon_core.shell:Creating prefix chain script '/home/shriram/Desktop/ros2Project/install/setup.bash'
[1.896s] INFO:colcon.colcon_core.shell:Creating prefix script '/home/shriram/Desktop/ros2Project/install/local_setup.zsh'
[1.897s] INFO:colcon.colcon_core.shell:Creating prefix chain script '/home/shriram/Desktop/ros2Project/install/setup.zsh'
