-- Found ament_cmake: 1.3.5 (/opt/ros/humble/share/ament_cmake/cmake)
-- Found rclcpp: 16.0.5 (/opt/ros/humble/share/rclcpp/cmake)
-- Found rosidl_generator_c: 3.1.5 (/opt/ros/humble/share/rosidl_generator_c/cmake)
-- Found rosidl_adapter: 3.1.5 (/opt/ros/humble/share/rosidl_adapter/cmake)
-- Found rosidl_generator_cpp: 3.1.5 (/opt/ros/humble/share/rosidl_generator_cpp/cmake)
-- Using all available rosidl_typesupport_c: rosidl_typesupport_fastrtps_c;rosidl_typesupport_introspection_c
-- Using all available rosidl_typesupport_cpp: rosidl_typesupport_fastrtps_cpp;rosidl_typesupport_introspection_cpp
-- Found rmw_implementation_cmake: 6.1.1 (/opt/ros/humble/share/rmw_implementation_cmake/cmake)
-- Found rmw_cyclonedds_cpp: 1.3.4 (/opt/ros/humble/share/rmw_cyclonedds_cpp/cmake)
-- Using RMW implementation 'rmw_cyclonedds_cpp' as default
-- Found arduinobot_msgs: 0.0.0 (/home/shriram/Desktop/ros2Project/install/arduinobot_msgs/share/arduinobot_msgs/cmake)
-- Found rclcpp_action: 16.0.5 (/opt/ros/humble/share/rclcpp_action/cmake)
-- Found rclcpp_components: 16.0.5 (/opt/ros/humble/share/rclcpp_components/cmake)
-- Found moveit_ros_planning_interface: 2.5.4 (/opt/ros/humble/share/moveit_ros_planning_interface/cmake)
-- Found Boost: /usr/lib/x86_64-linux-gnu/cmake/Boost-1.74.0/BoostConfig.cmake (found version "1.74.0") found components: date_time filesystem program_options system thread 
-- Found Boost: /usr/lib/x86_64-linux-gnu/cmake/Boost-1.74.0/BoostConfig.cmake (found version "1.74.0") found components: chrono date_time filesystem iostreams program_options regex serialization system thread 
-- Found Boost: /usr/lib/x86_64-linux-gnu/cmake/Boost-1.74.0/BoostConfig.cmake (found version "1.74.0") found components: filesystem 
-- library: /usr/lib/x86_64-linux-gnu/libcurl.so
-- Ensuring Eigen3 include directory is part of orocos-kdl CMake target
-- Found Boost: /usr/lib/x86_64-linux-gnu/cmake/Boost-1.74.0/BoostConfig.cmake (found version "1.74.0") found components: system filesystem date_time program_options thread chrono 
-- Found Boost: /usr/lib/x86_64-linux-gnu/cmake/Boost-1.74.0/BoostConfig.cmake (found version "1.74.0") found components: thread system filesystem regex date_time program_options 
-- Found Boost: /usr/lib/x86_64-linux-gnu/cmake/Boost-1.74.0/BoostConfig.cmake (found version "1.74.0") found components: system filesystem date_time program_options thread 
-- Configuring done
-- Generating done
-- Build files have been written to: /home/shriram/Desktop/ros2Project/build/arduinobot_cpp
[35m[1mConsolidate compiler generated dependencies of target simple_moveit_interface[0m
[100%] Built target simple_moveit_interface
-- Install configuration: ""
-- Up-to-date: /home/shriram/Desktop/ros2Project/install/arduinobot_cpp/lib/arduinobot_cpp/simple_moveit_interface
-- Up-to-date: /home/shriram/Desktop/ros2Project/install/arduinobot_cpp/share/ament_index/resource_index/package_run_dependencies/arduinobot_cpp
-- Installing: /home/shriram/Desktop/ros2Project/install/arduinobot_cpp/share/ament_index/resource_index/parent_prefix_path/arduinobot_cpp
-- Up-to-date: /home/shriram/Desktop/ros2Project/install/arduinobot_cpp/share/arduinobot_cpp/environment/ament_prefix_path.sh
-- Installing: /home/shriram/Desktop/ros2Project/install/arduinobot_cpp/share/arduinobot_cpp/environment/ament_prefix_path.dsv
-- Up-to-date: /home/shriram/Desktop/ros2Project/install/arduinobot_cpp/share/arduinobot_cpp/environment/path.sh
-- Installing: /home/shriram/Desktop/ros2Project/install/arduinobot_cpp/share/arduinobot_cpp/environment/path.dsv
-- Up-to-date: /home/shriram/Desktop/ros2Project/install/arduinobot_cpp/share/arduinobot_cpp/local_setup.bash
-- Up-to-date: /home/shriram/Desktop/ros2Project/install/arduinobot_cpp/share/arduinobot_cpp/local_setup.sh
-- Up-to-date: /home/shriram/Desktop/ros2Project/install/arduinobot_cpp/share/arduinobot_cpp/local_setup.zsh
-- Installing: /home/shriram/Desktop/ros2Project/install/arduinobot_cpp/share/arduinobot_cpp/local_setup.dsv
-- Installing: /home/shriram/Desktop/ros2Project/install/arduinobot_cpp/share/arduinobot_cpp/package.dsv
-- Up-to-date: /home/shriram/Desktop/ros2Project/install/arduinobot_cpp/share/ament_index/resource_index/packages/arduinobot_cpp
-- Up-to-date: /home/shriram/Desktop/ros2Project/install/arduinobot_cpp/share/arduinobot_cpp/cmake/arduinobot_cppConfig.cmake
-- Up-to-date: /home/shriram/Desktop/ros2Project/install/arduinobot_cpp/share/arduinobot_cpp/cmake/arduinobot_cppConfig-version.cmake
-- Up-to-date: /home/shriram/Desktop/ros2Project/install/arduinobot_cpp/share/arduinobot_cpp/package.xml
