[0.020s] Invoking command in '/home/shriram/Desktop/ros2Project/build/arduinobot_cpp': AMENT_PREFIX_PATH=/home/shriram/Desktop/ros2Project/install/arduinobot_msgs:${AMENT_PREFIX_PATH} CMAKE_PREFIX_PATH=/home/shriram/Desktop/ros2Project/install/arduinobot_msgs:/opt/ros/humble LD_LIBRARY_PATH=/home/shriram/Desktop/ros2Project/install/arduinobot_msgs/lib:${LD_LIBRARY_PATH} PYTHONPATH=/home/shriram/Desktop/ros2Project/install/arduinobot_msgs/local/lib/python3.10/dist-packages:${PYTHONPATH} /usr/bin/cmake --build /home/shriram/Desktop/ros2Project/build/arduinobot_cpp -- -j12 -l12
[0.334s] -- Found ament_cmake: 1.3.5 (/opt/ros/humble/share/ament_cmake/cmake)
[0.334s] -- Found rclcpp: 16.0.5 (/opt/ros/humble/share/rclcpp/cmake)
[0.334s] -- Found rosidl_generator_c: 3.1.5 (/opt/ros/humble/share/rosidl_generator_c/cmake)
[0.334s] -- Found rosidl_adapter: 3.1.5 (/opt/ros/humble/share/rosidl_adapter/cmake)
[0.334s] -- Found rosidl_generator_cpp: 3.1.5 (/opt/ros/humble/share/rosidl_generator_cpp/cmake)
[0.334s] -- Using all available rosidl_typesupport_c: rosidl_typesupport_fastrtps_c;rosidl_typesupport_introspection_c
[0.335s] -- Using all available rosidl_typesupport_cpp: rosidl_typesupport_fastrtps_cpp;rosidl_typesupport_introspection_cpp
[0.335s] -- Found rmw_implementation_cmake: 6.1.1 (/opt/ros/humble/share/rmw_implementation_cmake/cmake)
[0.335s] -- Found rmw_cyclonedds_cpp: 1.3.4 (/opt/ros/humble/share/rmw_cyclonedds_cpp/cmake)
[0.335s] -- Using RMW implementation 'rmw_cyclonedds_cpp' as default
[0.475s] -- Found arduinobot_msgs: 0.0.0 (/home/shriram/Desktop/ros2Project/install/arduinobot_msgs/share/arduinobot_msgs/cmake)
[0.647s] -- Found rclcpp_action: 16.0.5 (/opt/ros/humble/share/rclcpp_action/cmake)
[0.687s] -- Found rclcpp_components: 16.0.5 (/opt/ros/humble/share/rclcpp_components/cmake)
[0.753s] -- Found moveit_ros_planning_interface: 2.5.4 (/opt/ros/humble/share/moveit_ros_planning_interface/cmake)
[0.788s] -- Found Boost: /usr/lib/x86_64-linux-gnu/cmake/Boost-1.74.0/BoostConfig.cmake (found version "1.74.0") found components: date_time filesystem program_options system thread 
[1.457s] -- Found Boost: /usr/lib/x86_64-linux-gnu/cmake/Boost-1.74.0/BoostConfig.cmake (found version "1.74.0") found components: chrono date_time filesystem iostreams program_options regex serialization system thread 
[1.468s] -- Found Boost: /usr/lib/x86_64-linux-gnu/cmake/Boost-1.74.0/BoostConfig.cmake (found version "1.74.0") found components: filesystem 
[1.505s] -- library: /usr/lib/x86_64-linux-gnu/libcurl.so
[1.627s] -- Ensuring Eigen3 include directory is part of orocos-kdl CMake target
[1.948s] -- Found Boost: /usr/lib/x86_64-linux-gnu/cmake/Boost-1.74.0/BoostConfig.cmake (found version "1.74.0") found components: system filesystem date_time program_options thread chrono 
[2.326s] -- Found Boost: /usr/lib/x86_64-linux-gnu/cmake/Boost-1.74.0/BoostConfig.cmake (found version "1.74.0") found components: thread system filesystem regex date_time program_options 
[2.505s] -- Found Boost: /usr/lib/x86_64-linux-gnu/cmake/Boost-1.74.0/BoostConfig.cmake (found version "1.74.0") found components: system filesystem date_time program_options thread 
[2.876s] -- Configuring done
[2.907s] -- Generating done
[2.908s] -- Build files have been written to: /home/shriram/Desktop/ros2Project/build/arduinobot_cpp
[2.932s] [35m[1mConsolidate compiler generated dependencies of target simple_moveit_interface[0m
[2.952s] [100%] Built target simple_moveit_interface
[2.961s] Invoked command in '/home/shriram/Desktop/ros2Project/build/arduinobot_cpp' returned '0': AMENT_PREFIX_PATH=/home/shriram/Desktop/ros2Project/install/arduinobot_msgs:${AMENT_PREFIX_PATH} CMAKE_PREFIX_PATH=/home/shriram/Desktop/ros2Project/install/arduinobot_msgs:/opt/ros/humble LD_LIBRARY_PATH=/home/shriram/Desktop/ros2Project/install/arduinobot_msgs/lib:${LD_LIBRARY_PATH} PYTHONPATH=/home/shriram/Desktop/ros2Project/install/arduinobot_msgs/local/lib/python3.10/dist-packages:${PYTHONPATH} /usr/bin/cmake --build /home/shriram/Desktop/ros2Project/build/arduinobot_cpp -- -j12 -l12
[2.977s] Invoking command in '/home/shriram/Desktop/ros2Project/build/arduinobot_cpp': AMENT_PREFIX_PATH=/home/shriram/Desktop/ros2Project/install/arduinobot_msgs:${AMENT_PREFIX_PATH} CMAKE_PREFIX_PATH=/home/shriram/Desktop/ros2Project/install/arduinobot_msgs:/opt/ros/humble LD_LIBRARY_PATH=/home/shriram/Desktop/ros2Project/install/arduinobot_msgs/lib:${LD_LIBRARY_PATH} PYTHONPATH=/home/shriram/Desktop/ros2Project/install/arduinobot_msgs/local/lib/python3.10/dist-packages:${PYTHONPATH} /usr/bin/cmake --install /home/shriram/Desktop/ros2Project/build/arduinobot_cpp
[2.983s] -- Install configuration: ""
[2.983s] -- Up-to-date: /home/shriram/Desktop/ros2Project/install/arduinobot_cpp/lib/arduinobot_cpp/simple_moveit_interface
[2.983s] -- Up-to-date: /home/shriram/Desktop/ros2Project/install/arduinobot_cpp/share/ament_index/resource_index/package_run_dependencies/arduinobot_cpp
[2.983s] -- Installing: /home/shriram/Desktop/ros2Project/install/arduinobot_cpp/share/ament_index/resource_index/parent_prefix_path/arduinobot_cpp
[2.983s] -- Up-to-date: /home/shriram/Desktop/ros2Project/install/arduinobot_cpp/share/arduinobot_cpp/environment/ament_prefix_path.sh
[2.983s] -- Installing: /home/shriram/Desktop/ros2Project/install/arduinobot_cpp/share/arduinobot_cpp/environment/ament_prefix_path.dsv
[2.984s] -- Up-to-date: /home/shriram/Desktop/ros2Project/install/arduinobot_cpp/share/arduinobot_cpp/environment/path.sh
[2.984s] -- Installing: /home/shriram/Desktop/ros2Project/install/arduinobot_cpp/share/arduinobot_cpp/environment/path.dsv
[2.984s] -- Up-to-date: /home/shriram/Desktop/ros2Project/install/arduinobot_cpp/share/arduinobot_cpp/local_setup.bash
[2.984s] -- Up-to-date: /home/shriram/Desktop/ros2Project/install/arduinobot_cpp/share/arduinobot_cpp/local_setup.sh
[2.984s] -- Up-to-date: /home/shriram/Desktop/ros2Project/install/arduinobot_cpp/share/arduinobot_cpp/local_setup.zsh
[2.984s] -- Installing: /home/shriram/Desktop/ros2Project/install/arduinobot_cpp/share/arduinobot_cpp/local_setup.dsv
[2.984s] -- Installing: /home/shriram/Desktop/ros2Project/install/arduinobot_cpp/share/arduinobot_cpp/package.dsv
[2.984s] -- Up-to-date: /home/shriram/Desktop/ros2Project/install/arduinobot_cpp/share/ament_index/resource_index/packages/arduinobot_cpp
[2.984s] -- Up-to-date: /home/shriram/Desktop/ros2Project/install/arduinobot_cpp/share/arduinobot_cpp/cmake/arduinobot_cppConfig.cmake
[2.984s] -- Up-to-date: /home/shriram/Desktop/ros2Project/install/arduinobot_cpp/share/arduinobot_cpp/cmake/arduinobot_cppConfig-version.cmake
[2.984s] -- Up-to-date: /home/shriram/Desktop/ros2Project/install/arduinobot_cpp/share/arduinobot_cpp/package.xml
[2.986s] Invoked command in '/home/shriram/Desktop/ros2Project/build/arduinobot_cpp' returned '0': AMENT_PREFIX_PATH=/home/shriram/Desktop/ros2Project/install/arduinobot_msgs:${AMENT_PREFIX_PATH} CMAKE_PREFIX_PATH=/home/shriram/Desktop/ros2Project/install/arduinobot_msgs:/opt/ros/humble LD_LIBRARY_PATH=/home/shriram/Desktop/ros2Project/install/arduinobot_msgs/lib:${LD_LIBRARY_PATH} PYTHONPATH=/home/shriram/Desktop/ros2Project/install/arduinobot_msgs/local/lib/python3.10/dist-packages:${PYTHONPATH} /usr/bin/cmake --install /home/shriram/Desktop/ros2Project/build/arduinobot_cpp
