[0.047s] Invoking command in '/home/shriram/Desktop/ros2Project/build/arduinobot_cpp': CMAKE_PREFIX_PATH=/home/shriram/Desktop/ros2Project/install/arduinobot_msgs:/home/shriram/Desktop/ros2Project/install/arduinobot_cpp_examples:/home/shriram/Desktop/ros2Project/install/arduinobot_utils:/home/shriram/Desktop/ros2Project/install/arduinobot_moveit:/home/shriram/Desktop/ros2Project/install/arduinobot_description:/home/shriram/Desktop/ros2Project/install/arduinobot_controller:/home/shriram/Desktop/ros2Project/install/arduinobot_py:/opt/ros/humble /usr/bin/cmake /home/shriram/Desktop/ros2Project/src/arduinobot_cpp -DCMAKE_INSTALL_PREFIX=/home/shriram/Desktop/ros2Project/install/arduinobot_cpp
[0.574s] -- The C compiler identification is GNU 11.4.0
[0.574s] -- The CXX compiler identification is GNU 11.4.0
[0.574s] -- Detecting C compiler ABI info
[0.574s] -- Detecting C compiler ABI info - done
[0.574s] -- Check for working C compiler: /usr/bin/cc - skipped
[0.574s] -- Detecting C compile features
[0.574s] -- Detecting C compile features - done
[0.574s] -- Detecting CXX compiler ABI info
[0.574s] -- Detecting CXX compiler ABI info - done
[0.574s] -- Check for working CXX compiler: /usr/bin/c++ - skipped
[0.578s] -- Detecting CXX compile features
[0.578s] -- Detecting CXX compile features - done
[0.578s] -- Found ament_cmake: 1.3.5 (/opt/ros/humble/share/ament_cmake/cmake)
[0.869s] -- Found Python3: /usr/bin/python3.10 (found version "3.10.12") found components: Interpreter 
[1.063s] -- Found rclcpp: 16.0.5 (/opt/ros/humble/share/rclcpp/cmake)
[1.168s] -- Found rosidl_generator_c: 3.1.5 (/opt/ros/humble/share/rosidl_generator_c/cmake)
[1.176s] -- Found rosidl_adapter: 3.1.5 (/opt/ros/humble/share/rosidl_adapter/cmake)
[1.190s] -- Found rosidl_generator_cpp: 3.1.5 (/opt/ros/humble/share/rosidl_generator_cpp/cmake)
[1.217s] -- Using all available rosidl_typesupport_c: rosidl_typesupport_fastrtps_c;rosidl_typesupport_introspection_c
[1.248s] -- Using all available rosidl_typesupport_cpp: rosidl_typesupport_fastrtps_cpp;rosidl_typesupport_introspection_cpp
[1.368s] -- Found rmw_implementation_cmake: 6.1.1 (/opt/ros/humble/share/rmw_implementation_cmake/cmake)
[1.374s] -- Found rmw_cyclonedds_cpp: 1.3.4 (/opt/ros/humble/share/rmw_cyclonedds_cpp/cmake)
[1.435s] -- Using RMW implementation 'rmw_cyclonedds_cpp' as default
[1.464s] -- Looking for pthread.h
[1.606s] -- Looking for pthread.h - found
[1.606s] -- Performing Test CMAKE_HAVE_LIBC_PTHREAD
[1.709s] -- Performing Test CMAKE_HAVE_LIBC_PTHREAD - Success
[1.710s] -- Found Threads: TRUE  
[1.961s] -- Found arduinobot_msgs: 0.0.0 (/home/shriram/Desktop/ros2Project/install/arduinobot_msgs/share/arduinobot_msgs/cmake)
[2.191s] -- Found rclcpp_action: 16.0.5 (/opt/ros/humble/share/rclcpp_action/cmake)
[2.224s] -- Found rclcpp_components: 16.0.5 (/opt/ros/humble/share/rclcpp_components/cmake)
[2.322s] -- Found moveit_ros_planning_interface: 2.5.4 (/opt/ros/humble/share/moveit_ros_planning_interface/cmake)
[2.373s] -- Found Boost: /usr/lib/x86_64-linux-gnu/cmake/Boost-1.74.0/BoostConfig.cmake (found version "1.74.0") found components: date_time filesystem program_options system thread 
[3.399s] -- Found Boost: /usr/lib/x86_64-linux-gnu/cmake/Boost-1.74.0/BoostConfig.cmake (found version "1.74.0") found components: chrono date_time filesystem iostreams program_options regex serialization system thread 
[3.416s] -- Found Boost: /usr/lib/x86_64-linux-gnu/cmake/Boost-1.74.0/BoostConfig.cmake (found version "1.74.0") found components: filesystem 
[3.551s] -- library: /usr/lib/x86_64-linux-gnu/libcurl.so
[3.749s] -- Found Eigen3: TRUE (found version "3.4.0") 
[3.749s] -- Ensuring Eigen3 include directory is part of orocos-kdl CMake target
[4.280s] -- Found Boost: /usr/lib/x86_64-linux-gnu/cmake/Boost-1.74.0/BoostConfig.cmake (found version "1.74.0") found components: system filesystem date_time program_options thread chrono 
[4.895s] -- Found Boost: /usr/lib/x86_64-linux-gnu/cmake/Boost-1.74.0/BoostConfig.cmake (found version "1.74.0") found components: thread system filesystem regex date_time program_options 
[5.257s] -- Found Boost: /usr/lib/x86_64-linux-gnu/cmake/Boost-1.74.0/BoostConfig.cmake (found version "1.74.0") found components: system filesystem date_time program_options thread 
[5.880s] -- Configuring done
[5.912s] -- Generating done
[5.914s] -- Build files have been written to: /home/shriram/Desktop/ros2Project/build/arduinobot_cpp
[5.936s] Invoked command in '/home/shriram/Desktop/ros2Project/build/arduinobot_cpp' returned '0': CMAKE_PREFIX_PATH=/home/shriram/Desktop/ros2Project/install/arduinobot_msgs:/home/shriram/Desktop/ros2Project/install/arduinobot_cpp_examples:/home/shriram/Desktop/ros2Project/install/arduinobot_utils:/home/shriram/Desktop/ros2Project/install/arduinobot_moveit:/home/shriram/Desktop/ros2Project/install/arduinobot_description:/home/shriram/Desktop/ros2Project/install/arduinobot_controller:/home/shriram/Desktop/ros2Project/install/arduinobot_py:/opt/ros/humble /usr/bin/cmake /home/shriram/Desktop/ros2Project/src/arduinobot_cpp -DCMAKE_INSTALL_PREFIX=/home/shriram/Desktop/ros2Project/install/arduinobot_cpp
[5.938s] Invoking command in '/home/shriram/Desktop/ros2Project/build/arduinobot_cpp': CMAKE_PREFIX_PATH=/home/shriram/Desktop/ros2Project/install/arduinobot_msgs:/home/shriram/Desktop/ros2Project/install/arduinobot_cpp_examples:/home/shriram/Desktop/ros2Project/install/arduinobot_utils:/home/shriram/Desktop/ros2Project/install/arduinobot_moveit:/home/shriram/Desktop/ros2Project/install/arduinobot_description:/home/shriram/Desktop/ros2Project/install/arduinobot_controller:/home/shriram/Desktop/ros2Project/install/arduinobot_py:/opt/ros/humble /usr/bin/cmake --build /home/shriram/Desktop/ros2Project/build/arduinobot_cpp -- -j12 -l12
[6.010s] [ 50%] [32mBuilding CXX object CMakeFiles/simple_moveit_interface.dir/src/simple_moveit_interface.cpp.o[0m
[17.607s] [100%] [32m[1mLinking CXX executable simple_moveit_interface[0m
[18.087s] [100%] Built target simple_moveit_interface
[18.104s] Invoked command in '/home/shriram/Desktop/ros2Project/build/arduinobot_cpp' returned '0': CMAKE_PREFIX_PATH=/home/shriram/Desktop/ros2Project/install/arduinobot_msgs:/home/shriram/Desktop/ros2Project/install/arduinobot_cpp_examples:/home/shriram/Desktop/ros2Project/install/arduinobot_utils:/home/shriram/Desktop/ros2Project/install/arduinobot_moveit:/home/shriram/Desktop/ros2Project/install/arduinobot_description:/home/shriram/Desktop/ros2Project/install/arduinobot_controller:/home/shriram/Desktop/ros2Project/install/arduinobot_py:/opt/ros/humble /usr/bin/cmake --build /home/shriram/Desktop/ros2Project/build/arduinobot_cpp -- -j12 -l12
[18.145s] Invoking command in '/home/shriram/Desktop/ros2Project/build/arduinobot_cpp': CMAKE_PREFIX_PATH=/home/shriram/Desktop/ros2Project/install/arduinobot_msgs:/home/shriram/Desktop/ros2Project/install/arduinobot_cpp_examples:/home/shriram/Desktop/ros2Project/install/arduinobot_utils:/home/shriram/Desktop/ros2Project/install/arduinobot_moveit:/home/shriram/Desktop/ros2Project/install/arduinobot_description:/home/shriram/Desktop/ros2Project/install/arduinobot_controller:/home/shriram/Desktop/ros2Project/install/arduinobot_py:/opt/ros/humble /usr/bin/cmake --install /home/shriram/Desktop/ros2Project/build/arduinobot_cpp
[18.176s] -- Install configuration: ""
[18.176s] -- Installing: /home/shriram/Desktop/ros2Project/install/arduinobot_cpp/lib/arduinobot_cpp/simple_moveit_interface
[18.177s] -- Set runtime path of "/home/shriram/Desktop/ros2Project/install/arduinobot_cpp/lib/arduinobot_cpp/simple_moveit_interface" to ""
[18.178s] -- Installing: /home/shriram/Desktop/ros2Project/install/arduinobot_cpp/share/ament_index/resource_index/package_run_dependencies/arduinobot_cpp
[18.179s] -- Installing: /home/shriram/Desktop/ros2Project/install/arduinobot_cpp/share/ament_index/resource_index/parent_prefix_path/arduinobot_cpp
[18.179s] -- Installing: /home/shriram/Desktop/ros2Project/install/arduinobot_cpp/share/arduinobot_cpp/environment/ament_prefix_path.sh
[18.179s] -- Installing: /home/shriram/Desktop/ros2Project/install/arduinobot_cpp/share/arduinobot_cpp/environment/ament_prefix_path.dsv
[18.179s] -- Installing: /home/shriram/Desktop/ros2Project/install/arduinobot_cpp/share/arduinobot_cpp/environment/path.sh
[18.179s] -- Installing: /home/shriram/Desktop/ros2Project/install/arduinobot_cpp/share/arduinobot_cpp/environment/path.dsv
[18.180s] -- Installing: /home/shriram/Desktop/ros2Project/install/arduinobot_cpp/share/arduinobot_cpp/local_setup.bash
[18.180s] -- Installing: /home/shriram/Desktop/ros2Project/install/arduinobot_cpp/share/arduinobot_cpp/local_setup.sh
[18.180s] -- Installing: /home/shriram/Desktop/ros2Project/install/arduinobot_cpp/share/arduinobot_cpp/local_setup.zsh
[18.180s] -- Installing: /home/shriram/Desktop/ros2Project/install/arduinobot_cpp/share/arduinobot_cpp/local_setup.dsv
[18.180s] -- Installing: /home/shriram/Desktop/ros2Project/install/arduinobot_cpp/share/arduinobot_cpp/package.dsv
[18.180s] -- Installing: /home/shriram/Desktop/ros2Project/install/arduinobot_cpp/share/ament_index/resource_index/packages/arduinobot_cpp
[18.181s] -- Installing: /home/shriram/Desktop/ros2Project/install/arduinobot_cpp/share/arduinobot_cpp/cmake/arduinobot_cppConfig.cmake
[18.181s] -- Installing: /home/shriram/Desktop/ros2Project/install/arduinobot_cpp/share/arduinobot_cpp/cmake/arduinobot_cppConfig-version.cmake
[18.181s] -- Installing: /home/shriram/Desktop/ros2Project/install/arduinobot_cpp/share/arduinobot_cpp/package.xml
[18.188s] Invoked command in '/home/shriram/Desktop/ros2Project/build/arduinobot_cpp' returned '0': CMAKE_PREFIX_PATH=/home/shriram/Desktop/ros2Project/install/arduinobot_msgs:/home/shriram/Desktop/ros2Project/install/arduinobot_cpp_examples:/home/shriram/Desktop/ros2Project/install/arduinobot_utils:/home/shriram/Desktop/ros2Project/install/arduinobot_moveit:/home/shriram/Desktop/ros2Project/install/arduinobot_description:/home/shriram/Desktop/ros2Project/install/arduinobot_controller:/home/shriram/Desktop/ros2Project/install/arduinobot_py:/opt/ros/humble /usr/bin/cmake --install /home/shriram/Desktop/ros2Project/build/arduinobot_cpp
