[0.015s] Invoking command in '/home/shriram/Desktop/ros2Project/build/arduinobot_moveit': CMAKE_PREFIX_PATH=${CMAKE_PREFIX_PATH}:/home/shriram/Desktop/ros2Project/install/arduinobot_py:/opt/ros/humble /usr/bin/cmake --build /home/shriram/Desktop/ros2Project/build/arduinobot_moveit -- -j12 -l12
[0.044s] Invoked command in '/home/shriram/Desktop/ros2Project/build/arduinobot_moveit' returned '0': CMAKE_PREFIX_PATH=${CMAKE_PREFIX_PATH}:/home/shriram/Desktop/ros2Project/install/arduinobot_py:/opt/ros/humble /usr/bin/cmake --build /home/shriram/Desktop/ros2Project/build/arduinobot_moveit -- -j12 -l12
[0.068s] Invoking command in '/home/shriram/Desktop/ros2Project/build/arduinobot_moveit': CMAKE_PREFIX_PATH=${CMAKE_PREFIX_PATH}:/home/shriram/Desktop/ros2Project/install/arduinobot_py:/opt/ros/humble /usr/bin/cmake --install /home/shriram/Desktop/ros2Project/build/arduinobot_moveit
[0.079s] -- Install configuration: ""
[0.080s] -- Up-to-date: /home/shriram/Desktop/ros2Project/install/arduinobot_moveit/share/arduinobot_moveit/launch
[0.080s] -- Up-to-date: /home/shriram/Desktop/ros2Project/install/arduinobot_moveit/share/arduinobot_moveit/launch/moveit.launch.py
[0.080s] -- Up-to-date: /home/shriram/Desktop/ros2Project/install/arduinobot_moveit/share/arduinobot_moveit/config
[0.080s] -- Up-to-date: /home/shriram/Desktop/ros2Project/install/arduinobot_moveit/share/arduinobot_moveit/config/joint_limits.yaml
[0.080s] -- Up-to-date: /home/shriram/Desktop/ros2Project/install/arduinobot_moveit/share/arduinobot_moveit/config/moveit.rviz
[0.080s] -- Up-to-date: /home/shriram/Desktop/ros2Project/install/arduinobot_moveit/share/arduinobot_moveit/config/kinematics.yaml
[0.080s] -- Up-to-date: /home/shriram/Desktop/ros2Project/install/arduinobot_moveit/share/arduinobot_moveit/config/initial_positions.yaml
[0.080s] -- Up-to-date: /home/shriram/Desktop/ros2Project/install/arduinobot_moveit/share/arduinobot_moveit/config/arduinobot.srdf
[0.080s] -- Up-to-date: /home/shriram/Desktop/ros2Project/install/arduinobot_moveit/share/arduinobot_moveit/config/moveit_controllers.yaml
[0.080s] -- Up-to-date: /home/shriram/Desktop/ros2Project/install/arduinobot_moveit/share/arduinobot_moveit/config/pilz_cartesian_limits.yaml
[0.080s] -- Up-to-date: /home/shriram/Desktop/ros2Project/install/arduinobot_moveit/share/ament_index/resource_index/package_run_dependencies/arduinobot_moveit
[0.081s] -- Up-to-date: /home/shriram/Desktop/ros2Project/install/arduinobot_moveit/share/ament_index/resource_index/parent_prefix_path/arduinobot_moveit
[0.081s] -- Up-to-date: /home/shriram/Desktop/ros2Project/install/arduinobot_moveit/share/arduinobot_moveit/environment/ament_prefix_path.sh
[0.081s] -- Up-to-date: /home/shriram/Desktop/ros2Project/install/arduinobot_moveit/share/arduinobot_moveit/environment/ament_prefix_path.dsv
[0.081s] -- Up-to-date: /home/shriram/Desktop/ros2Project/install/arduinobot_moveit/share/arduinobot_moveit/environment/path.sh
[0.081s] -- Up-to-date: /home/shriram/Desktop/ros2Project/install/arduinobot_moveit/share/arduinobot_moveit/environment/path.dsv
[0.081s] -- Up-to-date: /home/shriram/Desktop/ros2Project/install/arduinobot_moveit/share/arduinobot_moveit/local_setup.bash
[0.081s] -- Up-to-date: /home/shriram/Desktop/ros2Project/install/arduinobot_moveit/share/arduinobot_moveit/local_setup.sh
[0.081s] -- Up-to-date: /home/shriram/Desktop/ros2Project/install/arduinobot_moveit/share/arduinobot_moveit/local_setup.zsh
[0.081s] -- Up-to-date: /home/shriram/Desktop/ros2Project/install/arduinobot_moveit/share/arduinobot_moveit/local_setup.dsv
[0.081s] -- Installing: /home/shriram/Desktop/ros2Project/install/arduinobot_moveit/share/arduinobot_moveit/package.dsv
[0.081s] -- Up-to-date: /home/shriram/Desktop/ros2Project/install/arduinobot_moveit/share/ament_index/resource_index/packages/arduinobot_moveit
[0.082s] -- Up-to-date: /home/shriram/Desktop/ros2Project/install/arduinobot_moveit/share/arduinobot_moveit/cmake/arduinobot_moveitConfig.cmake
[0.082s] -- Up-to-date: /home/shriram/Desktop/ros2Project/install/arduinobot_moveit/share/arduinobot_moveit/cmake/arduinobot_moveitConfig-version.cmake
[0.082s] -- Up-to-date: /home/shriram/Desktop/ros2Project/install/arduinobot_moveit/share/arduinobot_moveit/package.xml
[0.099s] Invoked command in '/home/shriram/Desktop/ros2Project/build/arduinobot_moveit' returned '0': CMAKE_PREFIX_PATH=${CMAKE_PREFIX_PATH}:/home/shriram/Desktop/ros2Project/install/arduinobot_py:/opt/ros/humble /usr/bin/cmake --install /home/shriram/Desktop/ros2Project/build/arduinobot_moveit
