-- Install configuration: ""
-- Up-to-date: /home/shriram/Desktop/ros2Project/install/arduinobot_description/share/$(PROJECT_NAME)/meshes
-- Up-to-date: /home/shriram/Desktop/ros2Project/install/arduinobot_description/share/$(PROJECT_NAME)/meshes/forward_drive_arm.STL
-- Up-to-date: /home/shriram/Desktop/ros2Project/install/arduinobot_description/share/$(PROJECT_NAME)/meshes/vertical_drive_arm.STL
-- Up-to-date: /home/shriram/Desktop/ros2Project/install/arduinobot_description/share/$(PROJECT_NAME)/meshes/round_plate.STL
-- Up-to-date: /home/shriram/Desktop/ros2Project/install/arduinobot_description/share/$(PROJECT_NAME)/meshes/right_finger.STL
-- Up-to-date: /home/shriram/Desktop/ros2Project/install/arduinobot_description/share/$(PROJECT_NAME)/meshes/plate.STL
-- Up-to-date: /home/shriram/Desktop/ros2Project/install/arduinobot_description/share/$(PROJECT_NAME)/meshes/claw_support.STL
-- Up-to-date: /home/shriram/Desktop/ros2Project/install/arduinobot_description/share/$(PROJECT_NAME)/meshes/basement.STL
-- Up-to-date: /home/shriram/Desktop/ros2Project/install/arduinobot_description/share/$(PROJECT_NAME)/meshes/left_finger.STL
-- Up-to-date: /home/shriram/Desktop/ros2Project/install/arduinobot_description/share/$(PROJECT_NAME)/meshes/link.STL
-- Up-to-date: /home/shriram/Desktop/ros2Project/install/arduinobot_description/share/$(PROJECT_NAME)/meshes/base_plate.STL
-- Up-to-date: /home/shriram/Desktop/ros2Project/install/arduinobot_description/share/$(PROJECT_NAME)/meshes/servo_plate.STL
-- Up-to-date: /home/shriram/Desktop/ros2Project/install/arduinobot_description/share/$(PROJECT_NAME)/meshes/horizontal_arm.STL
-- Up-to-date: /home/shriram/Desktop/ros2Project/install/arduinobot_description/share/$(PROJECT_NAME)/meshes/triangular_link.STL
-- Up-to-date: /home/shriram/Desktop/ros2Project/install/arduinobot_description/share/$(PROJECT_NAME)/urdf
-- Up-to-date: /home/shriram/Desktop/ros2Project/install/arduinobot_description/share/$(PROJECT_NAME)/urdf/arduinobot.urdf.xacro
-- Up-to-date: /home/shriram/Desktop/ros2Project/install/arduinobot_description/share/$(PROJECT_NAME)/launch
-- Up-to-date: /home/shriram/Desktop/ros2Project/install/arduinobot_description/share/$(PROJECT_NAME)/launch/display.launch.py
-- Up-to-date: /home/shriram/Desktop/ros2Project/install/arduinobot_description/share/$(PROJECT_NAME)/launch/gazebo.launch.py
-- Up-to-date: /home/shriram/Desktop/ros2Project/install/arduinobot_description/share/$(PROJECT_NAME)/rviz
-- Up-to-date: /home/shriram/Desktop/ros2Project/install/arduinobot_description/share/$(PROJECT_NAME)/rviz/display.rviz
-- Up-to-date: /home/shriram/Desktop/ros2Project/install/arduinobot_description/share/ament_index/resource_index/package_run_dependencies/arduinobot_description
-- Up-to-date: /home/shriram/Desktop/ros2Project/install/arduinobot_description/share/ament_index/resource_index/parent_prefix_path/arduinobot_description
-- Up-to-date: /home/shriram/Desktop/ros2Project/install/arduinobot_description/share/arduinobot_description/environment/ament_prefix_path.sh
-- Up-to-date: /home/shriram/Desktop/ros2Project/install/arduinobot_description/share/arduinobot_description/environment/ament_prefix_path.dsv
-- Up-to-date: /home/shriram/Desktop/ros2Project/install/arduinobot_description/share/arduinobot_description/environment/path.sh
-- Up-to-date: /home/shriram/Desktop/ros2Project/install/arduinobot_description/share/arduinobot_description/environment/path.dsv
-- Up-to-date: /home/shriram/Desktop/ros2Project/install/arduinobot_description/share/arduinobot_description/local_setup.bash
-- Up-to-date: /home/shriram/Desktop/ros2Project/install/arduinobot_description/share/arduinobot_description/local_setup.sh
-- Up-to-date: /home/shriram/Desktop/ros2Project/install/arduinobot_description/share/arduinobot_description/local_setup.zsh
-- Up-to-date: /home/shriram/Desktop/ros2Project/install/arduinobot_description/share/arduinobot_description/local_setup.dsv
-- Installing: /home/shriram/Desktop/ros2Project/install/arduinobot_description/share/arduinobot_description/package.dsv
-- Up-to-date: /home/shriram/Desktop/ros2Project/install/arduinobot_description/share/ament_index/resource_index/packages/arduinobot_description
-- Up-to-date: /home/shriram/Desktop/ros2Project/install/arduinobot_description/share/arduinobot_description/cmake/arduinobot_descriptionConfig.cmake
-- Up-to-date: /home/shriram/Desktop/ros2Project/install/arduinobot_description/share/arduinobot_description/cmake/arduinobot_descriptionConfig-version.cmake
-- Up-to-date: /home/shriram/Desktop/ros2Project/install/arduinobot_description/share/arduinobot_description/package.xml
