[0.020s] Invoking command in '/home/shriram/Desktop/ros2Project/build/arduinobot_controller': CMAKE_PREFIX_PATH=/opt/ros/humble /usr/bin/cmake /home/shriram/Desktop/ros2Project/src/arduinobot_controller -DCMAKE_INSTALL_PREFIX=/home/shriram/Desktop/ros2Project/install/arduinobot_controller
[0.087s] -- The C compiler identification is GNU 11.4.0
[0.147s] -- The CXX compiler identification is GNU 11.4.0
[0.154s] -- Detecting C compiler ABI info
[0.207s] -- Detecting C compiler ABI info - done
[0.213s] -- Check for working C compiler: /usr/bin/cc - skipped
[0.213s] -- Detecting C compile features
[0.213s] -- Detecting C compile features - done
[0.216s] -- Detecting CXX compiler ABI info
[0.276s] -- Detecting CXX compiler ABI info - done
[0.282s] -- Check for working CXX compiler: /usr/bin/c++ - skipped
[0.282s] -- Detecting CXX compile features
[0.283s] -- Detecting CXX compile features - done
[0.287s] -- Found ament_cmake: 1.3.5 (/opt/ros/humble/share/ament_cmake/cmake)
[0.447s] -- Found Python3: /usr/bin/python3.10 (found version "3.10.12") found components: Interpreter 
[0.588s] -- Found ament_lint_auto: 0.12.7 (/opt/ros/humble/share/ament_lint_auto/cmake)
[0.705s] -- Added test 'lint_cmake' to check CMake code style
[0.706s] -- Added test 'xmllint' to check XML markup files
[0.707s] -- Configuring done
[0.709s] -- Generating done
[0.710s] -- Build files have been written to: /home/shriram/Desktop/ros2Project/build/arduinobot_controller
[0.716s] Invoked command in '/home/shriram/Desktop/ros2Project/build/arduinobot_controller' returned '0': CMAKE_PREFIX_PATH=/opt/ros/humble /usr/bin/cmake /home/shriram/Desktop/ros2Project/src/arduinobot_controller -DCMAKE_INSTALL_PREFIX=/home/shriram/Desktop/ros2Project/install/arduinobot_controller
[0.717s] Invoking command in '/home/shriram/Desktop/ros2Project/build/arduinobot_controller': CMAKE_PREFIX_PATH=/opt/ros/humble /usr/bin/cmake --build /home/shriram/Desktop/ros2Project/build/arduinobot_controller -- -j12 -l12
[0.753s] Invoked command in '/home/shriram/Desktop/ros2Project/build/arduinobot_controller' returned '0': CMAKE_PREFIX_PATH=/opt/ros/humble /usr/bin/cmake --build /home/shriram/Desktop/ros2Project/build/arduinobot_controller -- -j12 -l12
[0.770s] Invoking command in '/home/shriram/Desktop/ros2Project/build/arduinobot_controller': CMAKE_PREFIX_PATH=/opt/ros/humble /usr/bin/cmake --install /home/shriram/Desktop/ros2Project/build/arduinobot_controller
[0.775s] -- Install configuration: ""
[0.775s] -- Installing: /home/shriram/Desktop/ros2Project/install/arduinobot_controller/share/arduinobot_controller/config
[0.775s] -- Installing: /home/shriram/Desktop/ros2Project/install/arduinobot_controller/share/arduinobot_controller/config/arduinobot_controllers.yaml
[0.775s] -- Installing: /home/shriram/Desktop/ros2Project/install/arduinobot_controller/share/ament_index/resource_index/package_run_dependencies/arduinobot_controller
[0.776s] -- Installing: /home/shriram/Desktop/ros2Project/install/arduinobot_controller/share/ament_index/resource_index/parent_prefix_path/arduinobot_controller
[0.776s] -- Installing: /home/shriram/Desktop/ros2Project/install/arduinobot_controller/share/arduinobot_controller/environment/ament_prefix_path.sh
[0.776s] -- Installing: /home/shriram/Desktop/ros2Project/install/arduinobot_controller/share/arduinobot_controller/environment/ament_prefix_path.dsv
[0.776s] -- Installing: /home/shriram/Desktop/ros2Project/install/arduinobot_controller/share/arduinobot_controller/environment/path.sh
[0.776s] -- Installing: /home/shriram/Desktop/ros2Project/install/arduinobot_controller/share/arduinobot_controller/environment/path.dsv
[0.776s] -- Installing: /home/shriram/Desktop/ros2Project/install/arduinobot_controller/share/arduinobot_controller/local_setup.bash
[0.776s] -- Installing: /home/shriram/Desktop/ros2Project/install/arduinobot_controller/share/arduinobot_controller/local_setup.sh
[0.776s] -- Installing: /home/shriram/Desktop/ros2Project/install/arduinobot_controller/share/arduinobot_controller/local_setup.zsh
[0.776s] -- Installing: /home/shriram/Desktop/ros2Project/install/arduinobot_controller/share/arduinobot_controller/local_setup.dsv
[0.776s] -- Installing: /home/shriram/Desktop/ros2Project/install/arduinobot_controller/share/arduinobot_controller/package.dsv
[0.776s] -- Installing: /home/shriram/Desktop/ros2Project/install/arduinobot_controller/share/ament_index/resource_index/packages/arduinobot_controller
[0.776s] -- Installing: /home/shriram/Desktop/ros2Project/install/arduinobot_controller/share/arduinobot_controller/cmake/arduinobot_controllerConfig.cmake
[0.777s] -- Installing: /home/shriram/Desktop/ros2Project/install/arduinobot_controller/share/arduinobot_controller/cmake/arduinobot_controllerConfig-version.cmake
[0.777s] -- Installing: /home/shriram/Desktop/ros2Project/install/arduinobot_controller/share/arduinobot_controller/package.xml
[0.781s] Invoked command in '/home/shriram/Desktop/ros2Project/build/arduinobot_controller' returned '0': CMAKE_PREFIX_PATH=/opt/ros/humble /usr/bin/cmake --install /home/shriram/Desktop/ros2Project/build/arduinobot_controller
