[0.017s] Invoking command in '/home/shriram/Desktop/ros2Project/build/arduinobot_msgs': CMAKE_PREFIX_PATH=/opt/ros/humble /usr/bin/cmake /home/shriram/Desktop/ros2Project/src/arduinobot_msgs -DCMAKE_INSTALL_PREFIX=/home/shriram/Desktop/ros2Project/install/arduinobot_msgs
[0.087s] -- The C compiler identification is GNU 11.4.0
[0.145s] -- The CXX compiler identification is GNU 11.4.0
[0.150s] -- Detecting C compiler ABI info
[0.236s] -- Detecting C compiler ABI info - done
[0.242s] -- Check for working C compiler: /usr/bin/cc - skipped
[0.242s] -- Detecting C compile features
[0.243s] -- Detecting C compile features - done
[0.245s] -- Detecting CXX compiler ABI info
[0.302s] -- Detecting CXX compiler ABI info - done
[0.308s] -- Check for working CXX compiler: /usr/bin/c++ - skipped
[0.309s] -- Detecting CXX compile features
[0.309s] -- Detecting CXX compile features - done
[0.314s] -- Found ament_cmake: 1.3.5 (/opt/ros/humble/share/ament_cmake/cmake)
[0.435s] -- Found Python3: /usr/bin/python3.10 (found version "3.10.12") found components: Interpreter 
[0.507s] -- Found std_msgs: 4.2.3 (/opt/ros/humble/share/std_msgs/cmake)
[0.548s] -- Found rosidl_generator_c: 3.1.5 (/opt/ros/humble/share/rosidl_generator_c/cmake)
[0.554s] -- Found rosidl_adapter: 3.1.5 (/opt/ros/humble/share/rosidl_adapter/cmake)
[0.563s] -- Found rosidl_generator_cpp: 3.1.5 (/opt/ros/humble/share/rosidl_generator_cpp/cmake)
[0.577s] -- Using all available rosidl_typesupport_c: rosidl_typesupport_fastrtps_c;rosidl_typesupport_introspection_c
[0.596s] -- Using all available rosidl_typesupport_cpp: rosidl_typesupport_fastrtps_cpp;rosidl_typesupport_introspection_cpp
[0.641s] -- Found rosidl_default_generators: 1.2.0 (/opt/ros/humble/share/rosidl_default_generators/cmake)
[0.825s] -- Found ament_cmake_ros: 0.10.0 (/opt/ros/humble/share/ament_cmake_ros/cmake)
[1.076s] -- Using all available rosidl_typesupport_c: rosidl_typesupport_fastrtps_c;rosidl_typesupport_introspection_c
[1.184s] -- Using all available rosidl_typesupport_cpp: rosidl_typesupport_fastrtps_cpp;rosidl_typesupport_introspection_cpp
[1.202s] -- Found PythonInterp: /usr/bin/python3 (found suitable version "3.10.12", minimum required is "3.6") 
[1.203s] -- Found python_cmake_module: 0.10.0 (/opt/ros/humble/share/python_cmake_module/cmake)
[1.224s] -- Found PythonLibs: /usr/lib/x86_64-linux-gnu/libpython3.10.so (found suitable version "3.10.12", minimum required is "3.5") 
[1.224s] -- Using PYTHON_EXECUTABLE: /usr/bin/python3
[1.224s] -- Using PYTHON_INCLUDE_DIRS: /usr/include/python3.10
[1.224s] -- Using PYTHON_LIBRARIES: /usr/lib/x86_64-linux-gnu/libpython3.10.so
[1.242s] -- Found PythonExtra: .so  
[1.267s] -- Found ament_lint_auto: 0.12.7 (/opt/ros/humble/share/ament_lint_auto/cmake)
[1.284s] -- Added test 'lint_cmake' to check CMake code style
[1.284s] -- Added test 'xmllint' to check XML markup files
[1.287s] -- Configuring done
[1.311s] -- Generating done
[1.313s] -- Build files have been written to: /home/shriram/Desktop/ros2Project/build/arduinobot_msgs
[1.320s] Invoked command in '/home/shriram/Desktop/ros2Project/build/arduinobot_msgs' returned '0': CMAKE_PREFIX_PATH=/opt/ros/humble /usr/bin/cmake /home/shriram/Desktop/ros2Project/src/arduinobot_msgs -DCMAKE_INSTALL_PREFIX=/home/shriram/Desktop/ros2Project/install/arduinobot_msgs
[1.322s] Invoking command in '/home/shriram/Desktop/ros2Project/build/arduinobot_msgs': CMAKE_PREFIX_PATH=/opt/ros/humble /usr/bin/cmake --build /home/shriram/Desktop/ros2Project/build/arduinobot_msgs -- -j12 -l12
[1.352s] [  3%] [34m[1mGenerating C code for ROS interfaces[0m
[1.359s] [  6%] [34m[1mGenerating C++ code for ROS interfaces[0m
[1.364s] [  6%] Built target ament_cmake_python_copy_arduinobot_msgs
[1.577s] [  9%] [32mBuilding C object CMakeFiles/arduinobot_msgs__rosidl_generator_c.dir/rosidl_generator_c/arduinobot_msgs/srv/detail/add_two_ints__functions.c.o[0m
[1.588s] [  9%] Built target arduinobot_msgs__cpp
[1.596s] [ 19%] [34m[1mGenerating C++ introspection for ROS interfaces[0m
[1.596s] [ 19%] [34m[1mGenerating C++ type support for eProsima Fast-RTPS[0m
[1.596s] [ 19%] [34m[1mGenerating C++ type support dispatch for ROS interfaces[0m
[1.611s] running egg_info
[1.612s] creating arduinobot_msgs.egg-info
[1.612s] writing arduinobot_msgs.egg-info/PKG-INFO
[1.612s] writing dependency_links to arduinobot_msgs.egg-info/dependency_links.txt
[1.612s] writing top-level names to arduinobot_msgs.egg-info/top_level.txt
[1.613s] writing manifest file 'arduinobot_msgs.egg-info/SOURCES.txt'
[1.615s] reading manifest file 'arduinobot_msgs.egg-info/SOURCES.txt'
[1.615s] writing manifest file 'arduinobot_msgs.egg-info/SOURCES.txt'
[1.632s] [ 22%] [32m[1mLinking C shared library libarduinobot_msgs__rosidl_generator_c.so[0m
[1.658s] [ 22%] Built target ament_cmake_python_build_arduinobot_msgs_egg
[1.664s] [ 22%] Built target arduinobot_msgs__rosidl_generator_c
[1.672s] [ 32%] [34m[1mGenerating C introspection for ROS interfaces[0m
[1.672s] [ 32%] [34m[1mGenerating C type support for eProsima Fast-RTPS[0m
[1.672s] [ 32%] [34m[1mGenerating C type support dispatch for ROS interfaces[0m
[1.814s] [ 35%] [32mBuilding CXX object CMakeFiles/arduinobot_msgs__rosidl_typesupport_cpp.dir/rosidl_typesupport_cpp/arduinobot_msgs/srv/add_two_ints__type_support.cpp.o[0m
[1.827s] [ 38%] [32mBuilding CXX object CMakeFiles/arduinobot_msgs__rosidl_typesupport_introspection_cpp.dir/rosidl_typesupport_introspection_cpp/arduinobot_msgs/srv/detail/add_two_ints__type_support.cpp.o[0m
[1.888s] [ 41%] [32mBuilding C object CMakeFiles/arduinobot_msgs__rosidl_typesupport_introspection_c.dir/rosidl_typesupport_introspection_c/arduinobot_msgs/srv/detail/add_two_ints__type_support.c.o[0m
[1.905s] [ 45%] [32mBuilding CXX object CMakeFiles/arduinobot_msgs__rosidl_typesupport_fastrtps_c.dir/rosidl_typesupport_fastrtps_c/arduinobot_msgs/srv/detail/add_two_ints__type_support_c.cpp.o[0m
[1.917s] [ 48%] [32m[1mLinking C shared library libarduinobot_msgs__rosidl_typesupport_introspection_c.so[0m
[1.945s] [ 48%] Built target arduinobot_msgs__rosidl_typesupport_introspection_c
[1.951s] [ 51%] [32mBuilding CXX object CMakeFiles/arduinobot_msgs__rosidl_typesupport_fastrtps_cpp.dir/rosidl_typesupport_fastrtps_cpp/arduinobot_msgs/srv/detail/dds_fastrtps/add_two_ints__type_support.cpp.o[0m
[1.975s] [ 54%] [32mBuilding CXX object CMakeFiles/arduinobot_msgs__rosidl_typesupport_c.dir/rosidl_typesupport_c/arduinobot_msgs/srv/add_two_ints__type_support.cpp.o[0m
[1.998s] [ 58%] [32m[1mLinking CXX shared library libarduinobot_msgs__rosidl_typesupport_c.so[0m
[2.030s] [ 58%] Built target arduinobot_msgs__rosidl_typesupport_c
[2.063s] [ 61%] [32m[1mLinking CXX shared library libarduinobot_msgs__rosidl_typesupport_cpp.so[0m
[2.094s] [ 61%] Built target arduinobot_msgs__rosidl_typesupport_cpp
[2.154s] [ 64%] [32m[1mLinking CXX shared library libarduinobot_msgs__rosidl_typesupport_introspection_cpp.so[0m
[2.183s] [ 64%] Built target arduinobot_msgs__rosidl_typesupport_introspection_cpp
[2.191s] [ 67%] [32m[1mLinking CXX shared library libarduinobot_msgs__rosidl_typesupport_fastrtps_c.so[0m
[2.249s] [ 67%] Built target arduinobot_msgs__rosidl_typesupport_fastrtps_c
[2.253s] [ 70%] [32m[1mLinking CXX shared library libarduinobot_msgs__rosidl_typesupport_fastrtps_cpp.so[0m
[2.304s] [ 70%] Built target arduinobot_msgs__rosidl_typesupport_fastrtps_cpp
[2.316s] [ 70%] Built target arduinobot_msgs
[2.328s] [ 74%] [34m[1mGenerating Python code for ROS interfaces[0m
[2.598s] [ 74%] Built target arduinobot_msgs__py
[2.611s] [ 77%] [32mBuilding C object CMakeFiles/arduinobot_msgs__rosidl_generator_py.dir/rosidl_generator_py/arduinobot_msgs/srv/_add_two_ints_s.c.o[0m
[2.693s] [ 80%] [32m[1mLinking C shared library rosidl_generator_py/arduinobot_msgs/libarduinobot_msgs__rosidl_generator_py.so[0m
[2.720s] [ 80%] Built target arduinobot_msgs__rosidl_generator_py
[2.735s] [ 90%] [32mBuilding C object CMakeFiles/arduinobot_msgs__rosidl_typesupport_introspection_c__pyext.dir/rosidl_generator_py/arduinobot_msgs/_arduinobot_msgs_s.ep.rosidl_typesupport_introspection_c.c.o[0m
[2.735s] [ 90%] [32mBuilding C object CMakeFiles/arduinobot_msgs__rosidl_typesupport_fastrtps_c__pyext.dir/rosidl_generator_py/arduinobot_msgs/_arduinobot_msgs_s.ep.rosidl_typesupport_fastrtps_c.c.o[0m
[2.735s] [ 90%] [32mBuilding C object CMakeFiles/arduinobot_msgs__rosidl_typesupport_c__pyext.dir/rosidl_generator_py/arduinobot_msgs/_arduinobot_msgs_s.ep.rosidl_typesupport_c.c.o[0m
[2.797s] [100%] [32m[1mLinking C shared library rosidl_generator_py/arduinobot_msgs/arduinobot_msgs_s__rosidl_typesupport_introspection_c.cpython-310-x86_64-linux-gnu.so[0m
[2.797s] [100%] [32m[1mLinking C shared library rosidl_generator_py/arduinobot_msgs/arduinobot_msgs_s__rosidl_typesupport_fastrtps_c.cpython-310-x86_64-linux-gnu.so[0m
[2.797s] [100%] [32m[1mLinking C shared library rosidl_generator_py/arduinobot_msgs/arduinobot_msgs_s__rosidl_typesupport_c.cpython-310-x86_64-linux-gnu.so[0m
[2.822s] [100%] Built target arduinobot_msgs__rosidl_typesupport_c__pyext
[2.822s] [100%] Built target arduinobot_msgs__rosidl_typesupport_fastrtps_c__pyext
[2.822s] [100%] Built target arduinobot_msgs__rosidl_typesupport_introspection_c__pyext
[2.829s] Invoked command in '/home/shriram/Desktop/ros2Project/build/arduinobot_msgs' returned '0': CMAKE_PREFIX_PATH=/opt/ros/humble /usr/bin/cmake --build /home/shriram/Desktop/ros2Project/build/arduinobot_msgs -- -j12 -l12
[2.865s] Invoking command in '/home/shriram/Desktop/ros2Project/build/arduinobot_msgs': CMAKE_PREFIX_PATH=/opt/ros/humble /usr/bin/cmake --install /home/shriram/Desktop/ros2Project/build/arduinobot_msgs
[2.870s] -- Install configuration: ""
[2.870s] -- Installing: /home/shriram/Desktop/ros2Project/install/arduinobot_msgs/share/ament_index/resource_index/rosidl_interfaces/arduinobot_msgs
[2.870s] -- Installing: /home/shriram/Desktop/ros2Project/install/arduinobot_msgs/include/arduinobot_msgs/arduinobot_msgs
[2.870s] -- Installing: /home/shriram/Desktop/ros2Project/install/arduinobot_msgs/include/arduinobot_msgs/arduinobot_msgs/msg
[2.870s] -- Installing: /home/shriram/Desktop/ros2Project/install/arduinobot_msgs/include/arduinobot_msgs/arduinobot_msgs/msg/rosidl_generator_c__visibility_control.h
[2.870s] -- Installing: /home/shriram/Desktop/ros2Project/install/arduinobot_msgs/include/arduinobot_msgs/arduinobot_msgs/srv
[2.871s] -- Installing: /home/shriram/Desktop/ros2Project/install/arduinobot_msgs/include/arduinobot_msgs/arduinobot_msgs/srv/add_two_ints.h
[2.871s] -- Installing: /home/shriram/Desktop/ros2Project/install/arduinobot_msgs/include/arduinobot_msgs/arduinobot_msgs/srv/detail
[2.871s] -- Installing: /home/shriram/Desktop/ros2Project/install/arduinobot_msgs/include/arduinobot_msgs/arduinobot_msgs/srv/detail/add_two_ints__functions.h
[2.871s] -- Installing: /home/shriram/Desktop/ros2Project/install/arduinobot_msgs/include/arduinobot_msgs/arduinobot_msgs/srv/detail/add_two_ints__type_support.h
[2.871s] -- Installing: /home/shriram/Desktop/ros2Project/install/arduinobot_msgs/include/arduinobot_msgs/arduinobot_msgs/srv/detail/add_two_ints__struct.h
[2.871s] -- Installing: /home/shriram/Desktop/ros2Project/install/arduinobot_msgs/include/arduinobot_msgs/arduinobot_msgs/srv/detail/add_two_ints__functions.c
[2.871s] -- Installing: /home/shriram/Desktop/ros2Project/install/arduinobot_msgs/share/arduinobot_msgs/environment/library_path.sh
[2.871s] -- Installing: /home/shriram/Desktop/ros2Project/install/arduinobot_msgs/share/arduinobot_msgs/environment/library_path.dsv
[2.871s] -- Installing: /home/shriram/Desktop/ros2Project/install/arduinobot_msgs/lib/libarduinobot_msgs__rosidl_generator_c.so
[2.871s] -- Set runtime path of "/home/shriram/Desktop/ros2Project/install/arduinobot_msgs/lib/libarduinobot_msgs__rosidl_generator_c.so" to ""
[2.871s] -- Up-to-date: /home/shriram/Desktop/ros2Project/install/arduinobot_msgs/include/arduinobot_msgs/arduinobot_msgs
[2.871s] -- Up-to-date: /home/shriram/Desktop/ros2Project/install/arduinobot_msgs/include/arduinobot_msgs/arduinobot_msgs/msg
[2.871s] -- Installing: /home/shriram/Desktop/ros2Project/install/arduinobot_msgs/include/arduinobot_msgs/arduinobot_msgs/msg/rosidl_typesupport_fastrtps_c__visibility_control.h
[2.872s] -- Up-to-date: /home/shriram/Desktop/ros2Project/install/arduinobot_msgs/include/arduinobot_msgs/arduinobot_msgs/srv
[2.872s] -- Up-to-date: /home/shriram/Desktop/ros2Project/install/arduinobot_msgs/include/arduinobot_msgs/arduinobot_msgs/srv/detail
[2.872s] -- Installing: /home/shriram/Desktop/ros2Project/install/arduinobot_msgs/include/arduinobot_msgs/arduinobot_msgs/srv/detail/add_two_ints__rosidl_typesupport_fastrtps_c.h
[2.872s] -- Installing: /home/shriram/Desktop/ros2Project/install/arduinobot_msgs/lib/libarduinobot_msgs__rosidl_typesupport_fastrtps_c.so
[2.872s] -- Set runtime path of "/home/shriram/Desktop/ros2Project/install/arduinobot_msgs/lib/libarduinobot_msgs__rosidl_typesupport_fastrtps_c.so" to ""
[2.872s] -- Up-to-date: /home/shriram/Desktop/ros2Project/install/arduinobot_msgs/include/arduinobot_msgs/arduinobot_msgs
[2.872s] -- Up-to-date: /home/shriram/Desktop/ros2Project/install/arduinobot_msgs/include/arduinobot_msgs/arduinobot_msgs/srv
[2.872s] -- Installing: /home/shriram/Desktop/ros2Project/install/arduinobot_msgs/include/arduinobot_msgs/arduinobot_msgs/srv/add_two_ints.hpp
[2.872s] -- Up-to-date: /home/shriram/Desktop/ros2Project/install/arduinobot_msgs/include/arduinobot_msgs/arduinobot_msgs/srv/detail
[2.872s] -- Installing: /home/shriram/Desktop/ros2Project/install/arduinobot_msgs/include/arduinobot_msgs/arduinobot_msgs/srv/detail/add_two_ints__builder.hpp
[2.872s] -- Installing: /home/shriram/Desktop/ros2Project/install/arduinobot_msgs/include/arduinobot_msgs/arduinobot_msgs/srv/detail/add_two_ints__struct.hpp
[2.872s] -- Installing: /home/shriram/Desktop/ros2Project/install/arduinobot_msgs/include/arduinobot_msgs/arduinobot_msgs/srv/detail/add_two_ints__traits.hpp
[2.872s] -- Up-to-date: /home/shriram/Desktop/ros2Project/install/arduinobot_msgs/include/arduinobot_msgs/arduinobot_msgs
[2.873s] -- Up-to-date: /home/shriram/Desktop/ros2Project/install/arduinobot_msgs/include/arduinobot_msgs/arduinobot_msgs/msg
[2.873s] -- Installing: /home/shriram/Desktop/ros2Project/install/arduinobot_msgs/include/arduinobot_msgs/arduinobot_msgs/msg/rosidl_typesupport_fastrtps_cpp__visibility_control.h
[2.873s] -- Up-to-date: /home/shriram/Desktop/ros2Project/install/arduinobot_msgs/include/arduinobot_msgs/arduinobot_msgs/srv
[2.873s] -- Up-to-date: /home/shriram/Desktop/ros2Project/install/arduinobot_msgs/include/arduinobot_msgs/arduinobot_msgs/srv/detail
[2.873s] -- Installing: /home/shriram/Desktop/ros2Project/install/arduinobot_msgs/include/arduinobot_msgs/arduinobot_msgs/srv/detail/dds_fastrtps
[2.873s] -- Installing: /home/shriram/Desktop/ros2Project/install/arduinobot_msgs/include/arduinobot_msgs/arduinobot_msgs/srv/detail/add_two_ints__rosidl_typesupport_fastrtps_cpp.hpp
[2.873s] -- Installing: /home/shriram/Desktop/ros2Project/install/arduinobot_msgs/lib/libarduinobot_msgs__rosidl_typesupport_fastrtps_cpp.so
[2.873s] -- Set runtime path of "/home/shriram/Desktop/ros2Project/install/arduinobot_msgs/lib/libarduinobot_msgs__rosidl_typesupport_fastrtps_cpp.so" to ""
[2.873s] -- Up-to-date: /home/shriram/Desktop/ros2Project/install/arduinobot_msgs/include/arduinobot_msgs/arduinobot_msgs
[2.873s] -- Up-to-date: /home/shriram/Desktop/ros2Project/install/arduinobot_msgs/include/arduinobot_msgs/arduinobot_msgs/msg
[2.873s] -- Installing: /home/shriram/Desktop/ros2Project/install/arduinobot_msgs/include/arduinobot_msgs/arduinobot_msgs/msg/rosidl_typesupport_introspection_c__visibility_control.h
[2.873s] -- Up-to-date: /home/shriram/Desktop/ros2Project/install/arduinobot_msgs/include/arduinobot_msgs/arduinobot_msgs/srv
[2.873s] -- Up-to-date: /home/shriram/Desktop/ros2Project/install/arduinobot_msgs/include/arduinobot_msgs/arduinobot_msgs/srv/detail
[2.873s] -- Installing: /home/shriram/Desktop/ros2Project/install/arduinobot_msgs/include/arduinobot_msgs/arduinobot_msgs/srv/detail/add_two_ints__type_support.c
[2.874s] -- Installing: /home/shriram/Desktop/ros2Project/install/arduinobot_msgs/include/arduinobot_msgs/arduinobot_msgs/srv/detail/add_two_ints__rosidl_typesupport_introspection_c.h
[2.874s] -- Installing: /home/shriram/Desktop/ros2Project/install/arduinobot_msgs/lib/libarduinobot_msgs__rosidl_typesupport_introspection_c.so
[2.874s] -- Set runtime path of "/home/shriram/Desktop/ros2Project/install/arduinobot_msgs/lib/libarduinobot_msgs__rosidl_typesupport_introspection_c.so" to ""
[2.874s] -- Installing: /home/shriram/Desktop/ros2Project/install/arduinobot_msgs/lib/libarduinobot_msgs__rosidl_typesupport_c.so
[2.874s] -- Set runtime path of "/home/shriram/Desktop/ros2Project/install/arduinobot_msgs/lib/libarduinobot_msgs__rosidl_typesupport_c.so" to ""
[2.874s] -- Up-to-date: /home/shriram/Desktop/ros2Project/install/arduinobot_msgs/include/arduinobot_msgs/arduinobot_msgs
[2.874s] -- Up-to-date: /home/shriram/Desktop/ros2Project/install/arduinobot_msgs/include/arduinobot_msgs/arduinobot_msgs/srv
[2.874s] -- Up-to-date: /home/shriram/Desktop/ros2Project/install/arduinobot_msgs/include/arduinobot_msgs/arduinobot_msgs/srv/detail
[2.874s] -- Installing: /home/shriram/Desktop/ros2Project/install/arduinobot_msgs/include/arduinobot_msgs/arduinobot_msgs/srv/detail/add_two_ints__rosidl_typesupport_introspection_cpp.hpp
[2.874s] -- Installing: /home/shriram/Desktop/ros2Project/install/arduinobot_msgs/include/arduinobot_msgs/arduinobot_msgs/srv/detail/add_two_ints__type_support.cpp
[2.874s] -- Installing: /home/shriram/Desktop/ros2Project/install/arduinobot_msgs/lib/libarduinobot_msgs__rosidl_typesupport_introspection_cpp.so
[2.874s] -- Set runtime path of "/home/shriram/Desktop/ros2Project/install/arduinobot_msgs/lib/libarduinobot_msgs__rosidl_typesupport_introspection_cpp.so" to ""
[2.874s] -- Installing: /home/shriram/Desktop/ros2Project/install/arduinobot_msgs/lib/libarduinobot_msgs__rosidl_typesupport_cpp.so
[2.874s] -- Set runtime path of "/home/shriram/Desktop/ros2Project/install/arduinobot_msgs/lib/libarduinobot_msgs__rosidl_typesupport_cpp.so" to ""
[2.874s] -- Installing: /home/shriram/Desktop/ros2Project/install/arduinobot_msgs/share/arduinobot_msgs/environment/pythonpath.sh
[2.875s] -- Installing: /home/shriram/Desktop/ros2Project/install/arduinobot_msgs/share/arduinobot_msgs/environment/pythonpath.dsv
[2.875s] -- Installing: /home/shriram/Desktop/ros2Project/install/arduinobot_msgs/local/lib/python3.10/dist-packages/arduinobot_msgs-0.0.0-py3.10.egg-info
[2.875s] -- Installing: /home/shriram/Desktop/ros2Project/install/arduinobot_msgs/local/lib/python3.10/dist-packages/arduinobot_msgs-0.0.0-py3.10.egg-info/dependency_links.txt
[2.875s] -- Installing: /home/shriram/Desktop/ros2Project/install/arduinobot_msgs/local/lib/python3.10/dist-packages/arduinobot_msgs-0.0.0-py3.10.egg-info/SOURCES.txt
[2.875s] -- Installing: /home/shriram/Desktop/ros2Project/install/arduinobot_msgs/local/lib/python3.10/dist-packages/arduinobot_msgs-0.0.0-py3.10.egg-info/PKG-INFO
[2.875s] -- Installing: /home/shriram/Desktop/ros2Project/install/arduinobot_msgs/local/lib/python3.10/dist-packages/arduinobot_msgs-0.0.0-py3.10.egg-info/top_level.txt
[2.875s] -- Installing: /home/shriram/Desktop/ros2Project/install/arduinobot_msgs/local/lib/python3.10/dist-packages/arduinobot_msgs
[2.875s] -- Installing: /home/shriram/Desktop/ros2Project/install/arduinobot_msgs/local/lib/python3.10/dist-packages/arduinobot_msgs/srv
[2.875s] -- Installing: /home/shriram/Desktop/ros2Project/install/arduinobot_msgs/local/lib/python3.10/dist-packages/arduinobot_msgs/srv/_add_two_ints.py
[2.875s] -- Installing: /home/shriram/Desktop/ros2Project/install/arduinobot_msgs/local/lib/python3.10/dist-packages/arduinobot_msgs/srv/_add_two_ints_s.c
[2.875s] -- Installing: /home/shriram/Desktop/ros2Project/install/arduinobot_msgs/local/lib/python3.10/dist-packages/arduinobot_msgs/srv/__init__.py
[2.875s] -- Installing: /home/shriram/Desktop/ros2Project/install/arduinobot_msgs/local/lib/python3.10/dist-packages/arduinobot_msgs/arduinobot_msgs_s__rosidl_typesupport_fastrtps_c.cpython-310-x86_64-linux-gnu.so
[2.875s] -- Installing: /home/shriram/Desktop/ros2Project/install/arduinobot_msgs/local/lib/python3.10/dist-packages/arduinobot_msgs/libarduinobot_msgs__rosidl_generator_py.so
[2.875s] -- Installing: /home/shriram/Desktop/ros2Project/install/arduinobot_msgs/local/lib/python3.10/dist-packages/arduinobot_msgs/arduinobot_msgs_s__rosidl_typesupport_introspection_c.cpython-310-x86_64-linux-gnu.so
[2.876s] -- Installing: /home/shriram/Desktop/ros2Project/install/arduinobot_msgs/local/lib/python3.10/dist-packages/arduinobot_msgs/__init__.py
[2.876s] -- Installing: /home/shriram/Desktop/ros2Project/install/arduinobot_msgs/local/lib/python3.10/dist-packages/arduinobot_msgs/_arduinobot_msgs_s.ep.rosidl_typesupport_fastrtps_c.c
[2.876s] -- Installing: /home/shriram/Desktop/ros2Project/install/arduinobot_msgs/local/lib/python3.10/dist-packages/arduinobot_msgs/arduinobot_msgs_s__rosidl_typesupport_c.cpython-310-x86_64-linux-gnu.so
[2.876s] -- Installing: /home/shriram/Desktop/ros2Project/install/arduinobot_msgs/local/lib/python3.10/dist-packages/arduinobot_msgs/_arduinobot_msgs_s.ep.rosidl_typesupport_introspection_c.c
[2.876s] -- Installing: /home/shriram/Desktop/ros2Project/install/arduinobot_msgs/local/lib/python3.10/dist-packages/arduinobot_msgs/_arduinobot_msgs_s.ep.rosidl_typesupport_c.c
[2.898s] Listing '/home/shriram/Desktop/ros2Project/install/arduinobot_msgs/local/lib/python3.10/dist-packages/arduinobot_msgs'...
[2.898s] Compiling '/home/shriram/Desktop/ros2Project/install/arduinobot_msgs/local/lib/python3.10/dist-packages/arduinobot_msgs/__init__.py'...
[2.898s] Listing '/home/shriram/Desktop/ros2Project/install/arduinobot_msgs/local/lib/python3.10/dist-packages/arduinobot_msgs/srv'...
[2.898s] Compiling '/home/shriram/Desktop/ros2Project/install/arduinobot_msgs/local/lib/python3.10/dist-packages/arduinobot_msgs/srv/__init__.py'...
[2.898s] Compiling '/home/shriram/Desktop/ros2Project/install/arduinobot_msgs/local/lib/python3.10/dist-packages/arduinobot_msgs/srv/_add_two_ints.py'...
[2.901s] -- Installing: /home/shriram/Desktop/ros2Project/install/arduinobot_msgs/local/lib/python3.10/dist-packages/arduinobot_msgs/arduinobot_msgs_s__rosidl_typesupport_fastrtps_c.cpython-310-x86_64-linux-gnu.so
[2.901s] -- Set runtime path of "/home/shriram/Desktop/ros2Project/install/arduinobot_msgs/local/lib/python3.10/dist-packages/arduinobot_msgs/arduinobot_msgs_s__rosidl_typesupport_fastrtps_c.cpython-310-x86_64-linux-gnu.so" to ""
[2.901s] -- Installing: /home/shriram/Desktop/ros2Project/install/arduinobot_msgs/local/lib/python3.10/dist-packages/arduinobot_msgs/arduinobot_msgs_s__rosidl_typesupport_introspection_c.cpython-310-x86_64-linux-gnu.so
[2.902s] -- Set runtime path of "/home/shriram/Desktop/ros2Project/install/arduinobot_msgs/local/lib/python3.10/dist-packages/arduinobot_msgs/arduinobot_msgs_s__rosidl_typesupport_introspection_c.cpython-310-x86_64-linux-gnu.so" to ""
[2.902s] -- Installing: /home/shriram/Desktop/ros2Project/install/arduinobot_msgs/local/lib/python3.10/dist-packages/arduinobot_msgs/arduinobot_msgs_s__rosidl_typesupport_c.cpython-310-x86_64-linux-gnu.so
[2.902s] -- Set runtime path of "/home/shriram/Desktop/ros2Project/install/arduinobot_msgs/local/lib/python3.10/dist-packages/arduinobot_msgs/arduinobot_msgs_s__rosidl_typesupport_c.cpython-310-x86_64-linux-gnu.so" to ""
[2.902s] -- Installing: /home/shriram/Desktop/ros2Project/install/arduinobot_msgs/lib/libarduinobot_msgs__rosidl_generator_py.so
[2.902s] -- Set runtime path of "/home/shriram/Desktop/ros2Project/install/arduinobot_msgs/lib/libarduinobot_msgs__rosidl_generator_py.so" to ""
[2.902s] -- Installing: /home/shriram/Desktop/ros2Project/install/arduinobot_msgs/share/arduinobot_msgs/srv/AddTwoInts.idl
[2.902s] -- Installing: /home/shriram/Desktop/ros2Project/install/arduinobot_msgs/share/arduinobot_msgs/srv/AddTwoInts.srv
[2.902s] -- Installing: /home/shriram/Desktop/ros2Project/install/arduinobot_msgs/share/arduinobot_msgs/srv/AddTwoInts_Request.msg
[2.902s] -- Installing: /home/shriram/Desktop/ros2Project/install/arduinobot_msgs/share/arduinobot_msgs/srv/AddTwoInts_Response.msg
[2.902s] -- Installing: /home/shriram/Desktop/ros2Project/install/arduinobot_msgs/share/ament_index/resource_index/package_run_dependencies/arduinobot_msgs
[2.903s] -- Installing: /home/shriram/Desktop/ros2Project/install/arduinobot_msgs/share/ament_index/resource_index/parent_prefix_path/arduinobot_msgs
[2.903s] -- Installing: /home/shriram/Desktop/ros2Project/install/arduinobot_msgs/share/arduinobot_msgs/environment/ament_prefix_path.sh
[2.903s] -- Installing: /home/shriram/Desktop/ros2Project/install/arduinobot_msgs/share/arduinobot_msgs/environment/ament_prefix_path.dsv
[2.903s] -- Installing: /home/shriram/Desktop/ros2Project/install/arduinobot_msgs/share/arduinobot_msgs/environment/path.sh
[2.903s] -- Installing: /home/shriram/Desktop/ros2Project/install/arduinobot_msgs/share/arduinobot_msgs/environment/path.dsv
[2.903s] -- Installing: /home/shriram/Desktop/ros2Project/install/arduinobot_msgs/share/arduinobot_msgs/local_setup.bash
[2.903s] -- Installing: /home/shriram/Desktop/ros2Project/install/arduinobot_msgs/share/arduinobot_msgs/local_setup.sh
[2.903s] -- Installing: /home/shriram/Desktop/ros2Project/install/arduinobot_msgs/share/arduinobot_msgs/local_setup.zsh
[2.903s] -- Installing: /home/shriram/Desktop/ros2Project/install/arduinobot_msgs/share/arduinobot_msgs/local_setup.dsv
[2.903s] -- Installing: /home/shriram/Desktop/ros2Project/install/arduinobot_msgs/share/arduinobot_msgs/package.dsv
[2.903s] -- Installing: /home/shriram/Desktop/ros2Project/install/arduinobot_msgs/share/ament_index/resource_index/packages/arduinobot_msgs
[2.904s] -- Installing: /home/shriram/Desktop/ros2Project/install/arduinobot_msgs/share/arduinobot_msgs/cmake/export_arduinobot_msgs__rosidl_generator_cExport.cmake
[2.904s] -- Installing: /home/shriram/Desktop/ros2Project/install/arduinobot_msgs/share/arduinobot_msgs/cmake/export_arduinobot_msgs__rosidl_generator_cExport-noconfig.cmake
[2.904s] -- Installing: /home/shriram/Desktop/ros2Project/install/arduinobot_msgs/share/arduinobot_msgs/cmake/export_arduinobot_msgs__rosidl_typesupport_fastrtps_cExport.cmake
[2.904s] -- Installing: /home/shriram/Desktop/ros2Project/install/arduinobot_msgs/share/arduinobot_msgs/cmake/export_arduinobot_msgs__rosidl_typesupport_fastrtps_cExport-noconfig.cmake
[2.904s] -- Installing: /home/shriram/Desktop/ros2Project/install/arduinobot_msgs/share/arduinobot_msgs/cmake/export_arduinobot_msgs__rosidl_generator_cppExport.cmake
[2.904s] -- Installing: /home/shriram/Desktop/ros2Project/install/arduinobot_msgs/share/arduinobot_msgs/cmake/export_arduinobot_msgs__rosidl_typesupport_fastrtps_cppExport.cmake
[2.904s] -- Installing: /home/shriram/Desktop/ros2Project/install/arduinobot_msgs/share/arduinobot_msgs/cmake/export_arduinobot_msgs__rosidl_typesupport_fastrtps_cppExport-noconfig.cmake
[2.904s] -- Installing: /home/shriram/Desktop/ros2Project/install/arduinobot_msgs/share/arduinobot_msgs/cmake/arduinobot_msgs__rosidl_typesupport_introspection_cExport.cmake
[2.904s] -- Installing: /home/shriram/Desktop/ros2Project/install/arduinobot_msgs/share/arduinobot_msgs/cmake/arduinobot_msgs__rosidl_typesupport_introspection_cExport-noconfig.cmake
[2.904s] -- Installing: /home/shriram/Desktop/ros2Project/install/arduinobot_msgs/share/arduinobot_msgs/cmake/arduinobot_msgs__rosidl_typesupport_cExport.cmake
[2.904s] -- Installing: /home/shriram/Desktop/ros2Project/install/arduinobot_msgs/share/arduinobot_msgs/cmake/arduinobot_msgs__rosidl_typesupport_cExport-noconfig.cmake
[2.904s] -- Installing: /home/shriram/Desktop/ros2Project/install/arduinobot_msgs/share/arduinobot_msgs/cmake/arduinobot_msgs__rosidl_typesupport_introspection_cppExport.cmake
[2.905s] -- Installing: /home/shriram/Desktop/ros2Project/install/arduinobot_msgs/share/arduinobot_msgs/cmake/arduinobot_msgs__rosidl_typesupport_introspection_cppExport-noconfig.cmake
[2.905s] -- Installing: /home/shriram/Desktop/ros2Project/install/arduinobot_msgs/share/arduinobot_msgs/cmake/arduinobot_msgs__rosidl_typesupport_cppExport.cmake
[2.905s] -- Installing: /home/shriram/Desktop/ros2Project/install/arduinobot_msgs/share/arduinobot_msgs/cmake/arduinobot_msgs__rosidl_typesupport_cppExport-noconfig.cmake
[2.905s] -- Installing: /home/shriram/Desktop/ros2Project/install/arduinobot_msgs/share/arduinobot_msgs/cmake/export_arduinobot_msgs__rosidl_generator_pyExport.cmake
[2.905s] -- Installing: /home/shriram/Desktop/ros2Project/install/arduinobot_msgs/share/arduinobot_msgs/cmake/export_arduinobot_msgs__rosidl_generator_pyExport-noconfig.cmake
[2.905s] -- Installing: /home/shriram/Desktop/ros2Project/install/arduinobot_msgs/share/arduinobot_msgs/cmake/rosidl_cmake-extras.cmake
[2.905s] -- Installing: /home/shriram/Desktop/ros2Project/install/arduinobot_msgs/share/arduinobot_msgs/cmake/ament_cmake_export_include_directories-extras.cmake
[2.905s] -- Installing: /home/shriram/Desktop/ros2Project/install/arduinobot_msgs/share/arduinobot_msgs/cmake/ament_cmake_export_libraries-extras.cmake
[2.905s] -- Installing: /home/shriram/Desktop/ros2Project/install/arduinobot_msgs/share/arduinobot_msgs/cmake/ament_cmake_export_targets-extras.cmake
[2.905s] -- Installing: /home/shriram/Desktop/ros2Project/install/arduinobot_msgs/share/arduinobot_msgs/cmake/rosidl_cmake_export_typesupport_targets-extras.cmake
[2.905s] -- Installing: /home/shriram/Desktop/ros2Project/install/arduinobot_msgs/share/arduinobot_msgs/cmake/ament_cmake_export_dependencies-extras.cmake
[2.905s] -- Installing: /home/shriram/Desktop/ros2Project/install/arduinobot_msgs/share/arduinobot_msgs/cmake/rosidl_cmake_export_typesupport_libraries-extras.cmake
[2.905s] -- Installing: /home/shriram/Desktop/ros2Project/install/arduinobot_msgs/share/arduinobot_msgs/cmake/arduinobot_msgsConfig.cmake
[2.906s] -- Installing: /home/shriram/Desktop/ros2Project/install/arduinobot_msgs/share/arduinobot_msgs/cmake/arduinobot_msgsConfig-version.cmake
[2.906s] -- Installing: /home/shriram/Desktop/ros2Project/install/arduinobot_msgs/share/arduinobot_msgs/package.xml
[2.909s] Invoked command in '/home/shriram/Desktop/ros2Project/build/arduinobot_msgs' returned '0': CMAKE_PREFIX_PATH=/opt/ros/humble /usr/bin/cmake --install /home/shriram/Desktop/ros2Project/build/arduinobot_msgs
