[0.032s] Invoking command in '/home/shriram/Desktop/ros2Project/src/build/arduinobot_msgs': CMAKE_PREFIX_PATH=${CMAKE_PREFIX_PATH}:/home/shriram/Desktop/ros2Project/install/arduinobot_py:/opt/ros/humble /usr/bin/cmake /home/shriram/Desktop/ros2Project/src/arduinobot_msgs -DCMAKE_INSTALL_PREFIX=/home/shriram/Desktop/ros2Project/src/install/arduinobot_msgs
[0.098s] -- The C compiler identification is GNU 11.4.0
[0.150s] -- The CXX compiler identification is GNU 11.4.0
[0.158s] -- Detecting C compiler ABI info
[0.222s] -- Detecting C compiler ABI info - done
[0.231s] -- Check for working C compiler: /usr/bin/cc - skipped
[0.231s] -- Detecting C compile features
[0.232s] -- Detecting C compile features - done
[0.235s] -- Detecting CXX compiler ABI info
[0.303s] -- Detecting CXX compiler ABI info - done
[0.313s] -- Check for working CXX compiler: /usr/bin/c++ - skipped
[0.313s] -- Detecting CXX compile features
[0.314s] -- Detecting CXX compile features - done
[0.317s] -- Found ament_cmake: 1.3.5 (/opt/ros/humble/share/ament_cmake/cmake)
[0.473s] -- Found Python3: /usr/bin/python3.10 (found version "3.10.12") found components: Interpreter 
[0.565s] -- Found std_msgs: 4.2.3 (/opt/ros/humble/share/std_msgs/cmake)
[0.607s] -- Found rosidl_generator_c: 3.1.5 (/opt/ros/humble/share/rosidl_generator_c/cmake)
[0.617s] -- Found rosidl_adapter: 3.1.5 (/opt/ros/humble/share/rosidl_adapter/cmake)
[0.629s] -- Found rosidl_generator_cpp: 3.1.5 (/opt/ros/humble/share/rosidl_generator_cpp/cmake)
[0.648s] -- Using all available rosidl_typesupport_c: rosidl_typesupport_fastrtps_c;rosidl_typesupport_introspection_c
[0.671s] -- Using all available rosidl_typesupport_cpp: rosidl_typesupport_fastrtps_cpp;rosidl_typesupport_introspection_cpp
[0.733s] -- Found rosidl_default_generators: 1.2.0 (/opt/ros/humble/share/rosidl_default_generators/cmake)
[1.024s] -- Found ament_cmake_ros: 0.10.0 (/opt/ros/humble/share/ament_cmake_ros/cmake)
[1.264s] -- Using all available rosidl_typesupport_c: rosidl_typesupport_fastrtps_c;rosidl_typesupport_introspection_c
[1.359s] -- Using all available rosidl_typesupport_cpp: rosidl_typesupport_fastrtps_cpp;rosidl_typesupport_introspection_cpp
[1.376s] -- Found PythonInterp: /usr/bin/python3 (found suitable version "3.10.12", minimum required is "3.6") 
[1.378s] -- Found python_cmake_module: 0.10.0 (/opt/ros/humble/share/python_cmake_module/cmake)
[1.396s] -- Found PythonLibs: /usr/lib/x86_64-linux-gnu/libpython3.10.so (found suitable version "3.10.12", minimum required is "3.5") 
[1.397s] -- Using PYTHON_EXECUTABLE: /usr/bin/python3
[1.397s] -- Using PYTHON_INCLUDE_DIRS: /usr/include/python3.10
[1.397s] -- Using PYTHON_LIBRARIES: /usr/lib/x86_64-linux-gnu/libpython3.10.so
[1.411s] -- Found PythonExtra: .so  
[1.442s] -- Found ament_lint_auto: 0.12.7 (/opt/ros/humble/share/ament_lint_auto/cmake)
[1.458s] -- Added test 'lint_cmake' to check CMake code style
[1.459s] -- Added test 'xmllint' to check XML markup files
[1.462s] -- Configuring done
[1.503s] -- Generating done
[1.505s] -- Build files have been written to: /home/shriram/Desktop/ros2Project/src/build/arduinobot_msgs
[1.515s] Invoked command in '/home/shriram/Desktop/ros2Project/src/build/arduinobot_msgs' returned '0': CMAKE_PREFIX_PATH=${CMAKE_PREFIX_PATH}:/home/shriram/Desktop/ros2Project/install/arduinobot_py:/opt/ros/humble /usr/bin/cmake /home/shriram/Desktop/ros2Project/src/arduinobot_msgs -DCMAKE_INSTALL_PREFIX=/home/shriram/Desktop/ros2Project/src/install/arduinobot_msgs
[1.516s] Invoking command in '/home/shriram/Desktop/ros2Project/src/build/arduinobot_msgs': CMAKE_PREFIX_PATH=${CMAKE_PREFIX_PATH}:/home/shriram/Desktop/ros2Project/install/arduinobot_py:/opt/ros/humble /usr/bin/cmake --build /home/shriram/Desktop/ros2Project/src/build/arduinobot_msgs -- -j12 -l12
[1.547s] [  1%] [34m[1mGenerating C code for ROS interfaces[0m
[1.553s] [  3%] [34m[1mGenerating C++ code for ROS interfaces[0m
[1.558s] [  3%] Built target ament_cmake_python_copy_arduinobot_msgs
[1.826s] running egg_info
[1.826s] creating arduinobot_msgs.egg-info
[1.826s] writing arduinobot_msgs.egg-info/PKG-INFO
[1.826s] writing dependency_links to arduinobot_msgs.egg-info/dependency_links.txt
[1.827s] writing top-level names to arduinobot_msgs.egg-info/top_level.txt
[1.827s] writing manifest file 'arduinobot_msgs.egg-info/SOURCES.txt'
[1.828s] reading manifest file 'arduinobot_msgs.egg-info/SOURCES.txt'
[1.829s] writing manifest file 'arduinobot_msgs.egg-info/SOURCES.txt'
[1.854s] [  3%] Built target ament_cmake_python_build_arduinobot_msgs_egg
[2.112s] [  3%] Built target arduinobot_msgs__cpp
[2.120s] [  9%] [34m[1mGenerating C++ type support dispatch for ROS interfaces[0m
[2.120s] [  9%] [34m[1mGenerating C++ type support for eProsima Fast-RTPS[0m
[2.120s] [  9%] [34m[1mGenerating C++ introspection for ROS interfaces[0m
[2.179s] [ 12%] [32mBuilding C object CMakeFiles/arduinobot_msgs__rosidl_generator_c.dir/rosidl_generator_c/arduinobot_msgs/srv/detail/euler_to_quarternion__functions.c.o[0m
[2.180s] [ 14%] [32mBuilding C object CMakeFiles/arduinobot_msgs__rosidl_generator_c.dir/rosidl_generator_c/arduinobot_msgs/srv/detail/quarternion_to_euler__functions.c.o[0m
[2.180s] [ 14%] [32mBuilding C object CMakeFiles/arduinobot_msgs__rosidl_generator_c.dir/rosidl_generator_c/arduinobot_msgs/srv/detail/add_two_ints__functions.c.o[0m
[2.180s] [ 16%] [32mBuilding C object CMakeFiles/arduinobot_msgs__rosidl_generator_c.dir/rosidl_generator_c/arduinobot_msgs/action/detail/fibonacci__functions.c.o[0m
[2.298s] [ 18%] [32m[1mLinking C shared library libarduinobot_msgs__rosidl_generator_c.so[0m
[2.327s] [ 18%] Built target arduinobot_msgs__rosidl_generator_c
[2.336s] [ 23%] [34m[1mGenerating C type support dispatch for ROS interfaces[0m
[2.337s] [ 23%] [34m[1mGenerating C introspection for ROS interfaces[0m
[2.337s] [ 23%] [34m[1mGenerating C type support for eProsima Fast-RTPS[0m
[2.535s] [ 29%] [32mBuilding CXX object CMakeFiles/arduinobot_msgs__rosidl_typesupport_cpp.dir/rosidl_typesupport_cpp/arduinobot_msgs/srv/quarternion_to_euler__type_support.cpp.o[0m
[2.535s] [ 29%] [32mBuilding CXX object CMakeFiles/arduinobot_msgs__rosidl_typesupport_cpp.dir/rosidl_typesupport_cpp/arduinobot_msgs/srv/euler_to_quarternion__type_support.cpp.o[0m
[2.535s] [ 29%] [32mBuilding CXX object CMakeFiles/arduinobot_msgs__rosidl_typesupport_cpp.dir/rosidl_typesupport_cpp/arduinobot_msgs/action/fibonacci__type_support.cpp.o[0m
[2.535s] [ 30%] [32mBuilding CXX object CMakeFiles/arduinobot_msgs__rosidl_typesupport_cpp.dir/rosidl_typesupport_cpp/arduinobot_msgs/srv/add_two_ints__type_support.cpp.o[0m
[2.775s] [ 34%] [32mBuilding CXX object CMakeFiles/arduinobot_msgs__rosidl_typesupport_introspection_cpp.dir/rosidl_typesupport_introspection_cpp/arduinobot_msgs/srv/detail/euler_to_quarternion__type_support.cpp.o[0m
[2.776s] [ 34%] [32mBuilding CXX object CMakeFiles/arduinobot_msgs__rosidl_typesupport_introspection_cpp.dir/rosidl_typesupport_introspection_cpp/arduinobot_msgs/srv/detail/add_two_ints__type_support.cpp.o[0m
[2.776s] [ 36%] [32mBuilding CXX object CMakeFiles/arduinobot_msgs__rosidl_typesupport_introspection_cpp.dir/rosidl_typesupport_introspection_cpp/arduinobot_msgs/srv/detail/quarternion_to_euler__type_support.cpp.o[0m
[2.788s] [ 38%] [32mBuilding CXX object CMakeFiles/arduinobot_msgs__rosidl_typesupport_fastrtps_cpp.dir/rosidl_typesupport_fastrtps_cpp/arduinobot_msgs/srv/detail/dds_fastrtps/add_two_ints__type_support.cpp.o[0m
[2.799s] [ 40%] [32mBuilding CXX object CMakeFiles/arduinobot_msgs__rosidl_typesupport_introspection_cpp.dir/rosidl_typesupport_introspection_cpp/arduinobot_msgs/action/detail/fibonacci__type_support.cpp.o[0m
[2.905s] [ 41%] [32mBuilding CXX object CMakeFiles/arduinobot_msgs__rosidl_typesupport_fastrtps_cpp.dir/rosidl_typesupport_fastrtps_cpp/arduinobot_msgs/srv/detail/dds_fastrtps/euler_to_quarternion__type_support.cpp.o[0m
[2.932s] [ 43%] [32mBuilding CXX object CMakeFiles/arduinobot_msgs__rosidl_typesupport_fastrtps_cpp.dir/rosidl_typesupport_fastrtps_cpp/arduinobot_msgs/action/detail/dds_fastrtps/fibonacci__type_support.cpp.o[0m
[2.940s] [ 45%] [32mBuilding CXX object CMakeFiles/arduinobot_msgs__rosidl_typesupport_fastrtps_cpp.dir/rosidl_typesupport_fastrtps_cpp/arduinobot_msgs/srv/detail/dds_fastrtps/quarternion_to_euler__type_support.cpp.o[0m
[2.963s] [ 47%] [32mBuilding CXX object CMakeFiles/arduinobot_msgs__rosidl_typesupport_c.dir/rosidl_typesupport_c/arduinobot_msgs/srv/add_two_ints__type_support.cpp.o[0m
[3.068s] [ 49%] [32mBuilding CXX object CMakeFiles/arduinobot_msgs__rosidl_typesupport_c.dir/rosidl_typesupport_c/arduinobot_msgs/srv/euler_to_quarternion__type_support.cpp.o[0m
[3.167s] [ 50%] [32mBuilding CXX object CMakeFiles/arduinobot_msgs__rosidl_typesupport_c.dir/rosidl_typesupport_c/arduinobot_msgs/srv/quarternion_to_euler__type_support.cpp.o[0m
[3.279s] [ 52%] [32mBuilding CXX object CMakeFiles/arduinobot_msgs__rosidl_typesupport_c.dir/rosidl_typesupport_c/arduinobot_msgs/action/fibonacci__type_support.cpp.o[0m
[3.315s] [ 54%] [32m[1mLinking CXX shared library libarduinobot_msgs__rosidl_typesupport_cpp.so[0m
[3.325s] [ 56%] [32mBuilding CXX object CMakeFiles/arduinobot_msgs__rosidl_typesupport_fastrtps_c.dir/rosidl_typesupport_fastrtps_c/arduinobot_msgs/srv/detail/add_two_ints__type_support_c.cpp.o[0m
[3.357s] [ 58%] [32m[1mLinking CXX shared library libarduinobot_msgs__rosidl_typesupport_c.so[0m
[3.433s] [ 60%] [32mBuilding C object CMakeFiles/arduinobot_msgs__rosidl_typesupport_introspection_c.dir/rosidl_typesupport_introspection_c/arduinobot_msgs/srv/detail/add_two_ints__type_support.c.o[0m
[3.440s] [ 60%] Built target arduinobot_msgs__rosidl_typesupport_cpp
[3.444s] [ 61%] [32mBuilding CXX object CMakeFiles/arduinobot_msgs__rosidl_typesupport_fastrtps_c.dir/rosidl_typesupport_fastrtps_c/arduinobot_msgs/srv/detail/euler_to_quarternion__type_support_c.cpp.o[0m
[3.451s] [ 63%] [32mBuilding C object CMakeFiles/arduinobot_msgs__rosidl_typesupport_introspection_c.dir/rosidl_typesupport_introspection_c/arduinobot_msgs/srv/detail/euler_to_quarternion__type_support.c.o[0m
[3.472s] [ 65%] [32mBuilding CXX object CMakeFiles/arduinobot_msgs__rosidl_typesupport_fastrtps_c.dir/rosidl_typesupport_fastrtps_c/arduinobot_msgs/srv/detail/quarternion_to_euler__type_support_c.cpp.o[0m
[3.488s] [ 67%] [32mBuilding C object CMakeFiles/arduinobot_msgs__rosidl_typesupport_introspection_c.dir/rosidl_typesupport_introspection_c/arduinobot_msgs/srv/detail/quarternion_to_euler__type_support.c.o[0m
[3.489s] [ 69%] [32mBuilding CXX object CMakeFiles/arduinobot_msgs__rosidl_typesupport_fastrtps_c.dir/rosidl_typesupport_fastrtps_c/arduinobot_msgs/action/detail/fibonacci__type_support_c.cpp.o[0m
[3.489s] [ 69%] Built target arduinobot_msgs__rosidl_typesupport_c
[3.508s] [ 70%] [32mBuilding C object CMakeFiles/arduinobot_msgs__rosidl_typesupport_introspection_c.dir/rosidl_typesupport_introspection_c/arduinobot_msgs/action/detail/fibonacci__type_support.c.o[0m
[3.594s] [ 72%] [32m[1mLinking C shared library libarduinobot_msgs__rosidl_typesupport_introspection_c.so[0m
[3.638s] [ 72%] Built target arduinobot_msgs__rosidl_typesupport_introspection_c
[3.824s] [ 74%] [32m[1mLinking CXX shared library libarduinobot_msgs__rosidl_typesupport_introspection_cpp.so[0m
[3.898s] [ 74%] Built target arduinobot_msgs__rosidl_typesupport_introspection_cpp
[3.909s] [ 76%] [32m[1mLinking CXX shared library libarduinobot_msgs__rosidl_typesupport_fastrtps_cpp.so[0m
[3.941s] [ 78%] [32m[1mLinking CXX shared library libarduinobot_msgs__rosidl_typesupport_fastrtps_c.so[0m
[4.056s] [ 78%] Built target arduinobot_msgs__rosidl_typesupport_fastrtps_cpp
[4.088s] [ 78%] Built target arduinobot_msgs__rosidl_typesupport_fastrtps_c
[4.109s] [ 78%] Built target arduinobot_msgs
[4.132s] [ 80%] [34m[1mGenerating Python code for ROS interfaces[0m
[5.069s] [ 80%] Built target arduinobot_msgs__py
[5.082s] [ 87%] [32mBuilding C object CMakeFiles/arduinobot_msgs__rosidl_generator_py.dir/rosidl_generator_py/arduinobot_msgs/action/_fibonacci_s.c.o[0m
[5.082s] [ 87%] [32mBuilding C object CMakeFiles/arduinobot_msgs__rosidl_generator_py.dir/rosidl_generator_py/arduinobot_msgs/srv/_euler_to_quarternion_s.c.o[0m
[5.082s] [ 87%] [32mBuilding C object CMakeFiles/arduinobot_msgs__rosidl_generator_py.dir/rosidl_generator_py/arduinobot_msgs/srv/_add_two_ints_s.c.o[0m
[5.082s] [ 87%] [32mBuilding C object CMakeFiles/arduinobot_msgs__rosidl_generator_py.dir/rosidl_generator_py/arduinobot_msgs/srv/_quarternion_to_euler_s.c.o[0m
[5.207s] [ 89%] [32m[1mLinking C shared library rosidl_generator_py/arduinobot_msgs/libarduinobot_msgs__rosidl_generator_py.so[0m
[5.236s] [ 89%] Built target arduinobot_msgs__rosidl_generator_py
[5.250s] [ 94%] [32mBuilding C object CMakeFiles/arduinobot_msgs__rosidl_typesupport_introspection_c__pyext.dir/rosidl_generator_py/arduinobot_msgs/_arduinobot_msgs_s.ep.rosidl_typesupport_introspection_c.c.o[0m
[5.251s] [ 94%] [32mBuilding C object CMakeFiles/arduinobot_msgs__rosidl_typesupport_c__pyext.dir/rosidl_generator_py/arduinobot_msgs/_arduinobot_msgs_s.ep.rosidl_typesupport_c.c.o[0m
[5.251s] [ 94%] [32mBuilding C object CMakeFiles/arduinobot_msgs__rosidl_typesupport_fastrtps_c__pyext.dir/rosidl_generator_py/arduinobot_msgs/_arduinobot_msgs_s.ep.rosidl_typesupport_fastrtps_c.c.o[0m
[5.348s] [ 98%] [32m[1mLinking C shared library rosidl_generator_py/arduinobot_msgs/arduinobot_msgs_s__rosidl_typesupport_introspection_c.cpython-310-x86_64-linux-gnu.so[0m
[5.349s] [ 98%] [32m[1mLinking C shared library rosidl_generator_py/arduinobot_msgs/arduinobot_msgs_s__rosidl_typesupport_c.cpython-310-x86_64-linux-gnu.so[0m
[5.350s] [100%] [32m[1mLinking C shared library rosidl_generator_py/arduinobot_msgs/arduinobot_msgs_s__rosidl_typesupport_fastrtps_c.cpython-310-x86_64-linux-gnu.so[0m
[5.384s] [100%] Built target arduinobot_msgs__rosidl_typesupport_c__pyext
[5.384s] [100%] Built target arduinobot_msgs__rosidl_typesupport_introspection_c__pyext
[5.384s] [100%] Built target arduinobot_msgs__rosidl_typesupport_fastrtps_c__pyext
[5.393s] Invoked command in '/home/shriram/Desktop/ros2Project/src/build/arduinobot_msgs' returned '0': CMAKE_PREFIX_PATH=${CMAKE_PREFIX_PATH}:/home/shriram/Desktop/ros2Project/install/arduinobot_py:/opt/ros/humble /usr/bin/cmake --build /home/shriram/Desktop/ros2Project/src/build/arduinobot_msgs -- -j12 -l12
[5.457s] Invoking command in '/home/shriram/Desktop/ros2Project/src/build/arduinobot_msgs': CMAKE_PREFIX_PATH=${CMAKE_PREFIX_PATH}:/home/shriram/Desktop/ros2Project/install/arduinobot_py:/opt/ros/humble /usr/bin/cmake --install /home/shriram/Desktop/ros2Project/src/build/arduinobot_msgs
[5.463s] -- Install configuration: ""
[5.463s] -- Installing: /home/shriram/Desktop/ros2Project/src/install/arduinobot_msgs/share/ament_index/resource_index/rosidl_interfaces/arduinobot_msgs
[5.464s] -- Installing: /home/shriram/Desktop/ros2Project/src/install/arduinobot_msgs/include/arduinobot_msgs/arduinobot_msgs
[5.464s] -- Installing: /home/shriram/Desktop/ros2Project/src/install/arduinobot_msgs/include/arduinobot_msgs/arduinobot_msgs/msg
[5.464s] -- Installing: /home/shriram/Desktop/ros2Project/src/install/arduinobot_msgs/include/arduinobot_msgs/arduinobot_msgs/msg/rosidl_generator_c__visibility_control.h
[5.464s] -- Installing: /home/shriram/Desktop/ros2Project/src/install/arduinobot_msgs/include/arduinobot_msgs/arduinobot_msgs/srv
[5.464s] -- Installing: /home/shriram/Desktop/ros2Project/src/install/arduinobot_msgs/include/arduinobot_msgs/arduinobot_msgs/srv/euler_to_quarternion.h
[5.464s] -- Installing: /home/shriram/Desktop/ros2Project/src/install/arduinobot_msgs/include/arduinobot_msgs/arduinobot_msgs/srv/quarternion_to_euler.h
[5.464s] -- Installing: /home/shriram/Desktop/ros2Project/src/install/arduinobot_msgs/include/arduinobot_msgs/arduinobot_msgs/srv/add_two_ints.h
[5.464s] -- Installing: /home/shriram/Desktop/ros2Project/src/install/arduinobot_msgs/include/arduinobot_msgs/arduinobot_msgs/srv/detail
[5.464s] -- Installing: /home/shriram/Desktop/ros2Project/src/install/arduinobot_msgs/include/arduinobot_msgs/arduinobot_msgs/srv/detail/quarternion_to_euler__functions.h
[5.464s] -- Installing: /home/shriram/Desktop/ros2Project/src/install/arduinobot_msgs/include/arduinobot_msgs/arduinobot_msgs/srv/detail/add_two_ints__functions.h
[5.464s] -- Installing: /home/shriram/Desktop/ros2Project/src/install/arduinobot_msgs/include/arduinobot_msgs/arduinobot_msgs/srv/detail/quarternion_to_euler__struct.h
[5.464s] -- Installing: /home/shriram/Desktop/ros2Project/src/install/arduinobot_msgs/include/arduinobot_msgs/arduinobot_msgs/srv/detail/add_two_ints__type_support.h
[5.465s] -- Installing: /home/shriram/Desktop/ros2Project/src/install/arduinobot_msgs/include/arduinobot_msgs/arduinobot_msgs/srv/detail/euler_to_quarternion__functions.c
[5.465s] -- Installing: /home/shriram/Desktop/ros2Project/src/install/arduinobot_msgs/include/arduinobot_msgs/arduinobot_msgs/srv/detail/quarternion_to_euler__type_support.h
[5.465s] -- Installing: /home/shriram/Desktop/ros2Project/src/install/arduinobot_msgs/include/arduinobot_msgs/arduinobot_msgs/srv/detail/quarternion_to_euler__functions.c
[5.465s] -- Installing: /home/shriram/Desktop/ros2Project/src/install/arduinobot_msgs/include/arduinobot_msgs/arduinobot_msgs/srv/detail/euler_to_quarternion__functions.h
[5.465s] -- Installing: /home/shriram/Desktop/ros2Project/src/install/arduinobot_msgs/include/arduinobot_msgs/arduinobot_msgs/srv/detail/euler_to_quarternion__struct.h
[5.465s] -- Installing: /home/shriram/Desktop/ros2Project/src/install/arduinobot_msgs/include/arduinobot_msgs/arduinobot_msgs/srv/detail/add_two_ints__struct.h
[5.465s] -- Installing: /home/shriram/Desktop/ros2Project/src/install/arduinobot_msgs/include/arduinobot_msgs/arduinobot_msgs/srv/detail/euler_to_quarternion__type_support.h
[5.465s] -- Installing: /home/shriram/Desktop/ros2Project/src/install/arduinobot_msgs/include/arduinobot_msgs/arduinobot_msgs/srv/detail/add_two_ints__functions.c
[5.465s] -- Installing: /home/shriram/Desktop/ros2Project/src/install/arduinobot_msgs/include/arduinobot_msgs/arduinobot_msgs/action
[5.465s] -- Installing: /home/shriram/Desktop/ros2Project/src/install/arduinobot_msgs/include/arduinobot_msgs/arduinobot_msgs/action/fibonacci.h
[5.465s] -- Installing: /home/shriram/Desktop/ros2Project/src/install/arduinobot_msgs/include/arduinobot_msgs/arduinobot_msgs/action/detail
[5.465s] -- Installing: /home/shriram/Desktop/ros2Project/src/install/arduinobot_msgs/include/arduinobot_msgs/arduinobot_msgs/action/detail/fibonacci__struct.h
[5.465s] -- Installing: /home/shriram/Desktop/ros2Project/src/install/arduinobot_msgs/include/arduinobot_msgs/arduinobot_msgs/action/detail/fibonacci__type_support.h
[5.465s] -- Installing: /home/shriram/Desktop/ros2Project/src/install/arduinobot_msgs/include/arduinobot_msgs/arduinobot_msgs/action/detail/fibonacci__functions.h
[5.465s] -- Installing: /home/shriram/Desktop/ros2Project/src/install/arduinobot_msgs/include/arduinobot_msgs/arduinobot_msgs/action/detail/fibonacci__functions.c
[5.465s] -- Installing: /home/shriram/Desktop/ros2Project/src/install/arduinobot_msgs/share/arduinobot_msgs/environment/library_path.sh
[5.466s] -- Installing: /home/shriram/Desktop/ros2Project/src/install/arduinobot_msgs/share/arduinobot_msgs/environment/library_path.dsv
[5.466s] -- Installing: /home/shriram/Desktop/ros2Project/src/install/arduinobot_msgs/lib/libarduinobot_msgs__rosidl_generator_c.so
[5.466s] -- Set runtime path of "/home/shriram/Desktop/ros2Project/src/install/arduinobot_msgs/lib/libarduinobot_msgs__rosidl_generator_c.so" to ""
[5.466s] -- Up-to-date: /home/shriram/Desktop/ros2Project/src/install/arduinobot_msgs/include/arduinobot_msgs/arduinobot_msgs
[5.466s] -- Up-to-date: /home/shriram/Desktop/ros2Project/src/install/arduinobot_msgs/include/arduinobot_msgs/arduinobot_msgs/msg
[5.466s] -- Installing: /home/shriram/Desktop/ros2Project/src/install/arduinobot_msgs/include/arduinobot_msgs/arduinobot_msgs/msg/rosidl_typesupport_fastrtps_c__visibility_control.h
[5.466s] -- Up-to-date: /home/shriram/Desktop/ros2Project/src/install/arduinobot_msgs/include/arduinobot_msgs/arduinobot_msgs/srv
[5.466s] -- Up-to-date: /home/shriram/Desktop/ros2Project/src/install/arduinobot_msgs/include/arduinobot_msgs/arduinobot_msgs/srv/detail
[5.466s] -- Installing: /home/shriram/Desktop/ros2Project/src/install/arduinobot_msgs/include/arduinobot_msgs/arduinobot_msgs/srv/detail/quarternion_to_euler__rosidl_typesupport_fastrtps_c.h
[5.466s] -- Installing: /home/shriram/Desktop/ros2Project/src/install/arduinobot_msgs/include/arduinobot_msgs/arduinobot_msgs/srv/detail/add_two_ints__rosidl_typesupport_fastrtps_c.h
[5.467s] -- Installing: /home/shriram/Desktop/ros2Project/src/install/arduinobot_msgs/include/arduinobot_msgs/arduinobot_msgs/srv/detail/euler_to_quarternion__rosidl_typesupport_fastrtps_c.h
[5.467s] -- Up-to-date: /home/shriram/Desktop/ros2Project/src/install/arduinobot_msgs/include/arduinobot_msgs/arduinobot_msgs/action
[5.467s] -- Up-to-date: /home/shriram/Desktop/ros2Project/src/install/arduinobot_msgs/include/arduinobot_msgs/arduinobot_msgs/action/detail
[5.467s] -- Installing: /home/shriram/Desktop/ros2Project/src/install/arduinobot_msgs/include/arduinobot_msgs/arduinobot_msgs/action/detail/fibonacci__rosidl_typesupport_fastrtps_c.h
[5.467s] -- Installing: /home/shriram/Desktop/ros2Project/src/install/arduinobot_msgs/lib/libarduinobot_msgs__rosidl_typesupport_fastrtps_c.so
[5.467s] -- Set runtime path of "/home/shriram/Desktop/ros2Project/src/install/arduinobot_msgs/lib/libarduinobot_msgs__rosidl_typesupport_fastrtps_c.so" to ""
[5.467s] -- Up-to-date: /home/shriram/Desktop/ros2Project/src/install/arduinobot_msgs/include/arduinobot_msgs/arduinobot_msgs
[5.467s] -- Up-to-date: /home/shriram/Desktop/ros2Project/src/install/arduinobot_msgs/include/arduinobot_msgs/arduinobot_msgs/srv
[5.467s] -- Installing: /home/shriram/Desktop/ros2Project/src/install/arduinobot_msgs/include/arduinobot_msgs/arduinobot_msgs/srv/quarternion_to_euler.hpp
[5.467s] -- Installing: /home/shriram/Desktop/ros2Project/src/install/arduinobot_msgs/include/arduinobot_msgs/arduinobot_msgs/srv/add_two_ints.hpp
[5.467s] -- Up-to-date: /home/shriram/Desktop/ros2Project/src/install/arduinobot_msgs/include/arduinobot_msgs/arduinobot_msgs/srv/detail
[5.467s] -- Installing: /home/shriram/Desktop/ros2Project/src/install/arduinobot_msgs/include/arduinobot_msgs/arduinobot_msgs/srv/detail/add_two_ints__builder.hpp
[5.468s] -- Installing: /home/shriram/Desktop/ros2Project/src/install/arduinobot_msgs/include/arduinobot_msgs/arduinobot_msgs/srv/detail/quarternion_to_euler__traits.hpp
[5.468s] -- Installing: /home/shriram/Desktop/ros2Project/src/install/arduinobot_msgs/include/arduinobot_msgs/arduinobot_msgs/srv/detail/quarternion_to_euler__builder.hpp
[5.468s] -- Installing: /home/shriram/Desktop/ros2Project/src/install/arduinobot_msgs/include/arduinobot_msgs/arduinobot_msgs/srv/detail/euler_to_quarternion__builder.hpp
[5.468s] -- Installing: /home/shriram/Desktop/ros2Project/src/install/arduinobot_msgs/include/arduinobot_msgs/arduinobot_msgs/srv/detail/euler_to_quarternion__traits.hpp
[5.468s] -- Installing: /home/shriram/Desktop/ros2Project/src/install/arduinobot_msgs/include/arduinobot_msgs/arduinobot_msgs/srv/detail/add_two_ints__struct.hpp
[5.468s] -- Installing: /home/shriram/Desktop/ros2Project/src/install/arduinobot_msgs/include/arduinobot_msgs/arduinobot_msgs/srv/detail/quarternion_to_euler__struct.hpp
[5.468s] -- Installing: /home/shriram/Desktop/ros2Project/src/install/arduinobot_msgs/include/arduinobot_msgs/arduinobot_msgs/srv/detail/euler_to_quarternion__struct.hpp
[5.468s] -- Installing: /home/shriram/Desktop/ros2Project/src/install/arduinobot_msgs/include/arduinobot_msgs/arduinobot_msgs/srv/detail/add_two_ints__traits.hpp
[5.468s] -- Installing: /home/shriram/Desktop/ros2Project/src/install/arduinobot_msgs/include/arduinobot_msgs/arduinobot_msgs/srv/euler_to_quarternion.hpp
[5.468s] -- Up-to-date: /home/shriram/Desktop/ros2Project/src/install/arduinobot_msgs/include/arduinobot_msgs/arduinobot_msgs/action
[5.468s] -- Installing: /home/shriram/Desktop/ros2Project/src/install/arduinobot_msgs/include/arduinobot_msgs/arduinobot_msgs/action/fibonacci.hpp
[5.468s] -- Up-to-date: /home/shriram/Desktop/ros2Project/src/install/arduinobot_msgs/include/arduinobot_msgs/arduinobot_msgs/action/detail
[5.468s] -- Installing: /home/shriram/Desktop/ros2Project/src/install/arduinobot_msgs/include/arduinobot_msgs/arduinobot_msgs/action/detail/fibonacci__struct.hpp
[5.468s] -- Installing: /home/shriram/Desktop/ros2Project/src/install/arduinobot_msgs/include/arduinobot_msgs/arduinobot_msgs/action/detail/fibonacci__builder.hpp
[5.468s] -- Installing: /home/shriram/Desktop/ros2Project/src/install/arduinobot_msgs/include/arduinobot_msgs/arduinobot_msgs/action/detail/fibonacci__traits.hpp
[5.469s] -- Up-to-date: /home/shriram/Desktop/ros2Project/src/install/arduinobot_msgs/include/arduinobot_msgs/arduinobot_msgs
[5.469s] -- Up-to-date: /home/shriram/Desktop/ros2Project/src/install/arduinobot_msgs/include/arduinobot_msgs/arduinobot_msgs/msg
[5.469s] -- Installing: /home/shriram/Desktop/ros2Project/src/install/arduinobot_msgs/include/arduinobot_msgs/arduinobot_msgs/msg/rosidl_typesupport_fastrtps_cpp__visibility_control.h
[5.469s] -- Up-to-date: /home/shriram/Desktop/ros2Project/src/install/arduinobot_msgs/include/arduinobot_msgs/arduinobot_msgs/srv
[5.469s] -- Up-to-date: /home/shriram/Desktop/ros2Project/src/install/arduinobot_msgs/include/arduinobot_msgs/arduinobot_msgs/srv/detail
[5.469s] -- Installing: /home/shriram/Desktop/ros2Project/src/install/arduinobot_msgs/include/arduinobot_msgs/arduinobot_msgs/srv/detail/quarternion_to_euler__rosidl_typesupport_fastrtps_cpp.hpp
[5.469s] -- Installing: /home/shriram/Desktop/ros2Project/src/install/arduinobot_msgs/include/arduinobot_msgs/arduinobot_msgs/srv/detail/dds_fastrtps
[5.469s] -- Installing: /home/shriram/Desktop/ros2Project/src/install/arduinobot_msgs/include/arduinobot_msgs/arduinobot_msgs/srv/detail/euler_to_quarternion__rosidl_typesupport_fastrtps_cpp.hpp
[5.469s] -- Installing: /home/shriram/Desktop/ros2Project/src/install/arduinobot_msgs/include/arduinobot_msgs/arduinobot_msgs/srv/detail/add_two_ints__rosidl_typesupport_fastrtps_cpp.hpp
[5.469s] -- Up-to-date: /home/shriram/Desktop/ros2Project/src/install/arduinobot_msgs/include/arduinobot_msgs/arduinobot_msgs/action
[5.469s] -- Up-to-date: /home/shriram/Desktop/ros2Project/src/install/arduinobot_msgs/include/arduinobot_msgs/arduinobot_msgs/action/detail
[5.469s] -- Installing: /home/shriram/Desktop/ros2Project/src/install/arduinobot_msgs/include/arduinobot_msgs/arduinobot_msgs/action/detail/dds_fastrtps
[5.469s] -- Installing: /home/shriram/Desktop/ros2Project/src/install/arduinobot_msgs/include/arduinobot_msgs/arduinobot_msgs/action/detail/fibonacci__rosidl_typesupport_fastrtps_cpp.hpp
[5.469s] -- Installing: /home/shriram/Desktop/ros2Project/src/install/arduinobot_msgs/lib/libarduinobot_msgs__rosidl_typesupport_fastrtps_cpp.so
[5.470s] -- Set runtime path of "/home/shriram/Desktop/ros2Project/src/install/arduinobot_msgs/lib/libarduinobot_msgs__rosidl_typesupport_fastrtps_cpp.so" to ""
[5.470s] -- Up-to-date: /home/shriram/Desktop/ros2Project/src/install/arduinobot_msgs/include/arduinobot_msgs/arduinobot_msgs
[5.470s] -- Up-to-date: /home/shriram/Desktop/ros2Project/src/install/arduinobot_msgs/include/arduinobot_msgs/arduinobot_msgs/msg
[5.470s] -- Installing: /home/shriram/Desktop/ros2Project/src/install/arduinobot_msgs/include/arduinobot_msgs/arduinobot_msgs/msg/rosidl_typesupport_introspection_c__visibility_control.h
[5.470s] -- Up-to-date: /home/shriram/Desktop/ros2Project/src/install/arduinobot_msgs/include/arduinobot_msgs/arduinobot_msgs/srv
[5.470s] -- Up-to-date: /home/shriram/Desktop/ros2Project/src/install/arduinobot_msgs/include/arduinobot_msgs/arduinobot_msgs/srv/detail
[5.470s] -- Installing: /home/shriram/Desktop/ros2Project/src/install/arduinobot_msgs/include/arduinobot_msgs/arduinobot_msgs/srv/detail/quarternion_to_euler__type_support.c
[5.470s] -- Installing: /home/shriram/Desktop/ros2Project/src/install/arduinobot_msgs/include/arduinobot_msgs/arduinobot_msgs/srv/detail/add_two_ints__type_support.c
[5.470s] -- Installing: /home/shriram/Desktop/ros2Project/src/install/arduinobot_msgs/include/arduinobot_msgs/arduinobot_msgs/srv/detail/euler_to_quarternion__rosidl_typesupport_introspection_c.h
[5.470s] -- Installing: /home/shriram/Desktop/ros2Project/src/install/arduinobot_msgs/include/arduinobot_msgs/arduinobot_msgs/srv/detail/quarternion_to_euler__rosidl_typesupport_introspection_c.h
[5.470s] -- Installing: /home/shriram/Desktop/ros2Project/src/install/arduinobot_msgs/include/arduinobot_msgs/arduinobot_msgs/srv/detail/euler_to_quarternion__type_support.c
[5.470s] -- Installing: /home/shriram/Desktop/ros2Project/src/install/arduinobot_msgs/include/arduinobot_msgs/arduinobot_msgs/srv/detail/add_two_ints__rosidl_typesupport_introspection_c.h
[5.471s] -- Up-to-date: /home/shriram/Desktop/ros2Project/src/install/arduinobot_msgs/include/arduinobot_msgs/arduinobot_msgs/action
[5.471s] -- Up-to-date: /home/shriram/Desktop/ros2Project/src/install/arduinobot_msgs/include/arduinobot_msgs/arduinobot_msgs/action/detail
[5.471s] -- Installing: /home/shriram/Desktop/ros2Project/src/install/arduinobot_msgs/include/arduinobot_msgs/arduinobot_msgs/action/detail/fibonacci__rosidl_typesupport_introspection_c.h
[5.471s] -- Installing: /home/shriram/Desktop/ros2Project/src/install/arduinobot_msgs/include/arduinobot_msgs/arduinobot_msgs/action/detail/fibonacci__type_support.c
[5.471s] -- Installing: /home/shriram/Desktop/ros2Project/src/install/arduinobot_msgs/lib/libarduinobot_msgs__rosidl_typesupport_introspection_c.so
[5.471s] -- Set runtime path of "/home/shriram/Desktop/ros2Project/src/install/arduinobot_msgs/lib/libarduinobot_msgs__rosidl_typesupport_introspection_c.so" to ""
[5.471s] -- Installing: /home/shriram/Desktop/ros2Project/src/install/arduinobot_msgs/lib/libarduinobot_msgs__rosidl_typesupport_c.so
[5.471s] -- Set runtime path of "/home/shriram/Desktop/ros2Project/src/install/arduinobot_msgs/lib/libarduinobot_msgs__rosidl_typesupport_c.so" to ""
[5.471s] -- Up-to-date: /home/shriram/Desktop/ros2Project/src/install/arduinobot_msgs/include/arduinobot_msgs/arduinobot_msgs
[5.471s] -- Up-to-date: /home/shriram/Desktop/ros2Project/src/install/arduinobot_msgs/include/arduinobot_msgs/arduinobot_msgs/srv
[5.471s] -- Up-to-date: /home/shriram/Desktop/ros2Project/src/install/arduinobot_msgs/include/arduinobot_msgs/arduinobot_msgs/srv/detail
[5.471s] -- Installing: /home/shriram/Desktop/ros2Project/src/install/arduinobot_msgs/include/arduinobot_msgs/arduinobot_msgs/srv/detail/add_two_ints__rosidl_typesupport_introspection_cpp.hpp
[5.471s] -- Installing: /home/shriram/Desktop/ros2Project/src/install/arduinobot_msgs/include/arduinobot_msgs/arduinobot_msgs/srv/detail/add_two_ints__type_support.cpp
[5.472s] -- Installing: /home/shriram/Desktop/ros2Project/src/install/arduinobot_msgs/include/arduinobot_msgs/arduinobot_msgs/srv/detail/quarternion_to_euler__type_support.cpp
[5.472s] -- Installing: /home/shriram/Desktop/ros2Project/src/install/arduinobot_msgs/include/arduinobot_msgs/arduinobot_msgs/srv/detail/euler_to_quarternion__rosidl_typesupport_introspection_cpp.hpp
[5.472s] -- Installing: /home/shriram/Desktop/ros2Project/src/install/arduinobot_msgs/include/arduinobot_msgs/arduinobot_msgs/srv/detail/euler_to_quarternion__type_support.cpp
[5.472s] -- Installing: /home/shriram/Desktop/ros2Project/src/install/arduinobot_msgs/include/arduinobot_msgs/arduinobot_msgs/srv/detail/quarternion_to_euler__rosidl_typesupport_introspection_cpp.hpp
[5.472s] -- Up-to-date: /home/shriram/Desktop/ros2Project/src/install/arduinobot_msgs/include/arduinobot_msgs/arduinobot_msgs/action
[5.472s] -- Up-to-date: /home/shriram/Desktop/ros2Project/src/install/arduinobot_msgs/include/arduinobot_msgs/arduinobot_msgs/action/detail
[5.472s] -- Installing: /home/shriram/Desktop/ros2Project/src/install/arduinobot_msgs/include/arduinobot_msgs/arduinobot_msgs/action/detail/fibonacci__type_support.cpp
[5.472s] -- Installing: /home/shriram/Desktop/ros2Project/src/install/arduinobot_msgs/include/arduinobot_msgs/arduinobot_msgs/action/detail/fibonacci__rosidl_typesupport_introspection_cpp.hpp
[5.472s] -- Installing: /home/shriram/Desktop/ros2Project/src/install/arduinobot_msgs/lib/libarduinobot_msgs__rosidl_typesupport_introspection_cpp.so
[5.472s] -- Set runtime path of "/home/shriram/Desktop/ros2Project/src/install/arduinobot_msgs/lib/libarduinobot_msgs__rosidl_typesupport_introspection_cpp.so" to ""
[5.472s] -- Installing: /home/shriram/Desktop/ros2Project/src/install/arduinobot_msgs/lib/libarduinobot_msgs__rosidl_typesupport_cpp.so
[5.472s] -- Set runtime path of "/home/shriram/Desktop/ros2Project/src/install/arduinobot_msgs/lib/libarduinobot_msgs__rosidl_typesupport_cpp.so" to ""
[5.472s] -- Installing: /home/shriram/Desktop/ros2Project/src/install/arduinobot_msgs/share/arduinobot_msgs/environment/pythonpath.sh
[5.473s] -- Installing: /home/shriram/Desktop/ros2Project/src/install/arduinobot_msgs/share/arduinobot_msgs/environment/pythonpath.dsv
[5.473s] -- Installing: /home/shriram/Desktop/ros2Project/src/install/arduinobot_msgs/local/lib/python3.10/dist-packages/arduinobot_msgs-0.0.0-py3.10.egg-info
[5.473s] -- Installing: /home/shriram/Desktop/ros2Project/src/install/arduinobot_msgs/local/lib/python3.10/dist-packages/arduinobot_msgs-0.0.0-py3.10.egg-info/dependency_links.txt
[5.473s] -- Installing: /home/shriram/Desktop/ros2Project/src/install/arduinobot_msgs/local/lib/python3.10/dist-packages/arduinobot_msgs-0.0.0-py3.10.egg-info/SOURCES.txt
[5.473s] -- Installing: /home/shriram/Desktop/ros2Project/src/install/arduinobot_msgs/local/lib/python3.10/dist-packages/arduinobot_msgs-0.0.0-py3.10.egg-info/PKG-INFO
[5.473s] -- Installing: /home/shriram/Desktop/ros2Project/src/install/arduinobot_msgs/local/lib/python3.10/dist-packages/arduinobot_msgs-0.0.0-py3.10.egg-info/top_level.txt
[5.473s] -- Installing: /home/shriram/Desktop/ros2Project/src/install/arduinobot_msgs/local/lib/python3.10/dist-packages/arduinobot_msgs
[5.473s] -- Installing: /home/shriram/Desktop/ros2Project/src/install/arduinobot_msgs/local/lib/python3.10/dist-packages/arduinobot_msgs/srv
[5.473s] -- Installing: /home/shriram/Desktop/ros2Project/src/install/arduinobot_msgs/local/lib/python3.10/dist-packages/arduinobot_msgs/srv/_quarternion_to_euler_s.c
[5.473s] -- Installing: /home/shriram/Desktop/ros2Project/src/install/arduinobot_msgs/local/lib/python3.10/dist-packages/arduinobot_msgs/srv/_quarternion_to_euler.py
[5.473s] -- Installing: /home/shriram/Desktop/ros2Project/src/install/arduinobot_msgs/local/lib/python3.10/dist-packages/arduinobot_msgs/srv/_add_two_ints.py
[5.473s] -- Installing: /home/shriram/Desktop/ros2Project/src/install/arduinobot_msgs/local/lib/python3.10/dist-packages/arduinobot_msgs/srv/_add_two_ints_s.c
[5.473s] -- Installing: /home/shriram/Desktop/ros2Project/src/install/arduinobot_msgs/local/lib/python3.10/dist-packages/arduinobot_msgs/srv/_euler_to_quarternion.py
[5.473s] -- Installing: /home/shriram/Desktop/ros2Project/src/install/arduinobot_msgs/local/lib/python3.10/dist-packages/arduinobot_msgs/srv/__init__.py
[5.473s] -- Installing: /home/shriram/Desktop/ros2Project/src/install/arduinobot_msgs/local/lib/python3.10/dist-packages/arduinobot_msgs/srv/_euler_to_quarternion_s.c
[5.473s] -- Installing: /home/shriram/Desktop/ros2Project/src/install/arduinobot_msgs/local/lib/python3.10/dist-packages/arduinobot_msgs/action
[5.473s] -- Installing: /home/shriram/Desktop/ros2Project/src/install/arduinobot_msgs/local/lib/python3.10/dist-packages/arduinobot_msgs/action/_fibonacci_s.c
[5.474s] -- Installing: /home/shriram/Desktop/ros2Project/src/install/arduinobot_msgs/local/lib/python3.10/dist-packages/arduinobot_msgs/action/__init__.py
[5.474s] -- Installing: /home/shriram/Desktop/ros2Project/src/install/arduinobot_msgs/local/lib/python3.10/dist-packages/arduinobot_msgs/action/_fibonacci.py
[5.474s] -- Installing: /home/shriram/Desktop/ros2Project/src/install/arduinobot_msgs/local/lib/python3.10/dist-packages/arduinobot_msgs/arduinobot_msgs_s__rosidl_typesupport_fastrtps_c.cpython-310-x86_64-linux-gnu.so
[5.474s] -- Installing: /home/shriram/Desktop/ros2Project/src/install/arduinobot_msgs/local/lib/python3.10/dist-packages/arduinobot_msgs/libarduinobot_msgs__rosidl_generator_py.so
[5.474s] -- Installing: /home/shriram/Desktop/ros2Project/src/install/arduinobot_msgs/local/lib/python3.10/dist-packages/arduinobot_msgs/arduinobot_msgs_s__rosidl_typesupport_introspection_c.cpython-310-x86_64-linux-gnu.so
[5.474s] -- Installing: /home/shriram/Desktop/ros2Project/src/install/arduinobot_msgs/local/lib/python3.10/dist-packages/arduinobot_msgs/__init__.py
[5.474s] -- Installing: /home/shriram/Desktop/ros2Project/src/install/arduinobot_msgs/local/lib/python3.10/dist-packages/arduinobot_msgs/_arduinobot_msgs_s.ep.rosidl_typesupport_fastrtps_c.c
[5.474s] -- Installing: /home/shriram/Desktop/ros2Project/src/install/arduinobot_msgs/local/lib/python3.10/dist-packages/arduinobot_msgs/arduinobot_msgs_s__rosidl_typesupport_c.cpython-310-x86_64-linux-gnu.so
[5.474s] -- Installing: /home/shriram/Desktop/ros2Project/src/install/arduinobot_msgs/local/lib/python3.10/dist-packages/arduinobot_msgs/_arduinobot_msgs_s.ep.rosidl_typesupport_introspection_c.c
[5.474s] -- Installing: /home/shriram/Desktop/ros2Project/src/install/arduinobot_msgs/local/lib/python3.10/dist-packages/arduinobot_msgs/_arduinobot_msgs_s.ep.rosidl_typesupport_c.c
[5.506s] Listing '/home/shriram/Desktop/ros2Project/src/install/arduinobot_msgs/local/lib/python3.10/dist-packages/arduinobot_msgs'...
[5.506s] Compiling '/home/shriram/Desktop/ros2Project/src/install/arduinobot_msgs/local/lib/python3.10/dist-packages/arduinobot_msgs/__init__.py'...
[5.506s] Listing '/home/shriram/Desktop/ros2Project/src/install/arduinobot_msgs/local/lib/python3.10/dist-packages/arduinobot_msgs/action'...
[5.506s] Compiling '/home/shriram/Desktop/ros2Project/src/install/arduinobot_msgs/local/lib/python3.10/dist-packages/arduinobot_msgs/action/__init__.py'...
[5.506s] Compiling '/home/shriram/Desktop/ros2Project/src/install/arduinobot_msgs/local/lib/python3.10/dist-packages/arduinobot_msgs/action/_fibonacci.py'...
[5.506s] Listing '/home/shriram/Desktop/ros2Project/src/install/arduinobot_msgs/local/lib/python3.10/dist-packages/arduinobot_msgs/srv'...
[5.506s] Compiling '/home/shriram/Desktop/ros2Project/src/install/arduinobot_msgs/local/lib/python3.10/dist-packages/arduinobot_msgs/srv/__init__.py'...
[5.506s] Compiling '/home/shriram/Desktop/ros2Project/src/install/arduinobot_msgs/local/lib/python3.10/dist-packages/arduinobot_msgs/srv/_add_two_ints.py'...
[5.506s] Compiling '/home/shriram/Desktop/ros2Project/src/install/arduinobot_msgs/local/lib/python3.10/dist-packages/arduinobot_msgs/srv/_euler_to_quarternion.py'...
[5.506s] Compiling '/home/shriram/Desktop/ros2Project/src/install/arduinobot_msgs/local/lib/python3.10/dist-packages/arduinobot_msgs/srv/_quarternion_to_euler.py'...
[5.510s] -- Installing: /home/shriram/Desktop/ros2Project/src/install/arduinobot_msgs/local/lib/python3.10/dist-packages/arduinobot_msgs/arduinobot_msgs_s__rosidl_typesupport_fastrtps_c.cpython-310-x86_64-linux-gnu.so
[5.510s] -- Set runtime path of "/home/shriram/Desktop/ros2Project/src/install/arduinobot_msgs/local/lib/python3.10/dist-packages/arduinobot_msgs/arduinobot_msgs_s__rosidl_typesupport_fastrtps_c.cpython-310-x86_64-linux-gnu.so" to ""
[5.510s] -- Installing: /home/shriram/Desktop/ros2Project/src/install/arduinobot_msgs/local/lib/python3.10/dist-packages/arduinobot_msgs/arduinobot_msgs_s__rosidl_typesupport_introspection_c.cpython-310-x86_64-linux-gnu.so
[5.510s] -- Set runtime path of "/home/shriram/Desktop/ros2Project/src/install/arduinobot_msgs/local/lib/python3.10/dist-packages/arduinobot_msgs/arduinobot_msgs_s__rosidl_typesupport_introspection_c.cpython-310-x86_64-linux-gnu.so" to ""
[5.510s] -- Installing: /home/shriram/Desktop/ros2Project/src/install/arduinobot_msgs/local/lib/python3.10/dist-packages/arduinobot_msgs/arduinobot_msgs_s__rosidl_typesupport_c.cpython-310-x86_64-linux-gnu.so
[5.511s] -- Set runtime path of "/home/shriram/Desktop/ros2Project/src/install/arduinobot_msgs/local/lib/python3.10/dist-packages/arduinobot_msgs/arduinobot_msgs_s__rosidl_typesupport_c.cpython-310-x86_64-linux-gnu.so" to ""
[5.511s] -- Installing: /home/shriram/Desktop/ros2Project/src/install/arduinobot_msgs/lib/libarduinobot_msgs__rosidl_generator_py.so
[5.511s] -- Set runtime path of "/home/shriram/Desktop/ros2Project/src/install/arduinobot_msgs/lib/libarduinobot_msgs__rosidl_generator_py.so" to ""
[5.511s] -- Installing: /home/shriram/Desktop/ros2Project/src/install/arduinobot_msgs/share/arduinobot_msgs/srv/AddTwoInts.idl
[5.511s] -- Installing: /home/shriram/Desktop/ros2Project/src/install/arduinobot_msgs/share/arduinobot_msgs/srv/EulerToQuarternion.idl
[5.511s] -- Installing: /home/shriram/Desktop/ros2Project/src/install/arduinobot_msgs/share/arduinobot_msgs/srv/QuarternionToEuler.idl
[5.512s] -- Installing: /home/shriram/Desktop/ros2Project/src/install/arduinobot_msgs/share/arduinobot_msgs/action/Fibonacci.idl
[5.512s] -- Installing: /home/shriram/Desktop/ros2Project/src/install/arduinobot_msgs/share/arduinobot_msgs/srv/AddTwoInts.srv
[5.512s] -- Installing: /home/shriram/Desktop/ros2Project/src/install/arduinobot_msgs/share/arduinobot_msgs/srv/AddTwoInts_Request.msg
[5.512s] -- Installing: /home/shriram/Desktop/ros2Project/src/install/arduinobot_msgs/share/arduinobot_msgs/srv/AddTwoInts_Response.msg
[5.512s] -- Installing: /home/shriram/Desktop/ros2Project/src/install/arduinobot_msgs/share/arduinobot_msgs/srv/EulerToQuarternion.srv
[5.512s] -- Installing: /home/shriram/Desktop/ros2Project/src/install/arduinobot_msgs/share/arduinobot_msgs/srv/EulerToQuarternion_Request.msg
[5.512s] -- Installing: /home/shriram/Desktop/ros2Project/src/install/arduinobot_msgs/share/arduinobot_msgs/srv/EulerToQuarternion_Response.msg
[5.512s] -- Installing: /home/shriram/Desktop/ros2Project/src/install/arduinobot_msgs/share/arduinobot_msgs/srv/QuarternionToEuler.srv
[5.512s] -- Installing: /home/shriram/Desktop/ros2Project/src/install/arduinobot_msgs/share/arduinobot_msgs/srv/QuarternionToEuler_Request.msg
[5.512s] -- Installing: /home/shriram/Desktop/ros2Project/src/install/arduinobot_msgs/share/arduinobot_msgs/srv/QuarternionToEuler_Response.msg
[5.512s] -- Installing: /home/shriram/Desktop/ros2Project/src/install/arduinobot_msgs/share/arduinobot_msgs/action/Fibonacci.action
[5.512s] -- Installing: /home/shriram/Desktop/ros2Project/src/install/arduinobot_msgs/share/ament_index/resource_index/package_run_dependencies/arduinobot_msgs
[5.512s] -- Installing: /home/shriram/Desktop/ros2Project/src/install/arduinobot_msgs/share/ament_index/resource_index/parent_prefix_path/arduinobot_msgs
[5.513s] -- Installing: /home/shriram/Desktop/ros2Project/src/install/arduinobot_msgs/share/arduinobot_msgs/environment/ament_prefix_path.sh
[5.513s] -- Installing: /home/shriram/Desktop/ros2Project/src/install/arduinobot_msgs/share/arduinobot_msgs/environment/ament_prefix_path.dsv
[5.513s] -- Installing: /home/shriram/Desktop/ros2Project/src/install/arduinobot_msgs/share/arduinobot_msgs/environment/path.sh
[5.513s] -- Installing: /home/shriram/Desktop/ros2Project/src/install/arduinobot_msgs/share/arduinobot_msgs/environment/path.dsv
[5.513s] -- Installing: /home/shriram/Desktop/ros2Project/src/install/arduinobot_msgs/share/arduinobot_msgs/local_setup.bash
[5.513s] -- Installing: /home/shriram/Desktop/ros2Project/src/install/arduinobot_msgs/share/arduinobot_msgs/local_setup.sh
[5.513s] -- Installing: /home/shriram/Desktop/ros2Project/src/install/arduinobot_msgs/share/arduinobot_msgs/local_setup.zsh
[5.513s] -- Installing: /home/shriram/Desktop/ros2Project/src/install/arduinobot_msgs/share/arduinobot_msgs/local_setup.dsv
[5.513s] -- Installing: /home/shriram/Desktop/ros2Project/src/install/arduinobot_msgs/share/arduinobot_msgs/package.dsv
[5.513s] -- Installing: /home/shriram/Desktop/ros2Project/src/install/arduinobot_msgs/share/ament_index/resource_index/packages/arduinobot_msgs
[5.514s] -- Installing: /home/shriram/Desktop/ros2Project/src/install/arduinobot_msgs/share/arduinobot_msgs/cmake/export_arduinobot_msgs__rosidl_generator_cExport.cmake
[5.514s] -- Installing: /home/shriram/Desktop/ros2Project/src/install/arduinobot_msgs/share/arduinobot_msgs/cmake/export_arduinobot_msgs__rosidl_generator_cExport-noconfig.cmake
[5.514s] -- Installing: /home/shriram/Desktop/ros2Project/src/install/arduinobot_msgs/share/arduinobot_msgs/cmake/export_arduinobot_msgs__rosidl_typesupport_fastrtps_cExport.cmake
[5.514s] -- Installing: /home/shriram/Desktop/ros2Project/src/install/arduinobot_msgs/share/arduinobot_msgs/cmake/export_arduinobot_msgs__rosidl_typesupport_fastrtps_cExport-noconfig.cmake
[5.514s] -- Installing: /home/shriram/Desktop/ros2Project/src/install/arduinobot_msgs/share/arduinobot_msgs/cmake/export_arduinobot_msgs__rosidl_generator_cppExport.cmake
[5.514s] -- Installing: /home/shriram/Desktop/ros2Project/src/install/arduinobot_msgs/share/arduinobot_msgs/cmake/export_arduinobot_msgs__rosidl_typesupport_fastrtps_cppExport.cmake
[5.514s] -- Installing: /home/shriram/Desktop/ros2Project/src/install/arduinobot_msgs/share/arduinobot_msgs/cmake/export_arduinobot_msgs__rosidl_typesupport_fastrtps_cppExport-noconfig.cmake
[5.514s] -- Installing: /home/shriram/Desktop/ros2Project/src/install/arduinobot_msgs/share/arduinobot_msgs/cmake/arduinobot_msgs__rosidl_typesupport_introspection_cExport.cmake
[5.514s] -- Installing: /home/shriram/Desktop/ros2Project/src/install/arduinobot_msgs/share/arduinobot_msgs/cmake/arduinobot_msgs__rosidl_typesupport_introspection_cExport-noconfig.cmake
[5.514s] -- Installing: /home/shriram/Desktop/ros2Project/src/install/arduinobot_msgs/share/arduinobot_msgs/cmake/arduinobot_msgs__rosidl_typesupport_cExport.cmake
[5.514s] -- Installing: /home/shriram/Desktop/ros2Project/src/install/arduinobot_msgs/share/arduinobot_msgs/cmake/arduinobot_msgs__rosidl_typesupport_cExport-noconfig.cmake
[5.514s] -- Installing: /home/shriram/Desktop/ros2Project/src/install/arduinobot_msgs/share/arduinobot_msgs/cmake/arduinobot_msgs__rosidl_typesupport_introspection_cppExport.cmake
[5.515s] -- Installing: /home/shriram/Desktop/ros2Project/src/install/arduinobot_msgs/share/arduinobot_msgs/cmake/arduinobot_msgs__rosidl_typesupport_introspection_cppExport-noconfig.cmake
[5.515s] -- Installing: /home/shriram/Desktop/ros2Project/src/install/arduinobot_msgs/share/arduinobot_msgs/cmake/arduinobot_msgs__rosidl_typesupport_cppExport.cmake
[5.515s] -- Installing: /home/shriram/Desktop/ros2Project/src/install/arduinobot_msgs/share/arduinobot_msgs/cmake/arduinobot_msgs__rosidl_typesupport_cppExport-noconfig.cmake
[5.515s] -- Installing: /home/shriram/Desktop/ros2Project/src/install/arduinobot_msgs/share/arduinobot_msgs/cmake/export_arduinobot_msgs__rosidl_generator_pyExport.cmake
[5.515s] -- Installing: /home/shriram/Desktop/ros2Project/src/install/arduinobot_msgs/share/arduinobot_msgs/cmake/export_arduinobot_msgs__rosidl_generator_pyExport-noconfig.cmake
[5.515s] -- Installing: /home/shriram/Desktop/ros2Project/src/install/arduinobot_msgs/share/arduinobot_msgs/cmake/rosidl_cmake-extras.cmake
[5.515s] -- Installing: /home/shriram/Desktop/ros2Project/src/install/arduinobot_msgs/share/arduinobot_msgs/cmake/ament_cmake_export_dependencies-extras.cmake
[5.515s] -- Installing: /home/shriram/Desktop/ros2Project/src/install/arduinobot_msgs/share/arduinobot_msgs/cmake/ament_cmake_export_include_directories-extras.cmake
[5.515s] -- Installing: /home/shriram/Desktop/ros2Project/src/install/arduinobot_msgs/share/arduinobot_msgs/cmake/ament_cmake_export_libraries-extras.cmake
[5.515s] -- Installing: /home/shriram/Desktop/ros2Project/src/install/arduinobot_msgs/share/arduinobot_msgs/cmake/ament_cmake_export_targets-extras.cmake
[5.515s] -- Installing: /home/shriram/Desktop/ros2Project/src/install/arduinobot_msgs/share/arduinobot_msgs/cmake/rosidl_cmake_export_typesupport_targets-extras.cmake
[5.515s] -- Installing: /home/shriram/Desktop/ros2Project/src/install/arduinobot_msgs/share/arduinobot_msgs/cmake/rosidl_cmake_export_typesupport_libraries-extras.cmake
[5.516s] -- Installing: /home/shriram/Desktop/ros2Project/src/install/arduinobot_msgs/share/arduinobot_msgs/cmake/arduinobot_msgsConfig.cmake
[5.516s] -- Installing: /home/shriram/Desktop/ros2Project/src/install/arduinobot_msgs/share/arduinobot_msgs/cmake/arduinobot_msgsConfig-version.cmake
[5.516s] -- Installing: /home/shriram/Desktop/ros2Project/src/install/arduinobot_msgs/share/arduinobot_msgs/package.xml
[5.518s] Invoked command in '/home/shriram/Desktop/ros2Project/src/build/arduinobot_msgs' returned '0': CMAKE_PREFIX_PATH=${CMAKE_PREFIX_PATH}:/home/shriram/Desktop/ros2Project/install/arduinobot_py:/opt/ros/humble /usr/bin/cmake --install /home/shriram/Desktop/ros2Project/src/build/arduinobot_msgs
