[0.017s] Invoking command in '/home/shriram/Desktop/ros2Project/build/arduinobot_remote': CMAKE_PREFIX_PATH=/opt/ros/humble /usr/bin/cmake --build /home/shriram/Desktop/ros2Project/build/arduinobot_remote -- -j12 -l12
[0.047s] Invoked command in '/home/shriram/Desktop/ros2Project/build/arduinobot_remote' returned '0': CMAKE_PREFIX_PATH=/opt/ros/humble /usr/bin/cmake --build /home/shriram/Desktop/ros2Project/build/arduinobot_remote -- -j12 -l12
[0.094s] Invoking command in '/home/shriram/Desktop/ros2Project/build/arduinobot_remote': CMAKE_PREFIX_PATH=/opt/ros/humble /usr/bin/cmake --install /home/shriram/Desktop/ros2Project/build/arduinobot_remote
[0.104s] -- Install configuration: ""
[0.104s] -- Up-to-date: /home/shriram/Desktop/ros2Project/install/arduinobot_remote/share/ament_index/resource_index/package_run_dependencies/arduinobot_remote
[0.104s] -- Up-to-date: /home/shriram/Desktop/ros2Project/install/arduinobot_remote/share/ament_index/resource_index/parent_prefix_path/arduinobot_remote
[0.105s] -- Up-to-date: /home/shriram/Desktop/ros2Project/install/arduinobot_remote/share/arduinobot_remote/environment/ament_prefix_path.sh
[0.105s] -- Up-to-date: /home/shriram/Desktop/ros2Project/install/arduinobot_remote/share/arduinobot_remote/environment/ament_prefix_path.dsv
[0.105s] -- Up-to-date: /home/shriram/Desktop/ros2Project/install/arduinobot_remote/share/arduinobot_remote/environment/path.sh
[0.105s] -- Up-to-date: /home/shriram/Desktop/ros2Project/install/arduinobot_remote/share/arduinobot_remote/environment/path.dsv
[0.105s] -- Up-to-date: /home/shriram/Desktop/ros2Project/install/arduinobot_remote/share/arduinobot_remote/local_setup.bash
[0.105s] -- Up-to-date: /home/shriram/Desktop/ros2Project/install/arduinobot_remote/share/arduinobot_remote/local_setup.sh
[0.105s] -- Up-to-date: /home/shriram/Desktop/ros2Project/install/arduinobot_remote/share/arduinobot_remote/local_setup.zsh
[0.105s] -- Up-to-date: /home/shriram/Desktop/ros2Project/install/arduinobot_remote/share/arduinobot_remote/local_setup.dsv
[0.105s] -- Installing: /home/shriram/Desktop/ros2Project/install/arduinobot_remote/share/arduinobot_remote/package.dsv
[0.105s] -- Up-to-date: /home/shriram/Desktop/ros2Project/install/arduinobot_remote/share/ament_index/resource_index/packages/arduinobot_remote
[0.105s] -- Up-to-date: /home/shriram/Desktop/ros2Project/install/arduinobot_remote/share/arduinobot_remote/cmake/arduinobot_remoteConfig.cmake
[0.105s] -- Up-to-date: /home/shriram/Desktop/ros2Project/install/arduinobot_remote/share/arduinobot_remote/cmake/arduinobot_remoteConfig-version.cmake
[0.106s] -- Up-to-date: /home/shriram/Desktop/ros2Project/install/arduinobot_remote/share/arduinobot_remote/package.xml
[0.151s] Invoked command in '/home/shriram/Desktop/ros2Project/build/arduinobot_remote' returned '0': CMAKE_PREFIX_PATH=/opt/ros/humble /usr/bin/cmake --install /home/shriram/Desktop/ros2Project/build/arduinobot_remote
