running egg_info
writing ../../build/arduinobot_py/arduinobot_py.egg-info/PKG-INFO
writing dependency_links to ../../build/arduinobot_py/arduinobot_py.egg-info/dependency_links.txt
writing entry points to ../../build/arduinobot_py/arduinobot_py.egg-info/entry_points.txt
writing requirements to ../../build/arduinobot_py/arduinobot_py.egg-info/requires.txt
writing top-level names to ../../build/arduinobot_py/arduinobot_py.egg-info/top_level.txt
reading manifest file '../../build/arduinobot_py/arduinobot_py.egg-info/SOURCES.txt'
writing manifest file '../../build/arduinobot_py/arduinobot_py.egg-info/SOURCES.txt'
running build
running build_py
copying arduinobot_py/simple_action_server.py -> /home/shriram/Desktop/ros2Project/build/arduinobot_py/build/lib/arduinobot_py
running install
running install_lib
copying /home/shriram/Desktop/ros2Project/build/arduinobot_py/build/lib/arduinobot_py/simple_action_server.py -> /home/shriram/Desktop/ros2Project/install/arduinobot_py/lib/python3.10/site-packages/arduinobot_py
byte-compiling /home/shriram/Desktop/ros2Project/install/arduinobot_py/lib/python3.10/site-packages/arduinobot_py/simple_action_server.py to simple_action_server.cpython-310.pyc
running install_data
running install_egg_info
removing '/home/shriram/Desktop/ros2Project/install/arduinobot_py/lib/python3.10/site-packages/arduinobot_py-0.0.0-py3.10.egg-info' (and everything under it)
Copying ../../build/arduinobot_py/arduinobot_py.egg-info to /home/shriram/Desktop/ros2Project/install/arduinobot_py/lib/python3.10/site-packages/arduinobot_py-0.0.0-py3.10.egg-info
running install_scripts
Installing simple_action_server script to /home/shriram/Desktop/ros2Project/install/arduinobot_py/lib/arduinobot_py
Installing simple_parameter script to /home/shriram/Desktop/ros2Project/install/arduinobot_py/lib/arduinobot_py
Installing simple_service_client script to /home/shriram/Desktop/ros2Project/install/arduinobot_py/lib/arduinobot_py
Installing simple_service_server script to /home/shriram/Desktop/ros2Project/install/arduinobot_py/lib/arduinobot_py
writing list of installed files to '/home/shriram/Desktop/ros2Project/build/arduinobot_py/install.log'
