[0.641s] Invoking command in '/home/shriram/Desktop/ros2Project/src/arduinobot_py': CMAKE_PREFIX_PATH=/home/shriram/Desktop/ros2Project/install/arduinobot_msgs:/home/shriram/Desktop/ros2Project/install/arduinobot_utils:/home/shriram/Desktop/ros2Project/install/arduinobot_moveit:/home/shriram/Desktop/ros2Project/install/arduinobot_description:/home/shriram/Desktop/ros2Project/install/arduinobot_controller PYTHONPATH=/home/shriram/Desktop/ros2Project/build/arduinobot_py/prefix_override:/home/shriram/Desktop/ros2Project/install/arduinobot_py/lib/python3.10/site-packages:${PYTHONPATH} /usr/bin/python3 setup.py egg_info --egg-base ../../build/arduinobot_py build --build-base /home/shriram/Desktop/ros2Project/build/arduinobot_py/build install --record /home/shriram/Desktop/ros2Project/build/arduinobot_py/install.log --single-version-externally-managed
[0.871s] running egg_info
[0.872s] writing ../../build/arduinobot_py/arduinobot_py.egg-info/PKG-INFO
[0.872s] writing dependency_links to ../../build/arduinobot_py/arduinobot_py.egg-info/dependency_links.txt
[0.872s] writing entry points to ../../build/arduinobot_py/arduinobot_py.egg-info/entry_points.txt
[0.872s] writing requirements to ../../build/arduinobot_py/arduinobot_py.egg-info/requires.txt
[0.872s] writing top-level names to ../../build/arduinobot_py/arduinobot_py.egg-info/top_level.txt
[0.874s] reading manifest file '../../build/arduinobot_py/arduinobot_py.egg-info/SOURCES.txt'
[0.879s] writing manifest file '../../build/arduinobot_py/arduinobot_py.egg-info/SOURCES.txt'
[0.879s] running build
[0.879s] running build_py
[0.879s] copying arduinobot_py/simple_action_server.py -> /home/shriram/Desktop/ros2Project/build/arduinobot_py/build/lib/arduinobot_py
[0.879s] running install
[0.879s] running install_lib
[0.880s] copying /home/shriram/Desktop/ros2Project/build/arduinobot_py/build/lib/arduinobot_py/simple_action_server.py -> /home/shriram/Desktop/ros2Project/install/arduinobot_py/lib/python3.10/site-packages/arduinobot_py
[0.880s] byte-compiling /home/shriram/Desktop/ros2Project/install/arduinobot_py/lib/python3.10/site-packages/arduinobot_py/simple_action_server.py to simple_action_server.cpython-310.pyc
[0.881s] running install_data
[0.881s] running install_egg_info
[0.882s] removing '/home/shriram/Desktop/ros2Project/install/arduinobot_py/lib/python3.10/site-packages/arduinobot_py-0.0.0-py3.10.egg-info' (and everything under it)
[0.883s] Copying ../../build/arduinobot_py/arduinobot_py.egg-info to /home/shriram/Desktop/ros2Project/install/arduinobot_py/lib/python3.10/site-packages/arduinobot_py-0.0.0-py3.10.egg-info
[0.883s] running install_scripts
[0.898s] Installing simple_action_server script to /home/shriram/Desktop/ros2Project/install/arduinobot_py/lib/arduinobot_py
[0.898s] Installing simple_parameter script to /home/shriram/Desktop/ros2Project/install/arduinobot_py/lib/arduinobot_py
[0.898s] Installing simple_service_client script to /home/shriram/Desktop/ros2Project/install/arduinobot_py/lib/arduinobot_py
[0.898s] Installing simple_service_server script to /home/shriram/Desktop/ros2Project/install/arduinobot_py/lib/arduinobot_py
[0.898s] writing list of installed files to '/home/shriram/Desktop/ros2Project/build/arduinobot_py/install.log'
[0.919s] Invoked command in '/home/shriram/Desktop/ros2Project/src/arduinobot_py' returned '0': CMAKE_PREFIX_PATH=/home/shriram/Desktop/ros2Project/install/arduinobot_msgs:/home/shriram/Desktop/ros2Project/install/arduinobot_utils:/home/shriram/Desktop/ros2Project/install/arduinobot_moveit:/home/shriram/Desktop/ros2Project/install/arduinobot_description:/home/shriram/Desktop/ros2Project/install/arduinobot_controller PYTHONPATH=/home/shriram/Desktop/ros2Project/build/arduinobot_py/prefix_override:/home/shriram/Desktop/ros2Project/install/arduinobot_py/lib/python3.10/site-packages:${PYTHONPATH} /usr/bin/python3 setup.py egg_info --egg-base ../../build/arduinobot_py build --build-base /home/shriram/Desktop/ros2Project/build/arduinobot_py/build install --record /home/shriram/Desktop/ros2Project/build/arduinobot_py/install.log --single-version-externally-managed
