[0.288s] Invoking command in '/home/shriram/Desktop/ros2Project/src/build/arduinobot_utils': AMENT_PREFIX_PATH=/home/shriram/Desktop/ros2Project/src/install/arduinobot_msgs:${AMENT_PREFIX_PATH} CMAKE_PREFIX_PATH=/home/shriram/Desktop/ros2Project/src/install/arduinobot_msgs:/home/shriram/Desktop/ros2Project/install/arduinobot_utils:/home/shriram/Desktop/ros2Project/install/arduinobot_msgs:/home/shriram/Desktop/ros2Project/install/arduinobot_moveit:/home/shriram/Desktop/ros2Project/install/arduinobot_description:/home/shriram/Desktop/ros2Project/install/arduinobot_controller:/home/shriram/Desktop/ros2Project/install/arduinobot_py:/opt/ros/humble LD_LIBRARY_PATH=/home/shriram/Desktop/ros2Project/src/install/arduinobot_msgs/lib:${LD_LIBRARY_PATH} PYTHONPATH=/home/shriram/Desktop/ros2Project/src/install/arduinobot_msgs/local/lib/python3.10/dist-packages:${PYTHONPATH} /usr/bin/cmake --build /home/shriram/Desktop/ros2Project/src/build/arduinobot_utils -- -j12 -l12
[0.328s] Built target ament_cmake_python_copy_arduinobot_utils
[0.573s] running egg_info
[0.574s] writing arduinobot_utils.egg-info/PKG-INFO
[0.575s] writing dependency_links to arduinobot_utils.egg-info/dependency_links.txt
[0.575s] writing top-level names to arduinobot_utils.egg-info/top_level.txt
[0.577s] reading manifest file 'arduinobot_utils.egg-info/SOURCES.txt'
[0.578s] writing manifest file 'arduinobot_utils.egg-info/SOURCES.txt'
[0.629s] Built target ament_cmake_python_build_arduinobot_utils_egg
[0.640s] Invoked command in '/home/shriram/Desktop/ros2Project/src/build/arduinobot_utils' returned '0': AMENT_PREFIX_PATH=/home/shriram/Desktop/ros2Project/src/install/arduinobot_msgs:${AMENT_PREFIX_PATH} CMAKE_PREFIX_PATH=/home/shriram/Desktop/ros2Project/src/install/arduinobot_msgs:/home/shriram/Desktop/ros2Project/install/arduinobot_utils:/home/shriram/Desktop/ros2Project/install/arduinobot_msgs:/home/shriram/Desktop/ros2Project/install/arduinobot_moveit:/home/shriram/Desktop/ros2Project/install/arduinobot_description:/home/shriram/Desktop/ros2Project/install/arduinobot_controller:/home/shriram/Desktop/ros2Project/install/arduinobot_py:/opt/ros/humble LD_LIBRARY_PATH=/home/shriram/Desktop/ros2Project/src/install/arduinobot_msgs/lib:${LD_LIBRARY_PATH} PYTHONPATH=/home/shriram/Desktop/ros2Project/src/install/arduinobot_msgs/local/lib/python3.10/dist-packages:${PYTHONPATH} /usr/bin/cmake --build /home/shriram/Desktop/ros2Project/src/build/arduinobot_utils -- -j12 -l12
[0.656s] Invoking command in '/home/shriram/Desktop/ros2Project/src/build/arduinobot_utils': AMENT_PREFIX_PATH=/home/shriram/Desktop/ros2Project/src/install/arduinobot_msgs:${AMENT_PREFIX_PATH} CMAKE_PREFIX_PATH=/home/shriram/Desktop/ros2Project/src/install/arduinobot_msgs:/home/shriram/Desktop/ros2Project/install/arduinobot_utils:/home/shriram/Desktop/ros2Project/install/arduinobot_msgs:/home/shriram/Desktop/ros2Project/install/arduinobot_moveit:/home/shriram/Desktop/ros2Project/install/arduinobot_description:/home/shriram/Desktop/ros2Project/install/arduinobot_controller:/home/shriram/Desktop/ros2Project/install/arduinobot_py:/opt/ros/humble LD_LIBRARY_PATH=/home/shriram/Desktop/ros2Project/src/install/arduinobot_msgs/lib:${LD_LIBRARY_PATH} PYTHONPATH=/home/shriram/Desktop/ros2Project/src/install/arduinobot_msgs/local/lib/python3.10/dist-packages:${PYTHONPATH} /usr/bin/cmake --install /home/shriram/Desktop/ros2Project/src/build/arduinobot_utils
[0.662s] -- Install configuration: ""
[0.662s] -- Up-to-date: /home/shriram/Desktop/ros2Project/src/install/arduinobot_utils/share/arduinobot_utils/environment/pythonpath.sh
[0.662s] -- Up-to-date: /home/shriram/Desktop/ros2Project/src/install/arduinobot_utils/share/arduinobot_utils/environment/pythonpath.dsv
[0.662s] -- Up-to-date: /home/shriram/Desktop/ros2Project/src/install/arduinobot_utils/local/lib/python3.10/dist-packages/arduinobot_utils-0.0.0-py3.10.egg-info
[0.662s] -- Installing: /home/shriram/Desktop/ros2Project/src/install/arduinobot_utils/local/lib/python3.10/dist-packages/arduinobot_utils-0.0.0-py3.10.egg-info/dependency_links.txt
[0.662s] -- Installing: /home/shriram/Desktop/ros2Project/src/install/arduinobot_utils/local/lib/python3.10/dist-packages/arduinobot_utils-0.0.0-py3.10.egg-info/SOURCES.txt
[0.662s] -- Installing: /home/shriram/Desktop/ros2Project/src/install/arduinobot_utils/local/lib/python3.10/dist-packages/arduinobot_utils-0.0.0-py3.10.egg-info/PKG-INFO
[0.662s] -- Installing: /home/shriram/Desktop/ros2Project/src/install/arduinobot_utils/local/lib/python3.10/dist-packages/arduinobot_utils-0.0.0-py3.10.egg-info/top_level.txt
[0.662s] -- Up-to-date: /home/shriram/Desktop/ros2Project/src/install/arduinobot_utils/local/lib/python3.10/dist-packages/arduinobot_utils
[0.663s] -- Up-to-date: /home/shriram/Desktop/ros2Project/src/install/arduinobot_utils/local/lib/python3.10/dist-packages/arduinobot_utils/__init__.py
[0.663s] -- Up-to-date: /home/shriram/Desktop/ros2Project/src/install/arduinobot_utils/local/lib/python3.10/dist-packages/arduinobot_utils/angle_conversion.py
[0.688s] Listing '/home/shriram/Desktop/ros2Project/src/install/arduinobot_utils/local/lib/python3.10/dist-packages/arduinobot_utils'...
[0.691s] -- Up-to-date: /home/shriram/Desktop/ros2Project/src/install/arduinobot_utils/lib/arduinobot_utils/angle_conversion.py
[0.691s] -- Up-to-date: /home/shriram/Desktop/ros2Project/src/install/arduinobot_utils/share/ament_index/resource_index/package_run_dependencies/arduinobot_utils
[0.692s] -- Up-to-date: /home/shriram/Desktop/ros2Project/src/install/arduinobot_utils/share/ament_index/resource_index/parent_prefix_path/arduinobot_utils
[0.692s] -- Up-to-date: /home/shriram/Desktop/ros2Project/src/install/arduinobot_utils/share/arduinobot_utils/environment/ament_prefix_path.sh
[0.692s] -- Up-to-date: /home/shriram/Desktop/ros2Project/src/install/arduinobot_utils/share/arduinobot_utils/environment/ament_prefix_path.dsv
[0.692s] -- Up-to-date: /home/shriram/Desktop/ros2Project/src/install/arduinobot_utils/share/arduinobot_utils/environment/path.sh
[0.692s] -- Up-to-date: /home/shriram/Desktop/ros2Project/src/install/arduinobot_utils/share/arduinobot_utils/environment/path.dsv
[0.692s] -- Up-to-date: /home/shriram/Desktop/ros2Project/src/install/arduinobot_utils/share/arduinobot_utils/local_setup.bash
[0.692s] -- Up-to-date: /home/shriram/Desktop/ros2Project/src/install/arduinobot_utils/share/arduinobot_utils/local_setup.sh
[0.692s] -- Up-to-date: /home/shriram/Desktop/ros2Project/src/install/arduinobot_utils/share/arduinobot_utils/local_setup.zsh
[0.692s] -- Up-to-date: /home/shriram/Desktop/ros2Project/src/install/arduinobot_utils/share/arduinobot_utils/local_setup.dsv
[0.692s] -- Installing: /home/shriram/Desktop/ros2Project/src/install/arduinobot_utils/share/arduinobot_utils/package.dsv
[0.692s] -- Up-to-date: /home/shriram/Desktop/ros2Project/src/install/arduinobot_utils/share/ament_index/resource_index/packages/arduinobot_utils
[0.692s] -- Up-to-date: /home/shriram/Desktop/ros2Project/src/install/arduinobot_utils/share/arduinobot_utils/cmake/arduinobot_utilsConfig.cmake
[0.692s] -- Up-to-date: /home/shriram/Desktop/ros2Project/src/install/arduinobot_utils/share/arduinobot_utils/cmake/arduinobot_utilsConfig-version.cmake
[0.692s] -- Up-to-date: /home/shriram/Desktop/ros2Project/src/install/arduinobot_utils/share/arduinobot_utils/package.xml
[0.694s] Invoked command in '/home/shriram/Desktop/ros2Project/src/build/arduinobot_utils' returned '0': AMENT_PREFIX_PATH=/home/shriram/Desktop/ros2Project/src/install/arduinobot_msgs:${AMENT_PREFIX_PATH} CMAKE_PREFIX_PATH=/home/shriram/Desktop/ros2Project/src/install/arduinobot_msgs:/home/shriram/Desktop/ros2Project/install/arduinobot_utils:/home/shriram/Desktop/ros2Project/install/arduinobot_msgs:/home/shriram/Desktop/ros2Project/install/arduinobot_moveit:/home/shriram/Desktop/ros2Project/install/arduinobot_description:/home/shriram/Desktop/ros2Project/install/arduinobot_controller:/home/shriram/Desktop/ros2Project/install/arduinobot_py:/opt/ros/humble LD_LIBRARY_PATH=/home/shriram/Desktop/ros2Project/src/install/arduinobot_msgs/lib:${LD_LIBRARY_PATH} PYTHONPATH=/home/shriram/Desktop/ros2Project/src/install/arduinobot_msgs/local/lib/python3.10/dist-packages:${PYTHONPATH} /usr/bin/cmake --install /home/shriram/Desktop/ros2Project/src/build/arduinobot_utils
