running egg_info
creating ../build/arduinobot_py/arduinobot_py.egg-info
writing ../build/arduinobot_py/arduinobot_py.egg-info/PKG-INFO
writing dependency_links to ../build/arduinobot_py/arduinobot_py.egg-info/dependency_links.txt
writing entry points to ../build/arduinobot_py/arduinobot_py.egg-info/entry_points.txt
writing requirements to ../build/arduinobot_py/arduinobot_py.egg-info/requires.txt
writing top-level names to ../build/arduinobot_py/arduinobot_py.egg-info/top_level.txt
writing manifest file '../build/arduinobot_py/arduinobot_py.egg-info/SOURCES.txt'
reading manifest file '../build/arduinobot_py/arduinobot_py.egg-info/SOURCES.txt'
writing manifest file '../build/arduinobot_py/arduinobot_py.egg-info/SOURCES.txt'
running build
running build_py
creating /home/shriram/Desktop/ros2Project/src/build/arduinobot_py/build
creating /home/shriram/Desktop/ros2Project/src/build/arduinobot_py/build/lib
creating /home/shriram/Desktop/ros2Project/src/build/arduinobot_py/build/lib/arduinobot_py
copying arduinobot_py/simple_action_client.py -> /home/shriram/Desktop/ros2Project/src/build/arduinobot_py/build/lib/arduinobot_py
copying arduinobot_py/simple_action_server.py -> /home/shriram/Desktop/ros2Project/src/build/arduinobot_py/build/lib/arduinobot_py
copying arduinobot_py/simple_service_client.py -> /home/shriram/Desktop/ros2Project/src/build/arduinobot_py/build/lib/arduinobot_py
copying arduinobot_py/simple_parameter.py -> /home/shriram/Desktop/ros2Project/src/build/arduinobot_py/build/lib/arduinobot_py
copying arduinobot_py/__init__.py -> /home/shriram/Desktop/ros2Project/src/build/arduinobot_py/build/lib/arduinobot_py
copying arduinobot_py/simple_service_server.py -> /home/shriram/Desktop/ros2Project/src/build/arduinobot_py/build/lib/arduinobot_py
running install
running install_lib
creating /home/shriram/Desktop/ros2Project/src/install/arduinobot_py/lib/python3.10/site-packages/arduinobot_py
copying /home/shriram/Desktop/ros2Project/src/build/arduinobot_py/build/lib/arduinobot_py/simple_action_client.py -> /home/shriram/Desktop/ros2Project/src/install/arduinobot_py/lib/python3.10/site-packages/arduinobot_py
copying /home/shriram/Desktop/ros2Project/src/build/arduinobot_py/build/lib/arduinobot_py/simple_action_server.py -> /home/shriram/Desktop/ros2Project/src/install/arduinobot_py/lib/python3.10/site-packages/arduinobot_py
copying /home/shriram/Desktop/ros2Project/src/build/arduinobot_py/build/lib/arduinobot_py/simple_service_client.py -> /home/shriram/Desktop/ros2Project/src/install/arduinobot_py/lib/python3.10/site-packages/arduinobot_py
copying /home/shriram/Desktop/ros2Project/src/build/arduinobot_py/build/lib/arduinobot_py/simple_parameter.py -> /home/shriram/Desktop/ros2Project/src/install/arduinobot_py/lib/python3.10/site-packages/arduinobot_py
copying /home/shriram/Desktop/ros2Project/src/build/arduinobot_py/build/lib/arduinobot_py/__init__.py -> /home/shriram/Desktop/ros2Project/src/install/arduinobot_py/lib/python3.10/site-packages/arduinobot_py
copying /home/shriram/Desktop/ros2Project/src/build/arduinobot_py/build/lib/arduinobot_py/simple_service_server.py -> /home/shriram/Desktop/ros2Project/src/install/arduinobot_py/lib/python3.10/site-packages/arduinobot_py
byte-compiling /home/shriram/Desktop/ros2Project/src/install/arduinobot_py/lib/python3.10/site-packages/arduinobot_py/simple_action_client.py to simple_action_client.cpython-310.pyc
byte-compiling /home/shriram/Desktop/ros2Project/src/install/arduinobot_py/lib/python3.10/site-packages/arduinobot_py/simple_action_server.py to simple_action_server.cpython-310.pyc
byte-compiling /home/shriram/Desktop/ros2Project/src/install/arduinobot_py/lib/python3.10/site-packages/arduinobot_py/simple_service_client.py to simple_service_client.cpython-310.pyc
byte-compiling /home/shriram/Desktop/ros2Project/src/install/arduinobot_py/lib/python3.10/site-packages/arduinobot_py/simple_parameter.py to simple_parameter.cpython-310.pyc
byte-compiling /home/shriram/Desktop/ros2Project/src/install/arduinobot_py/lib/python3.10/site-packages/arduinobot_py/__init__.py to __init__.cpython-310.pyc
byte-compiling /home/shriram/Desktop/ros2Project/src/install/arduinobot_py/lib/python3.10/site-packages/arduinobot_py/simple_service_server.py to simple_service_server.cpython-310.pyc
running install_data
creating /home/shriram/Desktop/ros2Project/src/install/arduinobot_py/share/ament_index
creating /home/shriram/Desktop/ros2Project/src/install/arduinobot_py/share/ament_index/resource_index
creating /home/shriram/Desktop/ros2Project/src/install/arduinobot_py/share/ament_index/resource_index/packages
copying resource/arduinobot_py -> /home/shriram/Desktop/ros2Project/src/install/arduinobot_py/share/ament_index/resource_index/packages
copying package.xml -> /home/shriram/Desktop/ros2Project/src/install/arduinobot_py/share/arduinobot_py
running install_egg_info
Copying ../build/arduinobot_py/arduinobot_py.egg-info to /home/shriram/Desktop/ros2Project/src/install/arduinobot_py/lib/python3.10/site-packages/arduinobot_py-0.0.0-py3.10.egg-info
running install_scripts
Installing simple_action_client script to /home/shriram/Desktop/ros2Project/src/install/arduinobot_py/lib/arduinobot_py
Installing simple_action_server script to /home/shriram/Desktop/ros2Project/src/install/arduinobot_py/lib/arduinobot_py
Installing simple_parameter script to /home/shriram/Desktop/ros2Project/src/install/arduinobot_py/lib/arduinobot_py
Installing simple_service_client script to /home/shriram/Desktop/ros2Project/src/install/arduinobot_py/lib/arduinobot_py
Installing simple_service_server script to /home/shriram/Desktop/ros2Project/src/install/arduinobot_py/lib/arduinobot_py
writing list of installed files to '/home/shriram/Desktop/ros2Project/src/build/arduinobot_py/install.log'
