[0.744s] Invoking command in '/home/shriram/Desktop/ros2Project/src/arduinobot_py': AMENT_PREFIX_PATH=/home/shriram/Desktop/ros2Project/src/install/arduinobot_msgs:${AMENT_PREFIX_PATH} CMAKE_PREFIX_PATH=/home/shriram/Desktop/ros2Project/src/install/arduinobot_msgs:${CMAKE_PREFIX_PATH} LD_LIBRARY_PATH=/home/shriram/Desktop/ros2Project/src/install/arduinobot_msgs/lib:${LD_LIBRARY_PATH} PYTHONPATH=/home/shriram/Desktop/ros2Project/src/build/arduinobot_py/prefix_override:/home/shriram/Desktop/ros2Project/src/install/arduinobot_py/lib/python3.10/site-packages:/home/shriram/Desktop/ros2Project/src/install/arduinobot_msgs/local/lib/python3.10/dist-packages:${PYTHONPATH} /usr/bin/python3 setup.py egg_info --egg-base ../build/arduinobot_py build --build-base /home/shriram/Desktop/ros2Project/src/build/arduinobot_py/build install --record /home/shriram/Desktop/ros2Project/src/build/arduinobot_py/install.log --single-version-externally-managed
[1.011s] running egg_info
[1.012s] creating ../build/arduinobot_py/arduinobot_py.egg-info
[1.012s] writing ../build/arduinobot_py/arduinobot_py.egg-info/PKG-INFO
[1.012s] writing dependency_links to ../build/arduinobot_py/arduinobot_py.egg-info/dependency_links.txt
[1.012s] writing entry points to ../build/arduinobot_py/arduinobot_py.egg-info/entry_points.txt
[1.012s] writing requirements to ../build/arduinobot_py/arduinobot_py.egg-info/requires.txt
[1.012s] writing top-level names to ../build/arduinobot_py/arduinobot_py.egg-info/top_level.txt
[1.013s] writing manifest file '../build/arduinobot_py/arduinobot_py.egg-info/SOURCES.txt'
[1.015s] reading manifest file '../build/arduinobot_py/arduinobot_py.egg-info/SOURCES.txt'
[1.016s] writing manifest file '../build/arduinobot_py/arduinobot_py.egg-info/SOURCES.txt'
[1.016s] running build
[1.016s] running build_py
[1.016s] creating /home/shriram/Desktop/ros2Project/src/build/arduinobot_py/build
[1.016s] creating /home/shriram/Desktop/ros2Project/src/build/arduinobot_py/build/lib
[1.016s] creating /home/shriram/Desktop/ros2Project/src/build/arduinobot_py/build/lib/arduinobot_py
[1.016s] copying arduinobot_py/simple_action_client.py -> /home/shriram/Desktop/ros2Project/src/build/arduinobot_py/build/lib/arduinobot_py
[1.016s] copying arduinobot_py/simple_action_server.py -> /home/shriram/Desktop/ros2Project/src/build/arduinobot_py/build/lib/arduinobot_py
[1.017s] copying arduinobot_py/simple_service_client.py -> /home/shriram/Desktop/ros2Project/src/build/arduinobot_py/build/lib/arduinobot_py
[1.017s] copying arduinobot_py/simple_parameter.py -> /home/shriram/Desktop/ros2Project/src/build/arduinobot_py/build/lib/arduinobot_py
[1.017s] copying arduinobot_py/__init__.py -> /home/shriram/Desktop/ros2Project/src/build/arduinobot_py/build/lib/arduinobot_py
[1.017s] copying arduinobot_py/simple_service_server.py -> /home/shriram/Desktop/ros2Project/src/build/arduinobot_py/build/lib/arduinobot_py
[1.017s] running install
[1.017s] running install_lib
[1.018s] creating /home/shriram/Desktop/ros2Project/src/install/arduinobot_py/lib/python3.10/site-packages/arduinobot_py
[1.019s] copying /home/shriram/Desktop/ros2Project/src/build/arduinobot_py/build/lib/arduinobot_py/simple_action_client.py -> /home/shriram/Desktop/ros2Project/src/install/arduinobot_py/lib/python3.10/site-packages/arduinobot_py
[1.019s] copying /home/shriram/Desktop/ros2Project/src/build/arduinobot_py/build/lib/arduinobot_py/simple_action_server.py -> /home/shriram/Desktop/ros2Project/src/install/arduinobot_py/lib/python3.10/site-packages/arduinobot_py
[1.019s] copying /home/shriram/Desktop/ros2Project/src/build/arduinobot_py/build/lib/arduinobot_py/simple_service_client.py -> /home/shriram/Desktop/ros2Project/src/install/arduinobot_py/lib/python3.10/site-packages/arduinobot_py
[1.019s] copying /home/shriram/Desktop/ros2Project/src/build/arduinobot_py/build/lib/arduinobot_py/simple_parameter.py -> /home/shriram/Desktop/ros2Project/src/install/arduinobot_py/lib/python3.10/site-packages/arduinobot_py
[1.019s] copying /home/shriram/Desktop/ros2Project/src/build/arduinobot_py/build/lib/arduinobot_py/__init__.py -> /home/shriram/Desktop/ros2Project/src/install/arduinobot_py/lib/python3.10/site-packages/arduinobot_py
[1.019s] copying /home/shriram/Desktop/ros2Project/src/build/arduinobot_py/build/lib/arduinobot_py/simple_service_server.py -> /home/shriram/Desktop/ros2Project/src/install/arduinobot_py/lib/python3.10/site-packages/arduinobot_py
[1.020s] byte-compiling /home/shriram/Desktop/ros2Project/src/install/arduinobot_py/lib/python3.10/site-packages/arduinobot_py/simple_action_client.py to simple_action_client.cpython-310.pyc
[1.020s] byte-compiling /home/shriram/Desktop/ros2Project/src/install/arduinobot_py/lib/python3.10/site-packages/arduinobot_py/simple_action_server.py to simple_action_server.cpython-310.pyc
[1.021s] byte-compiling /home/shriram/Desktop/ros2Project/src/install/arduinobot_py/lib/python3.10/site-packages/arduinobot_py/simple_service_client.py to simple_service_client.cpython-310.pyc
[1.021s] byte-compiling /home/shriram/Desktop/ros2Project/src/install/arduinobot_py/lib/python3.10/site-packages/arduinobot_py/simple_parameter.py to simple_parameter.cpython-310.pyc
[1.021s] byte-compiling /home/shriram/Desktop/ros2Project/src/install/arduinobot_py/lib/python3.10/site-packages/arduinobot_py/__init__.py to __init__.cpython-310.pyc
[1.022s] byte-compiling /home/shriram/Desktop/ros2Project/src/install/arduinobot_py/lib/python3.10/site-packages/arduinobot_py/simple_service_server.py to simple_service_server.cpython-310.pyc
[1.022s] running install_data
[1.023s] creating /home/shriram/Desktop/ros2Project/src/install/arduinobot_py/share/ament_index
[1.023s] creating /home/shriram/Desktop/ros2Project/src/install/arduinobot_py/share/ament_index/resource_index
[1.023s] creating /home/shriram/Desktop/ros2Project/src/install/arduinobot_py/share/ament_index/resource_index/packages
[1.023s] copying resource/arduinobot_py -> /home/shriram/Desktop/ros2Project/src/install/arduinobot_py/share/ament_index/resource_index/packages
[1.023s] copying package.xml -> /home/shriram/Desktop/ros2Project/src/install/arduinobot_py/share/arduinobot_py
[1.023s] running install_egg_info
[1.025s] Copying ../build/arduinobot_py/arduinobot_py.egg-info to /home/shriram/Desktop/ros2Project/src/install/arduinobot_py/lib/python3.10/site-packages/arduinobot_py-0.0.0-py3.10.egg-info
[1.025s] running install_scripts
[1.043s] Installing simple_action_client script to /home/shriram/Desktop/ros2Project/src/install/arduinobot_py/lib/arduinobot_py
[1.043s] Installing simple_action_server script to /home/shriram/Desktop/ros2Project/src/install/arduinobot_py/lib/arduinobot_py
[1.043s] Installing simple_parameter script to /home/shriram/Desktop/ros2Project/src/install/arduinobot_py/lib/arduinobot_py
[1.043s] Installing simple_service_client script to /home/shriram/Desktop/ros2Project/src/install/arduinobot_py/lib/arduinobot_py
[1.043s] Installing simple_service_server script to /home/shriram/Desktop/ros2Project/src/install/arduinobot_py/lib/arduinobot_py
[1.044s] writing list of installed files to '/home/shriram/Desktop/ros2Project/src/build/arduinobot_py/install.log'
[1.075s] Invoked command in '/home/shriram/Desktop/ros2Project/src/arduinobot_py' returned '0': AMENT_PREFIX_PATH=/home/shriram/Desktop/ros2Project/src/install/arduinobot_msgs:${AMENT_PREFIX_PATH} CMAKE_PREFIX_PATH=/home/shriram/Desktop/ros2Project/src/install/arduinobot_msgs:${CMAKE_PREFIX_PATH} LD_LIBRARY_PATH=/home/shriram/Desktop/ros2Project/src/install/arduinobot_msgs/lib:${LD_LIBRARY_PATH} PYTHONPATH=/home/shriram/Desktop/ros2Project/src/build/arduinobot_py/prefix_override:/home/shriram/Desktop/ros2Project/src/install/arduinobot_py/lib/python3.10/site-packages:/home/shriram/Desktop/ros2Project/src/install/arduinobot_msgs/local/lib/python3.10/dist-packages:${PYTHONPATH} /usr/bin/python3 setup.py egg_info --egg-base ../build/arduinobot_py build --build-base /home/shriram/Desktop/ros2Project/src/build/arduinobot_py/build install --record /home/shriram/Desktop/ros2Project/src/build/arduinobot_py/install.log --single-version-externally-managed
