[0.016s] Invoking command in '/home/shriram/Desktop/ros2Project/build/arduinobot_description': CMAKE_PREFIX_PATH=/opt/ros/humble /usr/bin/cmake --build /home/shriram/Desktop/ros2Project/build/arduinobot_description -- -j12 -l12
[0.265s] Invoked command in '/home/shriram/Desktop/ros2Project/build/arduinobot_description' returned '0': CMAKE_PREFIX_PATH=/opt/ros/humble /usr/bin/cmake --build /home/shriram/Desktop/ros2Project/build/arduinobot_description -- -j12 -l12
[0.284s] Invoking command in '/home/shriram/Desktop/ros2Project/build/arduinobot_description': CMAKE_PREFIX_PATH=/opt/ros/humble /usr/bin/cmake --install /home/shriram/Desktop/ros2Project/build/arduinobot_description
[0.289s] -- Install configuration: ""
[0.289s] -- Up-to-date: /home/shriram/Desktop/ros2Project/install/arduinobot_description/share/$(PROJECT_NAME)/meshes
[0.289s] -- Up-to-date: /home/shriram/Desktop/ros2Project/install/arduinobot_description/share/$(PROJECT_NAME)/meshes/forward_drive_arm.STL
[0.289s] -- Up-to-date: /home/shriram/Desktop/ros2Project/install/arduinobot_description/share/$(PROJECT_NAME)/meshes/vertical_drive_arm.STL
[0.289s] -- Up-to-date: /home/shriram/Desktop/ros2Project/install/arduinobot_description/share/$(PROJECT_NAME)/meshes/round_plate.STL
[0.289s] -- Up-to-date: /home/shriram/Desktop/ros2Project/install/arduinobot_description/share/$(PROJECT_NAME)/meshes/right_finger.STL
[0.289s] -- Up-to-date: /home/shriram/Desktop/ros2Project/install/arduinobot_description/share/$(PROJECT_NAME)/meshes/plate.STL
[0.289s] -- Up-to-date: /home/shriram/Desktop/ros2Project/install/arduinobot_description/share/$(PROJECT_NAME)/meshes/claw_support.STL
[0.290s] -- Up-to-date: /home/shriram/Desktop/ros2Project/install/arduinobot_description/share/$(PROJECT_NAME)/meshes/basement.STL
[0.290s] -- Up-to-date: /home/shriram/Desktop/ros2Project/install/arduinobot_description/share/$(PROJECT_NAME)/meshes/left_finger.STL
[0.290s] -- Up-to-date: /home/shriram/Desktop/ros2Project/install/arduinobot_description/share/$(PROJECT_NAME)/meshes/link.STL
[0.290s] -- Up-to-date: /home/shriram/Desktop/ros2Project/install/arduinobot_description/share/$(PROJECT_NAME)/meshes/base_plate.STL
[0.290s] -- Up-to-date: /home/shriram/Desktop/ros2Project/install/arduinobot_description/share/$(PROJECT_NAME)/meshes/servo_plate.STL
[0.290s] -- Up-to-date: /home/shriram/Desktop/ros2Project/install/arduinobot_description/share/$(PROJECT_NAME)/meshes/horizontal_arm.STL
[0.290s] -- Up-to-date: /home/shriram/Desktop/ros2Project/install/arduinobot_description/share/$(PROJECT_NAME)/meshes/triangular_link.STL
[0.290s] -- Up-to-date: /home/shriram/Desktop/ros2Project/install/arduinobot_description/share/$(PROJECT_NAME)/urdf
[0.290s] -- Up-to-date: /home/shriram/Desktop/ros2Project/install/arduinobot_description/share/$(PROJECT_NAME)/urdf/arduinobot.urdf.xacro
[0.290s] -- Up-to-date: /home/shriram/Desktop/ros2Project/install/arduinobot_description/share/$(PROJECT_NAME)/launch
[0.290s] -- Up-to-date: /home/shriram/Desktop/ros2Project/install/arduinobot_description/share/$(PROJECT_NAME)/launch/display.launch.py
[0.290s] -- Up-to-date: /home/shriram/Desktop/ros2Project/install/arduinobot_description/share/$(PROJECT_NAME)/launch/gazebo.launch.py
[0.290s] -- Installing: /home/shriram/Desktop/ros2Project/install/arduinobot_description/share/$(PROJECT_NAME)/rviz
[0.290s] -- Installing: /home/shriram/Desktop/ros2Project/install/arduinobot_description/share/$(PROJECT_NAME)/rviz/display.rviz
[0.290s] -- Installing: /home/shriram/Desktop/ros2Project/install/arduinobot_description/share/ament_index/resource_index/package_run_dependencies/arduinobot_description
[0.290s] -- Up-to-date: /home/shriram/Desktop/ros2Project/install/arduinobot_description/share/ament_index/resource_index/parent_prefix_path/arduinobot_description
[0.290s] -- Up-to-date: /home/shriram/Desktop/ros2Project/install/arduinobot_description/share/arduinobot_description/environment/ament_prefix_path.sh
[0.290s] -- Installing: /home/shriram/Desktop/ros2Project/install/arduinobot_description/share/arduinobot_description/environment/ament_prefix_path.dsv
[0.291s] -- Up-to-date: /home/shriram/Desktop/ros2Project/install/arduinobot_description/share/arduinobot_description/environment/path.sh
[0.291s] -- Installing: /home/shriram/Desktop/ros2Project/install/arduinobot_description/share/arduinobot_description/environment/path.dsv
[0.291s] -- Up-to-date: /home/shriram/Desktop/ros2Project/install/arduinobot_description/share/arduinobot_description/local_setup.bash
[0.291s] -- Up-to-date: /home/shriram/Desktop/ros2Project/install/arduinobot_description/share/arduinobot_description/local_setup.sh
[0.291s] -- Up-to-date: /home/shriram/Desktop/ros2Project/install/arduinobot_description/share/arduinobot_description/local_setup.zsh
[0.291s] -- Installing: /home/shriram/Desktop/ros2Project/install/arduinobot_description/share/arduinobot_description/local_setup.dsv
[0.291s] -- Up-to-date: /home/shriram/Desktop/ros2Project/install/arduinobot_description/share/arduinobot_description/package.dsv
[0.291s] -- Up-to-date: /home/shriram/Desktop/ros2Project/install/arduinobot_description/share/ament_index/resource_index/packages/arduinobot_description
[0.291s] -- Up-to-date: /home/shriram/Desktop/ros2Project/install/arduinobot_description/share/arduinobot_description/cmake/arduinobot_descriptionConfig.cmake
[0.291s] -- Up-to-date: /home/shriram/Desktop/ros2Project/install/arduinobot_description/share/arduinobot_description/cmake/arduinobot_descriptionConfig-version.cmake
[0.292s] -- Installing: /home/shriram/Desktop/ros2Project/install/arduinobot_description/share/arduinobot_description/package.xml
[0.292s] Invoked command in '/home/shriram/Desktop/ros2Project/build/arduinobot_description' returned '0': CMAKE_PREFIX_PATH=/opt/ros/humble /usr/bin/cmake --install /home/shriram/Desktop/ros2Project/build/arduinobot_description
