[0.019s] Invoking command in '/home/shriram/Desktop/ros2Project/src/build/arduinobot_controller': CMAKE_PREFIX_PATH=${CMAKE_PREFIX_PATH}:/home/shriram/Desktop/ros2Project/install/arduinobot_py:/opt/ros/humble /usr/bin/cmake --build /home/shriram/Desktop/ros2Project/src/build/arduinobot_controller -- -j12 -l12
[0.048s] Invoked command in '/home/shriram/Desktop/ros2Project/src/build/arduinobot_controller' returned '0': CMAKE_PREFIX_PATH=${CMAKE_PREFIX_PATH}:/home/shriram/Desktop/ros2Project/install/arduinobot_py:/opt/ros/humble /usr/bin/cmake --build /home/shriram/Desktop/ros2Project/src/build/arduinobot_controller -- -j12 -l12
[0.074s] Invoking command in '/home/shriram/Desktop/ros2Project/src/build/arduinobot_controller': CMAKE_PREFIX_PATH=${CMAKE_PREFIX_PATH}:/home/shriram/Desktop/ros2Project/install/arduinobot_py:/opt/ros/humble /usr/bin/cmake --install /home/shriram/Desktop/ros2Project/src/build/arduinobot_controller
[0.084s] -- Install configuration: ""
[0.084s] -- Up-to-date: /home/shriram/Desktop/ros2Project/src/install/arduinobot_controller/share/arduinobot_controller/config
[0.084s] -- Up-to-date: /home/shriram/Desktop/ros2Project/src/install/arduinobot_controller/share/arduinobot_controller/config/arduinobot_controllers.yaml
[0.084s] -- Up-to-date: /home/shriram/Desktop/ros2Project/src/install/arduinobot_controller/share/arduinobot_controller/config/arduinobot_controllers1.yaml
[0.084s] -- Up-to-date: /home/shriram/Desktop/ros2Project/src/install/arduinobot_controller/share/arduinobot_controller/launch
[0.084s] -- Up-to-date: /home/shriram/Desktop/ros2Project/src/install/arduinobot_controller/share/arduinobot_controller/launch/controller.launch.py
[0.084s] -- Up-to-date: /home/shriram/Desktop/ros2Project/src/install/arduinobot_controller/share/ament_index/resource_index/package_run_dependencies/arduinobot_controller
[0.084s] -- Up-to-date: /home/shriram/Desktop/ros2Project/src/install/arduinobot_controller/share/ament_index/resource_index/parent_prefix_path/arduinobot_controller
[0.084s] -- Up-to-date: /home/shriram/Desktop/ros2Project/src/install/arduinobot_controller/share/arduinobot_controller/environment/ament_prefix_path.sh
[0.085s] -- Up-to-date: /home/shriram/Desktop/ros2Project/src/install/arduinobot_controller/share/arduinobot_controller/environment/ament_prefix_path.dsv
[0.085s] -- Up-to-date: /home/shriram/Desktop/ros2Project/src/install/arduinobot_controller/share/arduinobot_controller/environment/path.sh
[0.085s] -- Up-to-date: /home/shriram/Desktop/ros2Project/src/install/arduinobot_controller/share/arduinobot_controller/environment/path.dsv
[0.085s] -- Up-to-date: /home/shriram/Desktop/ros2Project/src/install/arduinobot_controller/share/arduinobot_controller/local_setup.bash
[0.085s] -- Up-to-date: /home/shriram/Desktop/ros2Project/src/install/arduinobot_controller/share/arduinobot_controller/local_setup.sh
[0.085s] -- Up-to-date: /home/shriram/Desktop/ros2Project/src/install/arduinobot_controller/share/arduinobot_controller/local_setup.zsh
[0.086s] -- Up-to-date: /home/shriram/Desktop/ros2Project/src/install/arduinobot_controller/share/arduinobot_controller/local_setup.dsv
[0.086s] -- Up-to-date: /home/shriram/Desktop/ros2Project/src/install/arduinobot_controller/share/arduinobot_controller/package.dsv
[0.086s] -- Up-to-date: /home/shriram/Desktop/ros2Project/src/install/arduinobot_controller/share/ament_index/resource_index/packages/arduinobot_controller
[0.086s] -- Up-to-date: /home/shriram/Desktop/ros2Project/src/install/arduinobot_controller/share/arduinobot_controller/cmake/arduinobot_controllerConfig.cmake
[0.086s] -- Up-to-date: /home/shriram/Desktop/ros2Project/src/install/arduinobot_controller/share/arduinobot_controller/cmake/arduinobot_controllerConfig-version.cmake
[0.086s] -- Up-to-date: /home/shriram/Desktop/ros2Project/src/install/arduinobot_controller/share/arduinobot_controller/package.xml
[0.118s] Invoked command in '/home/shriram/Desktop/ros2Project/src/build/arduinobot_controller' returned '0': CMAKE_PREFIX_PATH=${CMAKE_PREFIX_PATH}:/home/shriram/Desktop/ros2Project/install/arduinobot_py:/opt/ros/humble /usr/bin/cmake --install /home/shriram/Desktop/ros2Project/src/build/arduinobot_controller
