[0.304s] DEBUG:colcon:Command line arguments: ['/usr/bin/colcon', 'build']
[0.304s] DEBUG:colcon:Parsed command line arguments: Namespace(log_base=None, log_level=None, verb_name='build', build_base='build', install_base='install', merge_install=False, symlink_install=False, test_result_base=None, continue_on_error=False, executor='parallel', parallel_workers=12, event_handlers=None, ignore_user_meta=False, metas=['./colcon.meta'], base_paths=['.'], packages_ignore=None, packages_ignore_regex=None, paths=None, packages_up_to=None, packages_up_to_regex=None, packages_above=None, packages_above_and_dependencies=None, packages_above_depth=None, packages_select_by_dep=None, packages_skip_by_dep=None, packages_skip_up_to=None, packages_select_build_failed=False, packages_skip_build_finished=False, packages_select_test_failures=False, packages_skip_test_passed=False, packages_select=None, packages_skip=None, packages_select_regex=None, packages_skip_regex=None, packages_start=None, packages_end=None, allow_overriding=[], cmake_args=None, cmake_target=None, cmake_target_skip_unavailable=False, cmake_clean_cache=False, cmake_clean_first=False, cmake_force_configure=False, ament_cmake_args=None, catkin_cmake_args=None, catkin_skip_building_tests=False, mixin_files=None, mixin=None, verb_parser=<colcon_mixin.mixin.mixin_argument.MixinArgumentDecorator object at 0x7f8188787a90>, verb_extension=<colcon_core.verb.build.BuildVerb object at 0x7f8188179510>, main=<bound method BuildVerb.main of <colcon_core.verb.build.BuildVerb object at 0x7f8188179510>>, mixin_verb=('build',))
[0.322s] Level 1:colcon.colcon_core.package_discovery:discover_packages(colcon_meta) check parameters
[0.322s] Level 1:colcon.colcon_core.package_discovery:discover_packages(recursive) check parameters
[0.322s] Level 1:colcon.colcon_core.package_discovery:discover_packages(ignore) check parameters
[0.322s] Level 1:colcon.colcon_core.package_discovery:discover_packages(path) check parameters
[0.322s] Level 1:colcon.colcon_core.package_discovery:discover_packages(colcon_meta) discover
[0.322s] Level 1:colcon.colcon_core.package_discovery:discover_packages(recursive) discover
[0.322s] INFO:colcon.colcon_core.package_discovery:Crawling recursively for packages in '/home/shriram/Desktop/ros2Project/src'
[0.322s] Level 1:colcon.colcon_core.package_identification:_identify(.) by extensions ['ignore', 'ignore_ament_install']
[0.322s] Level 1:colcon.colcon_core.package_identification:_identify(.) by extension 'ignore'
[0.322s] Level 1:colcon.colcon_core.package_identification:_identify(.) by extension 'ignore_ament_install'
[0.322s] Level 1:colcon.colcon_core.package_identification:_identify(.) by extensions ['colcon_pkg']
[0.322s] Level 1:colcon.colcon_core.package_identification:_identify(.) by extension 'colcon_pkg'
[0.322s] Level 1:colcon.colcon_core.package_identification:_identify(.) by extensions ['colcon_meta']
[0.322s] Level 1:colcon.colcon_core.package_identification:_identify(.) by extension 'colcon_meta'
[0.322s] Level 1:colcon.colcon_core.package_identification:_identify(.) by extensions ['ros']
[0.323s] Level 1:colcon.colcon_core.package_identification:_identify(.) by extension 'ros'
[0.331s] Level 1:colcon.colcon_core.package_identification:_identify(.) by extensions ['cmake', 'python']
[0.331s] Level 1:colcon.colcon_core.package_identification:_identify(.) by extension 'cmake'
[0.331s] Level 1:colcon.colcon_core.package_identification:_identify(.) by extension 'python'
[0.331s] Level 1:colcon.colcon_core.package_identification:_identify(.) by extensions ['python_setup_py']
[0.331s] Level 1:colcon.colcon_core.package_identification:_identify(.) by extension 'python_setup_py'
[0.331s] Level 1:colcon.colcon_core.package_identification:_identify(arduinobot_controller) by extensions ['ignore', 'ignore_ament_install']
[0.331s] Level 1:colcon.colcon_core.package_identification:_identify(arduinobot_controller) by extension 'ignore'
[0.331s] Level 1:colcon.colcon_core.package_identification:_identify(arduinobot_controller) by extension 'ignore_ament_install'
[0.331s] Level 1:colcon.colcon_core.package_identification:_identify(arduinobot_controller) by extensions ['colcon_pkg']
[0.331s] Level 1:colcon.colcon_core.package_identification:_identify(arduinobot_controller) by extension 'colcon_pkg'
[0.331s] Level 1:colcon.colcon_core.package_identification:_identify(arduinobot_controller) by extensions ['colcon_meta']
[0.331s] Level 1:colcon.colcon_core.package_identification:_identify(arduinobot_controller) by extension 'colcon_meta'
[0.331s] Level 1:colcon.colcon_core.package_identification:_identify(arduinobot_controller) by extensions ['ros']
[0.331s] Level 1:colcon.colcon_core.package_identification:_identify(arduinobot_controller) by extension 'ros'
[0.333s] DEBUG:colcon.colcon_core.package_identification:Package 'arduinobot_controller' with type 'ros.ament_cmake' and name 'arduinobot_controller'
[0.333s] Level 1:colcon.colcon_core.package_identification:_identify(arduinobot_cpp) by extensions ['ignore', 'ignore_ament_install']
[0.333s] Level 1:colcon.colcon_core.package_identification:_identify(arduinobot_cpp) by extension 'ignore'
[0.333s] Level 1:colcon.colcon_core.package_identification:_identify(arduinobot_cpp) by extension 'ignore_ament_install'
[0.333s] Level 1:colcon.colcon_core.package_identification:_identify(arduinobot_cpp) by extensions ['colcon_pkg']
[0.334s] Level 1:colcon.colcon_core.package_identification:_identify(arduinobot_cpp) by extension 'colcon_pkg'
[0.334s] Level 1:colcon.colcon_core.package_identification:_identify(arduinobot_cpp) by extensions ['colcon_meta']
[0.334s] Level 1:colcon.colcon_core.package_identification:_identify(arduinobot_cpp) by extension 'colcon_meta'
[0.334s] Level 1:colcon.colcon_core.package_identification:_identify(arduinobot_cpp) by extensions ['ros']
[0.334s] Level 1:colcon.colcon_core.package_identification:_identify(arduinobot_cpp) by extension 'ros'
[0.334s] DEBUG:colcon.colcon_core.package_identification:Package 'arduinobot_cpp' with type 'ros.ament_cmake' and name 'arduinobot_cpp_examples'
[0.334s] Level 1:colcon.colcon_core.package_identification:_identify(arduinobot_description) by extensions ['ignore', 'ignore_ament_install']
[0.334s] Level 1:colcon.colcon_core.package_identification:_identify(arduinobot_description) by extension 'ignore'
[0.334s] Level 1:colcon.colcon_core.package_identification:_identify(arduinobot_description) by extension 'ignore_ament_install'
[0.335s] Level 1:colcon.colcon_core.package_identification:_identify(arduinobot_description) by extensions ['colcon_pkg']
[0.335s] Level 1:colcon.colcon_core.package_identification:_identify(arduinobot_description) by extension 'colcon_pkg'
[0.335s] Level 1:colcon.colcon_core.package_identification:_identify(arduinobot_description) by extensions ['colcon_meta']
[0.335s] Level 1:colcon.colcon_core.package_identification:_identify(arduinobot_description) by extension 'colcon_meta'
[0.335s] Level 1:colcon.colcon_core.package_identification:_identify(arduinobot_description) by extensions ['ros']
[0.335s] Level 1:colcon.colcon_core.package_identification:_identify(arduinobot_description) by extension 'ros'
[0.335s] DEBUG:colcon.colcon_core.package_identification:Package 'arduinobot_description' with type 'ros.ament_cmake' and name 'arduinobot_description'
[0.335s] Level 1:colcon.colcon_core.package_identification:_identify(arduinobot_moveit) by extensions ['ignore', 'ignore_ament_install']
[0.335s] Level 1:colcon.colcon_core.package_identification:_identify(arduinobot_moveit) by extension 'ignore'
[0.335s] Level 1:colcon.colcon_core.package_identification:_identify(arduinobot_moveit) by extension 'ignore_ament_install'
[0.335s] Level 1:colcon.colcon_core.package_identification:_identify(arduinobot_moveit) by extensions ['colcon_pkg']
[0.335s] Level 1:colcon.colcon_core.package_identification:_identify(arduinobot_moveit) by extension 'colcon_pkg'
[0.335s] Level 1:colcon.colcon_core.package_identification:_identify(arduinobot_moveit) by extensions ['colcon_meta']
[0.335s] Level 1:colcon.colcon_core.package_identification:_identify(arduinobot_moveit) by extension 'colcon_meta'
[0.335s] Level 1:colcon.colcon_core.package_identification:_identify(arduinobot_moveit) by extensions ['ros']
[0.336s] Level 1:colcon.colcon_core.package_identification:_identify(arduinobot_moveit) by extension 'ros'
[0.336s] DEBUG:colcon.colcon_core.package_identification:Package 'arduinobot_moveit' with type 'ros.ament_cmake' and name 'arduinobot_moveit'
[0.336s] Level 1:colcon.colcon_core.package_identification:_identify(arduinobot_msgs) by extensions ['ignore', 'ignore_ament_install']
[0.336s] Level 1:colcon.colcon_core.package_identification:_identify(arduinobot_msgs) by extension 'ignore'
[0.336s] Level 1:colcon.colcon_core.package_identification:_identify(arduinobot_msgs) by extension 'ignore_ament_install'
[0.336s] Level 1:colcon.colcon_core.package_identification:_identify(arduinobot_msgs) by extensions ['colcon_pkg']
[0.336s] Level 1:colcon.colcon_core.package_identification:_identify(arduinobot_msgs) by extension 'colcon_pkg'
[0.336s] Level 1:colcon.colcon_core.package_identification:_identify(arduinobot_msgs) by extensions ['colcon_meta']
[0.336s] Level 1:colcon.colcon_core.package_identification:_identify(arduinobot_msgs) by extension 'colcon_meta'
[0.336s] Level 1:colcon.colcon_core.package_identification:_identify(arduinobot_msgs) by extensions ['ros']
[0.336s] Level 1:colcon.colcon_core.package_identification:_identify(arduinobot_msgs) by extension 'ros'
[0.337s] DEBUG:colcon.colcon_core.package_identification:Package 'arduinobot_msgs' with type 'ros.ament_cmake' and name 'arduinobot_msgs'
[0.337s] Level 1:colcon.colcon_core.package_identification:_identify(arduinobot_py) by extensions ['ignore', 'ignore_ament_install']
[0.337s] Level 1:colcon.colcon_core.package_identification:_identify(arduinobot_py) by extension 'ignore'
[0.337s] Level 1:colcon.colcon_core.package_identification:_identify(arduinobot_py) by extension 'ignore_ament_install'
[0.337s] Level 1:colcon.colcon_core.package_identification:_identify(arduinobot_py) by extensions ['colcon_pkg']
[0.337s] Level 1:colcon.colcon_core.package_identification:_identify(arduinobot_py) by extension 'colcon_pkg'
[0.337s] Level 1:colcon.colcon_core.package_identification:_identify(arduinobot_py) by extensions ['colcon_meta']
[0.337s] Level 1:colcon.colcon_core.package_identification:_identify(arduinobot_py) by extension 'colcon_meta'
[0.337s] Level 1:colcon.colcon_core.package_identification:_identify(arduinobot_py) by extensions ['ros']
[0.337s] Level 1:colcon.colcon_core.package_identification:_identify(arduinobot_py) by extension 'ros'
[0.337s] DEBUG:colcon.colcon_core.package_identification:Package 'arduinobot_py' with type 'ros.ament_python' and name 'arduinobot_py'
[0.338s] Level 1:colcon.colcon_core.package_identification:_identify(arduinobot_utils) by extensions ['ignore', 'ignore_ament_install']
[0.338s] Level 1:colcon.colcon_core.package_identification:_identify(arduinobot_utils) by extension 'ignore'
[0.338s] Level 1:colcon.colcon_core.package_identification:_identify(arduinobot_utils) by extension 'ignore_ament_install'
[0.338s] Level 1:colcon.colcon_core.package_identification:_identify(arduinobot_utils) by extensions ['colcon_pkg']
[0.338s] Level 1:colcon.colcon_core.package_identification:_identify(arduinobot_utils) by extension 'colcon_pkg'
[0.338s] Level 1:colcon.colcon_core.package_identification:_identify(arduinobot_utils) by extensions ['colcon_meta']
[0.338s] Level 1:colcon.colcon_core.package_identification:_identify(arduinobot_utils) by extension 'colcon_meta'
[0.338s] Level 1:colcon.colcon_core.package_identification:_identify(arduinobot_utils) by extensions ['ros']
[0.338s] Level 1:colcon.colcon_core.package_identification:_identify(arduinobot_utils) by extension 'ros'
[0.338s] DEBUG:colcon.colcon_core.package_identification:Package 'arduinobot_utils' with type 'ros.ament_cmake' and name 'arduinobot_utils'
[0.338s] Level 1:colcon.colcon_core.package_identification:_identify(build) by extensions ['ignore', 'ignore_ament_install']
[0.338s] Level 1:colcon.colcon_core.package_identification:_identify(build) by extension 'ignore'
[0.338s] Level 1:colcon.colcon_core.package_identification:_identify(build) ignored
[0.339s] Level 1:colcon.colcon_core.package_identification:_identify(install) by extensions ['ignore', 'ignore_ament_install']
[0.339s] Level 1:colcon.colcon_core.package_identification:_identify(install) by extension 'ignore'
[0.339s] Level 1:colcon.colcon_core.package_identification:_identify(install) ignored
[0.339s] Level 1:colcon.colcon_core.package_identification:_identify(log) by extensions ['ignore', 'ignore_ament_install']
[0.339s] Level 1:colcon.colcon_core.package_identification:_identify(log) by extension 'ignore'
[0.339s] Level 1:colcon.colcon_core.package_identification:_identify(log) ignored
[0.339s] Level 1:colcon.colcon_core.package_discovery:discover_packages(recursive) using defaults
[0.339s] Level 1:colcon.colcon_core.package_discovery:discover_packages(ignore) discover
[0.339s] Level 1:colcon.colcon_core.package_discovery:discover_packages(ignore) using defaults
[0.339s] Level 1:colcon.colcon_core.package_discovery:discover_packages(path) discover
[0.339s] Level 1:colcon.colcon_core.package_discovery:discover_packages(path) using defaults
[0.357s] Level 1:colcon.colcon_core.package_discovery:discover_packages(prefix_path) check parameters
[0.357s] Level 1:colcon.colcon_core.package_discovery:discover_packages(prefix_path) discover
[0.359s] DEBUG:colcon.colcon_installed_package_information.package_discovery:Found 6 installed packages in /home/shriram/Desktop/ros2Project/install
[0.360s] DEBUG:colcon.colcon_installed_package_information.package_discovery:Found 456 installed packages in /opt/ros/humble
[0.362s] Level 1:colcon.colcon_core.package_discovery:discover_packages(prefix_path) using defaults
[0.422s] Level 5:colcon.colcon_core.verb:set package 'arduinobot_controller' build argument 'cmake_args' from command line to 'None'
[0.422s] Level 5:colcon.colcon_core.verb:set package 'arduinobot_controller' build argument 'cmake_target' from command line to 'None'
[0.422s] Level 5:colcon.colcon_core.verb:set package 'arduinobot_controller' build argument 'cmake_target_skip_unavailable' from command line to 'False'
[0.422s] Level 5:colcon.colcon_core.verb:set package 'arduinobot_controller' build argument 'cmake_clean_cache' from command line to 'False'
[0.422s] Level 5:colcon.colcon_core.verb:set package 'arduinobot_controller' build argument 'cmake_clean_first' from command line to 'False'
[0.422s] Level 5:colcon.colcon_core.verb:set package 'arduinobot_controller' build argument 'cmake_force_configure' from command line to 'False'
[0.422s] Level 5:colcon.colcon_core.verb:set package 'arduinobot_controller' build argument 'ament_cmake_args' from command line to 'None'
[0.422s] Level 5:colcon.colcon_core.verb:set package 'arduinobot_controller' build argument 'catkin_cmake_args' from command line to 'None'
[0.422s] Level 5:colcon.colcon_core.verb:set package 'arduinobot_controller' build argument 'catkin_skip_building_tests' from command line to 'False'
[0.422s] DEBUG:colcon.colcon_core.verb:Building package 'arduinobot_controller' with the following arguments: {'ament_cmake_args': None, 'build_base': '/home/shriram/Desktop/ros2Project/src/build/arduinobot_controller', 'catkin_cmake_args': None, 'catkin_skip_building_tests': False, 'cmake_args': None, 'cmake_clean_cache': False, 'cmake_clean_first': False, 'cmake_force_configure': False, 'cmake_target': None, 'cmake_target_skip_unavailable': False, 'install_base': '/home/shriram/Desktop/ros2Project/src/install/arduinobot_controller', 'merge_install': False, 'path': '/home/shriram/Desktop/ros2Project/src/arduinobot_controller', 'symlink_install': False, 'test_result_base': None}
[0.423s] Level 5:colcon.colcon_core.verb:set package 'arduinobot_description' build argument 'cmake_args' from command line to 'None'
[0.423s] Level 5:colcon.colcon_core.verb:set package 'arduinobot_description' build argument 'cmake_target' from command line to 'None'
[0.423s] Level 5:colcon.colcon_core.verb:set package 'arduinobot_description' build argument 'cmake_target_skip_unavailable' from command line to 'False'
[0.423s] Level 5:colcon.colcon_core.verb:set package 'arduinobot_description' build argument 'cmake_clean_cache' from command line to 'False'
[0.423s] Level 5:colcon.colcon_core.verb:set package 'arduinobot_description' build argument 'cmake_clean_first' from command line to 'False'
[0.423s] Level 5:colcon.colcon_core.verb:set package 'arduinobot_description' build argument 'cmake_force_configure' from command line to 'False'
[0.423s] Level 5:colcon.colcon_core.verb:set package 'arduinobot_description' build argument 'ament_cmake_args' from command line to 'None'
[0.423s] Level 5:colcon.colcon_core.verb:set package 'arduinobot_description' build argument 'catkin_cmake_args' from command line to 'None'
[0.423s] Level 5:colcon.colcon_core.verb:set package 'arduinobot_description' build argument 'catkin_skip_building_tests' from command line to 'False'
[0.423s] DEBUG:colcon.colcon_core.verb:Building package 'arduinobot_description' with the following arguments: {'ament_cmake_args': None, 'build_base': '/home/shriram/Desktop/ros2Project/src/build/arduinobot_description', 'catkin_cmake_args': None, 'catkin_skip_building_tests': False, 'cmake_args': None, 'cmake_clean_cache': False, 'cmake_clean_first': False, 'cmake_force_configure': False, 'cmake_target': None, 'cmake_target_skip_unavailable': False, 'install_base': '/home/shriram/Desktop/ros2Project/src/install/arduinobot_description', 'merge_install': False, 'path': '/home/shriram/Desktop/ros2Project/src/arduinobot_description', 'symlink_install': False, 'test_result_base': None}
[0.424s] Level 5:colcon.colcon_core.verb:set package 'arduinobot_moveit' build argument 'cmake_args' from command line to 'None'
[0.424s] Level 5:colcon.colcon_core.verb:set package 'arduinobot_moveit' build argument 'cmake_target' from command line to 'None'
[0.424s] Level 5:colcon.colcon_core.verb:set package 'arduinobot_moveit' build argument 'cmake_target_skip_unavailable' from command line to 'False'
[0.424s] Level 5:colcon.colcon_core.verb:set package 'arduinobot_moveit' build argument 'cmake_clean_cache' from command line to 'False'
[0.424s] Level 5:colcon.colcon_core.verb:set package 'arduinobot_moveit' build argument 'cmake_clean_first' from command line to 'False'
[0.424s] Level 5:colcon.colcon_core.verb:set package 'arduinobot_moveit' build argument 'cmake_force_configure' from command line to 'False'
[0.424s] Level 5:colcon.colcon_core.verb:set package 'arduinobot_moveit' build argument 'ament_cmake_args' from command line to 'None'
[0.424s] Level 5:colcon.colcon_core.verb:set package 'arduinobot_moveit' build argument 'catkin_cmake_args' from command line to 'None'
[0.424s] Level 5:colcon.colcon_core.verb:set package 'arduinobot_moveit' build argument 'catkin_skip_building_tests' from command line to 'False'
[0.424s] DEBUG:colcon.colcon_core.verb:Building package 'arduinobot_moveit' with the following arguments: {'ament_cmake_args': None, 'build_base': '/home/shriram/Desktop/ros2Project/src/build/arduinobot_moveit', 'catkin_cmake_args': None, 'catkin_skip_building_tests': False, 'cmake_args': None, 'cmake_clean_cache': False, 'cmake_clean_first': False, 'cmake_force_configure': False, 'cmake_target': None, 'cmake_target_skip_unavailable': False, 'install_base': '/home/shriram/Desktop/ros2Project/src/install/arduinobot_moveit', 'merge_install': False, 'path': '/home/shriram/Desktop/ros2Project/src/arduinobot_moveit', 'symlink_install': False, 'test_result_base': None}
[0.425s] Level 5:colcon.colcon_core.verb:set package 'arduinobot_msgs' build argument 'cmake_args' from command line to 'None'
[0.425s] Level 5:colcon.colcon_core.verb:set package 'arduinobot_msgs' build argument 'cmake_target' from command line to 'None'
[0.425s] Level 5:colcon.colcon_core.verb:set package 'arduinobot_msgs' build argument 'cmake_target_skip_unavailable' from command line to 'False'
[0.425s] Level 5:colcon.colcon_core.verb:set package 'arduinobot_msgs' build argument 'cmake_clean_cache' from command line to 'False'
[0.425s] Level 5:colcon.colcon_core.verb:set package 'arduinobot_msgs' build argument 'cmake_clean_first' from command line to 'False'
[0.425s] Level 5:colcon.colcon_core.verb:set package 'arduinobot_msgs' build argument 'cmake_force_configure' from command line to 'False'
[0.425s] Level 5:colcon.colcon_core.verb:set package 'arduinobot_msgs' build argument 'ament_cmake_args' from command line to 'None'
[0.425s] Level 5:colcon.colcon_core.verb:set package 'arduinobot_msgs' build argument 'catkin_cmake_args' from command line to 'None'
[0.425s] Level 5:colcon.colcon_core.verb:set package 'arduinobot_msgs' build argument 'catkin_skip_building_tests' from command line to 'False'
[0.425s] DEBUG:colcon.colcon_core.verb:Building package 'arduinobot_msgs' with the following arguments: {'ament_cmake_args': None, 'build_base': '/home/shriram/Desktop/ros2Project/src/build/arduinobot_msgs', 'catkin_cmake_args': None, 'catkin_skip_building_tests': False, 'cmake_args': None, 'cmake_clean_cache': False, 'cmake_clean_first': False, 'cmake_force_configure': False, 'cmake_target': None, 'cmake_target_skip_unavailable': False, 'install_base': '/home/shriram/Desktop/ros2Project/src/install/arduinobot_msgs', 'merge_install': False, 'path': '/home/shriram/Desktop/ros2Project/src/arduinobot_msgs', 'symlink_install': False, 'test_result_base': None}
[0.426s] Level 5:colcon.colcon_core.verb:set package 'arduinobot_cpp_examples' build argument 'cmake_args' from command line to 'None'
[0.426s] Level 5:colcon.colcon_core.verb:set package 'arduinobot_cpp_examples' build argument 'cmake_target' from command line to 'None'
[0.426s] Level 5:colcon.colcon_core.verb:set package 'arduinobot_cpp_examples' build argument 'cmake_target_skip_unavailable' from command line to 'False'
[0.426s] Level 5:colcon.colcon_core.verb:set package 'arduinobot_cpp_examples' build argument 'cmake_clean_cache' from command line to 'False'
[0.426s] Level 5:colcon.colcon_core.verb:set package 'arduinobot_cpp_examples' build argument 'cmake_clean_first' from command line to 'False'
[0.426s] Level 5:colcon.colcon_core.verb:set package 'arduinobot_cpp_examples' build argument 'cmake_force_configure' from command line to 'False'
[0.426s] Level 5:colcon.colcon_core.verb:set package 'arduinobot_cpp_examples' build argument 'ament_cmake_args' from command line to 'None'
[0.426s] Level 5:colcon.colcon_core.verb:set package 'arduinobot_cpp_examples' build argument 'catkin_cmake_args' from command line to 'None'
[0.426s] Level 5:colcon.colcon_core.verb:set package 'arduinobot_cpp_examples' build argument 'catkin_skip_building_tests' from command line to 'False'
[0.426s] DEBUG:colcon.colcon_core.verb:Building package 'arduinobot_cpp_examples' with the following arguments: {'ament_cmake_args': None, 'build_base': '/home/shriram/Desktop/ros2Project/src/build/arduinobot_cpp_examples', 'catkin_cmake_args': None, 'catkin_skip_building_tests': False, 'cmake_args': None, 'cmake_clean_cache': False, 'cmake_clean_first': False, 'cmake_force_configure': False, 'cmake_target': None, 'cmake_target_skip_unavailable': False, 'install_base': '/home/shriram/Desktop/ros2Project/src/install/arduinobot_cpp_examples', 'merge_install': False, 'path': '/home/shriram/Desktop/ros2Project/src/arduinobot_cpp', 'symlink_install': False, 'test_result_base': None}
[0.427s] Level 5:colcon.colcon_core.verb:set package 'arduinobot_py' build argument 'cmake_args' from command line to 'None'
[0.427s] Level 5:colcon.colcon_core.verb:set package 'arduinobot_py' build argument 'cmake_target' from command line to 'None'
[0.427s] Level 5:colcon.colcon_core.verb:set package 'arduinobot_py' build argument 'cmake_target_skip_unavailable' from command line to 'False'
[0.427s] Level 5:colcon.colcon_core.verb:set package 'arduinobot_py' build argument 'cmake_clean_cache' from command line to 'False'
[0.427s] Level 5:colcon.colcon_core.verb:set package 'arduinobot_py' build argument 'cmake_clean_first' from command line to 'False'
[0.427s] Level 5:colcon.colcon_core.verb:set package 'arduinobot_py' build argument 'cmake_force_configure' from command line to 'False'
[0.427s] Level 5:colcon.colcon_core.verb:set package 'arduinobot_py' build argument 'ament_cmake_args' from command line to 'None'
[0.427s] Level 5:colcon.colcon_core.verb:set package 'arduinobot_py' build argument 'catkin_cmake_args' from command line to 'None'
[0.427s] Level 5:colcon.colcon_core.verb:set package 'arduinobot_py' build argument 'catkin_skip_building_tests' from command line to 'False'
[0.427s] DEBUG:colcon.colcon_core.verb:Building package 'arduinobot_py' with the following arguments: {'ament_cmake_args': None, 'build_base': '/home/shriram/Desktop/ros2Project/src/build/arduinobot_py', 'catkin_cmake_args': None, 'catkin_skip_building_tests': False, 'cmake_args': None, 'cmake_clean_cache': False, 'cmake_clean_first': False, 'cmake_force_configure': False, 'cmake_target': None, 'cmake_target_skip_unavailable': False, 'install_base': '/home/shriram/Desktop/ros2Project/src/install/arduinobot_py', 'merge_install': False, 'path': '/home/shriram/Desktop/ros2Project/src/arduinobot_py', 'symlink_install': False, 'test_result_base': None}
[0.427s] Level 5:colcon.colcon_core.verb:set package 'arduinobot_utils' build argument 'cmake_args' from command line to 'None'
[0.428s] Level 5:colcon.colcon_core.verb:set package 'arduinobot_utils' build argument 'cmake_target' from command line to 'None'
[0.428s] Level 5:colcon.colcon_core.verb:set package 'arduinobot_utils' build argument 'cmake_target_skip_unavailable' from command line to 'False'
[0.428s] Level 5:colcon.colcon_core.verb:set package 'arduinobot_utils' build argument 'cmake_clean_cache' from command line to 'False'
[0.428s] Level 5:colcon.colcon_core.verb:set package 'arduinobot_utils' build argument 'cmake_clean_first' from command line to 'False'
[0.428s] Level 5:colcon.colcon_core.verb:set package 'arduinobot_utils' build argument 'cmake_force_configure' from command line to 'False'
[0.428s] Level 5:colcon.colcon_core.verb:set package 'arduinobot_utils' build argument 'ament_cmake_args' from command line to 'None'
[0.428s] Level 5:colcon.colcon_core.verb:set package 'arduinobot_utils' build argument 'catkin_cmake_args' from command line to 'None'
[0.428s] Level 5:colcon.colcon_core.verb:set package 'arduinobot_utils' build argument 'catkin_skip_building_tests' from command line to 'False'
[0.428s] DEBUG:colcon.colcon_core.verb:Building package 'arduinobot_utils' with the following arguments: {'ament_cmake_args': None, 'build_base': '/home/shriram/Desktop/ros2Project/src/build/arduinobot_utils', 'catkin_cmake_args': None, 'catkin_skip_building_tests': False, 'cmake_args': None, 'cmake_clean_cache': False, 'cmake_clean_first': False, 'cmake_force_configure': False, 'cmake_target': None, 'cmake_target_skip_unavailable': False, 'install_base': '/home/shriram/Desktop/ros2Project/src/install/arduinobot_utils', 'merge_install': False, 'path': '/home/shriram/Desktop/ros2Project/src/arduinobot_utils', 'symlink_install': False, 'test_result_base': None}
[0.428s] INFO:colcon.colcon_core.executor:Executing jobs using 'parallel' executor
[0.431s] DEBUG:colcon.colcon_parallel_executor.executor.parallel:run_until_complete
[0.431s] INFO:colcon.colcon_ros.task.ament_cmake.build:Building ROS package in '/home/shriram/Desktop/ros2Project/src/arduinobot_msgs' with build type 'ament_cmake'
[0.431s] INFO:colcon.colcon_cmake.task.cmake.build:Building CMake package in '/home/shriram/Desktop/ros2Project/src/arduinobot_msgs'
[0.434s] INFO:colcon.colcon_core.plugin_system:Skipping extension 'colcon_core.shell.bat': Not used on non-Windows systems
[0.434s] INFO:colcon.colcon_core.shell:Skip shell extension 'powershell' for command environment: Not usable outside of PowerShell
[0.434s] DEBUG:colcon.colcon_core.shell:Skip shell extension 'dsv' for command environment
[0.438s] INFO:colcon.colcon_ros.task.ament_cmake.build:Building ROS package in '/home/shriram/Desktop/ros2Project/src/arduinobot_controller' with build type 'ament_cmake'
[0.439s] INFO:colcon.colcon_cmake.task.cmake.build:Building CMake package in '/home/shriram/Desktop/ros2Project/src/arduinobot_controller'
[0.440s] INFO:colcon.colcon_core.shell:Skip shell extension 'powershell' for command environment: Not usable outside of PowerShell
[0.440s] DEBUG:colcon.colcon_core.shell:Skip shell extension 'dsv' for command environment
[0.443s] INFO:colcon.colcon_ros.task.ament_cmake.build:Building ROS package in '/home/shriram/Desktop/ros2Project/src/arduinobot_description' with build type 'ament_cmake'
[0.443s] INFO:colcon.colcon_cmake.task.cmake.build:Building CMake package in '/home/shriram/Desktop/ros2Project/src/arduinobot_description'
[0.444s] INFO:colcon.colcon_core.shell:Skip shell extension 'powershell' for command environment: Not usable outside of PowerShell
[0.445s] DEBUG:colcon.colcon_core.shell:Skip shell extension 'dsv' for command environment
[0.448s] INFO:colcon.colcon_ros.task.ament_cmake.build:Building ROS package in '/home/shriram/Desktop/ros2Project/src/arduinobot_moveit' with build type 'ament_cmake'
[0.448s] INFO:colcon.colcon_cmake.task.cmake.build:Building CMake package in '/home/shriram/Desktop/ros2Project/src/arduinobot_moveit'
[0.449s] INFO:colcon.colcon_core.shell:Skip shell extension 'powershell' for command environment: Not usable outside of PowerShell
[0.449s] DEBUG:colcon.colcon_core.shell:Skip shell extension 'dsv' for command environment
[0.457s] DEBUG:colcon.colcon_core.event_handler.log_command:Invoking command in '/home/shriram/Desktop/ros2Project/src/build/arduinobot_msgs': CMAKE_PREFIX_PATH=${CMAKE_PREFIX_PATH}:/home/shriram/Desktop/ros2Project/install/arduinobot_py:/opt/ros/humble /usr/bin/cmake --build /home/shriram/Desktop/ros2Project/src/build/arduinobot_msgs -- -j12 -l12
[0.459s] DEBUG:colcon.colcon_core.event_handler.log_command:Invoking command in '/home/shriram/Desktop/ros2Project/src/build/arduinobot_controller': CMAKE_PREFIX_PATH=${CMAKE_PREFIX_PATH}:/home/shriram/Desktop/ros2Project/install/arduinobot_py:/opt/ros/humble /usr/bin/cmake --build /home/shriram/Desktop/ros2Project/src/build/arduinobot_controller -- -j12 -l12
[0.462s] DEBUG:colcon.colcon_core.event_handler.log_command:Invoking command in '/home/shriram/Desktop/ros2Project/src/build/arduinobot_description': CMAKE_PREFIX_PATH=${CMAKE_PREFIX_PATH}:/home/shriram/Desktop/ros2Project/install/arduinobot_py:/opt/ros/humble /usr/bin/cmake --build /home/shriram/Desktop/ros2Project/src/build/arduinobot_description -- -j12 -l12
[0.466s] DEBUG:colcon.colcon_core.event_handler.log_command:Invoking command in '/home/shriram/Desktop/ros2Project/src/build/arduinobot_moveit': CMAKE_PREFIX_PATH=${CMAKE_PREFIX_PATH}:/home/shriram/Desktop/ros2Project/install/arduinobot_py:/opt/ros/humble /usr/bin/cmake --build /home/shriram/Desktop/ros2Project/src/build/arduinobot_moveit -- -j12 -l12
[0.487s] DEBUG:colcon.colcon_core.event_handler.log_command:Invoked command in '/home/shriram/Desktop/ros2Project/src/build/arduinobot_controller' returned '0': CMAKE_PREFIX_PATH=${CMAKE_PREFIX_PATH}:/home/shriram/Desktop/ros2Project/install/arduinobot_py:/opt/ros/humble /usr/bin/cmake --build /home/shriram/Desktop/ros2Project/src/build/arduinobot_controller -- -j12 -l12
[0.488s] DEBUG:colcon.colcon_core.event_handler.log_command:Invoked command in '/home/shriram/Desktop/ros2Project/src/build/arduinobot_description' returned '0': CMAKE_PREFIX_PATH=${CMAKE_PREFIX_PATH}:/home/shriram/Desktop/ros2Project/install/arduinobot_py:/opt/ros/humble /usr/bin/cmake --build /home/shriram/Desktop/ros2Project/src/build/arduinobot_description -- -j12 -l12
[0.495s] DEBUG:colcon.colcon_core.event_handler.log_command:Invoked command in '/home/shriram/Desktop/ros2Project/src/build/arduinobot_moveit' returned '0': CMAKE_PREFIX_PATH=${CMAKE_PREFIX_PATH}:/home/shriram/Desktop/ros2Project/install/arduinobot_py:/opt/ros/humble /usr/bin/cmake --build /home/shriram/Desktop/ros2Project/src/build/arduinobot_moveit -- -j12 -l12
[0.514s] DEBUG:colcon.colcon_core.event_handler.log_command:Invoking command in '/home/shriram/Desktop/ros2Project/src/build/arduinobot_controller': CMAKE_PREFIX_PATH=${CMAKE_PREFIX_PATH}:/home/shriram/Desktop/ros2Project/install/arduinobot_py:/opt/ros/humble /usr/bin/cmake --install /home/shriram/Desktop/ros2Project/src/build/arduinobot_controller
[0.518s] DEBUG:colcon.colcon_core.event_handler.log_command:Invoking command in '/home/shriram/Desktop/ros2Project/src/build/arduinobot_description': CMAKE_PREFIX_PATH=${CMAKE_PREFIX_PATH}:/home/shriram/Desktop/ros2Project/install/arduinobot_py:/opt/ros/humble /usr/bin/cmake --install /home/shriram/Desktop/ros2Project/src/build/arduinobot_description
[0.520s] DEBUG:colcon.colcon_core.event_handler.log_command:Invoking command in '/home/shriram/Desktop/ros2Project/src/build/arduinobot_moveit': CMAKE_PREFIX_PATH=${CMAKE_PREFIX_PATH}:/home/shriram/Desktop/ros2Project/install/arduinobot_py:/opt/ros/humble /usr/bin/cmake --install /home/shriram/Desktop/ros2Project/src/build/arduinobot_moveit
[0.523s] Level 1:colcon.colcon_core.environment:create_environment_scripts_only(arduinobot_controller)
[0.526s] DEBUG:colcon.colcon_core.event_handler.log_command:Invoked command in '/home/shriram/Desktop/ros2Project/src/build/arduinobot_controller' returned '0': CMAKE_PREFIX_PATH=${CMAKE_PREFIX_PATH}:/home/shriram/Desktop/ros2Project/install/arduinobot_py:/opt/ros/humble /usr/bin/cmake --install /home/shriram/Desktop/ros2Project/src/build/arduinobot_controller
[0.534s] Level 1:colcon.colcon_core.environment:checking '/home/shriram/Desktop/ros2Project/src/install/arduinobot_controller' for CMake module files
[0.537s] Level 1:colcon.colcon_core.environment:checking '/home/shriram/Desktop/ros2Project/src/install/arduinobot_controller' for CMake config files
[0.538s] Level 1:colcon.colcon_core.shell:create_environment_hook('arduinobot_controller', 'cmake_prefix_path')
[0.540s] INFO:colcon.colcon_core.shell:Creating environment hook '/home/shriram/Desktop/ros2Project/src/install/arduinobot_controller/share/arduinobot_controller/hook/cmake_prefix_path.ps1'
[0.540s] INFO:colcon.colcon_core.shell:Creating environment descriptor '/home/shriram/Desktop/ros2Project/src/install/arduinobot_controller/share/arduinobot_controller/hook/cmake_prefix_path.dsv'
[0.541s] INFO:colcon.colcon_core.shell:Creating environment hook '/home/shriram/Desktop/ros2Project/src/install/arduinobot_controller/share/arduinobot_controller/hook/cmake_prefix_path.sh'
[0.542s] Level 1:colcon.colcon_core.environment:checking '/home/shriram/Desktop/ros2Project/src/install/arduinobot_controller/bin'
[0.542s] Level 1:colcon.colcon_core.environment:checking '/home/shriram/Desktop/ros2Project/src/install/arduinobot_controller/lib/pkgconfig/arduinobot_controller.pc'
[0.542s] Level 1:colcon.colcon_core.environment:checking '/home/shriram/Desktop/ros2Project/src/install/arduinobot_controller/lib/python3.10/site-packages'
[0.542s] Level 1:colcon.colcon_core.environment:checking '/home/shriram/Desktop/ros2Project/src/install/arduinobot_controller/bin'
[0.544s] INFO:colcon.colcon_core.shell:Creating package script '/home/shriram/Desktop/ros2Project/src/install/arduinobot_controller/share/arduinobot_controller/package.ps1'
[0.545s] INFO:colcon.colcon_core.shell:Creating package descriptor '/home/shriram/Desktop/ros2Project/src/install/arduinobot_controller/share/arduinobot_controller/package.dsv'
[0.545s] INFO:colcon.colcon_core.shell:Creating package script '/home/shriram/Desktop/ros2Project/src/install/arduinobot_controller/share/arduinobot_controller/package.sh'
[0.546s] INFO:colcon.colcon_core.shell:Creating package script '/home/shriram/Desktop/ros2Project/src/install/arduinobot_controller/share/arduinobot_controller/package.bash'
[0.547s] INFO:colcon.colcon_core.shell:Creating package script '/home/shriram/Desktop/ros2Project/src/install/arduinobot_controller/share/arduinobot_controller/package.zsh'
[0.547s] Level 1:colcon.colcon_core.environment:create_file_with_runtime_dependencies(/home/shriram/Desktop/ros2Project/src/install/arduinobot_controller/share/colcon-core/packages/arduinobot_controller)
[0.549s] Level 1:colcon.colcon_core.environment:create_environment_scripts_only(arduinobot_description)
[0.551s] Level 1:colcon.colcon_core.environment:checking '/home/shriram/Desktop/ros2Project/src/install/arduinobot_description' for CMake module files
[0.551s] DEBUG:colcon.colcon_core.event_handler.log_command:Invoked command in '/home/shriram/Desktop/ros2Project/src/build/arduinobot_description' returned '0': CMAKE_PREFIX_PATH=${CMAKE_PREFIX_PATH}:/home/shriram/Desktop/ros2Project/install/arduinobot_py:/opt/ros/humble /usr/bin/cmake --install /home/shriram/Desktop/ros2Project/src/build/arduinobot_description
[0.553s] Level 1:colcon.colcon_core.environment:checking '/home/shriram/Desktop/ros2Project/src/install/arduinobot_description' for CMake config files
[0.553s] Level 1:colcon.colcon_core.shell:create_environment_hook('arduinobot_description', 'cmake_prefix_path')
[0.554s] INFO:colcon.colcon_core.shell:Creating environment hook '/home/shriram/Desktop/ros2Project/src/install/arduinobot_description/share/arduinobot_description/hook/cmake_prefix_path.ps1'
[0.555s] INFO:colcon.colcon_core.shell:Creating environment descriptor '/home/shriram/Desktop/ros2Project/src/install/arduinobot_description/share/arduinobot_description/hook/cmake_prefix_path.dsv'
[0.555s] INFO:colcon.colcon_core.shell:Creating environment hook '/home/shriram/Desktop/ros2Project/src/install/arduinobot_description/share/arduinobot_description/hook/cmake_prefix_path.sh'
[0.556s] Level 1:colcon.colcon_core.environment:checking '/home/shriram/Desktop/ros2Project/src/install/arduinobot_description/bin'
[0.556s] Level 1:colcon.colcon_core.environment:checking '/home/shriram/Desktop/ros2Project/src/install/arduinobot_description/lib/pkgconfig/arduinobot_description.pc'
[0.556s] Level 1:colcon.colcon_core.environment:checking '/home/shriram/Desktop/ros2Project/src/install/arduinobot_description/lib/python3.10/site-packages'
[0.556s] Level 1:colcon.colcon_core.environment:checking '/home/shriram/Desktop/ros2Project/src/install/arduinobot_description/bin'
[0.557s] INFO:colcon.colcon_core.shell:Creating package script '/home/shriram/Desktop/ros2Project/src/install/arduinobot_description/share/arduinobot_description/package.ps1'
[0.558s] INFO:colcon.colcon_core.shell:Creating package descriptor '/home/shriram/Desktop/ros2Project/src/install/arduinobot_description/share/arduinobot_description/package.dsv'
[0.558s] INFO:colcon.colcon_core.shell:Creating package script '/home/shriram/Desktop/ros2Project/src/install/arduinobot_description/share/arduinobot_description/package.sh'
[0.558s] INFO:colcon.colcon_core.shell:Creating package script '/home/shriram/Desktop/ros2Project/src/install/arduinobot_description/share/arduinobot_description/package.bash'
[0.559s] INFO:colcon.colcon_core.shell:Creating package script '/home/shriram/Desktop/ros2Project/src/install/arduinobot_description/share/arduinobot_description/package.zsh'
[0.559s] Level 1:colcon.colcon_core.environment:create_file_with_runtime_dependencies(/home/shriram/Desktop/ros2Project/src/install/arduinobot_description/share/colcon-core/packages/arduinobot_description)
[0.560s] Level 1:colcon.colcon_core.environment:create_environment_scripts_only(arduinobot_moveit)
[0.562s] Level 1:colcon.colcon_core.environment:checking '/home/shriram/Desktop/ros2Project/src/install/arduinobot_moveit' for CMake module files
[0.563s] DEBUG:colcon.colcon_core.event_handler.log_command:Invoked command in '/home/shriram/Desktop/ros2Project/src/build/arduinobot_moveit' returned '0': CMAKE_PREFIX_PATH=${CMAKE_PREFIX_PATH}:/home/shriram/Desktop/ros2Project/install/arduinobot_py:/opt/ros/humble /usr/bin/cmake --install /home/shriram/Desktop/ros2Project/src/build/arduinobot_moveit
[0.563s] Level 1:colcon.colcon_core.environment:checking '/home/shriram/Desktop/ros2Project/src/install/arduinobot_moveit' for CMake config files
[0.564s] Level 1:colcon.colcon_core.shell:create_environment_hook('arduinobot_moveit', 'cmake_prefix_path')
[0.565s] INFO:colcon.colcon_core.shell:Creating environment hook '/home/shriram/Desktop/ros2Project/src/install/arduinobot_moveit/share/arduinobot_moveit/hook/cmake_prefix_path.ps1'
[0.566s] INFO:colcon.colcon_core.shell:Creating environment descriptor '/home/shriram/Desktop/ros2Project/src/install/arduinobot_moveit/share/arduinobot_moveit/hook/cmake_prefix_path.dsv'
[0.566s] INFO:colcon.colcon_core.shell:Creating environment hook '/home/shriram/Desktop/ros2Project/src/install/arduinobot_moveit/share/arduinobot_moveit/hook/cmake_prefix_path.sh'
[0.567s] Level 1:colcon.colcon_core.environment:checking '/home/shriram/Desktop/ros2Project/src/install/arduinobot_moveit/bin'
[0.567s] Level 1:colcon.colcon_core.environment:checking '/home/shriram/Desktop/ros2Project/src/install/arduinobot_moveit/lib/pkgconfig/arduinobot_moveit.pc'
[0.567s] Level 1:colcon.colcon_core.environment:checking '/home/shriram/Desktop/ros2Project/src/install/arduinobot_moveit/lib/python3.10/site-packages'
[0.567s] Level 1:colcon.colcon_core.environment:checking '/home/shriram/Desktop/ros2Project/src/install/arduinobot_moveit/bin'
[0.569s] INFO:colcon.colcon_core.shell:Creating package script '/home/shriram/Desktop/ros2Project/src/install/arduinobot_moveit/share/arduinobot_moveit/package.ps1'
[0.569s] INFO:colcon.colcon_core.shell:Creating package descriptor '/home/shriram/Desktop/ros2Project/src/install/arduinobot_moveit/share/arduinobot_moveit/package.dsv'
[0.570s] INFO:colcon.colcon_core.shell:Creating package script '/home/shriram/Desktop/ros2Project/src/install/arduinobot_moveit/share/arduinobot_moveit/package.sh'
[0.570s] INFO:colcon.colcon_core.shell:Creating package script '/home/shriram/Desktop/ros2Project/src/install/arduinobot_moveit/share/arduinobot_moveit/package.bash'
[0.571s] INFO:colcon.colcon_core.shell:Creating package script '/home/shriram/Desktop/ros2Project/src/install/arduinobot_moveit/share/arduinobot_moveit/package.zsh'
[0.571s] Level 1:colcon.colcon_core.environment:create_file_with_runtime_dependencies(/home/shriram/Desktop/ros2Project/src/install/arduinobot_moveit/share/colcon-core/packages/arduinobot_moveit)
[0.575s] Level 1:colcon.colcon_core.environment:create_environment_scripts_only(arduinobot_controller)
[0.578s] Level 1:colcon.colcon_core.environment:checking '/home/shriram/Desktop/ros2Project/src/install/arduinobot_controller' for CMake module files
[0.578s] Level 1:colcon.colcon_core.environment:checking '/home/shriram/Desktop/ros2Project/src/install/arduinobot_controller' for CMake config files
[0.579s] Level 1:colcon.colcon_core.shell:create_environment_hook('arduinobot_controller', 'cmake_prefix_path')
[0.580s] INFO:colcon.colcon_core.shell:Creating environment hook '/home/shriram/Desktop/ros2Project/src/install/arduinobot_controller/share/arduinobot_controller/hook/cmake_prefix_path.ps1'
[0.580s] INFO:colcon.colcon_core.shell:Creating environment descriptor '/home/shriram/Desktop/ros2Project/src/install/arduinobot_controller/share/arduinobot_controller/hook/cmake_prefix_path.dsv'
[0.581s] INFO:colcon.colcon_core.shell:Creating environment hook '/home/shriram/Desktop/ros2Project/src/install/arduinobot_controller/share/arduinobot_controller/hook/cmake_prefix_path.sh'
[0.581s] Level 1:colcon.colcon_core.environment:checking '/home/shriram/Desktop/ros2Project/src/install/arduinobot_controller/bin'
[0.581s] Level 1:colcon.colcon_core.environment:checking '/home/shriram/Desktop/ros2Project/src/install/arduinobot_controller/lib/pkgconfig/arduinobot_controller.pc'
[0.582s] Level 1:colcon.colcon_core.environment:checking '/home/shriram/Desktop/ros2Project/src/install/arduinobot_controller/lib/python3.10/site-packages'
[0.582s] Level 1:colcon.colcon_core.environment:checking '/home/shriram/Desktop/ros2Project/src/install/arduinobot_controller/bin'
[0.583s] INFO:colcon.colcon_core.shell:Creating package script '/home/shriram/Desktop/ros2Project/src/install/arduinobot_controller/share/arduinobot_controller/package.ps1'
[0.584s] INFO:colcon.colcon_core.shell:Creating package descriptor '/home/shriram/Desktop/ros2Project/src/install/arduinobot_controller/share/arduinobot_controller/package.dsv'
[0.584s] INFO:colcon.colcon_core.shell:Creating package script '/home/shriram/Desktop/ros2Project/src/install/arduinobot_controller/share/arduinobot_controller/package.sh'
[0.584s] INFO:colcon.colcon_core.shell:Creating package script '/home/shriram/Desktop/ros2Project/src/install/arduinobot_controller/share/arduinobot_controller/package.bash'
[0.585s] INFO:colcon.colcon_core.shell:Creating package script '/home/shriram/Desktop/ros2Project/src/install/arduinobot_controller/share/arduinobot_controller/package.zsh'
[0.585s] Level 1:colcon.colcon_core.environment:create_file_with_runtime_dependencies(/home/shriram/Desktop/ros2Project/src/install/arduinobot_controller/share/colcon-core/packages/arduinobot_controller)
[0.588s] Level 1:colcon.colcon_core.environment:create_environment_scripts_only(arduinobot_description)
[0.590s] Level 1:colcon.colcon_core.environment:checking '/home/shriram/Desktop/ros2Project/src/install/arduinobot_description' for CMake module files
[0.592s] Level 1:colcon.colcon_core.environment:checking '/home/shriram/Desktop/ros2Project/src/install/arduinobot_description' for CMake config files
[0.592s] Level 1:colcon.colcon_core.shell:create_environment_hook('arduinobot_description', 'cmake_prefix_path')
[0.593s] INFO:colcon.colcon_core.shell:Creating environment hook '/home/shriram/Desktop/ros2Project/src/install/arduinobot_description/share/arduinobot_description/hook/cmake_prefix_path.ps1'
[0.593s] INFO:colcon.colcon_core.shell:Creating environment descriptor '/home/shriram/Desktop/ros2Project/src/install/arduinobot_description/share/arduinobot_description/hook/cmake_prefix_path.dsv'
[0.594s] INFO:colcon.colcon_core.shell:Creating environment hook '/home/shriram/Desktop/ros2Project/src/install/arduinobot_description/share/arduinobot_description/hook/cmake_prefix_path.sh'
[0.594s] Level 1:colcon.colcon_core.environment:checking '/home/shriram/Desktop/ros2Project/src/install/arduinobot_description/bin'
[0.594s] Level 1:colcon.colcon_core.environment:checking '/home/shriram/Desktop/ros2Project/src/install/arduinobot_description/lib/pkgconfig/arduinobot_description.pc'
[0.594s] Level 1:colcon.colcon_core.environment:checking '/home/shriram/Desktop/ros2Project/src/install/arduinobot_description/lib/python3.10/site-packages'
[0.594s] Level 1:colcon.colcon_core.environment:checking '/home/shriram/Desktop/ros2Project/src/install/arduinobot_description/bin'
[0.595s] INFO:colcon.colcon_core.shell:Creating package script '/home/shriram/Desktop/ros2Project/src/install/arduinobot_description/share/arduinobot_description/package.ps1'
[0.596s] INFO:colcon.colcon_core.shell:Creating package descriptor '/home/shriram/Desktop/ros2Project/src/install/arduinobot_description/share/arduinobot_description/package.dsv'
[0.596s] INFO:colcon.colcon_core.shell:Creating package script '/home/shriram/Desktop/ros2Project/src/install/arduinobot_description/share/arduinobot_description/package.sh'
[0.597s] INFO:colcon.colcon_core.shell:Creating package script '/home/shriram/Desktop/ros2Project/src/install/arduinobot_description/share/arduinobot_description/package.bash'
[0.597s] INFO:colcon.colcon_core.shell:Creating package script '/home/shriram/Desktop/ros2Project/src/install/arduinobot_description/share/arduinobot_description/package.zsh'
[0.597s] Level 1:colcon.colcon_core.environment:create_file_with_runtime_dependencies(/home/shriram/Desktop/ros2Project/src/install/arduinobot_description/share/colcon-core/packages/arduinobot_description)
[0.599s] Level 1:colcon.colcon_core.environment:create_environment_scripts_only(arduinobot_moveit)
[0.600s] Level 1:colcon.colcon_core.environment:checking '/home/shriram/Desktop/ros2Project/src/install/arduinobot_moveit' for CMake module files
[0.601s] Level 1:colcon.colcon_core.environment:checking '/home/shriram/Desktop/ros2Project/src/install/arduinobot_moveit' for CMake config files
[0.601s] Level 1:colcon.colcon_core.shell:create_environment_hook('arduinobot_moveit', 'cmake_prefix_path')
[0.602s] INFO:colcon.colcon_core.shell:Creating environment hook '/home/shriram/Desktop/ros2Project/src/install/arduinobot_moveit/share/arduinobot_moveit/hook/cmake_prefix_path.ps1'
[0.602s] INFO:colcon.colcon_core.shell:Creating environment descriptor '/home/shriram/Desktop/ros2Project/src/install/arduinobot_moveit/share/arduinobot_moveit/hook/cmake_prefix_path.dsv'
[0.602s] INFO:colcon.colcon_core.shell:Creating environment hook '/home/shriram/Desktop/ros2Project/src/install/arduinobot_moveit/share/arduinobot_moveit/hook/cmake_prefix_path.sh'
[0.603s] Level 1:colcon.colcon_core.environment:checking '/home/shriram/Desktop/ros2Project/src/install/arduinobot_moveit/bin'
[0.603s] Level 1:colcon.colcon_core.environment:checking '/home/shriram/Desktop/ros2Project/src/install/arduinobot_moveit/lib/pkgconfig/arduinobot_moveit.pc'
[0.603s] Level 1:colcon.colcon_core.environment:checking '/home/shriram/Desktop/ros2Project/src/install/arduinobot_moveit/lib/python3.10/site-packages'
[0.603s] Level 1:colcon.colcon_core.environment:checking '/home/shriram/Desktop/ros2Project/src/install/arduinobot_moveit/bin'
[0.604s] INFO:colcon.colcon_core.shell:Creating package script '/home/shriram/Desktop/ros2Project/src/install/arduinobot_moveit/share/arduinobot_moveit/package.ps1'
[0.604s] INFO:colcon.colcon_core.shell:Creating package descriptor '/home/shriram/Desktop/ros2Project/src/install/arduinobot_moveit/share/arduinobot_moveit/package.dsv'
[0.605s] INFO:colcon.colcon_core.shell:Creating package script '/home/shriram/Desktop/ros2Project/src/install/arduinobot_moveit/share/arduinobot_moveit/package.sh'
[0.605s] INFO:colcon.colcon_core.shell:Creating package script '/home/shriram/Desktop/ros2Project/src/install/arduinobot_moveit/share/arduinobot_moveit/package.bash'
[0.605s] INFO:colcon.colcon_core.shell:Creating package script '/home/shriram/Desktop/ros2Project/src/install/arduinobot_moveit/share/arduinobot_moveit/package.zsh'
[0.605s] Level 1:colcon.colcon_core.environment:create_file_with_runtime_dependencies(/home/shriram/Desktop/ros2Project/src/install/arduinobot_moveit/share/colcon-core/packages/arduinobot_moveit)
[0.810s] DEBUG:colcon.colcon_core.event_handler.log_command:Invoked command in '/home/shriram/Desktop/ros2Project/src/build/arduinobot_msgs' returned '0': CMAKE_PREFIX_PATH=${CMAKE_PREFIX_PATH}:/home/shriram/Desktop/ros2Project/install/arduinobot_py:/opt/ros/humble /usr/bin/cmake --build /home/shriram/Desktop/ros2Project/src/build/arduinobot_msgs -- -j12 -l12
[0.878s] DEBUG:colcon.colcon_core.event_handler.log_command:Invoking command in '/home/shriram/Desktop/ros2Project/src/build/arduinobot_msgs': CMAKE_PREFIX_PATH=${CMAKE_PREFIX_PATH}:/home/shriram/Desktop/ros2Project/install/arduinobot_py:/opt/ros/humble /usr/bin/cmake --install /home/shriram/Desktop/ros2Project/src/build/arduinobot_msgs
[0.927s] Level 1:colcon.colcon_core.environment:create_environment_scripts_only(arduinobot_msgs)
[0.927s] DEBUG:colcon.colcon_core.event_handler.log_command:Invoked command in '/home/shriram/Desktop/ros2Project/src/build/arduinobot_msgs' returned '0': CMAKE_PREFIX_PATH=${CMAKE_PREFIX_PATH}:/home/shriram/Desktop/ros2Project/install/arduinobot_py:/opt/ros/humble /usr/bin/cmake --install /home/shriram/Desktop/ros2Project/src/build/arduinobot_msgs
[0.929s] Level 1:colcon.colcon_core.environment:checking '/home/shriram/Desktop/ros2Project/src/install/arduinobot_msgs' for CMake module files
[0.929s] Level 1:colcon.colcon_core.environment:checking '/home/shriram/Desktop/ros2Project/src/install/arduinobot_msgs' for CMake config files
[0.929s] Level 1:colcon.colcon_core.shell:create_environment_hook('arduinobot_msgs', 'cmake_prefix_path')
[0.930s] INFO:colcon.colcon_core.shell:Creating environment hook '/home/shriram/Desktop/ros2Project/src/install/arduinobot_msgs/share/arduinobot_msgs/hook/cmake_prefix_path.ps1'
[0.931s] INFO:colcon.colcon_core.shell:Creating environment descriptor '/home/shriram/Desktop/ros2Project/src/install/arduinobot_msgs/share/arduinobot_msgs/hook/cmake_prefix_path.dsv'
[0.931s] INFO:colcon.colcon_core.shell:Creating environment hook '/home/shriram/Desktop/ros2Project/src/install/arduinobot_msgs/share/arduinobot_msgs/hook/cmake_prefix_path.sh'
[0.931s] Level 1:colcon.colcon_core.environment:checking '/home/shriram/Desktop/ros2Project/src/install/arduinobot_msgs/lib'
[0.932s] Level 1:colcon.colcon_core.shell:create_environment_hook('arduinobot_msgs', 'ld_library_path_lib')
[0.933s] INFO:colcon.colcon_core.shell:Creating environment hook '/home/shriram/Desktop/ros2Project/src/install/arduinobot_msgs/share/arduinobot_msgs/hook/ld_library_path_lib.ps1'
[0.933s] INFO:colcon.colcon_core.shell:Creating environment descriptor '/home/shriram/Desktop/ros2Project/src/install/arduinobot_msgs/share/arduinobot_msgs/hook/ld_library_path_lib.dsv'
[0.933s] INFO:colcon.colcon_core.shell:Creating environment hook '/home/shriram/Desktop/ros2Project/src/install/arduinobot_msgs/share/arduinobot_msgs/hook/ld_library_path_lib.sh'
[0.933s] Level 1:colcon.colcon_core.environment:checking '/home/shriram/Desktop/ros2Project/src/install/arduinobot_msgs/bin'
[0.933s] Level 1:colcon.colcon_core.environment:checking '/home/shriram/Desktop/ros2Project/src/install/arduinobot_msgs/lib/pkgconfig/arduinobot_msgs.pc'
[0.934s] Level 1:colcon.colcon_core.environment:checking '/home/shriram/Desktop/ros2Project/src/install/arduinobot_msgs/lib/python3.10/site-packages'
[0.934s] Level 1:colcon.colcon_core.environment:checking '/home/shriram/Desktop/ros2Project/src/install/arduinobot_msgs/bin'
[0.935s] INFO:colcon.colcon_core.shell:Creating package script '/home/shriram/Desktop/ros2Project/src/install/arduinobot_msgs/share/arduinobot_msgs/package.ps1'
[0.935s] INFO:colcon.colcon_core.shell:Creating package descriptor '/home/shriram/Desktop/ros2Project/src/install/arduinobot_msgs/share/arduinobot_msgs/package.dsv'
[0.935s] INFO:colcon.colcon_core.shell:Creating package script '/home/shriram/Desktop/ros2Project/src/install/arduinobot_msgs/share/arduinobot_msgs/package.sh'
[0.936s] INFO:colcon.colcon_core.shell:Creating package script '/home/shriram/Desktop/ros2Project/src/install/arduinobot_msgs/share/arduinobot_msgs/package.bash'
[0.936s] INFO:colcon.colcon_core.shell:Creating package script '/home/shriram/Desktop/ros2Project/src/install/arduinobot_msgs/share/arduinobot_msgs/package.zsh'
[0.936s] Level 1:colcon.colcon_core.environment:create_file_with_runtime_dependencies(/home/shriram/Desktop/ros2Project/src/install/arduinobot_msgs/share/colcon-core/packages/arduinobot_msgs)
[1.001s] Level 1:colcon.colcon_core.environment:create_environment_scripts_only(arduinobot_msgs)
[1.003s] Level 1:colcon.colcon_core.environment:checking '/home/shriram/Desktop/ros2Project/src/install/arduinobot_msgs' for CMake module files
[1.003s] Level 1:colcon.colcon_core.environment:checking '/home/shriram/Desktop/ros2Project/src/install/arduinobot_msgs' for CMake config files
[1.003s] Level 1:colcon.colcon_core.shell:create_environment_hook('arduinobot_msgs', 'cmake_prefix_path')
[1.004s] INFO:colcon.colcon_core.shell:Creating environment hook '/home/shriram/Desktop/ros2Project/src/install/arduinobot_msgs/share/arduinobot_msgs/hook/cmake_prefix_path.ps1'
[1.005s] INFO:colcon.colcon_core.shell:Creating environment descriptor '/home/shriram/Desktop/ros2Project/src/install/arduinobot_msgs/share/arduinobot_msgs/hook/cmake_prefix_path.dsv'
[1.005s] INFO:colcon.colcon_core.shell:Creating environment hook '/home/shriram/Desktop/ros2Project/src/install/arduinobot_msgs/share/arduinobot_msgs/hook/cmake_prefix_path.sh'
[1.005s] Level 1:colcon.colcon_core.environment:checking '/home/shriram/Desktop/ros2Project/src/install/arduinobot_msgs/lib'
[1.005s] Level 1:colcon.colcon_core.shell:create_environment_hook('arduinobot_msgs', 'ld_library_path_lib')
[1.006s] INFO:colcon.colcon_core.shell:Creating environment hook '/home/shriram/Desktop/ros2Project/src/install/arduinobot_msgs/share/arduinobot_msgs/hook/ld_library_path_lib.ps1'
[1.006s] INFO:colcon.colcon_core.shell:Creating environment descriptor '/home/shriram/Desktop/ros2Project/src/install/arduinobot_msgs/share/arduinobot_msgs/hook/ld_library_path_lib.dsv'
[1.007s] INFO:colcon.colcon_core.shell:Creating environment hook '/home/shriram/Desktop/ros2Project/src/install/arduinobot_msgs/share/arduinobot_msgs/hook/ld_library_path_lib.sh'
[1.007s] Level 1:colcon.colcon_core.environment:checking '/home/shriram/Desktop/ros2Project/src/install/arduinobot_msgs/bin'
[1.007s] Level 1:colcon.colcon_core.environment:checking '/home/shriram/Desktop/ros2Project/src/install/arduinobot_msgs/lib/pkgconfig/arduinobot_msgs.pc'
[1.007s] Level 1:colcon.colcon_core.environment:checking '/home/shriram/Desktop/ros2Project/src/install/arduinobot_msgs/lib/python3.10/site-packages'
[1.007s] Level 1:colcon.colcon_core.environment:checking '/home/shriram/Desktop/ros2Project/src/install/arduinobot_msgs/bin'
[1.008s] INFO:colcon.colcon_core.shell:Creating package script '/home/shriram/Desktop/ros2Project/src/install/arduinobot_msgs/share/arduinobot_msgs/package.ps1'
[1.009s] INFO:colcon.colcon_core.shell:Creating package descriptor '/home/shriram/Desktop/ros2Project/src/install/arduinobot_msgs/share/arduinobot_msgs/package.dsv'
[1.009s] INFO:colcon.colcon_core.shell:Creating package script '/home/shriram/Desktop/ros2Project/src/install/arduinobot_msgs/share/arduinobot_msgs/package.sh'
[1.009s] INFO:colcon.colcon_core.shell:Creating package script '/home/shriram/Desktop/ros2Project/src/install/arduinobot_msgs/share/arduinobot_msgs/package.bash'
[1.010s] INFO:colcon.colcon_core.shell:Creating package script '/home/shriram/Desktop/ros2Project/src/install/arduinobot_msgs/share/arduinobot_msgs/package.zsh'
[1.010s] Level 1:colcon.colcon_core.environment:create_file_with_runtime_dependencies(/home/shriram/Desktop/ros2Project/src/install/arduinobot_msgs/share/colcon-core/packages/arduinobot_msgs)
[1.010s] INFO:colcon.colcon_ros.task.ament_cmake.build:Building ROS package in '/home/shriram/Desktop/ros2Project/src/arduinobot_cpp' with build type 'ament_cmake'
[1.011s] INFO:colcon.colcon_cmake.task.cmake.build:Building CMake package in '/home/shriram/Desktop/ros2Project/src/arduinobot_cpp'
[1.011s] INFO:colcon.colcon_core.shell:Skip shell extension 'powershell' for command environment: Not usable outside of PowerShell
[1.012s] DEBUG:colcon.colcon_core.shell:Skip shell extension 'dsv' for command environment
[1.016s] INFO:colcon.colcon_ros.task.ament_python.build:Building ROS package in '/home/shriram/Desktop/ros2Project/src/arduinobot_py' with build type 'ament_python'
[1.016s] Level 1:colcon.colcon_core.shell:create_environment_hook('arduinobot_py', 'ament_prefix_path')
[1.017s] INFO:colcon.colcon_core.shell:Creating environment hook '/home/shriram/Desktop/ros2Project/src/install/arduinobot_py/share/arduinobot_py/hook/ament_prefix_path.ps1'
[1.017s] INFO:colcon.colcon_core.shell:Creating environment descriptor '/home/shriram/Desktop/ros2Project/src/install/arduinobot_py/share/arduinobot_py/hook/ament_prefix_path.dsv'
[1.017s] INFO:colcon.colcon_core.shell:Creating environment hook '/home/shriram/Desktop/ros2Project/src/install/arduinobot_py/share/arduinobot_py/hook/ament_prefix_path.sh'
[1.019s] INFO:colcon.colcon_core.shell:Skip shell extension 'powershell' for command environment: Not usable outside of PowerShell
[1.019s] DEBUG:colcon.colcon_core.shell:Skip shell extension 'dsv' for command environment
[1.023s] INFO:colcon.colcon_ros.task.ament_cmake.build:Building ROS package in '/home/shriram/Desktop/ros2Project/src/arduinobot_utils' with build type 'ament_cmake'
[1.023s] INFO:colcon.colcon_cmake.task.cmake.build:Building CMake package in '/home/shriram/Desktop/ros2Project/src/arduinobot_utils'
[1.024s] INFO:colcon.colcon_core.shell:Skip shell extension 'powershell' for command environment: Not usable outside of PowerShell
[1.024s] DEBUG:colcon.colcon_core.shell:Skip shell extension 'dsv' for command environment
[1.031s] DEBUG:colcon.colcon_core.event_handler.log_command:Invoking command in '/home/shriram/Desktop/ros2Project/src/build/arduinobot_cpp_examples': AMENT_PREFIX_PATH=/home/shriram/Desktop/ros2Project/src/install/arduinobot_msgs:${AMENT_PREFIX_PATH} CMAKE_PREFIX_PATH=/home/shriram/Desktop/ros2Project/src/install/arduinobot_msgs:/home/shriram/Desktop/ros2Project/install/arduinobot_utils:/home/shriram/Desktop/ros2Project/install/arduinobot_msgs:/home/shriram/Desktop/ros2Project/install/arduinobot_moveit:/home/shriram/Desktop/ros2Project/install/arduinobot_description:/home/shriram/Desktop/ros2Project/install/arduinobot_controller:/home/shriram/Desktop/ros2Project/install/arduinobot_py:/opt/ros/humble LD_LIBRARY_PATH=/home/shriram/Desktop/ros2Project/src/install/arduinobot_msgs/lib:${LD_LIBRARY_PATH} PYTHONPATH=/home/shriram/Desktop/ros2Project/src/install/arduinobot_msgs/local/lib/python3.10/dist-packages:${PYTHONPATH} /usr/bin/cmake /home/shriram/Desktop/ros2Project/src/arduinobot_cpp -DCMAKE_INSTALL_PREFIX=/home/shriram/Desktop/ros2Project/src/install/arduinobot_cpp_examples
[1.283s] INFO:colcon.colcon_core.task.python.build:Building Python package in '/home/shriram/Desktop/ros2Project/src/arduinobot_py'
[1.285s] INFO:colcon.colcon_core.shell:Skip shell extension 'powershell' for command environment: Not usable outside of PowerShell
[1.285s] DEBUG:colcon.colcon_core.shell:Skip shell extension 'dsv' for command environment
[1.294s] DEBUG:colcon.colcon_core.event_handler.log_command:Invoking command in '/home/shriram/Desktop/ros2Project/src/build/arduinobot_utils': AMENT_PREFIX_PATH=/home/shriram/Desktop/ros2Project/src/install/arduinobot_msgs:${AMENT_PREFIX_PATH} CMAKE_PREFIX_PATH=/home/shriram/Desktop/ros2Project/src/install/arduinobot_msgs:/home/shriram/Desktop/ros2Project/install/arduinobot_utils:/home/shriram/Desktop/ros2Project/install/arduinobot_msgs:/home/shriram/Desktop/ros2Project/install/arduinobot_moveit:/home/shriram/Desktop/ros2Project/install/arduinobot_description:/home/shriram/Desktop/ros2Project/install/arduinobot_controller:/home/shriram/Desktop/ros2Project/install/arduinobot_py:/opt/ros/humble LD_LIBRARY_PATH=/home/shriram/Desktop/ros2Project/src/install/arduinobot_msgs/lib:${LD_LIBRARY_PATH} PYTHONPATH=/home/shriram/Desktop/ros2Project/src/install/arduinobot_msgs/local/lib/python3.10/dist-packages:${PYTHONPATH} /usr/bin/cmake --build /home/shriram/Desktop/ros2Project/src/build/arduinobot_utils -- -j12 -l12
[1.605s] DEBUG:colcon.colcon_core.event_handler.log_command:Invoked command in '/home/shriram/Desktop/ros2Project/src/build/arduinobot_utils' returned '0': AMENT_PREFIX_PATH=/home/shriram/Desktop/ros2Project/src/install/arduinobot_msgs:${AMENT_PREFIX_PATH} CMAKE_PREFIX_PATH=/home/shriram/Desktop/ros2Project/src/install/arduinobot_msgs:/home/shriram/Desktop/ros2Project/install/arduinobot_utils:/home/shriram/Desktop/ros2Project/install/arduinobot_msgs:/home/shriram/Desktop/ros2Project/install/arduinobot_moveit:/home/shriram/Desktop/ros2Project/install/arduinobot_description:/home/shriram/Desktop/ros2Project/install/arduinobot_controller:/home/shriram/Desktop/ros2Project/install/arduinobot_py:/opt/ros/humble LD_LIBRARY_PATH=/home/shriram/Desktop/ros2Project/src/install/arduinobot_msgs/lib:${LD_LIBRARY_PATH} PYTHONPATH=/home/shriram/Desktop/ros2Project/src/install/arduinobot_msgs/local/lib/python3.10/dist-packages:${PYTHONPATH} /usr/bin/cmake --build /home/shriram/Desktop/ros2Project/src/build/arduinobot_utils -- -j12 -l12
[1.623s] DEBUG:colcon.colcon_core.event_handler.log_command:Invoking command in '/home/shriram/Desktop/ros2Project/src/build/arduinobot_utils': AMENT_PREFIX_PATH=/home/shriram/Desktop/ros2Project/src/install/arduinobot_msgs:${AMENT_PREFIX_PATH} CMAKE_PREFIX_PATH=/home/shriram/Desktop/ros2Project/src/install/arduinobot_msgs:/home/shriram/Desktop/ros2Project/install/arduinobot_utils:/home/shriram/Desktop/ros2Project/install/arduinobot_msgs:/home/shriram/Desktop/ros2Project/install/arduinobot_moveit:/home/shriram/Desktop/ros2Project/install/arduinobot_description:/home/shriram/Desktop/ros2Project/install/arduinobot_controller:/home/shriram/Desktop/ros2Project/install/arduinobot_py:/opt/ros/humble LD_LIBRARY_PATH=/home/shriram/Desktop/ros2Project/src/install/arduinobot_msgs/lib:${LD_LIBRARY_PATH} PYTHONPATH=/home/shriram/Desktop/ros2Project/src/install/arduinobot_msgs/local/lib/python3.10/dist-packages:${PYTHONPATH} /usr/bin/cmake --install /home/shriram/Desktop/ros2Project/src/build/arduinobot_utils
[1.661s] Level 1:colcon.colcon_core.environment:create_environment_scripts_only(arduinobot_utils)
[1.664s] Level 1:colcon.colcon_core.environment:checking '/home/shriram/Desktop/ros2Project/src/install/arduinobot_utils' for CMake module files
[1.665s] DEBUG:colcon.colcon_core.event_handler.log_command:Invoked command in '/home/shriram/Desktop/ros2Project/src/build/arduinobot_utils' returned '0': AMENT_PREFIX_PATH=/home/shriram/Desktop/ros2Project/src/install/arduinobot_msgs:${AMENT_PREFIX_PATH} CMAKE_PREFIX_PATH=/home/shriram/Desktop/ros2Project/src/install/arduinobot_msgs:/home/shriram/Desktop/ros2Project/install/arduinobot_utils:/home/shriram/Desktop/ros2Project/install/arduinobot_msgs:/home/shriram/Desktop/ros2Project/install/arduinobot_moveit:/home/shriram/Desktop/ros2Project/install/arduinobot_description:/home/shriram/Desktop/ros2Project/install/arduinobot_controller:/home/shriram/Desktop/ros2Project/install/arduinobot_py:/opt/ros/humble LD_LIBRARY_PATH=/home/shriram/Desktop/ros2Project/src/install/arduinobot_msgs/lib:${LD_LIBRARY_PATH} PYTHONPATH=/home/shriram/Desktop/ros2Project/src/install/arduinobot_msgs/local/lib/python3.10/dist-packages:${PYTHONPATH} /usr/bin/cmake --install /home/shriram/Desktop/ros2Project/src/build/arduinobot_utils
[1.665s] Level 1:colcon.colcon_core.environment:checking '/home/shriram/Desktop/ros2Project/src/install/arduinobot_utils' for CMake config files
[1.665s] Level 1:colcon.colcon_core.shell:create_environment_hook('arduinobot_utils', 'cmake_prefix_path')
[1.666s] INFO:colcon.colcon_core.shell:Creating environment hook '/home/shriram/Desktop/ros2Project/src/install/arduinobot_utils/share/arduinobot_utils/hook/cmake_prefix_path.ps1'
[1.667s] INFO:colcon.colcon_core.shell:Creating environment descriptor '/home/shriram/Desktop/ros2Project/src/install/arduinobot_utils/share/arduinobot_utils/hook/cmake_prefix_path.dsv'
[1.667s] INFO:colcon.colcon_core.shell:Creating environment hook '/home/shriram/Desktop/ros2Project/src/install/arduinobot_utils/share/arduinobot_utils/hook/cmake_prefix_path.sh'
[1.667s] Level 1:colcon.colcon_core.environment:checking '/home/shriram/Desktop/ros2Project/src/install/arduinobot_utils/lib'
[1.667s] Level 1:colcon.colcon_core.environment:checking '/home/shriram/Desktop/ros2Project/src/install/arduinobot_utils/bin'
[1.667s] Level 1:colcon.colcon_core.environment:checking '/home/shriram/Desktop/ros2Project/src/install/arduinobot_utils/lib/pkgconfig/arduinobot_utils.pc'
[1.668s] Level 1:colcon.colcon_core.environment:checking '/home/shriram/Desktop/ros2Project/src/install/arduinobot_utils/lib/python3.10/site-packages'
[1.668s] Level 1:colcon.colcon_core.environment:checking '/home/shriram/Desktop/ros2Project/src/install/arduinobot_utils/bin'
[1.669s] INFO:colcon.colcon_core.shell:Creating package script '/home/shriram/Desktop/ros2Project/src/install/arduinobot_utils/share/arduinobot_utils/package.ps1'
[1.669s] INFO:colcon.colcon_core.shell:Creating package descriptor '/home/shriram/Desktop/ros2Project/src/install/arduinobot_utils/share/arduinobot_utils/package.dsv'
[1.669s] INFO:colcon.colcon_core.shell:Creating package script '/home/shriram/Desktop/ros2Project/src/install/arduinobot_utils/share/arduinobot_utils/package.sh'
[1.670s] INFO:colcon.colcon_core.shell:Creating package script '/home/shriram/Desktop/ros2Project/src/install/arduinobot_utils/share/arduinobot_utils/package.bash'
[1.670s] INFO:colcon.colcon_core.shell:Creating package script '/home/shriram/Desktop/ros2Project/src/install/arduinobot_utils/share/arduinobot_utils/package.zsh'
[1.670s] Level 1:colcon.colcon_core.environment:create_file_with_runtime_dependencies(/home/shriram/Desktop/ros2Project/src/install/arduinobot_utils/share/colcon-core/packages/arduinobot_utils)
[1.673s] DEBUG:colcon.colcon_core.event_handler.log_command:Invoking command in '/home/shriram/Desktop/ros2Project/src/arduinobot_py': AMENT_PREFIX_PATH=/home/shriram/Desktop/ros2Project/src/install/arduinobot_msgs:${AMENT_PREFIX_PATH} CMAKE_PREFIX_PATH=/home/shriram/Desktop/ros2Project/src/install/arduinobot_msgs:${CMAKE_PREFIX_PATH} LD_LIBRARY_PATH=/home/shriram/Desktop/ros2Project/src/install/arduinobot_msgs/lib:${LD_LIBRARY_PATH} PYTHONPATH=/home/shriram/Desktop/ros2Project/src/build/arduinobot_py/prefix_override:/home/shriram/Desktop/ros2Project/src/install/arduinobot_py/lib/python3.10/site-packages:/home/shriram/Desktop/ros2Project/src/install/arduinobot_msgs/local/lib/python3.10/dist-packages:${PYTHONPATH} /usr/bin/python3 setup.py egg_info --egg-base ../build/arduinobot_py build --build-base /home/shriram/Desktop/ros2Project/src/build/arduinobot_py/build install --record /home/shriram/Desktop/ros2Project/src/build/arduinobot_py/install.log --single-version-externally-managed
[1.686s] Level 1:colcon.colcon_core.environment:create_environment_scripts_only(arduinobot_utils)
[1.687s] Level 1:colcon.colcon_core.environment:checking '/home/shriram/Desktop/ros2Project/src/install/arduinobot_utils' for CMake module files
[1.687s] Level 1:colcon.colcon_core.environment:checking '/home/shriram/Desktop/ros2Project/src/install/arduinobot_utils' for CMake config files
[1.687s] Level 1:colcon.colcon_core.shell:create_environment_hook('arduinobot_utils', 'cmake_prefix_path')
[1.688s] INFO:colcon.colcon_core.shell:Creating environment hook '/home/shriram/Desktop/ros2Project/src/install/arduinobot_utils/share/arduinobot_utils/hook/cmake_prefix_path.ps1'
[1.689s] INFO:colcon.colcon_core.shell:Creating environment descriptor '/home/shriram/Desktop/ros2Project/src/install/arduinobot_utils/share/arduinobot_utils/hook/cmake_prefix_path.dsv'
[1.689s] INFO:colcon.colcon_core.shell:Creating environment hook '/home/shriram/Desktop/ros2Project/src/install/arduinobot_utils/share/arduinobot_utils/hook/cmake_prefix_path.sh'
[1.689s] Level 1:colcon.colcon_core.environment:checking '/home/shriram/Desktop/ros2Project/src/install/arduinobot_utils/lib'
[1.689s] Level 1:colcon.colcon_core.environment:checking '/home/shriram/Desktop/ros2Project/src/install/arduinobot_utils/bin'
[1.689s] Level 1:colcon.colcon_core.environment:checking '/home/shriram/Desktop/ros2Project/src/install/arduinobot_utils/lib/pkgconfig/arduinobot_utils.pc'
[1.690s] Level 1:colcon.colcon_core.environment:checking '/home/shriram/Desktop/ros2Project/src/install/arduinobot_utils/lib/python3.10/site-packages'
[1.690s] Level 1:colcon.colcon_core.environment:checking '/home/shriram/Desktop/ros2Project/src/install/arduinobot_utils/bin'
[1.691s] INFO:colcon.colcon_core.shell:Creating package script '/home/shriram/Desktop/ros2Project/src/install/arduinobot_utils/share/arduinobot_utils/package.ps1'
[1.691s] INFO:colcon.colcon_core.shell:Creating package descriptor '/home/shriram/Desktop/ros2Project/src/install/arduinobot_utils/share/arduinobot_utils/package.dsv'
[1.691s] INFO:colcon.colcon_core.shell:Creating package script '/home/shriram/Desktop/ros2Project/src/install/arduinobot_utils/share/arduinobot_utils/package.sh'
[1.692s] INFO:colcon.colcon_core.shell:Creating package script '/home/shriram/Desktop/ros2Project/src/install/arduinobot_utils/share/arduinobot_utils/package.bash'
[1.692s] INFO:colcon.colcon_core.shell:Creating package script '/home/shriram/Desktop/ros2Project/src/install/arduinobot_utils/share/arduinobot_utils/package.zsh'
[1.692s] Level 1:colcon.colcon_core.environment:create_file_with_runtime_dependencies(/home/shriram/Desktop/ros2Project/src/install/arduinobot_utils/share/colcon-core/packages/arduinobot_utils)
[1.979s] Level 1:colcon.colcon_core.environment:checking '/home/shriram/Desktop/ros2Project/src/install/arduinobot_py' for CMake module files
[1.981s] DEBUG:colcon.colcon_core.event_handler.log_command:Invoked command in '/home/shriram/Desktop/ros2Project/src/arduinobot_py' returned '0': AMENT_PREFIX_PATH=/home/shriram/Desktop/ros2Project/src/install/arduinobot_msgs:${AMENT_PREFIX_PATH} CMAKE_PREFIX_PATH=/home/shriram/Desktop/ros2Project/src/install/arduinobot_msgs:${CMAKE_PREFIX_PATH} LD_LIBRARY_PATH=/home/shriram/Desktop/ros2Project/src/install/arduinobot_msgs/lib:${LD_LIBRARY_PATH} PYTHONPATH=/home/shriram/Desktop/ros2Project/src/build/arduinobot_py/prefix_override:/home/shriram/Desktop/ros2Project/src/install/arduinobot_py/lib/python3.10/site-packages:/home/shriram/Desktop/ros2Project/src/install/arduinobot_msgs/local/lib/python3.10/dist-packages:${PYTHONPATH} /usr/bin/python3 setup.py egg_info --egg-base ../build/arduinobot_py build --build-base /home/shriram/Desktop/ros2Project/src/build/arduinobot_py/build install --record /home/shriram/Desktop/ros2Project/src/build/arduinobot_py/install.log --single-version-externally-managed
[1.982s] Level 1:colcon.colcon_core.environment:checking '/home/shriram/Desktop/ros2Project/src/install/arduinobot_py' for CMake config files
[1.983s] Level 1:colcon.colcon_core.environment:checking '/home/shriram/Desktop/ros2Project/src/install/arduinobot_py/lib'
[1.983s] Level 1:colcon.colcon_core.environment:checking '/home/shriram/Desktop/ros2Project/src/install/arduinobot_py/bin'
[1.983s] Level 1:colcon.colcon_core.environment:checking '/home/shriram/Desktop/ros2Project/src/install/arduinobot_py/lib/pkgconfig/arduinobot_py.pc'
[1.983s] Level 1:colcon.colcon_core.environment:checking '/home/shriram/Desktop/ros2Project/src/install/arduinobot_py/lib/python3.10/site-packages'
[1.983s] Level 1:colcon.colcon_core.shell:create_environment_hook('arduinobot_py', 'pythonpath')
[1.986s] INFO:colcon.colcon_core.shell:Creating environment hook '/home/shriram/Desktop/ros2Project/src/install/arduinobot_py/share/arduinobot_py/hook/pythonpath.ps1'
[1.986s] INFO:colcon.colcon_core.shell:Creating environment descriptor '/home/shriram/Desktop/ros2Project/src/install/arduinobot_py/share/arduinobot_py/hook/pythonpath.dsv'
[1.987s] INFO:colcon.colcon_core.shell:Creating environment hook '/home/shriram/Desktop/ros2Project/src/install/arduinobot_py/share/arduinobot_py/hook/pythonpath.sh'
[1.988s] Level 1:colcon.colcon_core.environment:checking '/home/shriram/Desktop/ros2Project/src/install/arduinobot_py/bin'
[1.988s] Level 1:colcon.colcon_core.environment:create_environment_scripts_only(arduinobot_py)
[1.990s] INFO:colcon.colcon_core.shell:Creating package script '/home/shriram/Desktop/ros2Project/src/install/arduinobot_py/share/arduinobot_py/package.ps1'
[1.991s] INFO:colcon.colcon_core.shell:Creating package descriptor '/home/shriram/Desktop/ros2Project/src/install/arduinobot_py/share/arduinobot_py/package.dsv'
[1.991s] INFO:colcon.colcon_core.shell:Creating package script '/home/shriram/Desktop/ros2Project/src/install/arduinobot_py/share/arduinobot_py/package.sh'
[1.992s] INFO:colcon.colcon_core.shell:Creating package script '/home/shriram/Desktop/ros2Project/src/install/arduinobot_py/share/arduinobot_py/package.bash'
[1.992s] INFO:colcon.colcon_core.shell:Creating package script '/home/shriram/Desktop/ros2Project/src/install/arduinobot_py/share/arduinobot_py/package.zsh'
[1.992s] Level 1:colcon.colcon_core.environment:create_file_with_runtime_dependencies(/home/shriram/Desktop/ros2Project/src/install/arduinobot_py/share/colcon-core/packages/arduinobot_py)
[3.538s] DEBUG:colcon.colcon_core.event_handler.log_command:Invoked command in '/home/shriram/Desktop/ros2Project/src/build/arduinobot_cpp_examples' returned '1': AMENT_PREFIX_PATH=/home/shriram/Desktop/ros2Project/src/install/arduinobot_msgs:${AMENT_PREFIX_PATH} CMAKE_PREFIX_PATH=/home/shriram/Desktop/ros2Project/src/install/arduinobot_msgs:/home/shriram/Desktop/ros2Project/install/arduinobot_utils:/home/shriram/Desktop/ros2Project/install/arduinobot_msgs:/home/shriram/Desktop/ros2Project/install/arduinobot_moveit:/home/shriram/Desktop/ros2Project/install/arduinobot_description:/home/shriram/Desktop/ros2Project/install/arduinobot_controller:/home/shriram/Desktop/ros2Project/install/arduinobot_py:/opt/ros/humble LD_LIBRARY_PATH=/home/shriram/Desktop/ros2Project/src/install/arduinobot_msgs/lib:${LD_LIBRARY_PATH} PYTHONPATH=/home/shriram/Desktop/ros2Project/src/install/arduinobot_msgs/local/lib/python3.10/dist-packages:${PYTHONPATH} /usr/bin/cmake /home/shriram/Desktop/ros2Project/src/arduinobot_cpp -DCMAKE_INSTALL_PREFIX=/home/shriram/Desktop/ros2Project/src/install/arduinobot_cpp_examples
[3.547s] Level 1:colcon.colcon_core.environment:create_environment_scripts_only(arduinobot_cpp_examples)
[3.549s] Level 1:colcon.colcon_core.environment:checking '/home/shriram/Desktop/ros2Project/src/install/arduinobot_cpp_examples' for CMake module files
[3.549s] Level 1:colcon.colcon_core.environment:checking '/home/shriram/Desktop/ros2Project/src/install/arduinobot_cpp_examples' for CMake config files
[3.550s] Level 1:colcon.colcon_core.environment:checking '/home/shriram/Desktop/ros2Project/src/install/arduinobot_cpp_examples/bin'
[3.550s] Level 1:colcon.colcon_core.environment:checking '/home/shriram/Desktop/ros2Project/src/install/arduinobot_cpp_examples/lib/pkgconfig/arduinobot_cpp_examples.pc'
[3.550s] Level 1:colcon.colcon_core.environment:checking '/home/shriram/Desktop/ros2Project/src/install/arduinobot_cpp_examples/lib/python3.10/site-packages'
[3.550s] Level 1:colcon.colcon_core.environment:checking '/home/shriram/Desktop/ros2Project/src/install/arduinobot_cpp_examples/bin'
[3.551s] INFO:colcon.colcon_core.shell:Creating package script '/home/shriram/Desktop/ros2Project/src/install/arduinobot_cpp_examples/share/arduinobot_cpp_examples/package.ps1'
[3.552s] INFO:colcon.colcon_core.shell:Creating package descriptor '/home/shriram/Desktop/ros2Project/src/install/arduinobot_cpp_examples/share/arduinobot_cpp_examples/package.dsv'
[3.552s] INFO:colcon.colcon_core.shell:Creating package script '/home/shriram/Desktop/ros2Project/src/install/arduinobot_cpp_examples/share/arduinobot_cpp_examples/package.sh'
[3.552s] INFO:colcon.colcon_core.shell:Creating package script '/home/shriram/Desktop/ros2Project/src/install/arduinobot_cpp_examples/share/arduinobot_cpp_examples/package.bash'
[3.552s] INFO:colcon.colcon_core.shell:Creating package script '/home/shriram/Desktop/ros2Project/src/install/arduinobot_cpp_examples/share/arduinobot_cpp_examples/package.zsh'
[3.553s] Level 1:colcon.colcon_core.environment:create_file_with_runtime_dependencies(/home/shriram/Desktop/ros2Project/src/install/arduinobot_cpp_examples/share/colcon-core/packages/arduinobot_cpp_examples)
[3.563s] DEBUG:colcon.colcon_parallel_executor.executor.parallel:closing loop
[3.563s] DEBUG:colcon.colcon_parallel_executor.executor.parallel:loop closed
[3.563s] DEBUG:colcon.colcon_parallel_executor.executor.parallel:run_until_complete finished with '1'
[3.563s] DEBUG:colcon.colcon_core.event_reactor:joining thread
[3.568s] INFO:colcon.colcon_core.plugin_system:Skipping extension 'colcon_notification.desktop_notification.terminal_notifier': Not used on non-Darwin systems
[3.568s] INFO:colcon.colcon_core.plugin_system:Skipping extension 'colcon_notification.desktop_notification.win32': Not used on non-Windows systems
[3.568s] INFO:colcon.colcon_notification.desktop_notification:Sending desktop notification using 'notify2'
[3.577s] DEBUG:colcon.colcon_core.event_reactor:joined thread
[3.579s] INFO:colcon.colcon_core.shell:Creating prefix script '/home/shriram/Desktop/ros2Project/src/install/local_setup.ps1'
[3.580s] INFO:colcon.colcon_core.shell:Creating prefix util module '/home/shriram/Desktop/ros2Project/src/install/_local_setup_util_ps1.py'
[3.581s] INFO:colcon.colcon_core.shell:Creating prefix chain script '/home/shriram/Desktop/ros2Project/src/install/setup.ps1'
[3.583s] INFO:colcon.colcon_core.shell:Creating prefix script '/home/shriram/Desktop/ros2Project/src/install/local_setup.sh'
[3.584s] INFO:colcon.colcon_core.shell:Creating prefix util module '/home/shriram/Desktop/ros2Project/src/install/_local_setup_util_sh.py'
[3.584s] INFO:colcon.colcon_core.shell:Creating prefix chain script '/home/shriram/Desktop/ros2Project/src/install/setup.sh'
[3.586s] INFO:colcon.colcon_core.shell:Creating prefix script '/home/shriram/Desktop/ros2Project/src/install/local_setup.bash'
[3.587s] INFO:colcon.colcon_core.shell:Creating prefix chain script '/home/shriram/Desktop/ros2Project/src/install/setup.bash'
[3.588s] INFO:colcon.colcon_core.shell:Creating prefix script '/home/shriram/Desktop/ros2Project/src/install/local_setup.zsh'
[3.589s] INFO:colcon.colcon_core.shell:Creating prefix chain script '/home/shriram/Desktop/ros2Project/src/install/setup.zsh'
