[0.025s] Invoking command in '/home/shriram/Desktop/ros2Project/build/arduinobot_msgs': CMAKE_PREFIX_PATH=/opt/ros/humble /usr/bin/cmake --build /home/shriram/Desktop/ros2Project/build/arduinobot_msgs -- -j12 -l12
[0.072s] [35m[1mConsolidate compiler generated dependencies of target arduinobot_msgs__rosidl_generator_c[0m
[0.086s] [  2%] Built target arduinobot_msgs__cpp
[0.089s] [ 12%] Built target arduinobot_msgs__rosidl_generator_c
[0.101s] [35m[1mConsolidate compiler generated dependencies of target arduinobot_msgs__rosidl_typesupport_introspection_cpp[0m
[0.104s] [35m[1mConsolidate compiler generated dependencies of target arduinobot_msgs__rosidl_typesupport_cpp[0m
[0.104s] [ 12%] Built target ament_cmake_python_copy_arduinobot_msgs
[0.104s] [35m[1mConsolidate compiler generated dependencies of target arduinobot_msgs__rosidl_typesupport_fastrtps_cpp[0m
[0.114s] [35m[1mConsolidate compiler generated dependencies of target arduinobot_msgs__rosidl_typesupport_introspection_c[0m
[0.127s] [35m[1mConsolidate compiler generated dependencies of target arduinobot_msgs__rosidl_typesupport_fastrtps_c[0m
[0.127s] [35m[1mConsolidate compiler generated dependencies of target arduinobot_msgs__rosidl_typesupport_c[0m
[0.129s] [ 23%] Built target arduinobot_msgs__rosidl_typesupport_cpp
[0.130s] [ 34%] Built target arduinobot_msgs__rosidl_typesupport_introspection_cpp
[0.131s] [ 44%] Built target arduinobot_msgs__rosidl_typesupport_fastrtps_cpp
[0.132s] [ 55%] Built target arduinobot_msgs__rosidl_typesupport_introspection_c
[0.147s] [ 65%] Built target arduinobot_msgs__rosidl_typesupport_c
[0.157s] [ 76%] Built target arduinobot_msgs__rosidl_typesupport_fastrtps_c
[0.187s] [ 76%] Built target arduinobot_msgs
[0.221s] [ 78%] Built target arduinobot_msgs__py
[0.231s] [35m[1mConsolidate compiler generated dependencies of target arduinobot_msgs__rosidl_generator_py[0m
[0.252s] [ 87%] Built target arduinobot_msgs__rosidl_generator_py
[0.269s] [35m[1mConsolidate compiler generated dependencies of target arduinobot_msgs__rosidl_typesupport_introspection_c__pyext[0m
[0.269s] [35m[1mConsolidate compiler generated dependencies of target arduinobot_msgs__rosidl_typesupport_c__pyext[0m
[0.269s] [35m[1mConsolidate compiler generated dependencies of target arduinobot_msgs__rosidl_typesupport_fastrtps_c__pyext[0m
[0.288s] [100%] Built target arduinobot_msgs__rosidl_typesupport_introspection_c__pyext
[0.288s] [100%] Built target arduinobot_msgs__rosidl_typesupport_c__pyext
[0.288s] [100%] Built target arduinobot_msgs__rosidl_typesupport_fastrtps_c__pyext
[0.441s] running egg_info
[0.442s] writing arduinobot_msgs.egg-info/PKG-INFO
[0.442s] writing dependency_links to arduinobot_msgs.egg-info/dependency_links.txt
[0.442s] writing top-level names to arduinobot_msgs.egg-info/top_level.txt
[0.445s] reading manifest file 'arduinobot_msgs.egg-info/SOURCES.txt'
[0.449s] writing manifest file 'arduinobot_msgs.egg-info/SOURCES.txt'
[0.472s] [100%] Built target ament_cmake_python_build_arduinobot_msgs_egg
[0.483s] Invoked command in '/home/shriram/Desktop/ros2Project/build/arduinobot_msgs' returned '0': CMAKE_PREFIX_PATH=/opt/ros/humble /usr/bin/cmake --build /home/shriram/Desktop/ros2Project/build/arduinobot_msgs -- -j12 -l12
[0.545s] Invoking command in '/home/shriram/Desktop/ros2Project/build/arduinobot_msgs': CMAKE_PREFIX_PATH=/opt/ros/humble /usr/bin/cmake --install /home/shriram/Desktop/ros2Project/build/arduinobot_msgs
[0.553s] -- Install configuration: ""
[0.553s] -- Up-to-date: /home/shriram/Desktop/ros2Project/install/arduinobot_msgs/share/ament_index/resource_index/rosidl_interfaces/arduinobot_msgs
[0.553s] -- Up-to-date: /home/shriram/Desktop/ros2Project/install/arduinobot_msgs/include/arduinobot_msgs/arduinobot_msgs
[0.553s] -- Up-to-date: /home/shriram/Desktop/ros2Project/install/arduinobot_msgs/include/arduinobot_msgs/arduinobot_msgs/msg
[0.554s] -- Up-to-date: /home/shriram/Desktop/ros2Project/install/arduinobot_msgs/include/arduinobot_msgs/arduinobot_msgs/msg/rosidl_generator_c__visibility_control.h
[0.554s] -- Up-to-date: /home/shriram/Desktop/ros2Project/install/arduinobot_msgs/include/arduinobot_msgs/arduinobot_msgs/srv
[0.554s] -- Up-to-date: /home/shriram/Desktop/ros2Project/install/arduinobot_msgs/include/arduinobot_msgs/arduinobot_msgs/srv/euler_to_quarternion.h
[0.554s] -- Up-to-date: /home/shriram/Desktop/ros2Project/install/arduinobot_msgs/include/arduinobot_msgs/arduinobot_msgs/srv/quarternion_to_euler.h
[0.554s] -- Up-to-date: /home/shriram/Desktop/ros2Project/install/arduinobot_msgs/include/arduinobot_msgs/arduinobot_msgs/srv/add_two_ints.h
[0.554s] -- Up-to-date: /home/shriram/Desktop/ros2Project/install/arduinobot_msgs/include/arduinobot_msgs/arduinobot_msgs/srv/detail
[0.554s] -- Up-to-date: /home/shriram/Desktop/ros2Project/install/arduinobot_msgs/include/arduinobot_msgs/arduinobot_msgs/srv/detail/quarternion_to_euler__functions.h
[0.555s] -- Up-to-date: /home/shriram/Desktop/ros2Project/install/arduinobot_msgs/include/arduinobot_msgs/arduinobot_msgs/srv/detail/add_two_ints__functions.h
[0.555s] -- Up-to-date: /home/shriram/Desktop/ros2Project/install/arduinobot_msgs/include/arduinobot_msgs/arduinobot_msgs/srv/detail/quarternion_to_euler__struct.h
[0.555s] -- Up-to-date: /home/shriram/Desktop/ros2Project/install/arduinobot_msgs/include/arduinobot_msgs/arduinobot_msgs/srv/detail/add_two_ints__type_support.h
[0.555s] -- Up-to-date: /home/shriram/Desktop/ros2Project/install/arduinobot_msgs/include/arduinobot_msgs/arduinobot_msgs/srv/detail/euler_to_quarternion__functions.c
[0.555s] -- Up-to-date: /home/shriram/Desktop/ros2Project/install/arduinobot_msgs/include/arduinobot_msgs/arduinobot_msgs/srv/detail/quarternion_to_euler__type_support.h
[0.555s] -- Up-to-date: /home/shriram/Desktop/ros2Project/install/arduinobot_msgs/include/arduinobot_msgs/arduinobot_msgs/srv/detail/quarternion_to_euler__functions.c
[0.555s] -- Up-to-date: /home/shriram/Desktop/ros2Project/install/arduinobot_msgs/include/arduinobot_msgs/arduinobot_msgs/srv/detail/euler_to_quarternion__functions.h
[0.555s] -- Up-to-date: /home/shriram/Desktop/ros2Project/install/arduinobot_msgs/include/arduinobot_msgs/arduinobot_msgs/srv/detail/euler_to_quarternion__struct.h
[0.556s] -- Up-to-date: /home/shriram/Desktop/ros2Project/install/arduinobot_msgs/include/arduinobot_msgs/arduinobot_msgs/srv/detail/add_two_ints__struct.h
[0.556s] -- Up-to-date: /home/shriram/Desktop/ros2Project/install/arduinobot_msgs/include/arduinobot_msgs/arduinobot_msgs/srv/detail/euler_to_quarternion__type_support.h
[0.556s] -- Up-to-date: /home/shriram/Desktop/ros2Project/install/arduinobot_msgs/include/arduinobot_msgs/arduinobot_msgs/srv/detail/add_two_ints__functions.c
[0.556s] -- Up-to-date: /home/shriram/Desktop/ros2Project/install/arduinobot_msgs/share/arduinobot_msgs/environment/library_path.sh
[0.556s] -- Up-to-date: /home/shriram/Desktop/ros2Project/install/arduinobot_msgs/share/arduinobot_msgs/environment/library_path.dsv
[0.556s] -- Up-to-date: /home/shriram/Desktop/ros2Project/install/arduinobot_msgs/lib/libarduinobot_msgs__rosidl_generator_c.so
[0.556s] -- Up-to-date: /home/shriram/Desktop/ros2Project/install/arduinobot_msgs/include/arduinobot_msgs/arduinobot_msgs
[0.556s] -- Up-to-date: /home/shriram/Desktop/ros2Project/install/arduinobot_msgs/include/arduinobot_msgs/arduinobot_msgs/msg
[0.557s] -- Up-to-date: /home/shriram/Desktop/ros2Project/install/arduinobot_msgs/include/arduinobot_msgs/arduinobot_msgs/msg/rosidl_typesupport_fastrtps_c__visibility_control.h
[0.557s] -- Up-to-date: /home/shriram/Desktop/ros2Project/install/arduinobot_msgs/include/arduinobot_msgs/arduinobot_msgs/srv
[0.557s] -- Up-to-date: /home/shriram/Desktop/ros2Project/install/arduinobot_msgs/include/arduinobot_msgs/arduinobot_msgs/srv/detail
[0.557s] -- Up-to-date: /home/shriram/Desktop/ros2Project/install/arduinobot_msgs/include/arduinobot_msgs/arduinobot_msgs/srv/detail/quarternion_to_euler__rosidl_typesupport_fastrtps_c.h
[0.557s] -- Up-to-date: /home/shriram/Desktop/ros2Project/install/arduinobot_msgs/include/arduinobot_msgs/arduinobot_msgs/srv/detail/add_two_ints__rosidl_typesupport_fastrtps_c.h
[0.557s] -- Up-to-date: /home/shriram/Desktop/ros2Project/install/arduinobot_msgs/include/arduinobot_msgs/arduinobot_msgs/srv/detail/euler_to_quarternion__rosidl_typesupport_fastrtps_c.h
[0.557s] -- Up-to-date: /home/shriram/Desktop/ros2Project/install/arduinobot_msgs/lib/libarduinobot_msgs__rosidl_typesupport_fastrtps_c.so
[0.557s] -- Up-to-date: /home/shriram/Desktop/ros2Project/install/arduinobot_msgs/include/arduinobot_msgs/arduinobot_msgs
[0.557s] -- Up-to-date: /home/shriram/Desktop/ros2Project/install/arduinobot_msgs/include/arduinobot_msgs/arduinobot_msgs/srv
[0.557s] -- Up-to-date: /home/shriram/Desktop/ros2Project/install/arduinobot_msgs/include/arduinobot_msgs/arduinobot_msgs/srv/quarternion_to_euler.hpp
[0.558s] -- Up-to-date: /home/shriram/Desktop/ros2Project/install/arduinobot_msgs/include/arduinobot_msgs/arduinobot_msgs/srv/add_two_ints.hpp
[0.558s] -- Up-to-date: /home/shriram/Desktop/ros2Project/install/arduinobot_msgs/include/arduinobot_msgs/arduinobot_msgs/srv/detail
[0.558s] -- Up-to-date: /home/shriram/Desktop/ros2Project/install/arduinobot_msgs/include/arduinobot_msgs/arduinobot_msgs/srv/detail/add_two_ints__builder.hpp
[0.558s] -- Up-to-date: /home/shriram/Desktop/ros2Project/install/arduinobot_msgs/include/arduinobot_msgs/arduinobot_msgs/srv/detail/quarternion_to_euler__traits.hpp
[0.558s] -- Up-to-date: /home/shriram/Desktop/ros2Project/install/arduinobot_msgs/include/arduinobot_msgs/arduinobot_msgs/srv/detail/quarternion_to_euler__builder.hpp
[0.558s] -- Up-to-date: /home/shriram/Desktop/ros2Project/install/arduinobot_msgs/include/arduinobot_msgs/arduinobot_msgs/srv/detail/euler_to_quarternion__builder.hpp
[0.558s] -- Up-to-date: /home/shriram/Desktop/ros2Project/install/arduinobot_msgs/include/arduinobot_msgs/arduinobot_msgs/srv/detail/euler_to_quarternion__traits.hpp
[0.558s] -- Up-to-date: /home/shriram/Desktop/ros2Project/install/arduinobot_msgs/include/arduinobot_msgs/arduinobot_msgs/srv/detail/add_two_ints__struct.hpp
[0.558s] -- Up-to-date: /home/shriram/Desktop/ros2Project/install/arduinobot_msgs/include/arduinobot_msgs/arduinobot_msgs/srv/detail/quarternion_to_euler__struct.hpp
[0.559s] -- Up-to-date: /home/shriram/Desktop/ros2Project/install/arduinobot_msgs/include/arduinobot_msgs/arduinobot_msgs/srv/detail/euler_to_quarternion__struct.hpp
[0.559s] -- Up-to-date: /home/shriram/Desktop/ros2Project/install/arduinobot_msgs/include/arduinobot_msgs/arduinobot_msgs/srv/detail/add_two_ints__traits.hpp
[0.559s] -- Up-to-date: /home/shriram/Desktop/ros2Project/install/arduinobot_msgs/include/arduinobot_msgs/arduinobot_msgs/srv/euler_to_quarternion.hpp
[0.559s] -- Up-to-date: /home/shriram/Desktop/ros2Project/install/arduinobot_msgs/include/arduinobot_msgs/arduinobot_msgs
[0.559s] -- Up-to-date: /home/shriram/Desktop/ros2Project/install/arduinobot_msgs/include/arduinobot_msgs/arduinobot_msgs/msg
[0.559s] -- Up-to-date: /home/shriram/Desktop/ros2Project/install/arduinobot_msgs/include/arduinobot_msgs/arduinobot_msgs/msg/rosidl_typesupport_fastrtps_cpp__visibility_control.h
[0.559s] -- Up-to-date: /home/shriram/Desktop/ros2Project/install/arduinobot_msgs/include/arduinobot_msgs/arduinobot_msgs/srv
[0.559s] -- Up-to-date: /home/shriram/Desktop/ros2Project/install/arduinobot_msgs/include/arduinobot_msgs/arduinobot_msgs/srv/detail
[0.559s] -- Up-to-date: /home/shriram/Desktop/ros2Project/install/arduinobot_msgs/include/arduinobot_msgs/arduinobot_msgs/srv/detail/quarternion_to_euler__rosidl_typesupport_fastrtps_cpp.hpp
[0.559s] -- Up-to-date: /home/shriram/Desktop/ros2Project/install/arduinobot_msgs/include/arduinobot_msgs/arduinobot_msgs/srv/detail/dds_fastrtps
[0.560s] -- Up-to-date: /home/shriram/Desktop/ros2Project/install/arduinobot_msgs/include/arduinobot_msgs/arduinobot_msgs/srv/detail/euler_to_quarternion__rosidl_typesupport_fastrtps_cpp.hpp
[0.560s] -- Up-to-date: /home/shriram/Desktop/ros2Project/install/arduinobot_msgs/include/arduinobot_msgs/arduinobot_msgs/srv/detail/add_two_ints__rosidl_typesupport_fastrtps_cpp.hpp
[0.560s] -- Up-to-date: /home/shriram/Desktop/ros2Project/install/arduinobot_msgs/lib/libarduinobot_msgs__rosidl_typesupport_fastrtps_cpp.so
[0.560s] -- Up-to-date: /home/shriram/Desktop/ros2Project/install/arduinobot_msgs/include/arduinobot_msgs/arduinobot_msgs
[0.560s] -- Up-to-date: /home/shriram/Desktop/ros2Project/install/arduinobot_msgs/include/arduinobot_msgs/arduinobot_msgs/msg
[0.560s] -- Up-to-date: /home/shriram/Desktop/ros2Project/install/arduinobot_msgs/include/arduinobot_msgs/arduinobot_msgs/msg/rosidl_typesupport_introspection_c__visibility_control.h
[0.560s] -- Up-to-date: /home/shriram/Desktop/ros2Project/install/arduinobot_msgs/include/arduinobot_msgs/arduinobot_msgs/srv
[0.560s] -- Up-to-date: /home/shriram/Desktop/ros2Project/install/arduinobot_msgs/include/arduinobot_msgs/arduinobot_msgs/srv/detail
[0.560s] -- Up-to-date: /home/shriram/Desktop/ros2Project/install/arduinobot_msgs/include/arduinobot_msgs/arduinobot_msgs/srv/detail/quarternion_to_euler__type_support.c
[0.561s] -- Up-to-date: /home/shriram/Desktop/ros2Project/install/arduinobot_msgs/include/arduinobot_msgs/arduinobot_msgs/srv/detail/add_two_ints__type_support.c
[0.561s] -- Up-to-date: /home/shriram/Desktop/ros2Project/install/arduinobot_msgs/include/arduinobot_msgs/arduinobot_msgs/srv/detail/euler_to_quarternion__rosidl_typesupport_introspection_c.h
[0.561s] -- Up-to-date: /home/shriram/Desktop/ros2Project/install/arduinobot_msgs/include/arduinobot_msgs/arduinobot_msgs/srv/detail/quarternion_to_euler__rosidl_typesupport_introspection_c.h
[0.561s] -- Up-to-date: /home/shriram/Desktop/ros2Project/install/arduinobot_msgs/include/arduinobot_msgs/arduinobot_msgs/srv/detail/euler_to_quarternion__type_support.c
[0.561s] -- Up-to-date: /home/shriram/Desktop/ros2Project/install/arduinobot_msgs/include/arduinobot_msgs/arduinobot_msgs/srv/detail/add_two_ints__rosidl_typesupport_introspection_c.h
[0.561s] -- Up-to-date: /home/shriram/Desktop/ros2Project/install/arduinobot_msgs/lib/libarduinobot_msgs__rosidl_typesupport_introspection_c.so
[0.561s] -- Up-to-date: /home/shriram/Desktop/ros2Project/install/arduinobot_msgs/lib/libarduinobot_msgs__rosidl_typesupport_c.so
[0.561s] -- Up-to-date: /home/shriram/Desktop/ros2Project/install/arduinobot_msgs/include/arduinobot_msgs/arduinobot_msgs
[0.561s] -- Up-to-date: /home/shriram/Desktop/ros2Project/install/arduinobot_msgs/include/arduinobot_msgs/arduinobot_msgs/srv
[0.561s] -- Up-to-date: /home/shriram/Desktop/ros2Project/install/arduinobot_msgs/include/arduinobot_msgs/arduinobot_msgs/srv/detail
[0.561s] -- Up-to-date: /home/shriram/Desktop/ros2Project/install/arduinobot_msgs/include/arduinobot_msgs/arduinobot_msgs/srv/detail/add_two_ints__rosidl_typesupport_introspection_cpp.hpp
[0.562s] -- Up-to-date: /home/shriram/Desktop/ros2Project/install/arduinobot_msgs/include/arduinobot_msgs/arduinobot_msgs/srv/detail/add_two_ints__type_support.cpp
[0.562s] -- Up-to-date: /home/shriram/Desktop/ros2Project/install/arduinobot_msgs/include/arduinobot_msgs/arduinobot_msgs/srv/detail/quarternion_to_euler__type_support.cpp
[0.562s] -- Up-to-date: /home/shriram/Desktop/ros2Project/install/arduinobot_msgs/include/arduinobot_msgs/arduinobot_msgs/srv/detail/euler_to_quarternion__rosidl_typesupport_introspection_cpp.hpp
[0.562s] -- Up-to-date: /home/shriram/Desktop/ros2Project/install/arduinobot_msgs/include/arduinobot_msgs/arduinobot_msgs/srv/detail/euler_to_quarternion__type_support.cpp
[0.562s] -- Up-to-date: /home/shriram/Desktop/ros2Project/install/arduinobot_msgs/include/arduinobot_msgs/arduinobot_msgs/srv/detail/quarternion_to_euler__rosidl_typesupport_introspection_cpp.hpp
[0.562s] -- Up-to-date: /home/shriram/Desktop/ros2Project/install/arduinobot_msgs/lib/libarduinobot_msgs__rosidl_typesupport_introspection_cpp.so
[0.562s] -- Up-to-date: /home/shriram/Desktop/ros2Project/install/arduinobot_msgs/lib/libarduinobot_msgs__rosidl_typesupport_cpp.so
[0.562s] -- Up-to-date: /home/shriram/Desktop/ros2Project/install/arduinobot_msgs/share/arduinobot_msgs/environment/pythonpath.sh
[0.562s] -- Up-to-date: /home/shriram/Desktop/ros2Project/install/arduinobot_msgs/share/arduinobot_msgs/environment/pythonpath.dsv
[0.562s] -- Up-to-date: /home/shriram/Desktop/ros2Project/install/arduinobot_msgs/local/lib/python3.10/dist-packages/arduinobot_msgs-0.0.0-py3.10.egg-info
[0.562s] -- Installing: /home/shriram/Desktop/ros2Project/install/arduinobot_msgs/local/lib/python3.10/dist-packages/arduinobot_msgs-0.0.0-py3.10.egg-info/dependency_links.txt
[0.563s] -- Installing: /home/shriram/Desktop/ros2Project/install/arduinobot_msgs/local/lib/python3.10/dist-packages/arduinobot_msgs-0.0.0-py3.10.egg-info/SOURCES.txt
[0.563s] -- Installing: /home/shriram/Desktop/ros2Project/install/arduinobot_msgs/local/lib/python3.10/dist-packages/arduinobot_msgs-0.0.0-py3.10.egg-info/PKG-INFO
[0.563s] -- Installing: /home/shriram/Desktop/ros2Project/install/arduinobot_msgs/local/lib/python3.10/dist-packages/arduinobot_msgs-0.0.0-py3.10.egg-info/top_level.txt
[0.563s] -- Up-to-date: /home/shriram/Desktop/ros2Project/install/arduinobot_msgs/local/lib/python3.10/dist-packages/arduinobot_msgs
[0.563s] -- Up-to-date: /home/shriram/Desktop/ros2Project/install/arduinobot_msgs/local/lib/python3.10/dist-packages/arduinobot_msgs/srv
[0.563s] -- Up-to-date: /home/shriram/Desktop/ros2Project/install/arduinobot_msgs/local/lib/python3.10/dist-packages/arduinobot_msgs/srv/_quarternion_to_euler_s.c
[0.563s] -- Up-to-date: /home/shriram/Desktop/ros2Project/install/arduinobot_msgs/local/lib/python3.10/dist-packages/arduinobot_msgs/srv/_quarternion_to_euler.py
[0.563s] -- Up-to-date: /home/shriram/Desktop/ros2Project/install/arduinobot_msgs/local/lib/python3.10/dist-packages/arduinobot_msgs/srv/_add_two_ints.py
[0.563s] -- Up-to-date: /home/shriram/Desktop/ros2Project/install/arduinobot_msgs/local/lib/python3.10/dist-packages/arduinobot_msgs/srv/_add_two_ints_s.c
[0.564s] -- Up-to-date: /home/shriram/Desktop/ros2Project/install/arduinobot_msgs/local/lib/python3.10/dist-packages/arduinobot_msgs/srv/_euler_to_quarternion.py
[0.564s] -- Up-to-date: /home/shriram/Desktop/ros2Project/install/arduinobot_msgs/local/lib/python3.10/dist-packages/arduinobot_msgs/srv/__init__.py
[0.564s] -- Up-to-date: /home/shriram/Desktop/ros2Project/install/arduinobot_msgs/local/lib/python3.10/dist-packages/arduinobot_msgs/srv/_euler_to_quarternion_s.c
[0.564s] -- Up-to-date: /home/shriram/Desktop/ros2Project/install/arduinobot_msgs/local/lib/python3.10/dist-packages/arduinobot_msgs/arduinobot_msgs_s__rosidl_typesupport_fastrtps_c.cpython-310-x86_64-linux-gnu.so
[0.564s] -- Up-to-date: /home/shriram/Desktop/ros2Project/install/arduinobot_msgs/local/lib/python3.10/dist-packages/arduinobot_msgs/libarduinobot_msgs__rosidl_generator_py.so
[0.564s] -- Up-to-date: /home/shriram/Desktop/ros2Project/install/arduinobot_msgs/local/lib/python3.10/dist-packages/arduinobot_msgs/arduinobot_msgs_s__rosidl_typesupport_introspection_c.cpython-310-x86_64-linux-gnu.so
[0.564s] -- Up-to-date: /home/shriram/Desktop/ros2Project/install/arduinobot_msgs/local/lib/python3.10/dist-packages/arduinobot_msgs/__init__.py
[0.564s] -- Up-to-date: /home/shriram/Desktop/ros2Project/install/arduinobot_msgs/local/lib/python3.10/dist-packages/arduinobot_msgs/_arduinobot_msgs_s.ep.rosidl_typesupport_fastrtps_c.c
[0.564s] -- Up-to-date: /home/shriram/Desktop/ros2Project/install/arduinobot_msgs/local/lib/python3.10/dist-packages/arduinobot_msgs/arduinobot_msgs_s__rosidl_typesupport_c.cpython-310-x86_64-linux-gnu.so
[0.564s] -- Up-to-date: /home/shriram/Desktop/ros2Project/install/arduinobot_msgs/local/lib/python3.10/dist-packages/arduinobot_msgs/_arduinobot_msgs_s.ep.rosidl_typesupport_introspection_c.c
[0.565s] -- Up-to-date: /home/shriram/Desktop/ros2Project/install/arduinobot_msgs/local/lib/python3.10/dist-packages/arduinobot_msgs/_arduinobot_msgs_s.ep.rosidl_typesupport_c.c
[0.579s] Listing '/home/shriram/Desktop/ros2Project/install/arduinobot_msgs/local/lib/python3.10/dist-packages/arduinobot_msgs'...
[0.580s] Listing '/home/shriram/Desktop/ros2Project/install/arduinobot_msgs/local/lib/python3.10/dist-packages/arduinobot_msgs/srv'...
[0.585s] -- Up-to-date: /home/shriram/Desktop/ros2Project/install/arduinobot_msgs/local/lib/python3.10/dist-packages/arduinobot_msgs/arduinobot_msgs_s__rosidl_typesupport_fastrtps_c.cpython-310-x86_64-linux-gnu.so
[0.586s] -- Up-to-date: /home/shriram/Desktop/ros2Project/install/arduinobot_msgs/local/lib/python3.10/dist-packages/arduinobot_msgs/arduinobot_msgs_s__rosidl_typesupport_introspection_c.cpython-310-x86_64-linux-gnu.so
[0.586s] -- Up-to-date: /home/shriram/Desktop/ros2Project/install/arduinobot_msgs/local/lib/python3.10/dist-packages/arduinobot_msgs/arduinobot_msgs_s__rosidl_typesupport_c.cpython-310-x86_64-linux-gnu.so
[0.586s] -- Up-to-date: /home/shriram/Desktop/ros2Project/install/arduinobot_msgs/lib/libarduinobot_msgs__rosidl_generator_py.so
[0.586s] -- Up-to-date: /home/shriram/Desktop/ros2Project/install/arduinobot_msgs/share/arduinobot_msgs/srv/AddTwoInts.idl
[0.586s] -- Up-to-date: /home/shriram/Desktop/ros2Project/install/arduinobot_msgs/share/arduinobot_msgs/srv/EulerToQuarternion.idl
[0.587s] -- Up-to-date: /home/shriram/Desktop/ros2Project/install/arduinobot_msgs/share/arduinobot_msgs/srv/QuarternionToEuler.idl
[0.587s] -- Up-to-date: /home/shriram/Desktop/ros2Project/install/arduinobot_msgs/share/arduinobot_msgs/srv/AddTwoInts.srv
[0.587s] -- Up-to-date: /home/shriram/Desktop/ros2Project/install/arduinobot_msgs/share/arduinobot_msgs/srv/AddTwoInts_Request.msg
[0.587s] -- Up-to-date: /home/shriram/Desktop/ros2Project/install/arduinobot_msgs/share/arduinobot_msgs/srv/AddTwoInts_Response.msg
[0.587s] -- Up-to-date: /home/shriram/Desktop/ros2Project/install/arduinobot_msgs/share/arduinobot_msgs/srv/EulerToQuarternion.srv
[0.587s] -- Up-to-date: /home/shriram/Desktop/ros2Project/install/arduinobot_msgs/share/arduinobot_msgs/srv/EulerToQuarternion_Request.msg
[0.587s] -- Up-to-date: /home/shriram/Desktop/ros2Project/install/arduinobot_msgs/share/arduinobot_msgs/srv/EulerToQuarternion_Response.msg
[0.587s] -- Up-to-date: /home/shriram/Desktop/ros2Project/install/arduinobot_msgs/share/arduinobot_msgs/srv/QuarternionToEuler.srv
[0.588s] -- Up-to-date: /home/shriram/Desktop/ros2Project/install/arduinobot_msgs/share/arduinobot_msgs/srv/QuarternionToEuler_Request.msg
[0.588s] -- Up-to-date: /home/shriram/Desktop/ros2Project/install/arduinobot_msgs/share/arduinobot_msgs/srv/QuarternionToEuler_Response.msg
[0.588s] -- Up-to-date: /home/shriram/Desktop/ros2Project/install/arduinobot_msgs/share/ament_index/resource_index/package_run_dependencies/arduinobot_msgs
[0.588s] -- Up-to-date: /home/shriram/Desktop/ros2Project/install/arduinobot_msgs/share/ament_index/resource_index/parent_prefix_path/arduinobot_msgs
[0.588s] -- Up-to-date: /home/shriram/Desktop/ros2Project/install/arduinobot_msgs/share/arduinobot_msgs/environment/ament_prefix_path.sh
[0.588s] -- Up-to-date: /home/shriram/Desktop/ros2Project/install/arduinobot_msgs/share/arduinobot_msgs/environment/ament_prefix_path.dsv
[0.588s] -- Up-to-date: /home/shriram/Desktop/ros2Project/install/arduinobot_msgs/share/arduinobot_msgs/environment/path.sh
[0.588s] -- Up-to-date: /home/shriram/Desktop/ros2Project/install/arduinobot_msgs/share/arduinobot_msgs/environment/path.dsv
[0.589s] -- Up-to-date: /home/shriram/Desktop/ros2Project/install/arduinobot_msgs/share/arduinobot_msgs/local_setup.bash
[0.589s] -- Up-to-date: /home/shriram/Desktop/ros2Project/install/arduinobot_msgs/share/arduinobot_msgs/local_setup.sh
[0.589s] -- Up-to-date: /home/shriram/Desktop/ros2Project/install/arduinobot_msgs/share/arduinobot_msgs/local_setup.zsh
[0.589s] -- Up-to-date: /home/shriram/Desktop/ros2Project/install/arduinobot_msgs/share/arduinobot_msgs/local_setup.dsv
[0.589s] -- Installing: /home/shriram/Desktop/ros2Project/install/arduinobot_msgs/share/arduinobot_msgs/package.dsv
[0.589s] -- Up-to-date: /home/shriram/Desktop/ros2Project/install/arduinobot_msgs/share/ament_index/resource_index/packages/arduinobot_msgs
[0.589s] -- Up-to-date: /home/shriram/Desktop/ros2Project/install/arduinobot_msgs/share/arduinobot_msgs/cmake/export_arduinobot_msgs__rosidl_generator_cExport.cmake
[0.589s] -- Up-to-date: /home/shriram/Desktop/ros2Project/install/arduinobot_msgs/share/arduinobot_msgs/cmake/export_arduinobot_msgs__rosidl_generator_cExport-noconfig.cmake
[0.589s] -- Up-to-date: /home/shriram/Desktop/ros2Project/install/arduinobot_msgs/share/arduinobot_msgs/cmake/export_arduinobot_msgs__rosidl_typesupport_fastrtps_cExport.cmake
[0.590s] -- Up-to-date: /home/shriram/Desktop/ros2Project/install/arduinobot_msgs/share/arduinobot_msgs/cmake/export_arduinobot_msgs__rosidl_typesupport_fastrtps_cExport-noconfig.cmake
[0.590s] -- Up-to-date: /home/shriram/Desktop/ros2Project/install/arduinobot_msgs/share/arduinobot_msgs/cmake/export_arduinobot_msgs__rosidl_generator_cppExport.cmake
[0.590s] -- Up-to-date: /home/shriram/Desktop/ros2Project/install/arduinobot_msgs/share/arduinobot_msgs/cmake/export_arduinobot_msgs__rosidl_typesupport_fastrtps_cppExport.cmake
[0.590s] -- Up-to-date: /home/shriram/Desktop/ros2Project/install/arduinobot_msgs/share/arduinobot_msgs/cmake/export_arduinobot_msgs__rosidl_typesupport_fastrtps_cppExport-noconfig.cmake
[0.590s] -- Up-to-date: /home/shriram/Desktop/ros2Project/install/arduinobot_msgs/share/arduinobot_msgs/cmake/arduinobot_msgs__rosidl_typesupport_introspection_cExport.cmake
[0.590s] -- Up-to-date: /home/shriram/Desktop/ros2Project/install/arduinobot_msgs/share/arduinobot_msgs/cmake/arduinobot_msgs__rosidl_typesupport_introspection_cExport-noconfig.cmake
[0.590s] -- Up-to-date: /home/shriram/Desktop/ros2Project/install/arduinobot_msgs/share/arduinobot_msgs/cmake/arduinobot_msgs__rosidl_typesupport_cExport.cmake
[0.590s] -- Up-to-date: /home/shriram/Desktop/ros2Project/install/arduinobot_msgs/share/arduinobot_msgs/cmake/arduinobot_msgs__rosidl_typesupport_cExport-noconfig.cmake
[0.590s] -- Up-to-date: /home/shriram/Desktop/ros2Project/install/arduinobot_msgs/share/arduinobot_msgs/cmake/arduinobot_msgs__rosidl_typesupport_introspection_cppExport.cmake
[0.591s] -- Up-to-date: /home/shriram/Desktop/ros2Project/install/arduinobot_msgs/share/arduinobot_msgs/cmake/arduinobot_msgs__rosidl_typesupport_introspection_cppExport-noconfig.cmake
[0.591s] -- Up-to-date: /home/shriram/Desktop/ros2Project/install/arduinobot_msgs/share/arduinobot_msgs/cmake/arduinobot_msgs__rosidl_typesupport_cppExport.cmake
[0.591s] -- Up-to-date: /home/shriram/Desktop/ros2Project/install/arduinobot_msgs/share/arduinobot_msgs/cmake/arduinobot_msgs__rosidl_typesupport_cppExport-noconfig.cmake
[0.591s] -- Up-to-date: /home/shriram/Desktop/ros2Project/install/arduinobot_msgs/share/arduinobot_msgs/cmake/export_arduinobot_msgs__rosidl_generator_pyExport.cmake
[0.591s] -- Up-to-date: /home/shriram/Desktop/ros2Project/install/arduinobot_msgs/share/arduinobot_msgs/cmake/export_arduinobot_msgs__rosidl_generator_pyExport-noconfig.cmake
[0.591s] -- Up-to-date: /home/shriram/Desktop/ros2Project/install/arduinobot_msgs/share/arduinobot_msgs/cmake/rosidl_cmake-extras.cmake
[0.591s] -- Up-to-date: /home/shriram/Desktop/ros2Project/install/arduinobot_msgs/share/arduinobot_msgs/cmake/ament_cmake_export_include_directories-extras.cmake
[0.592s] -- Up-to-date: /home/shriram/Desktop/ros2Project/install/arduinobot_msgs/share/arduinobot_msgs/cmake/ament_cmake_export_libraries-extras.cmake
[0.592s] -- Up-to-date: /home/shriram/Desktop/ros2Project/install/arduinobot_msgs/share/arduinobot_msgs/cmake/ament_cmake_export_targets-extras.cmake
[0.592s] -- Up-to-date: /home/shriram/Desktop/ros2Project/install/arduinobot_msgs/share/arduinobot_msgs/cmake/rosidl_cmake_export_typesupport_targets-extras.cmake
[0.592s] -- Up-to-date: /home/shriram/Desktop/ros2Project/install/arduinobot_msgs/share/arduinobot_msgs/cmake/ament_cmake_export_dependencies-extras.cmake
[0.595s] -- Up-to-date: /home/shriram/Desktop/ros2Project/install/arduinobot_msgs/share/arduinobot_msgs/cmake/rosidl_cmake_export_typesupport_libraries-extras.cmake
[0.595s] -- Up-to-date: /home/shriram/Desktop/ros2Project/install/arduinobot_msgs/share/arduinobot_msgs/cmake/arduinobot_msgsConfig.cmake
[0.595s] -- Up-to-date: /home/shriram/Desktop/ros2Project/install/arduinobot_msgs/share/arduinobot_msgs/cmake/arduinobot_msgsConfig-version.cmake
[0.595s] -- Up-to-date: /home/shriram/Desktop/ros2Project/install/arduinobot_msgs/share/arduinobot_msgs/package.xml
[0.596s] Invoked command in '/home/shriram/Desktop/ros2Project/build/arduinobot_msgs' returned '0': CMAKE_PREFIX_PATH=/opt/ros/humble /usr/bin/cmake --install /home/shriram/Desktop/ros2Project/build/arduinobot_msgs
