[0.303s] Invoking command in '/home/shriram/Desktop/ros2Project/src/build/arduinobot_utils': AMENT_PREFIX_PATH=/home/shriram/Desktop/ros2Project/src/install/arduinobot_msgs:${AMENT_PREFIX_PATH} CMAKE_PREFIX_PATH=/home/shriram/Desktop/ros2Project/src/install/arduinobot_msgs:/home/shriram/Desktop/ros2Project/install/arduinobot_utils:/home/shriram/Desktop/ros2Project/install/arduinobot_msgs:/home/shriram/Desktop/ros2Project/install/arduinobot_moveit:/home/shriram/Desktop/ros2Project/install/arduinobot_description:/home/shriram/Desktop/ros2Project/install/arduinobot_controller:/home/shriram/Desktop/ros2Project/install/arduinobot_py:/opt/ros/humble LD_LIBRARY_PATH=/home/shriram/Desktop/ros2Project/src/install/arduinobot_msgs/lib:${LD_LIBRARY_PATH} PYTHONPATH=/home/shriram/Desktop/ros2Project/src/install/arduinobot_msgs/local/lib/python3.10/dist-packages:${PYTHONPATH} /usr/bin/cmake /home/shriram/Desktop/ros2Project/src/arduinobot_utils -DCMAKE_INSTALL_PREFIX=/home/shriram/Desktop/ros2Project/src/install/arduinobot_utils
[0.341s] -- The C compiler identification is GNU 11.4.0
[0.389s] -- The CXX compiler identification is GNU 11.4.0
[0.397s] -- Detecting C compiler ABI info
[0.456s] -- Detecting C compiler ABI info - done
[0.462s] -- Check for working C compiler: /usr/bin/cc - skipped
[0.462s] -- Detecting C compile features
[0.462s] -- Detecting C compile features - done
[0.465s] -- Detecting CXX compiler ABI info
[0.521s] -- Detecting CXX compiler ABI info - done
[0.527s] -- Check for working CXX compiler: /usr/bin/c++ - skipped
[0.527s] -- Detecting CXX compile features
[0.527s] -- Detecting CXX compile features - done
[0.529s] -- Found ament_cmake: 1.3.5 (/opt/ros/humble/share/ament_cmake/cmake)
[0.666s] -- Found Python3: /usr/bin/python3.10 (found version "3.10.12") found components: Interpreter 
[0.749s] -- Found rclpy: 3.3.9 (/opt/ros/humble/share/rclpy/cmake)
[0.749s] -- Found arduinobot_msgs: 0.0.0 (/home/shriram/Desktop/ros2Project/src/install/arduinobot_msgs/share/arduinobot_msgs/cmake)
[0.784s] -- Found rosidl_generator_c: 3.1.5 (/opt/ros/humble/share/rosidl_generator_c/cmake)
[0.789s] -- Found rosidl_adapter: 3.1.5 (/opt/ros/humble/share/rosidl_adapter/cmake)
[0.797s] -- Found rosidl_generator_cpp: 3.1.5 (/opt/ros/humble/share/rosidl_generator_cpp/cmake)
[0.810s] -- Using all available rosidl_typesupport_c: rosidl_typesupport_fastrtps_c;rosidl_typesupport_introspection_c
[0.827s] -- Using all available rosidl_typesupport_cpp: rosidl_typesupport_fastrtps_cpp;rosidl_typesupport_introspection_cpp
[1.018s] -- Found ament_lint_auto: 0.12.7 (/opt/ros/humble/share/ament_lint_auto/cmake)
[1.088s] -- Added test 'flake8' to check Python code syntax and style conventions
[1.088s] -- Added test 'lint_cmake' to check CMake code style
[1.089s] -- Added test 'pep257' to check Python code against some of the docstring style conventions in PEP 257
[1.090s] -- Added test 'xmllint' to check XML markup files
[1.091s] -- Configuring done
[1.094s] -- Generating done
[1.095s] -- Build files have been written to: /home/shriram/Desktop/ros2Project/src/build/arduinobot_utils
[1.103s] Invoked command in '/home/shriram/Desktop/ros2Project/src/build/arduinobot_utils' returned '0': AMENT_PREFIX_PATH=/home/shriram/Desktop/ros2Project/src/install/arduinobot_msgs:${AMENT_PREFIX_PATH} CMAKE_PREFIX_PATH=/home/shriram/Desktop/ros2Project/src/install/arduinobot_msgs:/home/shriram/Desktop/ros2Project/install/arduinobot_utils:/home/shriram/Desktop/ros2Project/install/arduinobot_msgs:/home/shriram/Desktop/ros2Project/install/arduinobot_moveit:/home/shriram/Desktop/ros2Project/install/arduinobot_description:/home/shriram/Desktop/ros2Project/install/arduinobot_controller:/home/shriram/Desktop/ros2Project/install/arduinobot_py:/opt/ros/humble LD_LIBRARY_PATH=/home/shriram/Desktop/ros2Project/src/install/arduinobot_msgs/lib:${LD_LIBRARY_PATH} PYTHONPATH=/home/shriram/Desktop/ros2Project/src/install/arduinobot_msgs/local/lib/python3.10/dist-packages:${PYTHONPATH} /usr/bin/cmake /home/shriram/Desktop/ros2Project/src/arduinobot_utils -DCMAKE_INSTALL_PREFIX=/home/shriram/Desktop/ros2Project/src/install/arduinobot_utils
[1.104s] Invoking command in '/home/shriram/Desktop/ros2Project/src/build/arduinobot_utils': AMENT_PREFIX_PATH=/home/shriram/Desktop/ros2Project/src/install/arduinobot_msgs:${AMENT_PREFIX_PATH} CMAKE_PREFIX_PATH=/home/shriram/Desktop/ros2Project/src/install/arduinobot_msgs:/home/shriram/Desktop/ros2Project/install/arduinobot_utils:/home/shriram/Desktop/ros2Project/install/arduinobot_msgs:/home/shriram/Desktop/ros2Project/install/arduinobot_moveit:/home/shriram/Desktop/ros2Project/install/arduinobot_description:/home/shriram/Desktop/ros2Project/install/arduinobot_controller:/home/shriram/Desktop/ros2Project/install/arduinobot_py:/opt/ros/humble LD_LIBRARY_PATH=/home/shriram/Desktop/ros2Project/src/install/arduinobot_msgs/lib:${LD_LIBRARY_PATH} PYTHONPATH=/home/shriram/Desktop/ros2Project/src/install/arduinobot_msgs/local/lib/python3.10/dist-packages:${PYTHONPATH} /usr/bin/cmake --build /home/shriram/Desktop/ros2Project/src/build/arduinobot_utils -- -j12 -l12
[1.156s] Built target ament_cmake_python_copy_arduinobot_utils
[1.404s] running egg_info
[1.404s] creating arduinobot_utils.egg-info
[1.404s] writing arduinobot_utils.egg-info/PKG-INFO
[1.404s] writing dependency_links to arduinobot_utils.egg-info/dependency_links.txt
[1.405s] writing top-level names to arduinobot_utils.egg-info/top_level.txt
[1.405s] writing manifest file 'arduinobot_utils.egg-info/SOURCES.txt'
[1.406s] reading manifest file 'arduinobot_utils.egg-info/SOURCES.txt'
[1.407s] writing manifest file 'arduinobot_utils.egg-info/SOURCES.txt'
[1.435s] Built target ament_cmake_python_build_arduinobot_utils_egg
[1.445s] Invoked command in '/home/shriram/Desktop/ros2Project/src/build/arduinobot_utils' returned '0': AMENT_PREFIX_PATH=/home/shriram/Desktop/ros2Project/src/install/arduinobot_msgs:${AMENT_PREFIX_PATH} CMAKE_PREFIX_PATH=/home/shriram/Desktop/ros2Project/src/install/arduinobot_msgs:/home/shriram/Desktop/ros2Project/install/arduinobot_utils:/home/shriram/Desktop/ros2Project/install/arduinobot_msgs:/home/shriram/Desktop/ros2Project/install/arduinobot_moveit:/home/shriram/Desktop/ros2Project/install/arduinobot_description:/home/shriram/Desktop/ros2Project/install/arduinobot_controller:/home/shriram/Desktop/ros2Project/install/arduinobot_py:/opt/ros/humble LD_LIBRARY_PATH=/home/shriram/Desktop/ros2Project/src/install/arduinobot_msgs/lib:${LD_LIBRARY_PATH} PYTHONPATH=/home/shriram/Desktop/ros2Project/src/install/arduinobot_msgs/local/lib/python3.10/dist-packages:${PYTHONPATH} /usr/bin/cmake --build /home/shriram/Desktop/ros2Project/src/build/arduinobot_utils -- -j12 -l12
[1.463s] Invoking command in '/home/shriram/Desktop/ros2Project/src/build/arduinobot_utils': AMENT_PREFIX_PATH=/home/shriram/Desktop/ros2Project/src/install/arduinobot_msgs:${AMENT_PREFIX_PATH} CMAKE_PREFIX_PATH=/home/shriram/Desktop/ros2Project/src/install/arduinobot_msgs:/home/shriram/Desktop/ros2Project/install/arduinobot_utils:/home/shriram/Desktop/ros2Project/install/arduinobot_msgs:/home/shriram/Desktop/ros2Project/install/arduinobot_moveit:/home/shriram/Desktop/ros2Project/install/arduinobot_description:/home/shriram/Desktop/ros2Project/install/arduinobot_controller:/home/shriram/Desktop/ros2Project/install/arduinobot_py:/opt/ros/humble LD_LIBRARY_PATH=/home/shriram/Desktop/ros2Project/src/install/arduinobot_msgs/lib:${LD_LIBRARY_PATH} PYTHONPATH=/home/shriram/Desktop/ros2Project/src/install/arduinobot_msgs/local/lib/python3.10/dist-packages:${PYTHONPATH} /usr/bin/cmake --install /home/shriram/Desktop/ros2Project/src/build/arduinobot_utils
[1.469s] -- Install configuration: ""
[1.469s] -- Installing: /home/shriram/Desktop/ros2Project/src/install/arduinobot_utils/share/arduinobot_utils/environment/pythonpath.sh
[1.470s] -- Installing: /home/shriram/Desktop/ros2Project/src/install/arduinobot_utils/share/arduinobot_utils/environment/pythonpath.dsv
[1.470s] -- Installing: /home/shriram/Desktop/ros2Project/src/install/arduinobot_utils/local/lib/python3.10/dist-packages/arduinobot_utils-0.0.0-py3.10.egg-info
[1.470s] -- Installing: /home/shriram/Desktop/ros2Project/src/install/arduinobot_utils/local/lib/python3.10/dist-packages/arduinobot_utils-0.0.0-py3.10.egg-info/dependency_links.txt
[1.470s] -- Installing: /home/shriram/Desktop/ros2Project/src/install/arduinobot_utils/local/lib/python3.10/dist-packages/arduinobot_utils-0.0.0-py3.10.egg-info/SOURCES.txt
[1.470s] -- Installing: /home/shriram/Desktop/ros2Project/src/install/arduinobot_utils/local/lib/python3.10/dist-packages/arduinobot_utils-0.0.0-py3.10.egg-info/PKG-INFO
[1.470s] -- Installing: /home/shriram/Desktop/ros2Project/src/install/arduinobot_utils/local/lib/python3.10/dist-packages/arduinobot_utils-0.0.0-py3.10.egg-info/top_level.txt
[1.470s] -- Installing: /home/shriram/Desktop/ros2Project/src/install/arduinobot_utils/local/lib/python3.10/dist-packages/arduinobot_utils
[1.470s] -- Installing: /home/shriram/Desktop/ros2Project/src/install/arduinobot_utils/local/lib/python3.10/dist-packages/arduinobot_utils/__init__.py
[1.470s] -- Installing: /home/shriram/Desktop/ros2Project/src/install/arduinobot_utils/local/lib/python3.10/dist-packages/arduinobot_utils/angle_conversion.py
[1.498s] Listing '/home/shriram/Desktop/ros2Project/src/install/arduinobot_utils/local/lib/python3.10/dist-packages/arduinobot_utils'...
[1.498s] Compiling '/home/shriram/Desktop/ros2Project/src/install/arduinobot_utils/local/lib/python3.10/dist-packages/arduinobot_utils/__init__.py'...
[1.498s] Compiling '/home/shriram/Desktop/ros2Project/src/install/arduinobot_utils/local/lib/python3.10/dist-packages/arduinobot_utils/angle_conversion.py'...
[1.501s] -- Installing: /home/shriram/Desktop/ros2Project/src/install/arduinobot_utils/lib/arduinobot_utils/angle_conversion.py
[1.501s] -- Installing: /home/shriram/Desktop/ros2Project/src/install/arduinobot_utils/share/ament_index/resource_index/package_run_dependencies/arduinobot_utils
[1.502s] -- Installing: /home/shriram/Desktop/ros2Project/src/install/arduinobot_utils/share/ament_index/resource_index/parent_prefix_path/arduinobot_utils
[1.502s] -- Installing: /home/shriram/Desktop/ros2Project/src/install/arduinobot_utils/share/arduinobot_utils/environment/ament_prefix_path.sh
[1.502s] -- Installing: /home/shriram/Desktop/ros2Project/src/install/arduinobot_utils/share/arduinobot_utils/environment/ament_prefix_path.dsv
[1.502s] -- Installing: /home/shriram/Desktop/ros2Project/src/install/arduinobot_utils/share/arduinobot_utils/environment/path.sh
[1.502s] -- Installing: /home/shriram/Desktop/ros2Project/src/install/arduinobot_utils/share/arduinobot_utils/environment/path.dsv
[1.502s] -- Installing: /home/shriram/Desktop/ros2Project/src/install/arduinobot_utils/share/arduinobot_utils/local_setup.bash
[1.502s] -- Installing: /home/shriram/Desktop/ros2Project/src/install/arduinobot_utils/share/arduinobot_utils/local_setup.sh
[1.502s] -- Installing: /home/shriram/Desktop/ros2Project/src/install/arduinobot_utils/share/arduinobot_utils/local_setup.zsh
[1.502s] -- Installing: /home/shriram/Desktop/ros2Project/src/install/arduinobot_utils/share/arduinobot_utils/local_setup.dsv
[1.502s] -- Installing: /home/shriram/Desktop/ros2Project/src/install/arduinobot_utils/share/arduinobot_utils/package.dsv
[1.502s] -- Installing: /home/shriram/Desktop/ros2Project/src/install/arduinobot_utils/share/ament_index/resource_index/packages/arduinobot_utils
[1.502s] -- Installing: /home/shriram/Desktop/ros2Project/src/install/arduinobot_utils/share/arduinobot_utils/cmake/arduinobot_utilsConfig.cmake
[1.503s] -- Installing: /home/shriram/Desktop/ros2Project/src/install/arduinobot_utils/share/arduinobot_utils/cmake/arduinobot_utilsConfig-version.cmake
[1.503s] -- Installing: /home/shriram/Desktop/ros2Project/src/install/arduinobot_utils/share/arduinobot_utils/package.xml
[1.506s] Invoked command in '/home/shriram/Desktop/ros2Project/src/build/arduinobot_utils' returned '0': AMENT_PREFIX_PATH=/home/shriram/Desktop/ros2Project/src/install/arduinobot_msgs:${AMENT_PREFIX_PATH} CMAKE_PREFIX_PATH=/home/shriram/Desktop/ros2Project/src/install/arduinobot_msgs:/home/shriram/Desktop/ros2Project/install/arduinobot_utils:/home/shriram/Desktop/ros2Project/install/arduinobot_msgs:/home/shriram/Desktop/ros2Project/install/arduinobot_moveit:/home/shriram/Desktop/ros2Project/install/arduinobot_description:/home/shriram/Desktop/ros2Project/install/arduinobot_controller:/home/shriram/Desktop/ros2Project/install/arduinobot_py:/opt/ros/humble LD_LIBRARY_PATH=/home/shriram/Desktop/ros2Project/src/install/arduinobot_msgs/lib:${LD_LIBRARY_PATH} PYTHONPATH=/home/shriram/Desktop/ros2Project/src/install/arduinobot_msgs/local/lib/python3.10/dist-packages:${PYTHONPATH} /usr/bin/cmake --install /home/shriram/Desktop/ros2Project/src/build/arduinobot_utils
