[0.835s] Invoking command in '/home/shriram/Desktop/ros2Project/src/arduinobot_py': PYTHONPATH=/home/shriram/Desktop/ros2Project/build/arduinobot_py/prefix_override:/home/shriram/Desktop/ros2Project/install/arduinobot_py/lib/python3.10/site-packages:${PYTHONPATH} /usr/bin/python3 setup.py egg_info --egg-base ../../build/arduinobot_py build --build-base /home/shriram/Desktop/ros2Project/build/arduinobot_py/build install --record /home/shriram/Desktop/ros2Project/build/arduinobot_py/install.log --single-version-externally-managed
[1.108s] running egg_info
[1.109s] writing ../../build/arduinobot_py/arduinobot_py.egg-info/PKG-INFO
[1.110s] writing dependency_links to ../../build/arduinobot_py/arduinobot_py.egg-info/dependency_links.txt
[1.110s] writing entry points to ../../build/arduinobot_py/arduinobot_py.egg-info/entry_points.txt
[1.110s] writing requirements to ../../build/arduinobot_py/arduinobot_py.egg-info/requires.txt
[1.110s] writing top-level names to ../../build/arduinobot_py/arduinobot_py.egg-info/top_level.txt
[1.112s] reading manifest file '../../build/arduinobot_py/arduinobot_py.egg-info/SOURCES.txt'
[1.113s] writing manifest file '../../build/arduinobot_py/arduinobot_py.egg-info/SOURCES.txt'
[1.113s] running build
[1.113s] running build_py
[1.113s] running install
[1.114s] running install_lib
[1.115s] running install_data
[1.116s] running install_egg_info
[1.117s] removing '/home/shriram/Desktop/ros2Project/install/arduinobot_py/lib/python3.10/site-packages/arduinobot_py-0.0.0-py3.10.egg-info' (and everything under it)
[1.118s] Copying ../../build/arduinobot_py/arduinobot_py.egg-info to /home/shriram/Desktop/ros2Project/install/arduinobot_py/lib/python3.10/site-packages/arduinobot_py-0.0.0-py3.10.egg-info
[1.118s] running install_scripts
[1.135s] Installing simple_parameter script to /home/shriram/Desktop/ros2Project/install/arduinobot_py/lib/arduinobot_py
[1.135s] writing list of installed files to '/home/shriram/Desktop/ros2Project/build/arduinobot_py/install.log'
[1.165s] Invoked command in '/home/shriram/Desktop/ros2Project/src/arduinobot_py' returned '0': PYTHONPATH=/home/shriram/Desktop/ros2Project/build/arduinobot_py/prefix_override:/home/shriram/Desktop/ros2Project/install/arduinobot_py/lib/python3.10/site-packages:${PYTHONPATH} /usr/bin/python3 setup.py egg_info --egg-base ../../build/arduinobot_py build --build-base /home/shriram/Desktop/ros2Project/build/arduinobot_py/build install --record /home/shriram/Desktop/ros2Project/build/arduinobot_py/install.log --single-version-externally-managed
