[0.374s] DEBUG:colcon:Command line arguments: ['/usr/bin/colcon', 'build']
[0.374s] DEBUG:colcon:Parsed command line arguments: Namespace(log_base=None, log_level=None, verb_name='build', build_base='build', install_base='install', merge_install=False, symlink_install=False, test_result_base=None, continue_on_error=False, executor='parallel', parallel_workers=12, event_handlers=None, ignore_user_meta=False, metas=['./colcon.meta'], base_paths=['.'], packages_ignore=None, packages_ignore_regex=None, paths=None, packages_up_to=None, packages_up_to_regex=None, packages_above=None, packages_above_and_dependencies=None, packages_above_depth=None, packages_select_by_dep=None, packages_skip_by_dep=None, packages_skip_up_to=None, packages_select_build_failed=False, packages_skip_build_finished=False, packages_select_test_failures=False, packages_skip_test_passed=False, packages_select=None, packages_skip=None, packages_select_regex=None, packages_skip_regex=None, packages_start=None, packages_end=None, allow_overriding=[], cmake_args=None, cmake_target=None, cmake_target_skip_unavailable=False, cmake_clean_cache=False, cmake_clean_first=False, cmake_force_configure=False, ament_cmake_args=None, catkin_cmake_args=None, catkin_skip_building_tests=False, mixin_files=None, mixin=None, verb_parser=<colcon_mixin.mixin.mixin_argument.MixinArgumentDecorator object at 0x7fcee85bf610>, verb_extension=<colcon_core.verb.build.BuildVerb object at 0x7fcee7f88dc0>, main=<bound method BuildVerb.main of <colcon_core.verb.build.BuildVerb object at 0x7fcee7f88dc0>>, mixin_verb=('build',))
[0.395s] Level 1:colcon.colcon_core.package_discovery:discover_packages(colcon_meta) check parameters
[0.396s] Level 1:colcon.colcon_core.package_discovery:discover_packages(recursive) check parameters
[0.396s] Level 1:colcon.colcon_core.package_discovery:discover_packages(ignore) check parameters
[0.396s] Level 1:colcon.colcon_core.package_discovery:discover_packages(path) check parameters
[0.396s] Level 1:colcon.colcon_core.package_discovery:discover_packages(colcon_meta) discover
[0.396s] Level 1:colcon.colcon_core.package_discovery:discover_packages(recursive) discover
[0.396s] INFO:colcon.colcon_core.package_discovery:Crawling recursively for packages in '/home/shriram/Desktop/ros2Project'
[0.396s] Level 1:colcon.colcon_core.package_identification:_identify(.) by extensions ['ignore', 'ignore_ament_install']
[0.396s] Level 1:colcon.colcon_core.package_identification:_identify(.) by extension 'ignore'
[0.396s] Level 1:colcon.colcon_core.package_identification:_identify(.) by extension 'ignore_ament_install'
[0.396s] Level 1:colcon.colcon_core.package_identification:_identify(.) by extensions ['colcon_pkg']
[0.397s] Level 1:colcon.colcon_core.package_identification:_identify(.) by extension 'colcon_pkg'
[0.397s] Level 1:colcon.colcon_core.package_identification:_identify(.) by extensions ['colcon_meta']
[0.397s] Level 1:colcon.colcon_core.package_identification:_identify(.) by extension 'colcon_meta'
[0.397s] Level 1:colcon.colcon_core.package_identification:_identify(.) by extensions ['ros']
[0.397s] Level 1:colcon.colcon_core.package_identification:_identify(.) by extension 'ros'
[0.406s] Level 1:colcon.colcon_core.package_identification:_identify(.) by extensions ['cmake', 'python']
[0.406s] Level 1:colcon.colcon_core.package_identification:_identify(.) by extension 'cmake'
[0.406s] Level 1:colcon.colcon_core.package_identification:_identify(.) by extension 'python'
[0.406s] Level 1:colcon.colcon_core.package_identification:_identify(.) by extensions ['python_setup_py']
[0.406s] Level 1:colcon.colcon_core.package_identification:_identify(.) by extension 'python_setup_py'
[0.406s] Level 1:colcon.colcon_core.package_identification:_identify(build) by extensions ['ignore', 'ignore_ament_install']
[0.406s] Level 1:colcon.colcon_core.package_identification:_identify(build) by extension 'ignore'
[0.406s] Level 1:colcon.colcon_core.package_identification:_identify(build) ignored
[0.406s] Level 1:colcon.colcon_core.package_identification:_identify(install) by extensions ['ignore', 'ignore_ament_install']
[0.406s] Level 1:colcon.colcon_core.package_identification:_identify(install) by extension 'ignore'
[0.406s] Level 1:colcon.colcon_core.package_identification:_identify(install) ignored
[0.406s] Level 1:colcon.colcon_core.package_identification:_identify(log) by extensions ['ignore', 'ignore_ament_install']
[0.407s] Level 1:colcon.colcon_core.package_identification:_identify(log) by extension 'ignore'
[0.407s] Level 1:colcon.colcon_core.package_identification:_identify(log) ignored
[0.407s] Level 1:colcon.colcon_core.package_identification:_identify(src) by extensions ['ignore', 'ignore_ament_install']
[0.407s] Level 1:colcon.colcon_core.package_identification:_identify(src) by extension 'ignore'
[0.407s] Level 1:colcon.colcon_core.package_identification:_identify(src) by extension 'ignore_ament_install'
[0.407s] Level 1:colcon.colcon_core.package_identification:_identify(src) by extensions ['colcon_pkg']
[0.407s] Level 1:colcon.colcon_core.package_identification:_identify(src) by extension 'colcon_pkg'
[0.407s] Level 1:colcon.colcon_core.package_identification:_identify(src) by extensions ['colcon_meta']
[0.407s] Level 1:colcon.colcon_core.package_identification:_identify(src) by extension 'colcon_meta'
[0.407s] Level 1:colcon.colcon_core.package_identification:_identify(src) by extensions ['ros']
[0.407s] Level 1:colcon.colcon_core.package_identification:_identify(src) by extension 'ros'
[0.407s] Level 1:colcon.colcon_core.package_identification:_identify(src) by extensions ['cmake', 'python']
[0.407s] Level 1:colcon.colcon_core.package_identification:_identify(src) by extension 'cmake'
[0.407s] Level 1:colcon.colcon_core.package_identification:_identify(src) by extension 'python'
[0.407s] Level 1:colcon.colcon_core.package_identification:_identify(src) by extensions ['python_setup_py']
[0.407s] Level 1:colcon.colcon_core.package_identification:_identify(src) by extension 'python_setup_py'
[0.407s] Level 1:colcon.colcon_core.package_identification:_identify(src/arduinobot_controller) by extensions ['ignore', 'ignore_ament_install']
[0.408s] Level 1:colcon.colcon_core.package_identification:_identify(src/arduinobot_controller) by extension 'ignore'
[0.408s] Level 1:colcon.colcon_core.package_identification:_identify(src/arduinobot_controller) by extension 'ignore_ament_install'
[0.408s] Level 1:colcon.colcon_core.package_identification:_identify(src/arduinobot_controller) by extensions ['colcon_pkg']
[0.408s] Level 1:colcon.colcon_core.package_identification:_identify(src/arduinobot_controller) by extension 'colcon_pkg'
[0.408s] Level 1:colcon.colcon_core.package_identification:_identify(src/arduinobot_controller) by extensions ['colcon_meta']
[0.408s] Level 1:colcon.colcon_core.package_identification:_identify(src/arduinobot_controller) by extension 'colcon_meta'
[0.408s] Level 1:colcon.colcon_core.package_identification:_identify(src/arduinobot_controller) by extensions ['ros']
[0.408s] Level 1:colcon.colcon_core.package_identification:_identify(src/arduinobot_controller) by extension 'ros'
[0.410s] DEBUG:colcon.colcon_core.package_identification:Package 'src/arduinobot_controller' with type 'ros.ament_cmake' and name 'arduinobot_controller'
[0.410s] Level 1:colcon.colcon_core.package_identification:_identify(src/arduinobot_description) by extensions ['ignore', 'ignore_ament_install']
[0.410s] Level 1:colcon.colcon_core.package_identification:_identify(src/arduinobot_description) by extension 'ignore'
[0.410s] Level 1:colcon.colcon_core.package_identification:_identify(src/arduinobot_description) by extension 'ignore_ament_install'
[0.410s] Level 1:colcon.colcon_core.package_identification:_identify(src/arduinobot_description) by extensions ['colcon_pkg']
[0.410s] Level 1:colcon.colcon_core.package_identification:_identify(src/arduinobot_description) by extension 'colcon_pkg'
[0.410s] Level 1:colcon.colcon_core.package_identification:_identify(src/arduinobot_description) by extensions ['colcon_meta']
[0.410s] Level 1:colcon.colcon_core.package_identification:_identify(src/arduinobot_description) by extension 'colcon_meta'
[0.410s] Level 1:colcon.colcon_core.package_identification:_identify(src/arduinobot_description) by extensions ['ros']
[0.410s] Level 1:colcon.colcon_core.package_identification:_identify(src/arduinobot_description) by extension 'ros'
[0.410s] DEBUG:colcon.colcon_core.package_identification:Package 'src/arduinobot_description' with type 'ros.ament_cmake' and name 'arduinobot_description'
[0.411s] Level 1:colcon.colcon_core.package_identification:_identify(src/arduinobot_py) by extensions ['ignore', 'ignore_ament_install']
[0.411s] Level 1:colcon.colcon_core.package_identification:_identify(src/arduinobot_py) by extension 'ignore'
[0.411s] Level 1:colcon.colcon_core.package_identification:_identify(src/arduinobot_py) by extension 'ignore_ament_install'
[0.411s] Level 1:colcon.colcon_core.package_identification:_identify(src/arduinobot_py) by extensions ['colcon_pkg']
[0.411s] Level 1:colcon.colcon_core.package_identification:_identify(src/arduinobot_py) by extension 'colcon_pkg'
[0.411s] Level 1:colcon.colcon_core.package_identification:_identify(src/arduinobot_py) by extensions ['colcon_meta']
[0.411s] Level 1:colcon.colcon_core.package_identification:_identify(src/arduinobot_py) by extension 'colcon_meta'
[0.411s] Level 1:colcon.colcon_core.package_identification:_identify(src/arduinobot_py) by extensions ['ros']
[0.411s] Level 1:colcon.colcon_core.package_identification:_identify(src/arduinobot_py) by extension 'ros'
[0.411s] DEBUG:colcon.colcon_core.package_identification:Package 'src/arduinobot_py' with type 'ros.ament_python' and name 'arduinobot_py'
[0.411s] Level 1:colcon.colcon_core.package_discovery:discover_packages(recursive) using defaults
[0.411s] Level 1:colcon.colcon_core.package_discovery:discover_packages(ignore) discover
[0.411s] Level 1:colcon.colcon_core.package_discovery:discover_packages(ignore) using defaults
[0.412s] Level 1:colcon.colcon_core.package_discovery:discover_packages(path) discover
[0.412s] Level 1:colcon.colcon_core.package_discovery:discover_packages(path) using defaults
[0.430s] Level 1:colcon.colcon_core.package_discovery:discover_packages(prefix_path) check parameters
[0.431s] Level 1:colcon.colcon_core.package_discovery:discover_packages(prefix_path) discover
[0.433s] DEBUG:colcon.colcon_installed_package_information.package_discovery:Found 3 installed packages in /home/shriram/Desktop/ros2Project/install
[0.434s] DEBUG:colcon.colcon_installed_package_information.package_discovery:Found 434 installed packages in /opt/ros/humble
[0.437s] Level 1:colcon.colcon_core.package_discovery:discover_packages(prefix_path) using defaults
[0.494s] Level 5:colcon.colcon_core.verb:set package 'arduinobot_controller' build argument 'cmake_args' from command line to 'None'
[0.494s] Level 5:colcon.colcon_core.verb:set package 'arduinobot_controller' build argument 'cmake_target' from command line to 'None'
[0.494s] Level 5:colcon.colcon_core.verb:set package 'arduinobot_controller' build argument 'cmake_target_skip_unavailable' from command line to 'False'
[0.494s] Level 5:colcon.colcon_core.verb:set package 'arduinobot_controller' build argument 'cmake_clean_cache' from command line to 'False'
[0.495s] Level 5:colcon.colcon_core.verb:set package 'arduinobot_controller' build argument 'cmake_clean_first' from command line to 'False'
[0.495s] Level 5:colcon.colcon_core.verb:set package 'arduinobot_controller' build argument 'cmake_force_configure' from command line to 'False'
[0.495s] Level 5:colcon.colcon_core.verb:set package 'arduinobot_controller' build argument 'ament_cmake_args' from command line to 'None'
[0.495s] Level 5:colcon.colcon_core.verb:set package 'arduinobot_controller' build argument 'catkin_cmake_args' from command line to 'None'
[0.495s] Level 5:colcon.colcon_core.verb:set package 'arduinobot_controller' build argument 'catkin_skip_building_tests' from command line to 'False'
[0.495s] DEBUG:colcon.colcon_core.verb:Building package 'arduinobot_controller' with the following arguments: {'ament_cmake_args': None, 'build_base': '/home/shriram/Desktop/ros2Project/build/arduinobot_controller', 'catkin_cmake_args': None, 'catkin_skip_building_tests': False, 'cmake_args': None, 'cmake_clean_cache': False, 'cmake_clean_first': False, 'cmake_force_configure': False, 'cmake_target': None, 'cmake_target_skip_unavailable': False, 'install_base': '/home/shriram/Desktop/ros2Project/install/arduinobot_controller', 'merge_install': False, 'path': '/home/shriram/Desktop/ros2Project/src/arduinobot_controller', 'symlink_install': False, 'test_result_base': None}
[0.496s] Level 5:colcon.colcon_core.verb:set package 'arduinobot_description' build argument 'cmake_args' from command line to 'None'
[0.496s] Level 5:colcon.colcon_core.verb:set package 'arduinobot_description' build argument 'cmake_target' from command line to 'None'
[0.496s] Level 5:colcon.colcon_core.verb:set package 'arduinobot_description' build argument 'cmake_target_skip_unavailable' from command line to 'False'
[0.496s] Level 5:colcon.colcon_core.verb:set package 'arduinobot_description' build argument 'cmake_clean_cache' from command line to 'False'
[0.496s] Level 5:colcon.colcon_core.verb:set package 'arduinobot_description' build argument 'cmake_clean_first' from command line to 'False'
[0.496s] Level 5:colcon.colcon_core.verb:set package 'arduinobot_description' build argument 'cmake_force_configure' from command line to 'False'
[0.496s] Level 5:colcon.colcon_core.verb:set package 'arduinobot_description' build argument 'ament_cmake_args' from command line to 'None'
[0.496s] Level 5:colcon.colcon_core.verb:set package 'arduinobot_description' build argument 'catkin_cmake_args' from command line to 'None'
[0.496s] Level 5:colcon.colcon_core.verb:set package 'arduinobot_description' build argument 'catkin_skip_building_tests' from command line to 'False'
[0.496s] DEBUG:colcon.colcon_core.verb:Building package 'arduinobot_description' with the following arguments: {'ament_cmake_args': None, 'build_base': '/home/shriram/Desktop/ros2Project/build/arduinobot_description', 'catkin_cmake_args': None, 'catkin_skip_building_tests': False, 'cmake_args': None, 'cmake_clean_cache': False, 'cmake_clean_first': False, 'cmake_force_configure': False, 'cmake_target': None, 'cmake_target_skip_unavailable': False, 'install_base': '/home/shriram/Desktop/ros2Project/install/arduinobot_description', 'merge_install': False, 'path': '/home/shriram/Desktop/ros2Project/src/arduinobot_description', 'symlink_install': False, 'test_result_base': None}
[0.497s] Level 5:colcon.colcon_core.verb:set package 'arduinobot_py' build argument 'cmake_args' from command line to 'None'
[0.497s] Level 5:colcon.colcon_core.verb:set package 'arduinobot_py' build argument 'cmake_target' from command line to 'None'
[0.497s] Level 5:colcon.colcon_core.verb:set package 'arduinobot_py' build argument 'cmake_target_skip_unavailable' from command line to 'False'
[0.497s] Level 5:colcon.colcon_core.verb:set package 'arduinobot_py' build argument 'cmake_clean_cache' from command line to 'False'
[0.497s] Level 5:colcon.colcon_core.verb:set package 'arduinobot_py' build argument 'cmake_clean_first' from command line to 'False'
[0.497s] Level 5:colcon.colcon_core.verb:set package 'arduinobot_py' build argument 'cmake_force_configure' from command line to 'False'
[0.497s] Level 5:colcon.colcon_core.verb:set package 'arduinobot_py' build argument 'ament_cmake_args' from command line to 'None'
[0.497s] Level 5:colcon.colcon_core.verb:set package 'arduinobot_py' build argument 'catkin_cmake_args' from command line to 'None'
[0.497s] Level 5:colcon.colcon_core.verb:set package 'arduinobot_py' build argument 'catkin_skip_building_tests' from command line to 'False'
[0.497s] DEBUG:colcon.colcon_core.verb:Building package 'arduinobot_py' with the following arguments: {'ament_cmake_args': None, 'build_base': '/home/shriram/Desktop/ros2Project/build/arduinobot_py', 'catkin_cmake_args': None, 'catkin_skip_building_tests': False, 'cmake_args': None, 'cmake_clean_cache': False, 'cmake_clean_first': False, 'cmake_force_configure': False, 'cmake_target': None, 'cmake_target_skip_unavailable': False, 'install_base': '/home/shriram/Desktop/ros2Project/install/arduinobot_py', 'merge_install': False, 'path': '/home/shriram/Desktop/ros2Project/src/arduinobot_py', 'symlink_install': False, 'test_result_base': None}
[0.498s] INFO:colcon.colcon_core.executor:Executing jobs using 'parallel' executor
[0.501s] DEBUG:colcon.colcon_parallel_executor.executor.parallel:run_until_complete
[0.501s] INFO:colcon.colcon_ros.task.ament_cmake.build:Building ROS package in '/home/shriram/Desktop/ros2Project/src/arduinobot_controller' with build type 'ament_cmake'
[0.501s] INFO:colcon.colcon_cmake.task.cmake.build:Building CMake package in '/home/shriram/Desktop/ros2Project/src/arduinobot_controller'
[0.504s] INFO:colcon.colcon_core.plugin_system:Skipping extension 'colcon_core.shell.bat': Not used on non-Windows systems
[0.505s] INFO:colcon.colcon_core.shell:Skip shell extension 'powershell' for command environment: Not usable outside of PowerShell
[0.505s] DEBUG:colcon.colcon_core.shell:Skip shell extension 'dsv' for command environment
[0.508s] INFO:colcon.colcon_ros.task.ament_cmake.build:Building ROS package in '/home/shriram/Desktop/ros2Project/src/arduinobot_description' with build type 'ament_cmake'
[0.508s] INFO:colcon.colcon_cmake.task.cmake.build:Building CMake package in '/home/shriram/Desktop/ros2Project/src/arduinobot_description'
[0.509s] INFO:colcon.colcon_core.shell:Skip shell extension 'powershell' for command environment: Not usable outside of PowerShell
[0.509s] DEBUG:colcon.colcon_core.shell:Skip shell extension 'dsv' for command environment
[0.513s] INFO:colcon.colcon_ros.task.ament_python.build:Building ROS package in '/home/shriram/Desktop/ros2Project/src/arduinobot_py' with build type 'ament_python'
[0.513s] Level 1:colcon.colcon_core.shell:create_environment_hook('arduinobot_py', 'ament_prefix_path')
[0.514s] INFO:colcon.colcon_core.shell:Creating environment hook '/home/shriram/Desktop/ros2Project/install/arduinobot_py/share/arduinobot_py/hook/ament_prefix_path.ps1'
[0.515s] INFO:colcon.colcon_core.shell:Creating environment descriptor '/home/shriram/Desktop/ros2Project/install/arduinobot_py/share/arduinobot_py/hook/ament_prefix_path.dsv'
[0.515s] INFO:colcon.colcon_core.shell:Creating environment hook '/home/shriram/Desktop/ros2Project/install/arduinobot_py/share/arduinobot_py/hook/ament_prefix_path.sh'
[0.517s] INFO:colcon.colcon_core.shell:Skip shell extension 'powershell' for command environment: Not usable outside of PowerShell
[0.517s] DEBUG:colcon.colcon_core.shell:Skip shell extension 'dsv' for command environment
[0.525s] DEBUG:colcon.colcon_core.event_handler.log_command:Invoking command in '/home/shriram/Desktop/ros2Project/build/arduinobot_controller': CMAKE_PREFIX_PATH=${CMAKE_PREFIX_PATH}:/home/shriram/Desktop/ros2Project/install/arduinobot_py:/opt/ros/humble /usr/bin/cmake --build /home/shriram/Desktop/ros2Project/build/arduinobot_controller -- -j12 -l12
[0.528s] DEBUG:colcon.colcon_core.event_handler.log_command:Invoking command in '/home/shriram/Desktop/ros2Project/build/arduinobot_description': CMAKE_PREFIX_PATH=${CMAKE_PREFIX_PATH}:/home/shriram/Desktop/ros2Project/install/arduinobot_py:/opt/ros/humble /usr/bin/cmake --build /home/shriram/Desktop/ros2Project/build/arduinobot_description -- -j12 -l12
[0.845s] INFO:colcon.colcon_core.task.python.build:Building Python package in '/home/shriram/Desktop/ros2Project/src/arduinobot_py'
[0.847s] INFO:colcon.colcon_core.shell:Skip shell extension 'powershell' for command environment: Not usable outside of PowerShell
[0.847s] DEBUG:colcon.colcon_core.shell:Skip shell extension 'dsv' for command environment
[0.854s] DEBUG:colcon.colcon_core.event_handler.log_command:Invoked command in '/home/shriram/Desktop/ros2Project/build/arduinobot_description' returned '0': CMAKE_PREFIX_PATH=${CMAKE_PREFIX_PATH}:/home/shriram/Desktop/ros2Project/install/arduinobot_py:/opt/ros/humble /usr/bin/cmake --build /home/shriram/Desktop/ros2Project/build/arduinobot_description -- -j12 -l12
[0.883s] DEBUG:colcon.colcon_core.event_handler.log_command:Invoking command in '/home/shriram/Desktop/ros2Project/build/arduinobot_description': CMAKE_PREFIX_PATH=${CMAKE_PREFIX_PATH}:/home/shriram/Desktop/ros2Project/install/arduinobot_py:/opt/ros/humble /usr/bin/cmake --install /home/shriram/Desktop/ros2Project/build/arduinobot_description
[0.885s] DEBUG:colcon.colcon_core.event_handler.log_command:Invoked command in '/home/shriram/Desktop/ros2Project/build/arduinobot_controller' returned '0': CMAKE_PREFIX_PATH=${CMAKE_PREFIX_PATH}:/home/shriram/Desktop/ros2Project/install/arduinobot_py:/opt/ros/humble /usr/bin/cmake --build /home/shriram/Desktop/ros2Project/build/arduinobot_controller -- -j12 -l12
[0.896s] Level 1:colcon.colcon_core.environment:create_environment_scripts_only(arduinobot_description)
[0.897s] DEBUG:colcon.colcon_core.event_handler.log_command:Invoked command in '/home/shriram/Desktop/ros2Project/build/arduinobot_description' returned '0': CMAKE_PREFIX_PATH=${CMAKE_PREFIX_PATH}:/home/shriram/Desktop/ros2Project/install/arduinobot_py:/opt/ros/humble /usr/bin/cmake --install /home/shriram/Desktop/ros2Project/build/arduinobot_description
[0.901s] Level 1:colcon.colcon_core.environment:checking '/home/shriram/Desktop/ros2Project/install/arduinobot_description' for CMake module files
[0.903s] Level 1:colcon.colcon_core.environment:checking '/home/shriram/Desktop/ros2Project/install/arduinobot_description' for CMake config files
[0.903s] Level 1:colcon.colcon_core.shell:create_environment_hook('arduinobot_description', 'cmake_prefix_path')
[0.904s] INFO:colcon.colcon_core.shell:Creating environment hook '/home/shriram/Desktop/ros2Project/install/arduinobot_description/share/arduinobot_description/hook/cmake_prefix_path.ps1'
[0.905s] INFO:colcon.colcon_core.shell:Creating environment descriptor '/home/shriram/Desktop/ros2Project/install/arduinobot_description/share/arduinobot_description/hook/cmake_prefix_path.dsv'
[0.905s] INFO:colcon.colcon_core.shell:Creating environment hook '/home/shriram/Desktop/ros2Project/install/arduinobot_description/share/arduinobot_description/hook/cmake_prefix_path.sh'
[0.906s] Level 1:colcon.colcon_core.environment:checking '/home/shriram/Desktop/ros2Project/install/arduinobot_description/bin'
[0.906s] Level 1:colcon.colcon_core.environment:checking '/home/shriram/Desktop/ros2Project/install/arduinobot_description/lib/pkgconfig/arduinobot_description.pc'
[0.906s] Level 1:colcon.colcon_core.environment:checking '/home/shriram/Desktop/ros2Project/install/arduinobot_description/lib/python3.10/site-packages'
[0.906s] Level 1:colcon.colcon_core.environment:checking '/home/shriram/Desktop/ros2Project/install/arduinobot_description/bin'
[0.909s] INFO:colcon.colcon_core.shell:Creating package script '/home/shriram/Desktop/ros2Project/install/arduinobot_description/share/arduinobot_description/package.ps1'
[0.910s] INFO:colcon.colcon_core.shell:Creating package descriptor '/home/shriram/Desktop/ros2Project/install/arduinobot_description/share/arduinobot_description/package.dsv'
[0.911s] INFO:colcon.colcon_core.shell:Creating package script '/home/shriram/Desktop/ros2Project/install/arduinobot_description/share/arduinobot_description/package.sh'
[0.912s] INFO:colcon.colcon_core.shell:Creating package script '/home/shriram/Desktop/ros2Project/install/arduinobot_description/share/arduinobot_description/package.bash'
[0.912s] INFO:colcon.colcon_core.shell:Creating package script '/home/shriram/Desktop/ros2Project/install/arduinobot_description/share/arduinobot_description/package.zsh'
[0.913s] Level 1:colcon.colcon_core.environment:create_file_with_runtime_dependencies(/home/shriram/Desktop/ros2Project/install/arduinobot_description/share/colcon-core/packages/arduinobot_description)
[0.919s] DEBUG:colcon.colcon_core.event_handler.log_command:Invoking command in '/home/shriram/Desktop/ros2Project/build/arduinobot_controller': CMAKE_PREFIX_PATH=${CMAKE_PREFIX_PATH}:/home/shriram/Desktop/ros2Project/install/arduinobot_py:/opt/ros/humble /usr/bin/cmake --install /home/shriram/Desktop/ros2Project/build/arduinobot_controller
[0.929s] Level 1:colcon.colcon_core.environment:create_environment_scripts_only(arduinobot_controller)
[0.931s] Level 1:colcon.colcon_core.environment:checking '/home/shriram/Desktop/ros2Project/install/arduinobot_controller' for CMake module files
[0.932s] DEBUG:colcon.colcon_core.event_handler.log_command:Invoked command in '/home/shriram/Desktop/ros2Project/build/arduinobot_controller' returned '0': CMAKE_PREFIX_PATH=${CMAKE_PREFIX_PATH}:/home/shriram/Desktop/ros2Project/install/arduinobot_py:/opt/ros/humble /usr/bin/cmake --install /home/shriram/Desktop/ros2Project/build/arduinobot_controller
[0.933s] Level 1:colcon.colcon_core.environment:checking '/home/shriram/Desktop/ros2Project/install/arduinobot_controller' for CMake config files
[0.933s] Level 1:colcon.colcon_core.shell:create_environment_hook('arduinobot_controller', 'cmake_prefix_path')
[0.935s] INFO:colcon.colcon_core.shell:Creating environment hook '/home/shriram/Desktop/ros2Project/install/arduinobot_controller/share/arduinobot_controller/hook/cmake_prefix_path.ps1'
[0.936s] INFO:colcon.colcon_core.shell:Creating environment descriptor '/home/shriram/Desktop/ros2Project/install/arduinobot_controller/share/arduinobot_controller/hook/cmake_prefix_path.dsv'
[0.936s] INFO:colcon.colcon_core.shell:Creating environment hook '/home/shriram/Desktop/ros2Project/install/arduinobot_controller/share/arduinobot_controller/hook/cmake_prefix_path.sh'
[0.937s] Level 1:colcon.colcon_core.environment:checking '/home/shriram/Desktop/ros2Project/install/arduinobot_controller/bin'
[0.937s] Level 1:colcon.colcon_core.environment:checking '/home/shriram/Desktop/ros2Project/install/arduinobot_controller/lib/pkgconfig/arduinobot_controller.pc'
[0.937s] Level 1:colcon.colcon_core.environment:checking '/home/shriram/Desktop/ros2Project/install/arduinobot_controller/lib/python3.10/site-packages'
[0.937s] Level 1:colcon.colcon_core.environment:checking '/home/shriram/Desktop/ros2Project/install/arduinobot_controller/bin'
[0.938s] INFO:colcon.colcon_core.shell:Creating package script '/home/shriram/Desktop/ros2Project/install/arduinobot_controller/share/arduinobot_controller/package.ps1'
[0.939s] INFO:colcon.colcon_core.shell:Creating package descriptor '/home/shriram/Desktop/ros2Project/install/arduinobot_controller/share/arduinobot_controller/package.dsv'
[0.939s] INFO:colcon.colcon_core.shell:Creating package script '/home/shriram/Desktop/ros2Project/install/arduinobot_controller/share/arduinobot_controller/package.sh'
[0.939s] INFO:colcon.colcon_core.shell:Creating package script '/home/shriram/Desktop/ros2Project/install/arduinobot_controller/share/arduinobot_controller/package.bash'
[0.940s] INFO:colcon.colcon_core.shell:Creating package script '/home/shriram/Desktop/ros2Project/install/arduinobot_controller/share/arduinobot_controller/package.zsh'
[0.940s] Level 1:colcon.colcon_core.environment:create_file_with_runtime_dependencies(/home/shriram/Desktop/ros2Project/install/arduinobot_controller/share/colcon-core/packages/arduinobot_controller)
[0.945s] Level 1:colcon.colcon_core.environment:create_environment_scripts_only(arduinobot_description)
[0.946s] Level 1:colcon.colcon_core.environment:checking '/home/shriram/Desktop/ros2Project/install/arduinobot_description' for CMake module files
[0.947s] Level 1:colcon.colcon_core.environment:checking '/home/shriram/Desktop/ros2Project/install/arduinobot_description' for CMake config files
[0.947s] Level 1:colcon.colcon_core.shell:create_environment_hook('arduinobot_description', 'cmake_prefix_path')
[0.949s] INFO:colcon.colcon_core.shell:Creating environment hook '/home/shriram/Desktop/ros2Project/install/arduinobot_description/share/arduinobot_description/hook/cmake_prefix_path.ps1'
[0.950s] INFO:colcon.colcon_core.shell:Creating environment descriptor '/home/shriram/Desktop/ros2Project/install/arduinobot_description/share/arduinobot_description/hook/cmake_prefix_path.dsv'
[0.950s] INFO:colcon.colcon_core.shell:Creating environment hook '/home/shriram/Desktop/ros2Project/install/arduinobot_description/share/arduinobot_description/hook/cmake_prefix_path.sh'
[0.951s] Level 1:colcon.colcon_core.environment:checking '/home/shriram/Desktop/ros2Project/install/arduinobot_description/bin'
[0.951s] Level 1:colcon.colcon_core.environment:checking '/home/shriram/Desktop/ros2Project/install/arduinobot_description/lib/pkgconfig/arduinobot_description.pc'
[0.951s] Level 1:colcon.colcon_core.environment:checking '/home/shriram/Desktop/ros2Project/install/arduinobot_description/lib/python3.10/site-packages'
[0.952s] Level 1:colcon.colcon_core.environment:checking '/home/shriram/Desktop/ros2Project/install/arduinobot_description/bin'
[0.954s] INFO:colcon.colcon_core.shell:Creating package script '/home/shriram/Desktop/ros2Project/install/arduinobot_description/share/arduinobot_description/package.ps1'
[0.954s] INFO:colcon.colcon_core.shell:Creating package descriptor '/home/shriram/Desktop/ros2Project/install/arduinobot_description/share/arduinobot_description/package.dsv'
[0.955s] INFO:colcon.colcon_core.shell:Creating package script '/home/shriram/Desktop/ros2Project/install/arduinobot_description/share/arduinobot_description/package.sh'
[0.955s] INFO:colcon.colcon_core.shell:Creating package script '/home/shriram/Desktop/ros2Project/install/arduinobot_description/share/arduinobot_description/package.bash'
[0.956s] INFO:colcon.colcon_core.shell:Creating package script '/home/shriram/Desktop/ros2Project/install/arduinobot_description/share/arduinobot_description/package.zsh'
[0.956s] Level 1:colcon.colcon_core.environment:create_file_with_runtime_dependencies(/home/shriram/Desktop/ros2Project/install/arduinobot_description/share/colcon-core/packages/arduinobot_description)
[0.967s] Level 1:colcon.colcon_core.environment:create_environment_scripts_only(arduinobot_controller)
[0.969s] Level 1:colcon.colcon_core.environment:checking '/home/shriram/Desktop/ros2Project/install/arduinobot_controller' for CMake module files
[0.970s] Level 1:colcon.colcon_core.environment:checking '/home/shriram/Desktop/ros2Project/install/arduinobot_controller' for CMake config files
[0.970s] Level 1:colcon.colcon_core.shell:create_environment_hook('arduinobot_controller', 'cmake_prefix_path')
[0.972s] INFO:colcon.colcon_core.shell:Creating environment hook '/home/shriram/Desktop/ros2Project/install/arduinobot_controller/share/arduinobot_controller/hook/cmake_prefix_path.ps1'
[0.972s] INFO:colcon.colcon_core.shell:Creating environment descriptor '/home/shriram/Desktop/ros2Project/install/arduinobot_controller/share/arduinobot_controller/hook/cmake_prefix_path.dsv'
[0.973s] INFO:colcon.colcon_core.shell:Creating environment hook '/home/shriram/Desktop/ros2Project/install/arduinobot_controller/share/arduinobot_controller/hook/cmake_prefix_path.sh'
[0.973s] Level 1:colcon.colcon_core.environment:checking '/home/shriram/Desktop/ros2Project/install/arduinobot_controller/bin'
[0.974s] Level 1:colcon.colcon_core.environment:checking '/home/shriram/Desktop/ros2Project/install/arduinobot_controller/lib/pkgconfig/arduinobot_controller.pc'
[0.974s] Level 1:colcon.colcon_core.environment:checking '/home/shriram/Desktop/ros2Project/install/arduinobot_controller/lib/python3.10/site-packages'
[0.974s] Level 1:colcon.colcon_core.environment:checking '/home/shriram/Desktop/ros2Project/install/arduinobot_controller/bin'
[0.976s] INFO:colcon.colcon_core.shell:Creating package script '/home/shriram/Desktop/ros2Project/install/arduinobot_controller/share/arduinobot_controller/package.ps1'
[0.977s] INFO:colcon.colcon_core.shell:Creating package descriptor '/home/shriram/Desktop/ros2Project/install/arduinobot_controller/share/arduinobot_controller/package.dsv'
[0.977s] INFO:colcon.colcon_core.shell:Creating package script '/home/shriram/Desktop/ros2Project/install/arduinobot_controller/share/arduinobot_controller/package.sh'
[0.977s] INFO:colcon.colcon_core.shell:Creating package script '/home/shriram/Desktop/ros2Project/install/arduinobot_controller/share/arduinobot_controller/package.bash'
[0.978s] INFO:colcon.colcon_core.shell:Creating package script '/home/shriram/Desktop/ros2Project/install/arduinobot_controller/share/arduinobot_controller/package.zsh'
[0.978s] Level 1:colcon.colcon_core.environment:create_file_with_runtime_dependencies(/home/shriram/Desktop/ros2Project/install/arduinobot_controller/share/colcon-core/packages/arduinobot_controller)
[1.349s] DEBUG:colcon.colcon_core.event_handler.log_command:Invoking command in '/home/shriram/Desktop/ros2Project/src/arduinobot_py': PYTHONPATH=/home/shriram/Desktop/ros2Project/build/arduinobot_py/prefix_override:/home/shriram/Desktop/ros2Project/install/arduinobot_py/lib/python3.10/site-packages:${PYTHONPATH} /usr/bin/python3 setup.py egg_info --egg-base ../../build/arduinobot_py build --build-base /home/shriram/Desktop/ros2Project/build/arduinobot_py/build install --record /home/shriram/Desktop/ros2Project/build/arduinobot_py/install.log --single-version-externally-managed
[1.678s] Level 1:colcon.colcon_core.environment:checking '/home/shriram/Desktop/ros2Project/install/arduinobot_py' for CMake module files
[1.680s] DEBUG:colcon.colcon_core.event_handler.log_command:Invoked command in '/home/shriram/Desktop/ros2Project/src/arduinobot_py' returned '0': PYTHONPATH=/home/shriram/Desktop/ros2Project/build/arduinobot_py/prefix_override:/home/shriram/Desktop/ros2Project/install/arduinobot_py/lib/python3.10/site-packages:${PYTHONPATH} /usr/bin/python3 setup.py egg_info --egg-base ../../build/arduinobot_py build --build-base /home/shriram/Desktop/ros2Project/build/arduinobot_py/build install --record /home/shriram/Desktop/ros2Project/build/arduinobot_py/install.log --single-version-externally-managed
[1.681s] Level 1:colcon.colcon_core.environment:checking '/home/shriram/Desktop/ros2Project/install/arduinobot_py' for CMake config files
[1.681s] Level 1:colcon.colcon_core.environment:checking '/home/shriram/Desktop/ros2Project/install/arduinobot_py/lib'
[1.681s] Level 1:colcon.colcon_core.environment:checking '/home/shriram/Desktop/ros2Project/install/arduinobot_py/bin'
[1.682s] Level 1:colcon.colcon_core.environment:checking '/home/shriram/Desktop/ros2Project/install/arduinobot_py/lib/pkgconfig/arduinobot_py.pc'
[1.682s] Level 1:colcon.colcon_core.environment:checking '/home/shriram/Desktop/ros2Project/install/arduinobot_py/lib/python3.10/site-packages'
[1.682s] Level 1:colcon.colcon_core.shell:create_environment_hook('arduinobot_py', 'pythonpath')
[1.683s] INFO:colcon.colcon_core.shell:Creating environment hook '/home/shriram/Desktop/ros2Project/install/arduinobot_py/share/arduinobot_py/hook/pythonpath.ps1'
[1.684s] INFO:colcon.colcon_core.shell:Creating environment descriptor '/home/shriram/Desktop/ros2Project/install/arduinobot_py/share/arduinobot_py/hook/pythonpath.dsv'
[1.684s] INFO:colcon.colcon_core.shell:Creating environment hook '/home/shriram/Desktop/ros2Project/install/arduinobot_py/share/arduinobot_py/hook/pythonpath.sh'
[1.684s] Level 1:colcon.colcon_core.environment:checking '/home/shriram/Desktop/ros2Project/install/arduinobot_py/bin'
[1.684s] Level 1:colcon.colcon_core.environment:create_environment_scripts_only(arduinobot_py)
[1.686s] INFO:colcon.colcon_core.shell:Creating package script '/home/shriram/Desktop/ros2Project/install/arduinobot_py/share/arduinobot_py/package.ps1'
[1.686s] INFO:colcon.colcon_core.shell:Creating package descriptor '/home/shriram/Desktop/ros2Project/install/arduinobot_py/share/arduinobot_py/package.dsv'
[1.686s] INFO:colcon.colcon_core.shell:Creating package script '/home/shriram/Desktop/ros2Project/install/arduinobot_py/share/arduinobot_py/package.sh'
[1.687s] INFO:colcon.colcon_core.shell:Creating package script '/home/shriram/Desktop/ros2Project/install/arduinobot_py/share/arduinobot_py/package.bash'
[1.687s] INFO:colcon.colcon_core.shell:Creating package script '/home/shriram/Desktop/ros2Project/install/arduinobot_py/share/arduinobot_py/package.zsh'
[1.687s] Level 1:colcon.colcon_core.environment:create_file_with_runtime_dependencies(/home/shriram/Desktop/ros2Project/install/arduinobot_py/share/colcon-core/packages/arduinobot_py)
[1.688s] DEBUG:colcon.colcon_parallel_executor.executor.parallel:closing loop
[1.688s] DEBUG:colcon.colcon_parallel_executor.executor.parallel:loop closed
[1.688s] DEBUG:colcon.colcon_parallel_executor.executor.parallel:run_until_complete finished with '0'
[1.688s] DEBUG:colcon.colcon_core.event_reactor:joining thread
[1.694s] INFO:colcon.colcon_core.plugin_system:Skipping extension 'colcon_notification.desktop_notification.terminal_notifier': Not used on non-Darwin systems
[1.694s] INFO:colcon.colcon_core.plugin_system:Skipping extension 'colcon_notification.desktop_notification.win32': Not used on non-Windows systems
[1.694s] INFO:colcon.colcon_notification.desktop_notification:Sending desktop notification using 'notify2'
[1.707s] DEBUG:colcon.colcon_core.event_reactor:joined thread
[1.708s] INFO:colcon.colcon_core.shell:Creating prefix script '/home/shriram/Desktop/ros2Project/install/local_setup.ps1'
[1.709s] INFO:colcon.colcon_core.shell:Creating prefix util module '/home/shriram/Desktop/ros2Project/install/_local_setup_util_ps1.py'
[1.710s] INFO:colcon.colcon_core.shell:Creating prefix chain script '/home/shriram/Desktop/ros2Project/install/setup.ps1'
[1.712s] INFO:colcon.colcon_core.shell:Creating prefix script '/home/shriram/Desktop/ros2Project/install/local_setup.sh'
[1.712s] INFO:colcon.colcon_core.shell:Creating prefix util module '/home/shriram/Desktop/ros2Project/install/_local_setup_util_sh.py'
[1.713s] INFO:colcon.colcon_core.shell:Creating prefix chain script '/home/shriram/Desktop/ros2Project/install/setup.sh'
[1.715s] INFO:colcon.colcon_core.shell:Creating prefix script '/home/shriram/Desktop/ros2Project/install/local_setup.bash'
[1.715s] INFO:colcon.colcon_core.shell:Creating prefix chain script '/home/shriram/Desktop/ros2Project/install/setup.bash'
[1.717s] INFO:colcon.colcon_core.shell:Creating prefix script '/home/shriram/Desktop/ros2Project/install/local_setup.zsh'
[1.717s] INFO:colcon.colcon_core.shell:Creating prefix chain script '/home/shriram/Desktop/ros2Project/install/setup.zsh'
