[0.469s] DEBUG:colcon:Command line arguments: ['/usr/bin/colcon', 'list', '-p', '--base-paths', '/home/shriram/Desktop/ros2Project']
[0.469s] DEBUG:colcon:Parsed command line arguments: Namespace(log_base=None, log_level=None, verb_name='list', build_base='build', ignore_user_meta=False, metas=['./colcon.meta'], base_paths=['/home/shriram/Desktop/ros2Project'], packages_ignore=None, packages_ignore_regex=None, paths=None, packages_up_to=None, packages_up_to_regex=None, packages_above=None, packages_above_and_dependencies=None, packages_above_depth=None, packages_select_by_dep=None, packages_skip_by_dep=None, packages_skip_up_to=None, packages_select_build_failed=False, packages_skip_build_finished=False, packages_select_test_failures=False, packages_skip_test_passed=False, packages_select=None, packages_skip=None, packages_select_regex=None, packages_skip_regex=None, packages_start=None, packages_end=None, allow_overriding=[], topological_order=False, names_only=False, paths_only=True, topological_graph=False, topological_graph_dot=False, topological_graph_density=False, topological_graph_legend=False, topological_graph_dot_cluster=False, topological_graph_dot_include_skipped=False, mixin_files=None, mixin=None, verb_parser=<colcon_mixin.mixin.mixin_argument.MixinArgumentDecorator object at 0x7f09da04a9e0>, verb_extension=<colcon_package_information.verb.list.ListVerb object at 0x7f09da796470>, main=<bound method ListVerb.main of <colcon_package_information.verb.list.ListVerb object at 0x7f09da796470>>, mixin_verb=('list',))
[0.492s] Level 1:colcon.colcon_core.package_discovery:discover_packages(colcon_meta) check parameters
[0.492s] Level 1:colcon.colcon_core.package_discovery:discover_packages(recursive) check parameters
[0.492s] Level 1:colcon.colcon_core.package_discovery:discover_packages(ignore) check parameters
[0.492s] Level 1:colcon.colcon_core.package_discovery:discover_packages(path) check parameters
[0.492s] Level 1:colcon.colcon_core.package_discovery:discover_packages(recursive) discover
[0.492s] INFO:colcon.colcon_core.package_discovery:Crawling recursively for packages in '/home/shriram/Desktop/ros2Project'
[0.492s] Level 1:colcon.colcon_core.package_identification:_identify(/home/shriram/Desktop/ros2Project) by extensions ['ignore', 'ignore_ament_install']
[0.492s] Level 1:colcon.colcon_core.package_identification:_identify(/home/shriram/Desktop/ros2Project) by extension 'ignore'
[0.492s] Level 1:colcon.colcon_core.package_identification:_identify(/home/shriram/Desktop/ros2Project) by extension 'ignore_ament_install'
[0.492s] Level 1:colcon.colcon_core.package_identification:_identify(/home/shriram/Desktop/ros2Project) by extensions ['colcon_pkg']
[0.492s] Level 1:colcon.colcon_core.package_identification:_identify(/home/shriram/Desktop/ros2Project) by extension 'colcon_pkg'
[0.492s] Level 1:colcon.colcon_core.package_identification:_identify(/home/shriram/Desktop/ros2Project) by extensions ['colcon_meta']
[0.492s] Level 1:colcon.colcon_core.package_identification:_identify(/home/shriram/Desktop/ros2Project) by extension 'colcon_meta'
[0.492s] Level 1:colcon.colcon_core.package_identification:_identify(/home/shriram/Desktop/ros2Project) by extensions ['ros']
[0.492s] Level 1:colcon.colcon_core.package_identification:_identify(/home/shriram/Desktop/ros2Project) by extension 'ros'
[0.503s] Level 1:colcon.colcon_core.package_identification:_identify(/home/shriram/Desktop/ros2Project) by extensions ['cmake', 'python']
[0.503s] Level 1:colcon.colcon_core.package_identification:_identify(/home/shriram/Desktop/ros2Project) by extension 'cmake'
[0.503s] Level 1:colcon.colcon_core.package_identification:_identify(/home/shriram/Desktop/ros2Project) by extension 'python'
[0.503s] Level 1:colcon.colcon_core.package_identification:_identify(/home/shriram/Desktop/ros2Project) by extensions ['python_setup_py']
[0.503s] Level 1:colcon.colcon_core.package_identification:_identify(/home/shriram/Desktop/ros2Project) by extension 'python_setup_py'
[0.503s] Level 1:colcon.colcon_core.package_identification:_identify(/home/shriram/Desktop/ros2Project/build) by extensions ['ignore', 'ignore_ament_install']
[0.503s] Level 1:colcon.colcon_core.package_identification:_identify(/home/shriram/Desktop/ros2Project/build) by extension 'ignore'
[0.504s] Level 1:colcon.colcon_core.package_identification:_identify(/home/shriram/Desktop/ros2Project/build) ignored
[0.504s] Level 1:colcon.colcon_core.package_identification:_identify(/home/shriram/Desktop/ros2Project/install) by extensions ['ignore', 'ignore_ament_install']
[0.504s] Level 1:colcon.colcon_core.package_identification:_identify(/home/shriram/Desktop/ros2Project/install) by extension 'ignore'
[0.504s] Level 1:colcon.colcon_core.package_identification:_identify(/home/shriram/Desktop/ros2Project/install) ignored
[0.504s] Level 1:colcon.colcon_core.package_identification:_identify(/home/shriram/Desktop/ros2Project/log) by extensions ['ignore', 'ignore_ament_install']
[0.504s] Level 1:colcon.colcon_core.package_identification:_identify(/home/shriram/Desktop/ros2Project/log) by extension 'ignore'
[0.504s] Level 1:colcon.colcon_core.package_identification:_identify(/home/shriram/Desktop/ros2Project/log) ignored
[0.504s] Level 1:colcon.colcon_core.package_identification:_identify(/home/shriram/Desktop/ros2Project/src) by extensions ['ignore', 'ignore_ament_install']
[0.504s] Level 1:colcon.colcon_core.package_identification:_identify(/home/shriram/Desktop/ros2Project/src) by extension 'ignore'
[0.504s] Level 1:colcon.colcon_core.package_identification:_identify(/home/shriram/Desktop/ros2Project/src) by extension 'ignore_ament_install'
[0.504s] Level 1:colcon.colcon_core.package_identification:_identify(/home/shriram/Desktop/ros2Project/src) by extensions ['colcon_pkg']
[0.504s] Level 1:colcon.colcon_core.package_identification:_identify(/home/shriram/Desktop/ros2Project/src) by extension 'colcon_pkg'
[0.504s] Level 1:colcon.colcon_core.package_identification:_identify(/home/shriram/Desktop/ros2Project/src) by extensions ['colcon_meta']
[0.504s] Level 1:colcon.colcon_core.package_identification:_identify(/home/shriram/Desktop/ros2Project/src) by extension 'colcon_meta'
[0.504s] Level 1:colcon.colcon_core.package_identification:_identify(/home/shriram/Desktop/ros2Project/src) by extensions ['ros']
[0.504s] Level 1:colcon.colcon_core.package_identification:_identify(/home/shriram/Desktop/ros2Project/src) by extension 'ros'
[0.504s] Level 1:colcon.colcon_core.package_identification:_identify(/home/shriram/Desktop/ros2Project/src) by extensions ['cmake', 'python']
[0.504s] Level 1:colcon.colcon_core.package_identification:_identify(/home/shriram/Desktop/ros2Project/src) by extension 'cmake'
[0.504s] Level 1:colcon.colcon_core.package_identification:_identify(/home/shriram/Desktop/ros2Project/src) by extension 'python'
[0.505s] Level 1:colcon.colcon_core.package_identification:_identify(/home/shriram/Desktop/ros2Project/src) by extensions ['python_setup_py']
[0.505s] Level 1:colcon.colcon_core.package_identification:_identify(/home/shriram/Desktop/ros2Project/src) by extension 'python_setup_py'
[0.505s] Level 1:colcon.colcon_core.package_identification:_identify(/home/shriram/Desktop/ros2Project/src/arduinobot_description) by extensions ['ignore', 'ignore_ament_install']
[0.505s] Level 1:colcon.colcon_core.package_identification:_identify(/home/shriram/Desktop/ros2Project/src/arduinobot_description) by extension 'ignore'
[0.505s] Level 1:colcon.colcon_core.package_identification:_identify(/home/shriram/Desktop/ros2Project/src/arduinobot_description) by extension 'ignore_ament_install'
[0.505s] Level 1:colcon.colcon_core.package_identification:_identify(/home/shriram/Desktop/ros2Project/src/arduinobot_description) by extensions ['colcon_pkg']
[0.505s] Level 1:colcon.colcon_core.package_identification:_identify(/home/shriram/Desktop/ros2Project/src/arduinobot_description) by extension 'colcon_pkg'
[0.505s] Level 1:colcon.colcon_core.package_identification:_identify(/home/shriram/Desktop/ros2Project/src/arduinobot_description) by extensions ['colcon_meta']
[0.505s] Level 1:colcon.colcon_core.package_identification:_identify(/home/shriram/Desktop/ros2Project/src/arduinobot_description) by extension 'colcon_meta'
[0.505s] Level 1:colcon.colcon_core.package_identification:_identify(/home/shriram/Desktop/ros2Project/src/arduinobot_description) by extensions ['ros']
[0.505s] Level 1:colcon.colcon_core.package_identification:_identify(/home/shriram/Desktop/ros2Project/src/arduinobot_description) by extension 'ros'
[0.507s] DEBUG:colcon.colcon_core.package_identification:Package '/home/shriram/Desktop/ros2Project/src/arduinobot_description' with type 'ros.ament_cmake' and name 'arduinobot_description'
[0.507s] Level 1:colcon.colcon_core.package_identification:_identify(/home/shriram/Desktop/ros2Project/src/arduinobot_py) by extensions ['ignore', 'ignore_ament_install']
[0.507s] Level 1:colcon.colcon_core.package_identification:_identify(/home/shriram/Desktop/ros2Project/src/arduinobot_py) by extension 'ignore'
[0.507s] Level 1:colcon.colcon_core.package_identification:_identify(/home/shriram/Desktop/ros2Project/src/arduinobot_py) by extension 'ignore_ament_install'
[0.507s] Level 1:colcon.colcon_core.package_identification:_identify(/home/shriram/Desktop/ros2Project/src/arduinobot_py) by extensions ['colcon_pkg']
[0.507s] Level 1:colcon.colcon_core.package_identification:_identify(/home/shriram/Desktop/ros2Project/src/arduinobot_py) by extension 'colcon_pkg'
[0.507s] Level 1:colcon.colcon_core.package_identification:_identify(/home/shriram/Desktop/ros2Project/src/arduinobot_py) by extensions ['colcon_meta']
[0.507s] Level 1:colcon.colcon_core.package_identification:_identify(/home/shriram/Desktop/ros2Project/src/arduinobot_py) by extension 'colcon_meta'
[0.507s] Level 1:colcon.colcon_core.package_identification:_identify(/home/shriram/Desktop/ros2Project/src/arduinobot_py) by extensions ['ros']
[0.507s] Level 1:colcon.colcon_core.package_identification:_identify(/home/shriram/Desktop/ros2Project/src/arduinobot_py) by extension 'ros'
[0.508s] DEBUG:colcon.colcon_core.package_identification:Package '/home/shriram/Desktop/ros2Project/src/arduinobot_py' with type 'ros.ament_python' and name 'arduinobot_py'
[0.508s] Level 1:colcon.colcon_core.package_discovery:discover_packages(recursive) using defaults
