[0.030s] Invoking command in '/home/shriram/Desktop/ros2Project/build/arduinobot_controller': CMAKE_PREFIX_PATH=${CMAKE_PREFIX_PATH}:/home/shriram/Desktop/ros2Project/install/arduinobot_py:/opt/ros/humble /usr/bin/cmake --build /home/shriram/Desktop/ros2Project/build/arduinobot_controller -- -j12 -l12
[0.075s] -- Found ament_cmake: 1.3.5 (/opt/ros/humble/share/ament_cmake/cmake)
[0.255s] -- Found ament_lint_auto: 0.12.7 (/opt/ros/humble/share/ament_lint_auto/cmake)
[0.326s] -- Added test 'flake8' to check Python code syntax and style conventions
[0.326s] -- Added test 'lint_cmake' to check CMake code style
[0.326s] -- Added test 'pep257' to check Python code against some of the docstring style conventions in PEP 257
[0.327s] -- Added test 'xmllint' to check XML markup files
[0.328s] -- Configuring done
[0.332s] -- Generating done
[0.333s] -- Build files have been written to: /home/shriram/Desktop/ros2Project/build/arduinobot_controller
[0.449s] Invoked command in '/home/shriram/Desktop/ros2Project/build/arduinobot_controller' returned '0': CMAKE_PREFIX_PATH=${CMAKE_PREFIX_PATH}:/home/shriram/Desktop/ros2Project/install/arduinobot_py:/opt/ros/humble /usr/bin/cmake --build /home/shriram/Desktop/ros2Project/build/arduinobot_controller -- -j12 -l12
[0.482s] Invoking command in '/home/shriram/Desktop/ros2Project/build/arduinobot_controller': CMAKE_PREFIX_PATH=${CMAKE_PREFIX_PATH}:/home/shriram/Desktop/ros2Project/install/arduinobot_py:/opt/ros/humble /usr/bin/cmake --install /home/shriram/Desktop/ros2Project/build/arduinobot_controller
[0.493s] -- Install configuration: ""
[0.493s] -- Up-to-date: /home/shriram/Desktop/ros2Project/install/arduinobot_controller/share/arduinobot_controller/config
[0.493s] -- Up-to-date: /home/shriram/Desktop/ros2Project/install/arduinobot_controller/share/arduinobot_controller/config/arduinobot_controllers.yaml
[0.493s] -- Up-to-date: /home/shriram/Desktop/ros2Project/install/arduinobot_controller/share/arduinobot_controller/config/arduinobot_controllers1.yaml
[0.493s] -- Installing: /home/shriram/Desktop/ros2Project/install/arduinobot_controller/share/arduinobot_controller/launch
[0.493s] -- Installing: /home/shriram/Desktop/ros2Project/install/arduinobot_controller/share/arduinobot_controller/launch/controller.launch.py
[0.493s] -- Up-to-date: /home/shriram/Desktop/ros2Project/install/arduinobot_controller/share/ament_index/resource_index/package_run_dependencies/arduinobot_controller
[0.493s] -- Up-to-date: /home/shriram/Desktop/ros2Project/install/arduinobot_controller/share/ament_index/resource_index/parent_prefix_path/arduinobot_controller
[0.494s] -- Up-to-date: /home/shriram/Desktop/ros2Project/install/arduinobot_controller/share/arduinobot_controller/environment/ament_prefix_path.sh
[0.494s] -- Installing: /home/shriram/Desktop/ros2Project/install/arduinobot_controller/share/arduinobot_controller/environment/ament_prefix_path.dsv
[0.494s] -- Up-to-date: /home/shriram/Desktop/ros2Project/install/arduinobot_controller/share/arduinobot_controller/environment/path.sh
[0.494s] -- Installing: /home/shriram/Desktop/ros2Project/install/arduinobot_controller/share/arduinobot_controller/environment/path.dsv
[0.494s] -- Up-to-date: /home/shriram/Desktop/ros2Project/install/arduinobot_controller/share/arduinobot_controller/local_setup.bash
[0.494s] -- Up-to-date: /home/shriram/Desktop/ros2Project/install/arduinobot_controller/share/arduinobot_controller/local_setup.sh
[0.494s] -- Up-to-date: /home/shriram/Desktop/ros2Project/install/arduinobot_controller/share/arduinobot_controller/local_setup.zsh
[0.494s] -- Installing: /home/shriram/Desktop/ros2Project/install/arduinobot_controller/share/arduinobot_controller/local_setup.dsv
[0.494s] -- Installing: /home/shriram/Desktop/ros2Project/install/arduinobot_controller/share/arduinobot_controller/package.dsv
[0.495s] -- Up-to-date: /home/shriram/Desktop/ros2Project/install/arduinobot_controller/share/ament_index/resource_index/packages/arduinobot_controller
[0.495s] -- Up-to-date: /home/shriram/Desktop/ros2Project/install/arduinobot_controller/share/arduinobot_controller/cmake/arduinobot_controllerConfig.cmake
[0.495s] -- Up-to-date: /home/shriram/Desktop/ros2Project/install/arduinobot_controller/share/arduinobot_controller/cmake/arduinobot_controllerConfig-version.cmake
[0.495s] -- Up-to-date: /home/shriram/Desktop/ros2Project/install/arduinobot_controller/share/arduinobot_controller/package.xml
[0.504s] Invoked command in '/home/shriram/Desktop/ros2Project/build/arduinobot_controller' returned '0': CMAKE_PREFIX_PATH=${CMAKE_PREFIX_PATH}:/home/shriram/Desktop/ros2Project/install/arduinobot_py:/opt/ros/humble /usr/bin/cmake --install /home/shriram/Desktop/ros2Project/build/arduinobot_controller
