[0.330s] Invoking command in '/home/shriram/Desktop/ros2Project/build/arduinobot_utils': AMENT_PREFIX_PATH=/home/shriram/Desktop/ros2Project/install/arduinobot_msgs:${AMENT_PREFIX_PATH} CMAKE_PREFIX_PATH=/home/shriram/Desktop/ros2Project/install/arduinobot_msgs:/opt/ros/humble LD_LIBRARY_PATH=/home/shriram/Desktop/ros2Project/install/arduinobot_msgs/lib:${LD_LIBRARY_PATH} PYTHONPATH=/home/shriram/Desktop/ros2Project/install/arduinobot_msgs/local/lib/python3.10/dist-packages:${PYTHONPATH} /usr/bin/cmake --build /home/shriram/Desktop/ros2Project/build/arduinobot_utils -- -j12 -l12
[0.354s] -- Found ament_cmake: 1.3.5 (/opt/ros/humble/share/ament_cmake/cmake)
[0.500s] -- Found rclpy: 3.3.9 (/opt/ros/humble/share/rclpy/cmake)
[0.500s] -- Found arduinobot_msgs: 0.0.0 (/home/shriram/Desktop/ros2Project/install/arduinobot_msgs/share/arduinobot_msgs/cmake)
[0.530s] -- Found rosidl_generator_c: 3.1.5 (/opt/ros/humble/share/rosidl_generator_c/cmake)
[0.533s] -- Found rosidl_adapter: 3.1.5 (/opt/ros/humble/share/rosidl_adapter/cmake)
[0.540s] -- Found rosidl_generator_cpp: 3.1.5 (/opt/ros/humble/share/rosidl_generator_cpp/cmake)
[0.554s] -- Using all available rosidl_typesupport_c: rosidl_typesupport_fastrtps_c;rosidl_typesupport_introspection_c
[0.574s] -- Using all available rosidl_typesupport_cpp: rosidl_typesupport_fastrtps_cpp;rosidl_typesupport_introspection_cpp
[0.825s] -- Found ament_lint_auto: 0.12.7 (/opt/ros/humble/share/ament_lint_auto/cmake)
[0.880s] -- Added test 'flake8' to check Python code syntax and style conventions
[0.881s] -- Added test 'lint_cmake' to check CMake code style
[0.881s] -- Added test 'pep257' to check Python code against some of the docstring style conventions in PEP 257
[0.882s] -- Added test 'xmllint' to check XML markup files
[0.883s] -- Configuring done
[0.889s] -- Generating done
[0.891s] -- Build files have been written to: /home/shriram/Desktop/ros2Project/build/arduinobot_utils
[0.931s] Built target ament_cmake_python_copy_arduinobot_utils
[1.197s] running egg_info
[1.198s] writing arduinobot_utils.egg-info/PKG-INFO
[1.198s] writing dependency_links to arduinobot_utils.egg-info/dependency_links.txt
[1.198s] writing top-level names to arduinobot_utils.egg-info/top_level.txt
[1.199s] reading manifest file 'arduinobot_utils.egg-info/SOURCES.txt'
[1.199s] writing manifest file 'arduinobot_utils.egg-info/SOURCES.txt'
[1.230s] Built target ament_cmake_python_build_arduinobot_utils_egg
[1.242s] Invoked command in '/home/shriram/Desktop/ros2Project/build/arduinobot_utils' returned '0': AMENT_PREFIX_PATH=/home/shriram/Desktop/ros2Project/install/arduinobot_msgs:${AMENT_PREFIX_PATH} CMAKE_PREFIX_PATH=/home/shriram/Desktop/ros2Project/install/arduinobot_msgs:/opt/ros/humble LD_LIBRARY_PATH=/home/shriram/Desktop/ros2Project/install/arduinobot_msgs/lib:${LD_LIBRARY_PATH} PYTHONPATH=/home/shriram/Desktop/ros2Project/install/arduinobot_msgs/local/lib/python3.10/dist-packages:${PYTHONPATH} /usr/bin/cmake --build /home/shriram/Desktop/ros2Project/build/arduinobot_utils -- -j12 -l12
[1.267s] Invoking command in '/home/shriram/Desktop/ros2Project/build/arduinobot_utils': AMENT_PREFIX_PATH=/home/shriram/Desktop/ros2Project/install/arduinobot_msgs:${AMENT_PREFIX_PATH} CMAKE_PREFIX_PATH=/home/shriram/Desktop/ros2Project/install/arduinobot_msgs:/opt/ros/humble LD_LIBRARY_PATH=/home/shriram/Desktop/ros2Project/install/arduinobot_msgs/lib:${LD_LIBRARY_PATH} PYTHONPATH=/home/shriram/Desktop/ros2Project/install/arduinobot_msgs/local/lib/python3.10/dist-packages:${PYTHONPATH} /usr/bin/cmake --install /home/shriram/Desktop/ros2Project/build/arduinobot_utils
[1.269s] -- Install configuration: ""
[1.269s] -- Up-to-date: /home/shriram/Desktop/ros2Project/install/arduinobot_utils/share/arduinobot_utils/environment/pythonpath.sh
[1.270s] -- Installing: /home/shriram/Desktop/ros2Project/install/arduinobot_utils/share/arduinobot_utils/environment/pythonpath.dsv
[1.270s] -- Up-to-date: /home/shriram/Desktop/ros2Project/install/arduinobot_utils/local/lib/python3.10/dist-packages/arduinobot_utils-0.0.0-py3.10.egg-info
[1.270s] -- Installing: /home/shriram/Desktop/ros2Project/install/arduinobot_utils/local/lib/python3.10/dist-packages/arduinobot_utils-0.0.0-py3.10.egg-info/dependency_links.txt
[1.270s] -- Installing: /home/shriram/Desktop/ros2Project/install/arduinobot_utils/local/lib/python3.10/dist-packages/arduinobot_utils-0.0.0-py3.10.egg-info/SOURCES.txt
[1.270s] -- Installing: /home/shriram/Desktop/ros2Project/install/arduinobot_utils/local/lib/python3.10/dist-packages/arduinobot_utils-0.0.0-py3.10.egg-info/PKG-INFO
[1.270s] -- Installing: /home/shriram/Desktop/ros2Project/install/arduinobot_utils/local/lib/python3.10/dist-packages/arduinobot_utils-0.0.0-py3.10.egg-info/top_level.txt
[1.270s] -- Up-to-date: /home/shriram/Desktop/ros2Project/install/arduinobot_utils/local/lib/python3.10/dist-packages/arduinobot_utils
[1.271s] -- Up-to-date: /home/shriram/Desktop/ros2Project/install/arduinobot_utils/local/lib/python3.10/dist-packages/arduinobot_utils/__init__.py
[1.271s] -- Up-to-date: /home/shriram/Desktop/ros2Project/install/arduinobot_utils/local/lib/python3.10/dist-packages/arduinobot_utils/angle_conversion.py
[1.295s] Listing '/home/shriram/Desktop/ros2Project/install/arduinobot_utils/local/lib/python3.10/dist-packages/arduinobot_utils'...
[1.302s] -- Up-to-date: /home/shriram/Desktop/ros2Project/install/arduinobot_utils/lib/arduinobot_utils/angle_conversion.py
[1.302s] -- Up-to-date: /home/shriram/Desktop/ros2Project/install/arduinobot_utils/share/ament_index/resource_index/package_run_dependencies/arduinobot_utils
[1.302s] -- Installing: /home/shriram/Desktop/ros2Project/install/arduinobot_utils/share/ament_index/resource_index/parent_prefix_path/arduinobot_utils
[1.302s] -- Up-to-date: /home/shriram/Desktop/ros2Project/install/arduinobot_utils/share/arduinobot_utils/environment/ament_prefix_path.sh
[1.302s] -- Installing: /home/shriram/Desktop/ros2Project/install/arduinobot_utils/share/arduinobot_utils/environment/ament_prefix_path.dsv
[1.303s] -- Up-to-date: /home/shriram/Desktop/ros2Project/install/arduinobot_utils/share/arduinobot_utils/environment/path.sh
[1.303s] -- Installing: /home/shriram/Desktop/ros2Project/install/arduinobot_utils/share/arduinobot_utils/environment/path.dsv
[1.303s] -- Up-to-date: /home/shriram/Desktop/ros2Project/install/arduinobot_utils/share/arduinobot_utils/local_setup.bash
[1.303s] -- Up-to-date: /home/shriram/Desktop/ros2Project/install/arduinobot_utils/share/arduinobot_utils/local_setup.sh
[1.303s] -- Up-to-date: /home/shriram/Desktop/ros2Project/install/arduinobot_utils/share/arduinobot_utils/local_setup.zsh
[1.303s] -- Installing: /home/shriram/Desktop/ros2Project/install/arduinobot_utils/share/arduinobot_utils/local_setup.dsv
[1.303s] -- Installing: /home/shriram/Desktop/ros2Project/install/arduinobot_utils/share/arduinobot_utils/package.dsv
[1.303s] -- Up-to-date: /home/shriram/Desktop/ros2Project/install/arduinobot_utils/share/ament_index/resource_index/packages/arduinobot_utils
[1.303s] -- Up-to-date: /home/shriram/Desktop/ros2Project/install/arduinobot_utils/share/arduinobot_utils/cmake/arduinobot_utilsConfig.cmake
[1.304s] -- Up-to-date: /home/shriram/Desktop/ros2Project/install/arduinobot_utils/share/arduinobot_utils/cmake/arduinobot_utilsConfig-version.cmake
[1.304s] -- Up-to-date: /home/shriram/Desktop/ros2Project/install/arduinobot_utils/share/arduinobot_utils/package.xml
[1.309s] Invoked command in '/home/shriram/Desktop/ros2Project/build/arduinobot_utils' returned '0': AMENT_PREFIX_PATH=/home/shriram/Desktop/ros2Project/install/arduinobot_msgs:${AMENT_PREFIX_PATH} CMAKE_PREFIX_PATH=/home/shriram/Desktop/ros2Project/install/arduinobot_msgs:/opt/ros/humble LD_LIBRARY_PATH=/home/shriram/Desktop/ros2Project/install/arduinobot_msgs/lib:${LD_LIBRARY_PATH} PYTHONPATH=/home/shriram/Desktop/ros2Project/install/arduinobot_msgs/local/lib/python3.10/dist-packages:${PYTHONPATH} /usr/bin/cmake --install /home/shriram/Desktop/ros2Project/build/arduinobot_utils
