[0.280s] Invoking command in '/home/shriram/Desktop/ros2Project/build/arduinobot_utils': AMENT_PREFIX_PATH=/home/shriram/Desktop/ros2Project/install/arduinobot_msgs:${AMENT_PREFIX_PATH} CMAKE_PREFIX_PATH=/home/shriram/Desktop/ros2Project/install/arduinobot_msgs:/opt/ros/humble LD_LIBRARY_PATH=/home/shriram/Desktop/ros2Project/install/arduinobot_msgs/lib:${LD_LIBRARY_PATH} PYTHONPATH=/home/shriram/Desktop/ros2Project/install/arduinobot_msgs/local/lib/python3.10/dist-packages:${PYTHONPATH} /usr/bin/cmake --build /home/shriram/Desktop/ros2Project/build/arduinobot_utils -- -j12 -l12
[0.295s] -- Found ament_cmake: 1.3.5 (/opt/ros/humble/share/ament_cmake/cmake)
[0.402s] -- Found rclpy: 3.3.9 (/opt/ros/humble/share/rclpy/cmake)
[0.402s] -- Found arduinobot_msgs: 0.0.0 (/home/shriram/Desktop/ros2Project/install/arduinobot_msgs/share/arduinobot_msgs/cmake)
[0.420s] -- Found rosidl_generator_c: 3.1.5 (/opt/ros/humble/share/rosidl_generator_c/cmake)
[0.421s] -- Found rosidl_adapter: 3.1.5 (/opt/ros/humble/share/rosidl_adapter/cmake)
[0.426s] -- Found rosidl_generator_cpp: 3.1.5 (/opt/ros/humble/share/rosidl_generator_cpp/cmake)
[0.436s] -- Using all available rosidl_typesupport_c: rosidl_typesupport_fastrtps_c;rosidl_typesupport_introspection_c
[0.446s] -- Using all available rosidl_typesupport_cpp: rosidl_typesupport_fastrtps_cpp;rosidl_typesupport_introspection_cpp
[0.498s] -- Found ament_lint_auto: 0.12.7 (/opt/ros/humble/share/ament_lint_auto/cmake)
[0.550s] -- Added test 'flake8' to check Python code syntax and style conventions
[0.550s] -- Added test 'lint_cmake' to check CMake code style
[0.550s] -- Added test 'pep257' to check Python code against some of the docstring style conventions in PEP 257
[0.551s] -- Added test 'xmllint' to check XML markup files
[0.551s] -- Configuring done
[0.555s] -- Generating done
[0.556s] -- Build files have been written to: /home/shriram/Desktop/ros2Project/build/arduinobot_utils
[0.584s] Built target ament_cmake_python_copy_arduinobot_utils
[0.842s] running egg_info
[0.843s] writing arduinobot_utils.egg-info/PKG-INFO
[0.843s] writing dependency_links to arduinobot_utils.egg-info/dependency_links.txt
[0.843s] writing top-level names to arduinobot_utils.egg-info/top_level.txt
[0.845s] reading manifest file 'arduinobot_utils.egg-info/SOURCES.txt'
[0.846s] writing manifest file 'arduinobot_utils.egg-info/SOURCES.txt'
[0.876s] Built target ament_cmake_python_build_arduinobot_utils_egg
[0.886s] Invoked command in '/home/shriram/Desktop/ros2Project/build/arduinobot_utils' returned '0': AMENT_PREFIX_PATH=/home/shriram/Desktop/ros2Project/install/arduinobot_msgs:${AMENT_PREFIX_PATH} CMAKE_PREFIX_PATH=/home/shriram/Desktop/ros2Project/install/arduinobot_msgs:/opt/ros/humble LD_LIBRARY_PATH=/home/shriram/Desktop/ros2Project/install/arduinobot_msgs/lib:${LD_LIBRARY_PATH} PYTHONPATH=/home/shriram/Desktop/ros2Project/install/arduinobot_msgs/local/lib/python3.10/dist-packages:${PYTHONPATH} /usr/bin/cmake --build /home/shriram/Desktop/ros2Project/build/arduinobot_utils -- -j12 -l12
[0.905s] Invoking command in '/home/shriram/Desktop/ros2Project/build/arduinobot_utils': AMENT_PREFIX_PATH=/home/shriram/Desktop/ros2Project/install/arduinobot_msgs:${AMENT_PREFIX_PATH} CMAKE_PREFIX_PATH=/home/shriram/Desktop/ros2Project/install/arduinobot_msgs:/opt/ros/humble LD_LIBRARY_PATH=/home/shriram/Desktop/ros2Project/install/arduinobot_msgs/lib:${LD_LIBRARY_PATH} PYTHONPATH=/home/shriram/Desktop/ros2Project/install/arduinobot_msgs/local/lib/python3.10/dist-packages:${PYTHONPATH} /usr/bin/cmake --install /home/shriram/Desktop/ros2Project/build/arduinobot_utils
[0.911s] -- Install configuration: ""
[0.912s] -- Up-to-date: /home/shriram/Desktop/ros2Project/install/arduinobot_utils/share/arduinobot_utils/environment/pythonpath.sh
[0.912s] -- Installing: /home/shriram/Desktop/ros2Project/install/arduinobot_utils/share/arduinobot_utils/environment/pythonpath.dsv
[0.912s] -- Up-to-date: /home/shriram/Desktop/ros2Project/install/arduinobot_utils/local/lib/python3.10/dist-packages/arduinobot_utils-0.0.0-py3.10.egg-info
[0.912s] -- Installing: /home/shriram/Desktop/ros2Project/install/arduinobot_utils/local/lib/python3.10/dist-packages/arduinobot_utils-0.0.0-py3.10.egg-info/dependency_links.txt
[0.912s] -- Installing: /home/shriram/Desktop/ros2Project/install/arduinobot_utils/local/lib/python3.10/dist-packages/arduinobot_utils-0.0.0-py3.10.egg-info/SOURCES.txt
[0.912s] -- Installing: /home/shriram/Desktop/ros2Project/install/arduinobot_utils/local/lib/python3.10/dist-packages/arduinobot_utils-0.0.0-py3.10.egg-info/PKG-INFO
[0.912s] -- Installing: /home/shriram/Desktop/ros2Project/install/arduinobot_utils/local/lib/python3.10/dist-packages/arduinobot_utils-0.0.0-py3.10.egg-info/top_level.txt
[0.912s] -- Up-to-date: /home/shriram/Desktop/ros2Project/install/arduinobot_utils/local/lib/python3.10/dist-packages/arduinobot_utils
[0.913s] -- Up-to-date: /home/shriram/Desktop/ros2Project/install/arduinobot_utils/local/lib/python3.10/dist-packages/arduinobot_utils/__init__.py
[0.913s] -- Up-to-date: /home/shriram/Desktop/ros2Project/install/arduinobot_utils/local/lib/python3.10/dist-packages/arduinobot_utils/angle_conversion.py
[0.938s] Listing '/home/shriram/Desktop/ros2Project/install/arduinobot_utils/local/lib/python3.10/dist-packages/arduinobot_utils'...
[0.944s] [31mCMake Error at cmake_install.cmake:70 (file):
[0.944s]   file INSTALL cannot find
[0.944s]   "/home/shriram/Desktop/ros2Project/src/arduinobot_utils/arduinobot_utils/angle_conversions.py":
[0.945s]   No such file or directory.
[0.945s] 
[0.945s] [0m
[0.946s] Invoked command in '/home/shriram/Desktop/ros2Project/build/arduinobot_utils' returned '1': AMENT_PREFIX_PATH=/home/shriram/Desktop/ros2Project/install/arduinobot_msgs:${AMENT_PREFIX_PATH} CMAKE_PREFIX_PATH=/home/shriram/Desktop/ros2Project/install/arduinobot_msgs:/opt/ros/humble LD_LIBRARY_PATH=/home/shriram/Desktop/ros2Project/install/arduinobot_msgs/lib:${LD_LIBRARY_PATH} PYTHONPATH=/home/shriram/Desktop/ros2Project/install/arduinobot_msgs/local/lib/python3.10/dist-packages:${PYTHONPATH} /usr/bin/cmake --install /home/shriram/Desktop/ros2Project/build/arduinobot_utils
