[0.018s] Invoking command in '/home/shriram/Desktop/ros2Project/build/arduinobot_description': CMAKE_PREFIX_PATH=/opt/ros/humble /usr/bin/cmake --build /home/shriram/Desktop/ros2Project/build/arduinobot_description -- -j12 -l12
[0.046s] -- Found ament_cmake: 1.3.5 (/opt/ros/humble/share/ament_cmake/cmake)
[0.222s] -- Found ament_lint_auto: 0.12.7 (/opt/ros/humble/share/ament_lint_auto/cmake)
[0.276s] -- Added test 'flake8' to check Python code syntax and style conventions
[0.277s] -- Added test 'lint_cmake' to check CMake code style
[0.277s] -- Added test 'pep257' to check Python code against some of the docstring style conventions in PEP 257
[0.278s] -- Added test 'xmllint' to check XML markup files
[0.280s] -- Configuring done
[0.283s] -- Generating done
[0.284s] -- Build files have been written to: /home/shriram/Desktop/ros2Project/build/arduinobot_description
[0.299s] Invoked command in '/home/shriram/Desktop/ros2Project/build/arduinobot_description' returned '0': CMAKE_PREFIX_PATH=/opt/ros/humble /usr/bin/cmake --build /home/shriram/Desktop/ros2Project/build/arduinobot_description -- -j12 -l12
[0.319s] Invoking command in '/home/shriram/Desktop/ros2Project/build/arduinobot_description': CMAKE_PREFIX_PATH=/opt/ros/humble /usr/bin/cmake --install /home/shriram/Desktop/ros2Project/build/arduinobot_description
[0.324s] -- Install configuration: ""
[0.324s] -- Installing: /home/shriram/Desktop/ros2Project/install/arduinobot_description/share/$(PROJECT_NAME)/meshes
[0.324s] -- Installing: /home/shriram/Desktop/ros2Project/install/arduinobot_description/share/$(PROJECT_NAME)/meshes/forward_drive_arm.STL
[0.328s] -- Installing: /home/shriram/Desktop/ros2Project/install/arduinobot_description/share/$(PROJECT_NAME)/meshes/vertical_drive_arm.STL
[0.329s] -- Installing: /home/shriram/Desktop/ros2Project/install/arduinobot_description/share/$(PROJECT_NAME)/meshes/round_plate.STL
[0.330s] -- Installing: /home/shriram/Desktop/ros2Project/install/arduinobot_description/share/$(PROJECT_NAME)/meshes/right_finger.STL
[0.330s] -- Installing: /home/shriram/Desktop/ros2Project/install/arduinobot_description/share/$(PROJECT_NAME)/meshes/plate.STL
[0.334s] -- Installing: /home/shriram/Desktop/ros2Project/install/arduinobot_description/share/$(PROJECT_NAME)/meshes/claw_support.STL
[0.335s] -- Installing: /home/shriram/Desktop/ros2Project/install/arduinobot_description/share/$(PROJECT_NAME)/meshes/basement.STL
[0.336s] -- Installing: /home/shriram/Desktop/ros2Project/install/arduinobot_description/share/$(PROJECT_NAME)/meshes/left_finger.STL
[0.336s] -- Installing: /home/shriram/Desktop/ros2Project/install/arduinobot_description/share/$(PROJECT_NAME)/meshes/link.STL
[0.337s] -- Installing: /home/shriram/Desktop/ros2Project/install/arduinobot_description/share/$(PROJECT_NAME)/meshes/base_plate.STL
[0.341s] -- Installing: /home/shriram/Desktop/ros2Project/install/arduinobot_description/share/$(PROJECT_NAME)/meshes/servo_plate.STL
[0.341s] -- Installing: /home/shriram/Desktop/ros2Project/install/arduinobot_description/share/$(PROJECT_NAME)/meshes/horizontal_arm.STL
[0.343s] -- Installing: /home/shriram/Desktop/ros2Project/install/arduinobot_description/share/$(PROJECT_NAME)/meshes/triangular_link.STL
[0.344s] -- Installing: /home/shriram/Desktop/ros2Project/install/arduinobot_description/share/$(PROJECT_NAME)/urdf
[0.345s] -- Installing: /home/shriram/Desktop/ros2Project/install/arduinobot_description/share/$(PROJECT_NAME)/urdf/arduinobot.urdf.xacro
[0.345s] -- Installing: /home/shriram/Desktop/ros2Project/install/arduinobot_description/share/$(PROJECT_NAME)/launch
[0.345s] -- Installing: /home/shriram/Desktop/ros2Project/install/arduinobot_description/share/$(PROJECT_NAME)/launch/display.launch.py
[0.345s] -- Installing: /home/shriram/Desktop/ros2Project/install/arduinobot_description/share/$(PROJECT_NAME)/launch/gazebo.launch.py
[0.345s] [31mCMake Error at cmake_install.cmake:46 (file):
[0.345s]   file INSTALL cannot find
[0.345s]   "/home/shriram/Desktop/ros2Project/src/arduinobot_description/rviz": No
[0.345s]   such file or directory.
[0.345s] 
[0.345s] [0m
[0.346s] Invoked command in '/home/shriram/Desktop/ros2Project/build/arduinobot_description' returned '1': CMAKE_PREFIX_PATH=/opt/ros/humble /usr/bin/cmake --install /home/shriram/Desktop/ros2Project/build/arduinobot_description
