[0.038s] Invoking command in '/home/shriram/Desktop/ros2Project/build/arduinobot_controller': CMAKE_PREFIX_PATH=/opt/ros/humble /usr/bin/cmake --build /home/shriram/Desktop/ros2Project/build/arduinobot_controller -- -j12 -l12
[0.404s] Invoked command in '/home/shriram/Desktop/ros2Project/build/arduinobot_controller' returned '0': CMAKE_PREFIX_PATH=/opt/ros/humble /usr/bin/cmake --build /home/shriram/Desktop/ros2Project/build/arduinobot_controller -- -j12 -l12
[0.437s] Invoking command in '/home/shriram/Desktop/ros2Project/build/arduinobot_controller': CMAKE_PREFIX_PATH=/opt/ros/humble /usr/bin/cmake --install /home/shriram/Desktop/ros2Project/build/arduinobot_controller
[0.446s] -- Install configuration: ""
[0.446s] -- Up-to-date: /home/shriram/Desktop/ros2Project/install/arduinobot_controller/share/arduinobot_controller/config
[0.446s] -- Up-to-date: /home/shriram/Desktop/ros2Project/install/arduinobot_controller/share/arduinobot_controller/config/arduinobot_controllers.yaml
[0.446s] -- Up-to-date: /home/shriram/Desktop/ros2Project/install/arduinobot_controller/share/arduinobot_controller/config/arduinobot_controllers1.yaml
[0.446s] -- Up-to-date: /home/shriram/Desktop/ros2Project/install/arduinobot_controller/share/ament_index/resource_index/package_run_dependencies/arduinobot_controller
[0.448s] -- Up-to-date: /home/shriram/Desktop/ros2Project/install/arduinobot_controller/share/ament_index/resource_index/parent_prefix_path/arduinobot_controller
[0.454s] -- Up-to-date: /home/shriram/Desktop/ros2Project/install/arduinobot_controller/share/arduinobot_controller/environment/ament_prefix_path.sh
[0.454s] -- Up-to-date: /home/shriram/Desktop/ros2Project/install/arduinobot_controller/share/arduinobot_controller/environment/ament_prefix_path.dsv
[0.454s] -- Up-to-date: /home/shriram/Desktop/ros2Project/install/arduinobot_controller/share/arduinobot_controller/environment/path.sh
[0.454s] -- Up-to-date: /home/shriram/Desktop/ros2Project/install/arduinobot_controller/share/arduinobot_controller/environment/path.dsv
[0.454s] -- Up-to-date: /home/shriram/Desktop/ros2Project/install/arduinobot_controller/share/arduinobot_controller/local_setup.bash
[0.455s] -- Up-to-date: /home/shriram/Desktop/ros2Project/install/arduinobot_controller/share/arduinobot_controller/local_setup.sh
[0.455s] -- Up-to-date: /home/shriram/Desktop/ros2Project/install/arduinobot_controller/share/arduinobot_controller/local_setup.zsh
[0.455s] -- Up-to-date: /home/shriram/Desktop/ros2Project/install/arduinobot_controller/share/arduinobot_controller/local_setup.dsv
[0.455s] -- Up-to-date: /home/shriram/Desktop/ros2Project/install/arduinobot_controller/share/arduinobot_controller/package.dsv
[0.455s] -- Up-to-date: /home/shriram/Desktop/ros2Project/install/arduinobot_controller/share/ament_index/resource_index/packages/arduinobot_controller
[0.455s] -- Up-to-date: /home/shriram/Desktop/ros2Project/install/arduinobot_controller/share/arduinobot_controller/cmake/arduinobot_controllerConfig.cmake
[0.455s] -- Up-to-date: /home/shriram/Desktop/ros2Project/install/arduinobot_controller/share/arduinobot_controller/cmake/arduinobot_controllerConfig-version.cmake
[0.456s] -- Up-to-date: /home/shriram/Desktop/ros2Project/install/arduinobot_controller/share/arduinobot_controller/package.xml
[0.478s] Invoked command in '/home/shriram/Desktop/ros2Project/build/arduinobot_controller' returned '0': CMAKE_PREFIX_PATH=/opt/ros/humble /usr/bin/cmake --install /home/shriram/Desktop/ros2Project/build/arduinobot_controller
