[0.012s] Invoking command in '/home/shriram/Desktop/ros2Project/src/build/arduinobot_moveit': CMAKE_PREFIX_PATH=${CMAKE_PREFIX_PATH}:/home/shriram/Desktop/ros2Project/install/arduinobot_py:/opt/ros/humble /usr/bin/cmake /home/shriram/Desktop/ros2Project/src/arduinobot_moveit -DCMAKE_INSTALL_PREFIX=/home/shriram/Desktop/ros2Project/src/install/arduinobot_moveit
[0.073s] -- The C compiler identification is GNU 11.4.0
[0.126s] -- The CXX compiler identification is GNU 11.4.0
[0.133s] -- Detecting C compiler ABI info
[0.197s] -- Detecting C compiler ABI info - done
[0.206s] -- Check for working C compiler: /usr/bin/cc - skipped
[0.206s] -- Detecting C compile features
[0.207s] -- Detecting C compile features - done
[0.211s] -- Detecting CXX compiler ABI info
[0.280s] -- Detecting CXX compiler ABI info - done
[0.284s] -- Check for working CXX compiler: /usr/bin/c++ - skipped
[0.285s] -- Detecting CXX compile features
[0.285s] -- Detecting CXX compile features - done
[0.292s] -- Found ament_cmake: 1.3.5 (/opt/ros/humble/share/ament_cmake/cmake)
[0.442s] -- Found Python3: /usr/bin/python3.10 (found version "3.10.12") found components: Interpreter 
[0.526s] -- Found ament_lint_auto: 0.12.7 (/opt/ros/humble/share/ament_lint_auto/cmake)
[0.625s] -- Added test 'copyright' to check source files copyright and LICENSE
[0.626s] -- Added test 'flake8' to check Python code syntax and style conventions
[0.628s] -- Added test 'lint_cmake' to check CMake code style
[0.628s] -- Added test 'pep257' to check Python code against some of the docstring style conventions in PEP 257
[0.631s] -- Added test 'xmllint' to check XML markup files
[0.631s] -- Configuring done
[0.632s] -- Generating done
[0.634s] -- Build files have been written to: /home/shriram/Desktop/ros2Project/src/build/arduinobot_moveit
[0.641s] Invoked command in '/home/shriram/Desktop/ros2Project/src/build/arduinobot_moveit' returned '0': CMAKE_PREFIX_PATH=${CMAKE_PREFIX_PATH}:/home/shriram/Desktop/ros2Project/install/arduinobot_py:/opt/ros/humble /usr/bin/cmake /home/shriram/Desktop/ros2Project/src/arduinobot_moveit -DCMAKE_INSTALL_PREFIX=/home/shriram/Desktop/ros2Project/src/install/arduinobot_moveit
[0.645s] Invoking command in '/home/shriram/Desktop/ros2Project/src/build/arduinobot_moveit': CMAKE_PREFIX_PATH=${CMAKE_PREFIX_PATH}:/home/shriram/Desktop/ros2Project/install/arduinobot_py:/opt/ros/humble /usr/bin/cmake --build /home/shriram/Desktop/ros2Project/src/build/arduinobot_moveit -- -j12 -l12
[0.675s] Invoked command in '/home/shriram/Desktop/ros2Project/src/build/arduinobot_moveit' returned '0': CMAKE_PREFIX_PATH=${CMAKE_PREFIX_PATH}:/home/shriram/Desktop/ros2Project/install/arduinobot_py:/opt/ros/humble /usr/bin/cmake --build /home/shriram/Desktop/ros2Project/src/build/arduinobot_moveit -- -j12 -l12
[0.694s] Invoking command in '/home/shriram/Desktop/ros2Project/src/build/arduinobot_moveit': CMAKE_PREFIX_PATH=${CMAKE_PREFIX_PATH}:/home/shriram/Desktop/ros2Project/install/arduinobot_py:/opt/ros/humble /usr/bin/cmake --install /home/shriram/Desktop/ros2Project/src/build/arduinobot_moveit
[0.699s] -- Install configuration: ""
[0.700s] -- Installing: /home/shriram/Desktop/ros2Project/src/install/arduinobot_moveit/share/arduinobot_moveit/launch
[0.700s] -- Installing: /home/shriram/Desktop/ros2Project/src/install/arduinobot_moveit/share/arduinobot_moveit/launch/moveit.launch.py
[0.701s] -- Installing: /home/shriram/Desktop/ros2Project/src/install/arduinobot_moveit/share/arduinobot_moveit/config
[0.701s] -- Installing: /home/shriram/Desktop/ros2Project/src/install/arduinobot_moveit/share/arduinobot_moveit/config/joint_limits.yaml
[0.701s] -- Installing: /home/shriram/Desktop/ros2Project/src/install/arduinobot_moveit/share/arduinobot_moveit/config/moveit.rviz
[0.701s] -- Installing: /home/shriram/Desktop/ros2Project/src/install/arduinobot_moveit/share/arduinobot_moveit/config/kinematics.yaml
[0.701s] -- Installing: /home/shriram/Desktop/ros2Project/src/install/arduinobot_moveit/share/arduinobot_moveit/config/initial_positions.yaml
[0.701s] -- Installing: /home/shriram/Desktop/ros2Project/src/install/arduinobot_moveit/share/arduinobot_moveit/config/arduinobot.srdf
[0.705s] -- Installing: /home/shriram/Desktop/ros2Project/src/install/arduinobot_moveit/share/arduinobot_moveit/config/moveit_controllers.yaml
[0.705s] -- Installing: /home/shriram/Desktop/ros2Project/src/install/arduinobot_moveit/share/arduinobot_moveit/config/pilz_cartesian_limits.yaml
[0.706s] -- Installing: /home/shriram/Desktop/ros2Project/src/install/arduinobot_moveit/share/ament_index/resource_index/package_run_dependencies/arduinobot_moveit
[0.706s] -- Installing: /home/shriram/Desktop/ros2Project/src/install/arduinobot_moveit/share/ament_index/resource_index/parent_prefix_path/arduinobot_moveit
[0.706s] -- Installing: /home/shriram/Desktop/ros2Project/src/install/arduinobot_moveit/share/arduinobot_moveit/environment/ament_prefix_path.sh
[0.706s] -- Installing: /home/shriram/Desktop/ros2Project/src/install/arduinobot_moveit/share/arduinobot_moveit/environment/ament_prefix_path.dsv
[0.707s] -- Installing: /home/shriram/Desktop/ros2Project/src/install/arduinobot_moveit/share/arduinobot_moveit/environment/path.sh
[0.707s] -- Installing: /home/shriram/Desktop/ros2Project/src/install/arduinobot_moveit/share/arduinobot_moveit/environment/path.dsv
[0.707s] -- Installing: /home/shriram/Desktop/ros2Project/src/install/arduinobot_moveit/share/arduinobot_moveit/local_setup.bash
[0.707s] -- Installing: /home/shriram/Desktop/ros2Project/src/install/arduinobot_moveit/share/arduinobot_moveit/local_setup.sh
[0.707s] -- Installing: /home/shriram/Desktop/ros2Project/src/install/arduinobot_moveit/share/arduinobot_moveit/local_setup.zsh
[0.707s] -- Installing: /home/shriram/Desktop/ros2Project/src/install/arduinobot_moveit/share/arduinobot_moveit/local_setup.dsv
[0.707s] -- Installing: /home/shriram/Desktop/ros2Project/src/install/arduinobot_moveit/share/arduinobot_moveit/package.dsv
[0.708s] -- Installing: /home/shriram/Desktop/ros2Project/src/install/arduinobot_moveit/share/ament_index/resource_index/packages/arduinobot_moveit
[0.708s] -- Installing: /home/shriram/Desktop/ros2Project/src/install/arduinobot_moveit/share/arduinobot_moveit/cmake/arduinobot_moveitConfig.cmake
[0.708s] -- Installing: /home/shriram/Desktop/ros2Project/src/install/arduinobot_moveit/share/arduinobot_moveit/cmake/arduinobot_moveitConfig-version.cmake
[0.708s] -- Installing: /home/shriram/Desktop/ros2Project/src/install/arduinobot_moveit/share/arduinobot_moveit/package.xml
[0.729s] Invoked command in '/home/shriram/Desktop/ros2Project/src/build/arduinobot_moveit' returned '0': CMAKE_PREFIX_PATH=${CMAKE_PREFIX_PATH}:/home/shriram/Desktop/ros2Project/install/arduinobot_py:/opt/ros/humble /usr/bin/cmake --install /home/shriram/Desktop/ros2Project/src/build/arduinobot_moveit
