[0.022s] Invoking command in '/home/shriram/Desktop/ros2Project/build/arduinobot_msgs': CMAKE_PREFIX_PATH=/opt/ros/humble /usr/bin/cmake --build /home/shriram/Desktop/ros2Project/build/arduinobot_msgs -- -j12 -l12
[0.055s] [  6%] Built target arduinobot_msgs__cpp
[0.055s] [ 12%] Built target arduinobot_msgs__rosidl_generator_c
[0.066s] [ 12%] Built target ament_cmake_python_copy_arduinobot_msgs
[0.080s] [ 40%] Built target arduinobot_msgs__rosidl_typesupport_introspection_c
[0.081s] [ 40%] Built target arduinobot_msgs__rosidl_typesupport_c
[0.081s] [ 44%] Built target arduinobot_msgs__rosidl_typesupport_introspection_cpp
[0.081s] [ 55%] Built target arduinobot_msgs__rosidl_typesupport_fastrtps_c
[0.090s] [ 76%] Built target arduinobot_msgs__rosidl_typesupport_cpp
[0.090s] [ 76%] Built target arduinobot_msgs__rosidl_typesupport_fastrtps_cpp
[0.121s] [ 76%] Built target arduinobot_msgs
[0.157s] [ 78%] Built target arduinobot_msgs__py
[0.191s] [ 87%] Built target arduinobot_msgs__rosidl_generator_py
[0.221s] [100%] Built target arduinobot_msgs__rosidl_typesupport_introspection_c__pyext
[0.221s] [100%] Built target arduinobot_msgs__rosidl_typesupport_c__pyext
[0.222s] [100%] Built target arduinobot_msgs__rosidl_typesupport_fastrtps_c__pyext
[0.422s] running egg_info
[0.423s] writing arduinobot_msgs.egg-info/PKG-INFO
[0.424s] writing dependency_links to arduinobot_msgs.egg-info/dependency_links.txt
[0.424s] writing top-level names to arduinobot_msgs.egg-info/top_level.txt
[0.428s] reading manifest file 'arduinobot_msgs.egg-info/SOURCES.txt'
[0.429s] writing manifest file 'arduinobot_msgs.egg-info/SOURCES.txt'
[0.534s] [100%] Built target ament_cmake_python_build_arduinobot_msgs_egg
[0.555s] Invoked command in '/home/shriram/Desktop/ros2Project/build/arduinobot_msgs' returned '0': CMAKE_PREFIX_PATH=/opt/ros/humble /usr/bin/cmake --build /home/shriram/Desktop/ros2Project/build/arduinobot_msgs -- -j12 -l12
[0.635s] Invoking command in '/home/shriram/Desktop/ros2Project/build/arduinobot_msgs': CMAKE_PREFIX_PATH=/opt/ros/humble /usr/bin/cmake --install /home/shriram/Desktop/ros2Project/build/arduinobot_msgs
[0.643s] -- Install configuration: ""
[0.644s] -- Up-to-date: /home/shriram/Desktop/ros2Project/install/arduinobot_msgs/share/ament_index/resource_index/rosidl_interfaces/arduinobot_msgs
[0.644s] -- Up-to-date: /home/shriram/Desktop/ros2Project/install/arduinobot_msgs/include/arduinobot_msgs/arduinobot_msgs
[0.644s] -- Up-to-date: /home/shriram/Desktop/ros2Project/install/arduinobot_msgs/include/arduinobot_msgs/arduinobot_msgs/msg
[0.644s] -- Up-to-date: /home/shriram/Desktop/ros2Project/install/arduinobot_msgs/include/arduinobot_msgs/arduinobot_msgs/msg/rosidl_generator_c__visibility_control.h
[0.644s] -- Up-to-date: /home/shriram/Desktop/ros2Project/install/arduinobot_msgs/include/arduinobot_msgs/arduinobot_msgs/srv
[0.644s] -- Up-to-date: /home/shriram/Desktop/ros2Project/install/arduinobot_msgs/include/arduinobot_msgs/arduinobot_msgs/srv/euler_to_quarternion.h
[0.644s] -- Up-to-date: /home/shriram/Desktop/ros2Project/install/arduinobot_msgs/include/arduinobot_msgs/arduinobot_msgs/srv/quarternion_to_euler.h
[0.644s] -- Up-to-date: /home/shriram/Desktop/ros2Project/install/arduinobot_msgs/include/arduinobot_msgs/arduinobot_msgs/srv/add_two_ints.h
[0.644s] -- Up-to-date: /home/shriram/Desktop/ros2Project/install/arduinobot_msgs/include/arduinobot_msgs/arduinobot_msgs/srv/detail
[0.644s] -- Up-to-date: /home/shriram/Desktop/ros2Project/install/arduinobot_msgs/include/arduinobot_msgs/arduinobot_msgs/srv/detail/quarternion_to_euler__functions.h
[0.644s] -- Up-to-date: /home/shriram/Desktop/ros2Project/install/arduinobot_msgs/include/arduinobot_msgs/arduinobot_msgs/srv/detail/add_two_ints__functions.h
[0.645s] -- Up-to-date: /home/shriram/Desktop/ros2Project/install/arduinobot_msgs/include/arduinobot_msgs/arduinobot_msgs/srv/detail/quarternion_to_euler__struct.h
[0.645s] -- Up-to-date: /home/shriram/Desktop/ros2Project/install/arduinobot_msgs/include/arduinobot_msgs/arduinobot_msgs/srv/detail/add_two_ints__type_support.h
[0.645s] -- Up-to-date: /home/shriram/Desktop/ros2Project/install/arduinobot_msgs/include/arduinobot_msgs/arduinobot_msgs/srv/detail/euler_to_quarternion__functions.c
[0.645s] -- Up-to-date: /home/shriram/Desktop/ros2Project/install/arduinobot_msgs/include/arduinobot_msgs/arduinobot_msgs/srv/detail/quarternion_to_euler__type_support.h
[0.645s] -- Up-to-date: /home/shriram/Desktop/ros2Project/install/arduinobot_msgs/include/arduinobot_msgs/arduinobot_msgs/srv/detail/quarternion_to_euler__functions.c
[0.645s] -- Up-to-date: /home/shriram/Desktop/ros2Project/install/arduinobot_msgs/include/arduinobot_msgs/arduinobot_msgs/srv/detail/euler_to_quarternion__functions.h
[0.646s] -- Up-to-date: /home/shriram/Desktop/ros2Project/install/arduinobot_msgs/include/arduinobot_msgs/arduinobot_msgs/srv/detail/euler_to_quarternion__struct.h
[0.646s] -- Up-to-date: /home/shriram/Desktop/ros2Project/install/arduinobot_msgs/include/arduinobot_msgs/arduinobot_msgs/srv/detail/add_two_ints__struct.h
[0.646s] -- Up-to-date: /home/shriram/Desktop/ros2Project/install/arduinobot_msgs/include/arduinobot_msgs/arduinobot_msgs/srv/detail/euler_to_quarternion__type_support.h
[0.646s] -- Up-to-date: /home/shriram/Desktop/ros2Project/install/arduinobot_msgs/include/arduinobot_msgs/arduinobot_msgs/srv/detail/add_two_ints__functions.c
[0.646s] -- Up-to-date: /home/shriram/Desktop/ros2Project/install/arduinobot_msgs/share/arduinobot_msgs/environment/library_path.sh
[0.646s] -- Up-to-date: /home/shriram/Desktop/ros2Project/install/arduinobot_msgs/share/arduinobot_msgs/environment/library_path.dsv
[0.646s] -- Up-to-date: /home/shriram/Desktop/ros2Project/install/arduinobot_msgs/lib/libarduinobot_msgs__rosidl_generator_c.so
[0.646s] -- Up-to-date: /home/shriram/Desktop/ros2Project/install/arduinobot_msgs/include/arduinobot_msgs/arduinobot_msgs
[0.646s] -- Up-to-date: /home/shriram/Desktop/ros2Project/install/arduinobot_msgs/include/arduinobot_msgs/arduinobot_msgs/msg
[0.646s] -- Up-to-date: /home/shriram/Desktop/ros2Project/install/arduinobot_msgs/include/arduinobot_msgs/arduinobot_msgs/msg/rosidl_typesupport_fastrtps_c__visibility_control.h
[0.646s] -- Up-to-date: /home/shriram/Desktop/ros2Project/install/arduinobot_msgs/include/arduinobot_msgs/arduinobot_msgs/srv
[0.647s] -- Up-to-date: /home/shriram/Desktop/ros2Project/install/arduinobot_msgs/include/arduinobot_msgs/arduinobot_msgs/srv/detail
[0.647s] -- Up-to-date: /home/shriram/Desktop/ros2Project/install/arduinobot_msgs/include/arduinobot_msgs/arduinobot_msgs/srv/detail/quarternion_to_euler__rosidl_typesupport_fastrtps_c.h
[0.647s] -- Up-to-date: /home/shriram/Desktop/ros2Project/install/arduinobot_msgs/include/arduinobot_msgs/arduinobot_msgs/srv/detail/add_two_ints__rosidl_typesupport_fastrtps_c.h
[0.647s] -- Up-to-date: /home/shriram/Desktop/ros2Project/install/arduinobot_msgs/include/arduinobot_msgs/arduinobot_msgs/srv/detail/euler_to_quarternion__rosidl_typesupport_fastrtps_c.h
[0.647s] -- Up-to-date: /home/shriram/Desktop/ros2Project/install/arduinobot_msgs/lib/libarduinobot_msgs__rosidl_typesupport_fastrtps_c.so
[0.647s] -- Up-to-date: /home/shriram/Desktop/ros2Project/install/arduinobot_msgs/include/arduinobot_msgs/arduinobot_msgs
[0.647s] -- Up-to-date: /home/shriram/Desktop/ros2Project/install/arduinobot_msgs/include/arduinobot_msgs/arduinobot_msgs/srv
[0.648s] -- Up-to-date: /home/shriram/Desktop/ros2Project/install/arduinobot_msgs/include/arduinobot_msgs/arduinobot_msgs/srv/quarternion_to_euler.hpp
[0.648s] -- Up-to-date: /home/shriram/Desktop/ros2Project/install/arduinobot_msgs/include/arduinobot_msgs/arduinobot_msgs/srv/add_two_ints.hpp
[0.648s] -- Up-to-date: /home/shriram/Desktop/ros2Project/install/arduinobot_msgs/include/arduinobot_msgs/arduinobot_msgs/srv/detail
[0.648s] -- Up-to-date: /home/shriram/Desktop/ros2Project/install/arduinobot_msgs/include/arduinobot_msgs/arduinobot_msgs/srv/detail/add_two_ints__builder.hpp
[0.648s] -- Up-to-date: /home/shriram/Desktop/ros2Project/install/arduinobot_msgs/include/arduinobot_msgs/arduinobot_msgs/srv/detail/quarternion_to_euler__traits.hpp
[0.648s] -- Up-to-date: /home/shriram/Desktop/ros2Project/install/arduinobot_msgs/include/arduinobot_msgs/arduinobot_msgs/srv/detail/quarternion_to_euler__builder.hpp
[0.648s] -- Up-to-date: /home/shriram/Desktop/ros2Project/install/arduinobot_msgs/include/arduinobot_msgs/arduinobot_msgs/srv/detail/euler_to_quarternion__builder.hpp
[0.649s] -- Up-to-date: /home/shriram/Desktop/ros2Project/install/arduinobot_msgs/include/arduinobot_msgs/arduinobot_msgs/srv/detail/euler_to_quarternion__traits.hpp
[0.649s] -- Up-to-date: /home/shriram/Desktop/ros2Project/install/arduinobot_msgs/include/arduinobot_msgs/arduinobot_msgs/srv/detail/add_two_ints__struct.hpp
[0.649s] -- Up-to-date: /home/shriram/Desktop/ros2Project/install/arduinobot_msgs/include/arduinobot_msgs/arduinobot_msgs/srv/detail/quarternion_to_euler__struct.hpp
[0.649s] -- Up-to-date: /home/shriram/Desktop/ros2Project/install/arduinobot_msgs/include/arduinobot_msgs/arduinobot_msgs/srv/detail/euler_to_quarternion__struct.hpp
[0.649s] -- Up-to-date: /home/shriram/Desktop/ros2Project/install/arduinobot_msgs/include/arduinobot_msgs/arduinobot_msgs/srv/detail/add_two_ints__traits.hpp
[0.649s] -- Up-to-date: /home/shriram/Desktop/ros2Project/install/arduinobot_msgs/include/arduinobot_msgs/arduinobot_msgs/srv/euler_to_quarternion.hpp
[0.649s] -- Up-to-date: /home/shriram/Desktop/ros2Project/install/arduinobot_msgs/include/arduinobot_msgs/arduinobot_msgs
[0.650s] -- Up-to-date: /home/shriram/Desktop/ros2Project/install/arduinobot_msgs/include/arduinobot_msgs/arduinobot_msgs/msg
[0.650s] -- Up-to-date: /home/shriram/Desktop/ros2Project/install/arduinobot_msgs/include/arduinobot_msgs/arduinobot_msgs/msg/rosidl_typesupport_fastrtps_cpp__visibility_control.h
[0.650s] -- Up-to-date: /home/shriram/Desktop/ros2Project/install/arduinobot_msgs/include/arduinobot_msgs/arduinobot_msgs/srv
[0.650s] -- Up-to-date: /home/shriram/Desktop/ros2Project/install/arduinobot_msgs/include/arduinobot_msgs/arduinobot_msgs/srv/detail
[0.650s] -- Up-to-date: /home/shriram/Desktop/ros2Project/install/arduinobot_msgs/include/arduinobot_msgs/arduinobot_msgs/srv/detail/quarternion_to_euler__rosidl_typesupport_fastrtps_cpp.hpp
[0.650s] -- Up-to-date: /home/shriram/Desktop/ros2Project/install/arduinobot_msgs/include/arduinobot_msgs/arduinobot_msgs/srv/detail/dds_fastrtps
[0.650s] -- Up-to-date: /home/shriram/Desktop/ros2Project/install/arduinobot_msgs/include/arduinobot_msgs/arduinobot_msgs/srv/detail/euler_to_quarternion__rosidl_typesupport_fastrtps_cpp.hpp
[0.651s] -- Up-to-date: /home/shriram/Desktop/ros2Project/install/arduinobot_msgs/include/arduinobot_msgs/arduinobot_msgs/srv/detail/add_two_ints__rosidl_typesupport_fastrtps_cpp.hpp
[0.651s] -- Up-to-date: /home/shriram/Desktop/ros2Project/install/arduinobot_msgs/lib/libarduinobot_msgs__rosidl_typesupport_fastrtps_cpp.so
[0.651s] -- Up-to-date: /home/shriram/Desktop/ros2Project/install/arduinobot_msgs/include/arduinobot_msgs/arduinobot_msgs
[0.651s] -- Up-to-date: /home/shriram/Desktop/ros2Project/install/arduinobot_msgs/include/arduinobot_msgs/arduinobot_msgs/msg
[0.651s] -- Up-to-date: /home/shriram/Desktop/ros2Project/install/arduinobot_msgs/include/arduinobot_msgs/arduinobot_msgs/msg/rosidl_typesupport_introspection_c__visibility_control.h
[0.651s] -- Up-to-date: /home/shriram/Desktop/ros2Project/install/arduinobot_msgs/include/arduinobot_msgs/arduinobot_msgs/srv
[0.651s] -- Up-to-date: /home/shriram/Desktop/ros2Project/install/arduinobot_msgs/include/arduinobot_msgs/arduinobot_msgs/srv/detail
[0.651s] -- Up-to-date: /home/shriram/Desktop/ros2Project/install/arduinobot_msgs/include/arduinobot_msgs/arduinobot_msgs/srv/detail/quarternion_to_euler__type_support.c
[0.652s] -- Up-to-date: /home/shriram/Desktop/ros2Project/install/arduinobot_msgs/include/arduinobot_msgs/arduinobot_msgs/srv/detail/add_two_ints__type_support.c
[0.652s] -- Up-to-date: /home/shriram/Desktop/ros2Project/install/arduinobot_msgs/include/arduinobot_msgs/arduinobot_msgs/srv/detail/euler_to_quarternion__rosidl_typesupport_introspection_c.h
[0.652s] -- Up-to-date: /home/shriram/Desktop/ros2Project/install/arduinobot_msgs/include/arduinobot_msgs/arduinobot_msgs/srv/detail/quarternion_to_euler__rosidl_typesupport_introspection_c.h
[0.652s] -- Up-to-date: /home/shriram/Desktop/ros2Project/install/arduinobot_msgs/include/arduinobot_msgs/arduinobot_msgs/srv/detail/euler_to_quarternion__type_support.c
[0.652s] -- Up-to-date: /home/shriram/Desktop/ros2Project/install/arduinobot_msgs/include/arduinobot_msgs/arduinobot_msgs/srv/detail/add_two_ints__rosidl_typesupport_introspection_c.h
[0.652s] -- Up-to-date: /home/shriram/Desktop/ros2Project/install/arduinobot_msgs/lib/libarduinobot_msgs__rosidl_typesupport_introspection_c.so
[0.652s] -- Up-to-date: /home/shriram/Desktop/ros2Project/install/arduinobot_msgs/lib/libarduinobot_msgs__rosidl_typesupport_c.so
[0.652s] -- Up-to-date: /home/shriram/Desktop/ros2Project/install/arduinobot_msgs/include/arduinobot_msgs/arduinobot_msgs
[0.652s] -- Up-to-date: /home/shriram/Desktop/ros2Project/install/arduinobot_msgs/include/arduinobot_msgs/arduinobot_msgs/srv
[0.653s] -- Up-to-date: /home/shriram/Desktop/ros2Project/install/arduinobot_msgs/include/arduinobot_msgs/arduinobot_msgs/srv/detail
[0.653s] -- Up-to-date: /home/shriram/Desktop/ros2Project/install/arduinobot_msgs/include/arduinobot_msgs/arduinobot_msgs/srv/detail/add_two_ints__rosidl_typesupport_introspection_cpp.hpp
[0.653s] -- Up-to-date: /home/shriram/Desktop/ros2Project/install/arduinobot_msgs/include/arduinobot_msgs/arduinobot_msgs/srv/detail/add_two_ints__type_support.cpp
[0.653s] -- Up-to-date: /home/shriram/Desktop/ros2Project/install/arduinobot_msgs/include/arduinobot_msgs/arduinobot_msgs/srv/detail/quarternion_to_euler__type_support.cpp
[0.653s] -- Up-to-date: /home/shriram/Desktop/ros2Project/install/arduinobot_msgs/include/arduinobot_msgs/arduinobot_msgs/srv/detail/euler_to_quarternion__rosidl_typesupport_introspection_cpp.hpp
[0.653s] -- Up-to-date: /home/shriram/Desktop/ros2Project/install/arduinobot_msgs/include/arduinobot_msgs/arduinobot_msgs/srv/detail/euler_to_quarternion__type_support.cpp
[0.653s] -- Up-to-date: /home/shriram/Desktop/ros2Project/install/arduinobot_msgs/include/arduinobot_msgs/arduinobot_msgs/srv/detail/quarternion_to_euler__rosidl_typesupport_introspection_cpp.hpp
[0.653s] -- Up-to-date: /home/shriram/Desktop/ros2Project/install/arduinobot_msgs/lib/libarduinobot_msgs__rosidl_typesupport_introspection_cpp.so
[0.654s] -- Up-to-date: /home/shriram/Desktop/ros2Project/install/arduinobot_msgs/lib/libarduinobot_msgs__rosidl_typesupport_cpp.so
[0.654s] -- Up-to-date: /home/shriram/Desktop/ros2Project/install/arduinobot_msgs/share/arduinobot_msgs/environment/pythonpath.sh
[0.654s] -- Up-to-date: /home/shriram/Desktop/ros2Project/install/arduinobot_msgs/share/arduinobot_msgs/environment/pythonpath.dsv
[0.654s] -- Up-to-date: /home/shriram/Desktop/ros2Project/install/arduinobot_msgs/local/lib/python3.10/dist-packages/arduinobot_msgs-0.0.0-py3.10.egg-info
[0.654s] -- Installing: /home/shriram/Desktop/ros2Project/install/arduinobot_msgs/local/lib/python3.10/dist-packages/arduinobot_msgs-0.0.0-py3.10.egg-info/dependency_links.txt
[0.654s] -- Installing: /home/shriram/Desktop/ros2Project/install/arduinobot_msgs/local/lib/python3.10/dist-packages/arduinobot_msgs-0.0.0-py3.10.egg-info/SOURCES.txt
[0.654s] -- Installing: /home/shriram/Desktop/ros2Project/install/arduinobot_msgs/local/lib/python3.10/dist-packages/arduinobot_msgs-0.0.0-py3.10.egg-info/PKG-INFO
[0.654s] -- Installing: /home/shriram/Desktop/ros2Project/install/arduinobot_msgs/local/lib/python3.10/dist-packages/arduinobot_msgs-0.0.0-py3.10.egg-info/top_level.txt
[0.655s] -- Up-to-date: /home/shriram/Desktop/ros2Project/install/arduinobot_msgs/local/lib/python3.10/dist-packages/arduinobot_msgs
[0.655s] -- Up-to-date: /home/shriram/Desktop/ros2Project/install/arduinobot_msgs/local/lib/python3.10/dist-packages/arduinobot_msgs/srv
[0.655s] -- Up-to-date: /home/shriram/Desktop/ros2Project/install/arduinobot_msgs/local/lib/python3.10/dist-packages/arduinobot_msgs/srv/_quarternion_to_euler_s.c
[0.655s] -- Up-to-date: /home/shriram/Desktop/ros2Project/install/arduinobot_msgs/local/lib/python3.10/dist-packages/arduinobot_msgs/srv/_quarternion_to_euler.py
[0.655s] -- Up-to-date: /home/shriram/Desktop/ros2Project/install/arduinobot_msgs/local/lib/python3.10/dist-packages/arduinobot_msgs/srv/_add_two_ints.py
[0.655s] -- Up-to-date: /home/shriram/Desktop/ros2Project/install/arduinobot_msgs/local/lib/python3.10/dist-packages/arduinobot_msgs/srv/_add_two_ints_s.c
[0.655s] -- Up-to-date: /home/shriram/Desktop/ros2Project/install/arduinobot_msgs/local/lib/python3.10/dist-packages/arduinobot_msgs/srv/_euler_to_quarternion.py
[0.655s] -- Up-to-date: /home/shriram/Desktop/ros2Project/install/arduinobot_msgs/local/lib/python3.10/dist-packages/arduinobot_msgs/srv/__init__.py
[0.655s] -- Up-to-date: /home/shriram/Desktop/ros2Project/install/arduinobot_msgs/local/lib/python3.10/dist-packages/arduinobot_msgs/srv/_euler_to_quarternion_s.c
[0.656s] -- Up-to-date: /home/shriram/Desktop/ros2Project/install/arduinobot_msgs/local/lib/python3.10/dist-packages/arduinobot_msgs/arduinobot_msgs_s__rosidl_typesupport_fastrtps_c.cpython-310-x86_64-linux-gnu.so
[0.656s] -- Up-to-date: /home/shriram/Desktop/ros2Project/install/arduinobot_msgs/local/lib/python3.10/dist-packages/arduinobot_msgs/libarduinobot_msgs__rosidl_generator_py.so
[0.656s] -- Up-to-date: /home/shriram/Desktop/ros2Project/install/arduinobot_msgs/local/lib/python3.10/dist-packages/arduinobot_msgs/arduinobot_msgs_s__rosidl_typesupport_introspection_c.cpython-310-x86_64-linux-gnu.so
[0.656s] -- Up-to-date: /home/shriram/Desktop/ros2Project/install/arduinobot_msgs/local/lib/python3.10/dist-packages/arduinobot_msgs/__init__.py
[0.656s] -- Up-to-date: /home/shriram/Desktop/ros2Project/install/arduinobot_msgs/local/lib/python3.10/dist-packages/arduinobot_msgs/_arduinobot_msgs_s.ep.rosidl_typesupport_fastrtps_c.c
[0.656s] -- Up-to-date: /home/shriram/Desktop/ros2Project/install/arduinobot_msgs/local/lib/python3.10/dist-packages/arduinobot_msgs/arduinobot_msgs_s__rosidl_typesupport_c.cpython-310-x86_64-linux-gnu.so
[0.656s] -- Up-to-date: /home/shriram/Desktop/ros2Project/install/arduinobot_msgs/local/lib/python3.10/dist-packages/arduinobot_msgs/_arduinobot_msgs_s.ep.rosidl_typesupport_introspection_c.c
[0.656s] -- Up-to-date: /home/shriram/Desktop/ros2Project/install/arduinobot_msgs/local/lib/python3.10/dist-packages/arduinobot_msgs/_arduinobot_msgs_s.ep.rosidl_typesupport_c.c
[0.677s] Listing '/home/shriram/Desktop/ros2Project/install/arduinobot_msgs/local/lib/python3.10/dist-packages/arduinobot_msgs'...
[0.677s] Listing '/home/shriram/Desktop/ros2Project/install/arduinobot_msgs/local/lib/python3.10/dist-packages/arduinobot_msgs/srv'...
[0.683s] -- Up-to-date: /home/shriram/Desktop/ros2Project/install/arduinobot_msgs/local/lib/python3.10/dist-packages/arduinobot_msgs/arduinobot_msgs_s__rosidl_typesupport_fastrtps_c.cpython-310-x86_64-linux-gnu.so
[0.683s] -- Up-to-date: /home/shriram/Desktop/ros2Project/install/arduinobot_msgs/local/lib/python3.10/dist-packages/arduinobot_msgs/arduinobot_msgs_s__rosidl_typesupport_introspection_c.cpython-310-x86_64-linux-gnu.so
[0.683s] -- Up-to-date: /home/shriram/Desktop/ros2Project/install/arduinobot_msgs/local/lib/python3.10/dist-packages/arduinobot_msgs/arduinobot_msgs_s__rosidl_typesupport_c.cpython-310-x86_64-linux-gnu.so
[0.683s] -- Up-to-date: /home/shriram/Desktop/ros2Project/install/arduinobot_msgs/lib/libarduinobot_msgs__rosidl_generator_py.so
[0.683s] -- Up-to-date: /home/shriram/Desktop/ros2Project/install/arduinobot_msgs/share/arduinobot_msgs/srv/AddTwoInts.idl
[0.683s] -- Up-to-date: /home/shriram/Desktop/ros2Project/install/arduinobot_msgs/share/arduinobot_msgs/srv/EulerToQuarternion.idl
[0.684s] -- Up-to-date: /home/shriram/Desktop/ros2Project/install/arduinobot_msgs/share/arduinobot_msgs/srv/QuarternionToEuler.idl
[0.684s] -- Up-to-date: /home/shriram/Desktop/ros2Project/install/arduinobot_msgs/share/arduinobot_msgs/srv/AddTwoInts.srv
[0.684s] -- Up-to-date: /home/shriram/Desktop/ros2Project/install/arduinobot_msgs/share/arduinobot_msgs/srv/AddTwoInts_Request.msg
[0.684s] -- Up-to-date: /home/shriram/Desktop/ros2Project/install/arduinobot_msgs/share/arduinobot_msgs/srv/AddTwoInts_Response.msg
[0.684s] -- Up-to-date: /home/shriram/Desktop/ros2Project/install/arduinobot_msgs/share/arduinobot_msgs/srv/EulerToQuarternion.srv
[0.684s] -- Up-to-date: /home/shriram/Desktop/ros2Project/install/arduinobot_msgs/share/arduinobot_msgs/srv/EulerToQuarternion_Request.msg
[0.684s] -- Up-to-date: /home/shriram/Desktop/ros2Project/install/arduinobot_msgs/share/arduinobot_msgs/srv/EulerToQuarternion_Response.msg
[0.684s] -- Up-to-date: /home/shriram/Desktop/ros2Project/install/arduinobot_msgs/share/arduinobot_msgs/srv/QuarternionToEuler.srv
[0.684s] -- Up-to-date: /home/shriram/Desktop/ros2Project/install/arduinobot_msgs/share/arduinobot_msgs/srv/QuarternionToEuler_Request.msg
[0.684s] -- Up-to-date: /home/shriram/Desktop/ros2Project/install/arduinobot_msgs/share/arduinobot_msgs/srv/QuarternionToEuler_Response.msg
[0.684s] -- Up-to-date: /home/shriram/Desktop/ros2Project/install/arduinobot_msgs/share/ament_index/resource_index/package_run_dependencies/arduinobot_msgs
[0.684s] -- Up-to-date: /home/shriram/Desktop/ros2Project/install/arduinobot_msgs/share/ament_index/resource_index/parent_prefix_path/arduinobot_msgs
[0.684s] -- Up-to-date: /home/shriram/Desktop/ros2Project/install/arduinobot_msgs/share/arduinobot_msgs/environment/ament_prefix_path.sh
[0.685s] -- Up-to-date: /home/shriram/Desktop/ros2Project/install/arduinobot_msgs/share/arduinobot_msgs/environment/ament_prefix_path.dsv
[0.685s] -- Up-to-date: /home/shriram/Desktop/ros2Project/install/arduinobot_msgs/share/arduinobot_msgs/environment/path.sh
[0.685s] -- Up-to-date: /home/shriram/Desktop/ros2Project/install/arduinobot_msgs/share/arduinobot_msgs/environment/path.dsv
[0.685s] -- Up-to-date: /home/shriram/Desktop/ros2Project/install/arduinobot_msgs/share/arduinobot_msgs/local_setup.bash
[0.685s] -- Up-to-date: /home/shriram/Desktop/ros2Project/install/arduinobot_msgs/share/arduinobot_msgs/local_setup.sh
[0.685s] -- Up-to-date: /home/shriram/Desktop/ros2Project/install/arduinobot_msgs/share/arduinobot_msgs/local_setup.zsh
[0.685s] -- Up-to-date: /home/shriram/Desktop/ros2Project/install/arduinobot_msgs/share/arduinobot_msgs/local_setup.dsv
[0.685s] -- Installing: /home/shriram/Desktop/ros2Project/install/arduinobot_msgs/share/arduinobot_msgs/package.dsv
[0.685s] -- Up-to-date: /home/shriram/Desktop/ros2Project/install/arduinobot_msgs/share/ament_index/resource_index/packages/arduinobot_msgs
[0.685s] -- Up-to-date: /home/shriram/Desktop/ros2Project/install/arduinobot_msgs/share/arduinobot_msgs/cmake/export_arduinobot_msgs__rosidl_generator_cExport.cmake
[0.685s] -- Up-to-date: /home/shriram/Desktop/ros2Project/install/arduinobot_msgs/share/arduinobot_msgs/cmake/export_arduinobot_msgs__rosidl_generator_cExport-noconfig.cmake
[0.685s] -- Up-to-date: /home/shriram/Desktop/ros2Project/install/arduinobot_msgs/share/arduinobot_msgs/cmake/export_arduinobot_msgs__rosidl_typesupport_fastrtps_cExport.cmake
[0.685s] -- Up-to-date: /home/shriram/Desktop/ros2Project/install/arduinobot_msgs/share/arduinobot_msgs/cmake/export_arduinobot_msgs__rosidl_typesupport_fastrtps_cExport-noconfig.cmake
[0.685s] -- Up-to-date: /home/shriram/Desktop/ros2Project/install/arduinobot_msgs/share/arduinobot_msgs/cmake/export_arduinobot_msgs__rosidl_generator_cppExport.cmake
[0.685s] -- Up-to-date: /home/shriram/Desktop/ros2Project/install/arduinobot_msgs/share/arduinobot_msgs/cmake/export_arduinobot_msgs__rosidl_typesupport_fastrtps_cppExport.cmake
[0.685s] -- Up-to-date: /home/shriram/Desktop/ros2Project/install/arduinobot_msgs/share/arduinobot_msgs/cmake/export_arduinobot_msgs__rosidl_typesupport_fastrtps_cppExport-noconfig.cmake
[0.686s] -- Up-to-date: /home/shriram/Desktop/ros2Project/install/arduinobot_msgs/share/arduinobot_msgs/cmake/arduinobot_msgs__rosidl_typesupport_introspection_cExport.cmake
[0.686s] -- Up-to-date: /home/shriram/Desktop/ros2Project/install/arduinobot_msgs/share/arduinobot_msgs/cmake/arduinobot_msgs__rosidl_typesupport_introspection_cExport-noconfig.cmake
[0.686s] -- Up-to-date: /home/shriram/Desktop/ros2Project/install/arduinobot_msgs/share/arduinobot_msgs/cmake/arduinobot_msgs__rosidl_typesupport_cExport.cmake
[0.686s] -- Up-to-date: /home/shriram/Desktop/ros2Project/install/arduinobot_msgs/share/arduinobot_msgs/cmake/arduinobot_msgs__rosidl_typesupport_cExport-noconfig.cmake
[0.686s] -- Up-to-date: /home/shriram/Desktop/ros2Project/install/arduinobot_msgs/share/arduinobot_msgs/cmake/arduinobot_msgs__rosidl_typesupport_introspection_cppExport.cmake
[0.686s] -- Up-to-date: /home/shriram/Desktop/ros2Project/install/arduinobot_msgs/share/arduinobot_msgs/cmake/arduinobot_msgs__rosidl_typesupport_introspection_cppExport-noconfig.cmake
[0.686s] -- Up-to-date: /home/shriram/Desktop/ros2Project/install/arduinobot_msgs/share/arduinobot_msgs/cmake/arduinobot_msgs__rosidl_typesupport_cppExport.cmake
[0.686s] -- Up-to-date: /home/shriram/Desktop/ros2Project/install/arduinobot_msgs/share/arduinobot_msgs/cmake/arduinobot_msgs__rosidl_typesupport_cppExport-noconfig.cmake
[0.686s] -- Up-to-date: /home/shriram/Desktop/ros2Project/install/arduinobot_msgs/share/arduinobot_msgs/cmake/export_arduinobot_msgs__rosidl_generator_pyExport.cmake
[0.686s] -- Up-to-date: /home/shriram/Desktop/ros2Project/install/arduinobot_msgs/share/arduinobot_msgs/cmake/export_arduinobot_msgs__rosidl_generator_pyExport-noconfig.cmake
[0.686s] -- Up-to-date: /home/shriram/Desktop/ros2Project/install/arduinobot_msgs/share/arduinobot_msgs/cmake/rosidl_cmake-extras.cmake
[0.686s] -- Up-to-date: /home/shriram/Desktop/ros2Project/install/arduinobot_msgs/share/arduinobot_msgs/cmake/ament_cmake_export_include_directories-extras.cmake
[0.686s] -- Up-to-date: /home/shriram/Desktop/ros2Project/install/arduinobot_msgs/share/arduinobot_msgs/cmake/ament_cmake_export_libraries-extras.cmake
[0.686s] -- Up-to-date: /home/shriram/Desktop/ros2Project/install/arduinobot_msgs/share/arduinobot_msgs/cmake/ament_cmake_export_targets-extras.cmake
[0.686s] -- Up-to-date: /home/shriram/Desktop/ros2Project/install/arduinobot_msgs/share/arduinobot_msgs/cmake/rosidl_cmake_export_typesupport_targets-extras.cmake
[0.687s] -- Up-to-date: /home/shriram/Desktop/ros2Project/install/arduinobot_msgs/share/arduinobot_msgs/cmake/ament_cmake_export_dependencies-extras.cmake
[0.687s] -- Up-to-date: /home/shriram/Desktop/ros2Project/install/arduinobot_msgs/share/arduinobot_msgs/cmake/rosidl_cmake_export_typesupport_libraries-extras.cmake
[0.687s] -- Up-to-date: /home/shriram/Desktop/ros2Project/install/arduinobot_msgs/share/arduinobot_msgs/cmake/arduinobot_msgsConfig.cmake
[0.687s] -- Up-to-date: /home/shriram/Desktop/ros2Project/install/arduinobot_msgs/share/arduinobot_msgs/cmake/arduinobot_msgsConfig-version.cmake
[0.687s] -- Up-to-date: /home/shriram/Desktop/ros2Project/install/arduinobot_msgs/share/arduinobot_msgs/package.xml
[0.691s] Invoked command in '/home/shriram/Desktop/ros2Project/build/arduinobot_msgs' returned '0': CMAKE_PREFIX_PATH=/opt/ros/humble /usr/bin/cmake --install /home/shriram/Desktop/ros2Project/build/arduinobot_msgs
